[0.029s] Invoking command in '/home/smr/ros2_self_driving_robot/build/robot_bringup': CMAKE_PREFIX_PATH=${CMAKE_PREFIX_PATH}:/opt/ros/humble /usr/bin/cmake --build /home/smr/ros2_self_driving_robot/build/robot_bringup -- -j8 -l8
[0.092s] -- Found ament_cmake: 1.3.8 (/opt/ros/humble/share/ament_cmake/cmake)
[0.363s] -- Found rclcpp: 16.0.8 (/opt/ros/humble/share/rclcpp/cmake)
[0.406s] -- Found rosidl_generator_c: 3.1.5 (/opt/ros/humble/share/rosidl_generator_c/cmake)
[0.410s] -- Found rosidl_adapter: 3.1.5 (/opt/ros/humble/share/rosidl_adapter/cmake)
[0.419s] -- Found rosidl_generator_cpp: 3.1.5 (/opt/ros/humble/share/rosidl_generator_cpp/cmake)
[0.438s] -- Using all available rosidl_typesupport_c: rosidl_typesupport_fastrtps_c;rosidl_typesupport_introspection_c
[0.463s] -- Using all available rosidl_typesupport_cpp: rosidl_typesupport_fastrtps_cpp;rosidl_typesupport_introspection_cpp
[0.551s] -- Found rmw_implementation_cmake: 6.1.1 (/opt/ros/humble/share/rmw_implementation_cmake/cmake)
[0.552s] -- Found rmw_fastrtps_cpp: 6.2.6 (/opt/ros/humble/share/rmw_fastrtps_cpp/cmake)
[0.675s] -- Using RMW implementation 'rmw_fastrtps_cpp' as default
[0.908s] -- Found sensor_msgs: 4.2.3 (/opt/ros/humble/share/sensor_msgs/cmake)
[1.100s] -- Found ament_lint_auto: 0.12.10 (/opt/ros/humble/share/ament_lint_auto/cmake)
[1.218s] -- Added test 'flake8' to check Python code syntax and style conventions
[1.219s] -- Added test 'lint_cmake' to check CMake code style
[1.219s] -- Added test 'pep257' to check Python code against some of the docstring style conventions in PEP 257
[1.220s] -- Added test 'xmllint' to check XML markup files
[1.222s] -- Configuring done
[1.232s] -- Generating done
[1.234s] -- Build files have been written to: /home/smr/ros2_self_driving_robot/build/robot_bringup
[1.293s] Invoked command in '/home/smr/ros2_self_driving_robot/build/robot_bringup' returned '0': CMAKE_PREFIX_PATH=${CMAKE_PREFIX_PATH}:/opt/ros/humble /usr/bin/cmake --build /home/smr/ros2_self_driving_robot/build/robot_bringup -- -j8 -l8
[1.330s] Invoking command in '/home/smr/ros2_self_driving_robot/build/robot_bringup': CMAKE_PREFIX_PATH=${CMAKE_PREFIX_PATH}:/opt/ros/humble /usr/bin/cmake --install /home/smr/ros2_self_driving_robot/build/robot_bringup
[1.359s] -- Install configuration: ""
[1.359s] -- Up-to-date: /home/smr/ros2_self_driving_robot/install/robot_bringup/share/robot_bringup/launch
[1.360s] -- Installing: /home/smr/ros2_self_driving_robot/install/robot_bringup/share/robot_bringup/launch/bringup.launch.py
[1.360s] -- Up-to-date: /home/smr/ros2_self_driving_robot/install/robot_bringup/share/robot_bringup/config
[1.361s] -- Up-to-date: /home/smr/ros2_self_driving_robot/install/robot_bringup/share/robot_bringup/config/ekf.yaml
[1.361s] -- Installing: /home/smr/ros2_self_driving_robot/install/robot_bringup/share/ament_index/resource_index/package_run_dependencies/robot_bringup
[1.362s] -- Up-to-date: /home/smr/ros2_self_driving_robot/install/robot_bringup/share/ament_index/resource_index/parent_prefix_path/robot_bringup
[1.362s] -- Up-to-date: /home/smr/ros2_self_driving_robot/install/robot_bringup/share/robot_bringup/environment/ament_prefix_path.sh
[1.363s] -- Installing: /home/smr/ros2_self_driving_robot/install/robot_bringup/share/robot_bringup/environment/ament_prefix_path.dsv
[1.363s] -- Up-to-date: /home/smr/ros2_self_driving_robot/install/robot_bringup/share/robot_bringup/environment/path.sh
[1.363s] -- Installing: /home/smr/ros2_self_driving_robot/install/robot_bringup/share/robot_bringup/environment/path.dsv
[1.364s] -- Up-to-date: /home/smr/ros2_self_driving_robot/install/robot_bringup/share/robot_bringup/local_setup.bash
[1.364s] -- Up-to-date: /home/smr/ros2_self_driving_robot/install/robot_bringup/share/robot_bringup/local_setup.sh
[1.365s] -- Up-to-date: /home/smr/ros2_self_driving_robot/install/robot_bringup/share/robot_bringup/local_setup.zsh
[1.365s] -- Installing: /home/smr/ros2_self_driving_robot/install/robot_bringup/share/robot_bringup/local_setup.dsv
[1.366s] -- Installing: /home/smr/ros2_self_driving_robot/install/robot_bringup/share/robot_bringup/package.dsv
[1.370s] -- Up-to-date: /home/smr/ros2_self_driving_robot/install/robot_bringup/share/ament_index/resource_index/packages/robot_bringup
[1.371s] -- Up-to-date: /home/smr/ros2_self_driving_robot/install/robot_bringup/share/robot_bringup/cmake/robot_bringupConfig.cmake
[1.373s] -- Up-to-date: /home/smr/ros2_self_driving_robot/install/robot_bringup/share/robot_bringup/cmake/robot_bringupConfig-version.cmake
[1.374s] -- Installing: /home/smr/ros2_self_driving_robot/install/robot_bringup/share/robot_bringup/package.xml
[1.375s] Invoked command in '/home/smr/ros2_self_driving_robot/build/robot_bringup' returned '0': CMAKE_PREFIX_PATH=${CMAKE_PREFIX_PATH}:/opt/ros/humble /usr/bin/cmake --install /home/smr/ros2_self_driving_robot/build/robot_bringup
