[0.052s] Invoking command in '/home/smr/ros2_self_driving_robot/src/build/sllidar_ros2': CMAKE_PREFIX_PATH=/opt/ros/humble /usr/bin/cmake /home/smr/ros2_self_driving_robot/src/sllidar_ros2 -DCMAKE_INSTALL_PREFIX=/home/smr/ros2_self_driving_robot/src/install/sllidar_ros2
[0.142s] -- Found ament_cmake: 1.3.8 (/opt/ros/humble/share/ament_cmake/cmake)
[0.448s] -- Override CMake install command with custom implementation using symlinks instead of copying resources
[0.566s] -- Found rclcpp: 16.0.8 (/opt/ros/humble/share/rclcpp/cmake)
[0.692s] -- Found rosidl_generator_c: 3.1.5 (/opt/ros/humble/share/rosidl_generator_c/cmake)
[0.705s] -- Found rosidl_adapter: 3.1.5 (/opt/ros/humble/share/rosidl_adapter/cmake)
[0.724s] -- Found rosidl_generator_cpp: 3.1.5 (/opt/ros/humble/share/rosidl_generator_cpp/cmake)
[0.764s] -- Using all available rosidl_typesupport_c: rosidl_typesupport_fastrtps_c;rosidl_typesupport_introspection_c
[0.795s] -- Using all available rosidl_typesupport_cpp: rosidl_typesupport_fastrtps_cpp;rosidl_typesupport_introspection_cpp
[0.960s] -- Found rmw_implementation_cmake: 6.1.1 (/opt/ros/humble/share/rmw_implementation_cmake/cmake)
[0.966s] -- Found rmw_fastrtps_cpp: 6.2.6 (/opt/ros/humble/share/rmw_fastrtps_cpp/cmake)
[1.154s] -- Using RMW implementation 'rmw_fastrtps_cpp' as default
[1.464s] -- Found sensor_msgs: 4.2.3 (/opt/ros/humble/share/sensor_msgs/cmake)
[1.705s] -- Found std_srvs: 4.2.3 (/opt/ros/humble/share/std_srvs/cmake)
[1.903s] -- Configuring done
[2.009s] -- Generating done
[2.022s] -- Build files have been written to: /home/smr/ros2_self_driving_robot/src/build/sllidar_ros2
[2.067s] Invoked command in '/home/smr/ros2_self_driving_robot/src/build/sllidar_ros2' returned '0': CMAKE_PREFIX_PATH=/opt/ros/humble /usr/bin/cmake /home/smr/ros2_self_driving_robot/src/sllidar_ros2 -DCMAKE_INSTALL_PREFIX=/home/smr/ros2_self_driving_robot/src/install/sllidar_ros2
[2.072s] Invoking command in '/home/smr/ros2_self_driving_robot/src/build/sllidar_ros2': CMAKE_PREFIX_PATH=/opt/ros/humble /usr/bin/cmake --build /home/smr/ros2_self_driving_robot/src/build/sllidar_ros2 -- -j8 -l8
[2.195s] [35m[1mConsolidate compiler generated dependencies of target sllidar_client[0m
[2.248s] [35m[1mConsolidate compiler generated dependencies of target sllidar_node[0m
[2.256s] [ 10%] Built target sllidar_client
[2.377s] [100%] Built target sllidar_node
[2.414s] Invoked command in '/home/smr/ros2_self_driving_robot/src/build/sllidar_ros2' returned '0': CMAKE_PREFIX_PATH=/opt/ros/humble /usr/bin/cmake --build /home/smr/ros2_self_driving_robot/src/build/sllidar_ros2 -- -j8 -l8
[2.594s] Invoking command in '/home/smr/ros2_self_driving_robot/src/build/sllidar_ros2': CMAKE_PREFIX_PATH=/opt/ros/humble /usr/bin/cmake --install /home/smr/ros2_self_driving_robot/src/build/sllidar_ros2
[2.602s] -- Install configuration: ""
[2.603s] -- Execute custom install script
[2.606s] -- Up-to-date symlink: /home/smr/ros2_self_driving_robot/src/install/sllidar_ros2/share/sllidar_ros2/launch/sllidar_a1_launch.py
[2.606s] -- Up-to-date symlink: /home/smr/ros2_self_driving_robot/src/install/sllidar_ros2/share/sllidar_ros2/launch/sllidar_a2m12_launch .py
[2.607s] -- Up-to-date symlink: /home/smr/ros2_self_driving_robot/src/install/sllidar_ros2/share/sllidar_ros2/launch/sllidar_a2m7_launch.py
[2.607s] -- Up-to-date symlink: /home/smr/ros2_self_driving_robot/src/install/sllidar_ros2/share/sllidar_ros2/launch/sllidar_a2m8_launch.py
[2.608s] -- Up-to-date symlink: /home/smr/ros2_self_driving_robot/src/install/sllidar_ros2/share/sllidar_ros2/launch/sllidar_a3_launch.py
[2.608s] -- Up-to-date symlink: /home/smr/ros2_self_driving_robot/src/install/sllidar_ros2/share/sllidar_ros2/launch/sllidar_c1_launch.py
[2.608s] -- Up-to-date symlink: /home/smr/ros2_self_driving_robot/src/install/sllidar_ros2/share/sllidar_ros2/launch/sllidar_s1_launch.py
[2.608s] -- Up-to-date symlink: /home/smr/ros2_self_driving_robot/src/install/sllidar_ros2/share/sllidar_ros2/launch/sllidar_s1_tcp_launch.py
[2.609s] -- Up-to-date symlink: /home/smr/ros2_self_driving_robot/src/install/sllidar_ros2/share/sllidar_ros2/launch/sllidar_s2_launch.py
[2.609s] -- Up-to-date symlink: /home/smr/ros2_self_driving_robot/src/install/sllidar_ros2/share/sllidar_ros2/launch/sllidar_s2e_launch.py
[2.609s] -- Up-to-date symlink: /home/smr/ros2_self_driving_robot/src/install/sllidar_ros2/share/sllidar_ros2/launch/sllidar_s3_launch.py
[2.610s] -- Up-to-date symlink: /home/smr/ros2_self_driving_robot/src/install/sllidar_ros2/share/sllidar_ros2/launch/sllidar_t1_launch.py
[2.610s] -- Up-to-date symlink: /home/smr/ros2_self_driving_robot/src/install/sllidar_ros2/share/sllidar_ros2/launch/view_sllidar_a1_launch.py
[2.611s] -- Up-to-date symlink: /home/smr/ros2_self_driving_robot/src/install/sllidar_ros2/share/sllidar_ros2/launch/view_sllidar_a2m12_launch.py
[2.611s] -- Up-to-date symlink: /home/smr/ros2_self_driving_robot/src/install/sllidar_ros2/share/sllidar_ros2/launch/view_sllidar_a2m7_launch.py
[2.611s] -- Up-to-date symlink: /home/smr/ros2_self_driving_robot/src/install/sllidar_ros2/share/sllidar_ros2/launch/view_sllidar_a2m8_launch.py
[2.612s] -- Up-to-date symlink: /home/smr/ros2_self_driving_robot/src/install/sllidar_ros2/share/sllidar_ros2/launch/view_sllidar_a3_launch.py
[2.612s] -- Up-to-date symlink: /home/smr/ros2_self_driving_robot/src/install/sllidar_ros2/share/sllidar_ros2/launch/view_sllidar_c1_launch.py
[2.612s] -- Up-to-date symlink: /home/smr/ros2_self_driving_robot/src/install/sllidar_ros2/share/sllidar_ros2/launch/view_sllidar_s1_launch.py
[2.613s] -- Up-to-date symlink: /home/smr/ros2_self_driving_robot/src/install/sllidar_ros2/share/sllidar_ros2/launch/view_sllidar_s1_tcp_launch.py
[2.613s] -- Up-to-date symlink: /home/smr/ros2_self_driving_robot/src/install/sllidar_ros2/share/sllidar_ros2/launch/view_sllidar_s2_launch.py
[2.613s] -- Up-to-date symlink: /home/smr/ros2_self_driving_robot/src/install/sllidar_ros2/share/sllidar_ros2/launch/view_sllidar_s2e_launch.py
[2.614s] -- Up-to-date symlink: /home/smr/ros2_self_driving_robot/src/install/sllidar_ros2/share/sllidar_ros2/launch/view_sllidar_s3_launch.py
[2.614s] -- Up-to-date symlink: /home/smr/ros2_self_driving_robot/src/install/sllidar_ros2/share/sllidar_ros2/launch/view_sllidar_t1_launch.py
[2.615s] -- Up-to-date symlink: /home/smr/ros2_self_driving_robot/src/install/sllidar_ros2/share/sllidar_ros2/rviz/sllidar_ros2.rviz
[2.616s] -- Up-to-date symlink: /home/smr/ros2_self_driving_robot/src/install/sllidar_ros2/lib/sllidar_ros2/sllidar_node
[2.616s] -- Up-to-date symlink: /home/smr/ros2_self_driving_robot/src/install/sllidar_ros2/lib/sllidar_ros2/sllidar_client
[2.617s] -- Up-to-date symlink: /home/smr/ros2_self_driving_robot/src/install/sllidar_ros2/share/ament_index/resource_index/package_run_dependencies/sllidar_ros2
[2.618s] -- Up-to-date symlink: /home/smr/ros2_self_driving_robot/src/install/sllidar_ros2/share/ament_index/resource_index/parent_prefix_path/sllidar_ros2
[2.619s] -- Up-to-date symlink: /home/smr/ros2_self_driving_robot/src/install/sllidar_ros2/share/sllidar_ros2/environment/ament_prefix_path.sh
[2.624s] -- Up-to-date symlink: /home/smr/ros2_self_driving_robot/src/install/sllidar_ros2/share/sllidar_ros2/environment/ament_prefix_path.dsv
[2.625s] -- Up-to-date symlink: /home/smr/ros2_self_driving_robot/src/install/sllidar_ros2/share/sllidar_ros2/environment/path.sh
[2.625s] -- Up-to-date symlink: /home/smr/ros2_self_driving_robot/src/install/sllidar_ros2/share/sllidar_ros2/environment/path.dsv
[2.629s] -- Up-to-date symlink: /home/smr/ros2_self_driving_robot/src/install/sllidar_ros2/share/sllidar_ros2/local_setup.bash
[2.630s] -- Up-to-date symlink: /home/smr/ros2_self_driving_robot/src/install/sllidar_ros2/share/sllidar_ros2/local_setup.sh
[2.631s] -- Up-to-date symlink: /home/smr/ros2_self_driving_robot/src/install/sllidar_ros2/share/sllidar_ros2/local_setup.zsh
[2.631s] -- Up-to-date symlink: /home/smr/ros2_self_driving_robot/src/install/sllidar_ros2/share/sllidar_ros2/local_setup.dsv
[2.632s] -- Symlinking: /home/smr/ros2_self_driving_robot/src/install/sllidar_ros2/share/sllidar_ros2/package.dsv
[2.639s] -- Up-to-date symlink: /home/smr/ros2_self_driving_robot/src/install/sllidar_ros2/share/ament_index/resource_index/packages/sllidar_ros2
[2.640s] -- Up-to-date symlink: /home/smr/ros2_self_driving_robot/src/install/sllidar_ros2/share/sllidar_ros2/cmake/ament_cmake_export_dependencies-extras.cmake
[2.640s] -- Up-to-date symlink: /home/smr/ros2_self_driving_robot/src/install/sllidar_ros2/share/sllidar_ros2/cmake/ament_cmake_export_include_directories-extras.cmake
[2.641s] -- Up-to-date symlink: /home/smr/ros2_self_driving_robot/src/install/sllidar_ros2/share/sllidar_ros2/cmake/sllidar_ros2Config.cmake
[2.642s] -- Up-to-date symlink: /home/smr/ros2_self_driving_robot/src/install/sllidar_ros2/share/sllidar_ros2/cmake/sllidar_ros2Config-version.cmake
[2.642s] -- Up-to-date symlink: /home/smr/ros2_self_driving_robot/src/install/sllidar_ros2/share/sllidar_ros2/package.xml
[2.649s] Invoked command in '/home/smr/ros2_self_driving_robot/src/build/sllidar_ros2' returned '0': CMAKE_PREFIX_PATH=/opt/ros/humble /usr/bin/cmake --install /home/smr/ros2_self_driving_robot/src/build/sllidar_ros2
