[0.196s] DEBUG:colcon:Command line arguments: ['/usr/local/bin/colcon', 'build']
[0.196s] DEBUG:colcon:Parsed command line arguments: Namespace(log_base=None, log_level=None, verb_name='build', build_base='build', install_base='install', merge_install=False, symlink_install=False, test_result_base=None, continue_on_error=False, executor='parallel', parallel_workers=8, event_handlers=None, ignore_user_meta=False, metas=['./colcon.meta'], base_paths=['.'], packages_ignore=None, packages_ignore_regex=None, paths=None, packages_up_to=None, packages_up_to_regex=None, packages_above=None, packages_above_and_dependencies=None, packages_above_depth=None, packages_select_by_dep=None, packages_skip_by_dep=None, packages_skip_up_to=None, packages_select_build_failed=False, packages_skip_build_finished=False, packages_select_test_failures=False, packages_skip_test_passed=False, packages_select=None, packages_skip=None, packages_select_regex=None, packages_skip_regex=None, packages_start=None, packages_end=None, allow_overriding=[], cmake_args=None, cmake_target=None, cmake_target_skip_unavailable=False, cmake_clean_cache=False, cmake_clean_first=False, cmake_force_configure=False, ament_cmake_args=None, catkin_cmake_args=None, catkin_skip_building_tests=False, verb_parser=<colcon_defaults.argument_parser.defaults.DefaultArgumentsDecorator object at 0xffffb8d6ef20>, verb_extension=<colcon_core.verb.build.BuildVerb object at 0xffffb8d6df30>, main=<bound method BuildVerb.main of <colcon_core.verb.build.BuildVerb object at 0xffffb8d6df30>>)
[0.423s] Level 1:colcon.colcon_core.package_discovery:discover_packages(colcon_meta) check parameters
[0.423s] Level 1:colcon.colcon_core.package_discovery:discover_packages(recursive) check parameters
[0.423s] Level 1:colcon.colcon_core.package_discovery:discover_packages(ignore) check parameters
[0.423s] Level 1:colcon.colcon_core.package_discovery:discover_packages(path) check parameters
[0.423s] Level 1:colcon.colcon_core.package_discovery:discover_packages(colcon_meta) discover
[0.423s] Level 1:colcon.colcon_core.package_discovery:discover_packages(recursive) discover
[0.423s] INFO:colcon.colcon_core.package_discovery:Crawling recursively for packages in '/home/smr/ros2_self_driving_robot'
[0.424s] Level 1:colcon.colcon_core.package_identification:_identify(.) by extensions ['ignore', 'ignore_ament_install']
[0.424s] Level 1:colcon.colcon_core.package_identification:_identify(.) by extension 'ignore'
[0.424s] Level 1:colcon.colcon_core.package_identification:_identify(.) by extension 'ignore_ament_install'
[0.424s] Level 1:colcon.colcon_core.package_identification:_identify(.) by extensions ['colcon_pkg']
[0.424s] Level 1:colcon.colcon_core.package_identification:_identify(.) by extension 'colcon_pkg'
[0.424s] Level 1:colcon.colcon_core.package_identification:_identify(.) by extensions ['colcon_meta']
[0.424s] Level 1:colcon.colcon_core.package_identification:_identify(.) by extension 'colcon_meta'
[0.424s] Level 1:colcon.colcon_core.package_identification:_identify(.) by extensions ['ros']
[0.424s] Level 1:colcon.colcon_core.package_identification:_identify(.) by extension 'ros'
[0.442s] Level 1:colcon.colcon_core.package_identification:_identify(.) by extensions ['cmake', 'python']
[0.443s] Level 1:colcon.colcon_core.package_identification:_identify(.) by extension 'cmake'
[0.443s] Level 1:colcon.colcon_core.package_identification:_identify(.) by extension 'python'
[0.443s] Level 1:colcon.colcon_core.package_identification:_identify(.) by extensions ['python_setup_py']
[0.443s] Level 1:colcon.colcon_core.package_identification:_identify(.) by extension 'python_setup_py'
[0.443s] Level 1:colcon.colcon_core.package_identification:_identify(build) by extensions ['ignore', 'ignore_ament_install']
[0.443s] Level 1:colcon.colcon_core.package_identification:_identify(build) by extension 'ignore'
[0.443s] Level 1:colcon.colcon_core.package_identification:_identify(build) ignored
[0.443s] Level 1:colcon.colcon_core.package_identification:_identify(install) by extensions ['ignore', 'ignore_ament_install']
[0.443s] Level 1:colcon.colcon_core.package_identification:_identify(install) by extension 'ignore'
[0.443s] Level 1:colcon.colcon_core.package_identification:_identify(install) ignored
[0.444s] Level 1:colcon.colcon_core.package_identification:_identify(log) by extensions ['ignore', 'ignore_ament_install']
[0.444s] Level 1:colcon.colcon_core.package_identification:_identify(log) by extension 'ignore'
[0.444s] Level 1:colcon.colcon_core.package_identification:_identify(log) ignored
[0.444s] Level 1:colcon.colcon_core.package_identification:_identify(src) by extensions ['ignore', 'ignore_ament_install']
[0.444s] Level 1:colcon.colcon_core.package_identification:_identify(src) by extension 'ignore'
[0.444s] Level 1:colcon.colcon_core.package_identification:_identify(src) by extension 'ignore_ament_install'
[0.444s] Level 1:colcon.colcon_core.package_identification:_identify(src) by extensions ['colcon_pkg']
[0.444s] Level 1:colcon.colcon_core.package_identification:_identify(src) by extension 'colcon_pkg'
[0.444s] Level 1:colcon.colcon_core.package_identification:_identify(src) by extensions ['colcon_meta']
[0.444s] Level 1:colcon.colcon_core.package_identification:_identify(src) by extension 'colcon_meta'
[0.444s] Level 1:colcon.colcon_core.package_identification:_identify(src) by extensions ['ros']
[0.444s] Level 1:colcon.colcon_core.package_identification:_identify(src) by extension 'ros'
[0.444s] Level 1:colcon.colcon_core.package_identification:_identify(src) by extensions ['cmake', 'python']
[0.445s] Level 1:colcon.colcon_core.package_identification:_identify(src) by extension 'cmake'
[0.445s] Level 1:colcon.colcon_core.package_identification:_identify(src) by extension 'python'
[0.445s] Level 1:colcon.colcon_core.package_identification:_identify(src) by extensions ['python_setup_py']
[0.445s] Level 1:colcon.colcon_core.package_identification:_identify(src) by extension 'python_setup_py'
[0.445s] Level 1:colcon.colcon_core.package_identification:_identify(src/build) by extensions ['ignore', 'ignore_ament_install']
[0.445s] Level 1:colcon.colcon_core.package_identification:_identify(src/build) by extension 'ignore'
[0.445s] Level 1:colcon.colcon_core.package_identification:_identify(src/build) ignored
[0.445s] Level 1:colcon.colcon_core.package_identification:_identify(src/install) by extensions ['ignore', 'ignore_ament_install']
[0.445s] Level 1:colcon.colcon_core.package_identification:_identify(src/install) by extension 'ignore'
[0.445s] Level 1:colcon.colcon_core.package_identification:_identify(src/install) ignored
[0.445s] Level 1:colcon.colcon_core.package_identification:_identify(src/log) by extensions ['ignore', 'ignore_ament_install']
[0.445s] Level 1:colcon.colcon_core.package_identification:_identify(src/log) by extension 'ignore'
[0.445s] Level 1:colcon.colcon_core.package_identification:_identify(src/log) ignored
[0.446s] Level 1:colcon.colcon_core.package_identification:_identify(src/robot_bringup) by extensions ['ignore', 'ignore_ament_install']
[0.446s] Level 1:colcon.colcon_core.package_identification:_identify(src/robot_bringup) by extension 'ignore'
[0.446s] Level 1:colcon.colcon_core.package_identification:_identify(src/robot_bringup) by extension 'ignore_ament_install'
[0.446s] Level 1:colcon.colcon_core.package_identification:_identify(src/robot_bringup) by extensions ['colcon_pkg']
[0.446s] Level 1:colcon.colcon_core.package_identification:_identify(src/robot_bringup) by extension 'colcon_pkg'
[0.446s] Level 1:colcon.colcon_core.package_identification:_identify(src/robot_bringup) by extensions ['colcon_meta']
[0.446s] Level 1:colcon.colcon_core.package_identification:_identify(src/robot_bringup) by extension 'colcon_meta'
[0.446s] Level 1:colcon.colcon_core.package_identification:_identify(src/robot_bringup) by extensions ['ros']
[0.446s] Level 1:colcon.colcon_core.package_identification:_identify(src/robot_bringup) by extension 'ros'
[0.449s] DEBUG:colcon.colcon_core.package_identification:Package 'src/robot_bringup' with type 'ros.ament_cmake' and name 'robot_bringup'
[0.450s] Level 1:colcon.colcon_core.package_identification:_identify(src/robot_description) by extensions ['ignore', 'ignore_ament_install']
[0.450s] Level 1:colcon.colcon_core.package_identification:_identify(src/robot_description) by extension 'ignore'
[0.450s] Level 1:colcon.colcon_core.package_identification:_identify(src/robot_description) by extension 'ignore_ament_install'
[0.450s] Level 1:colcon.colcon_core.package_identification:_identify(src/robot_description) by extensions ['colcon_pkg']
[0.450s] Level 1:colcon.colcon_core.package_identification:_identify(src/robot_description) by extension 'colcon_pkg'
[0.450s] Level 1:colcon.colcon_core.package_identification:_identify(src/robot_description) by extensions ['colcon_meta']
[0.450s] Level 1:colcon.colcon_core.package_identification:_identify(src/robot_description) by extension 'colcon_meta'
[0.450s] Level 1:colcon.colcon_core.package_identification:_identify(src/robot_description) by extensions ['ros']
[0.450s] Level 1:colcon.colcon_core.package_identification:_identify(src/robot_description) by extension 'ros'
[0.451s] DEBUG:colcon.colcon_core.package_identification:Package 'src/robot_description' with type 'ros.ament_cmake' and name 'robot_description'
[0.451s] Level 1:colcon.colcon_core.package_identification:_identify(src/robot_navigation) by extensions ['ignore', 'ignore_ament_install']
[0.451s] Level 1:colcon.colcon_core.package_identification:_identify(src/robot_navigation) by extension 'ignore'
[0.451s] Level 1:colcon.colcon_core.package_identification:_identify(src/robot_navigation) by extension 'ignore_ament_install'
[0.451s] Level 1:colcon.colcon_core.package_identification:_identify(src/robot_navigation) by extensions ['colcon_pkg']
[0.451s] Level 1:colcon.colcon_core.package_identification:_identify(src/robot_navigation) by extension 'colcon_pkg'
[0.451s] Level 1:colcon.colcon_core.package_identification:_identify(src/robot_navigation) by extensions ['colcon_meta']
[0.451s] Level 1:colcon.colcon_core.package_identification:_identify(src/robot_navigation) by extension 'colcon_meta'
[0.452s] Level 1:colcon.colcon_core.package_identification:_identify(src/robot_navigation) by extensions ['ros']
[0.452s] Level 1:colcon.colcon_core.package_identification:_identify(src/robot_navigation) by extension 'ros'
[0.452s] DEBUG:colcon.colcon_core.package_identification:Package 'src/robot_navigation' with type 'ros.ament_cmake' and name 'robot_navigation'
[0.452s] Level 1:colcon.colcon_core.package_identification:_identify(src/sllidar_ros2) by extensions ['ignore', 'ignore_ament_install']
[0.453s] Level 1:colcon.colcon_core.package_identification:_identify(src/sllidar_ros2) by extension 'ignore'
[0.453s] Level 1:colcon.colcon_core.package_identification:_identify(src/sllidar_ros2) by extension 'ignore_ament_install'
[0.453s] Level 1:colcon.colcon_core.package_identification:_identify(src/sllidar_ros2) by extensions ['colcon_pkg']
[0.453s] Level 1:colcon.colcon_core.package_identification:_identify(src/sllidar_ros2) by extension 'colcon_pkg'
[0.453s] Level 1:colcon.colcon_core.package_identification:_identify(src/sllidar_ros2) by extensions ['colcon_meta']
[0.453s] Level 1:colcon.colcon_core.package_identification:_identify(src/sllidar_ros2) by extension 'colcon_meta'
[0.453s] Level 1:colcon.colcon_core.package_identification:_identify(src/sllidar_ros2) by extensions ['ros']
[0.453s] Level 1:colcon.colcon_core.package_identification:_identify(src/sllidar_ros2) by extension 'ros'
[0.454s] DEBUG:colcon.colcon_core.package_identification:Package 'src/sllidar_ros2' with type 'ros.ament_cmake' and name 'sllidar_ros2'
[0.454s] Level 1:colcon.colcon_core.package_discovery:discover_packages(recursive) using defaults
[0.454s] Level 1:colcon.colcon_core.package_discovery:discover_packages(ignore) discover
[0.454s] Level 1:colcon.colcon_core.package_discovery:discover_packages(ignore) using defaults
[0.454s] Level 1:colcon.colcon_core.package_discovery:discover_packages(path) discover
[0.454s] Level 1:colcon.colcon_core.package_discovery:discover_packages(path) using defaults
[0.485s] Level 1:colcon.colcon_core.package_discovery:discover_packages(prefix_path) check parameters
[0.485s] Level 1:colcon.colcon_core.package_discovery:discover_packages(prefix_path) discover
[0.487s] DEBUG:colcon.colcon_installed_package_information.package_discovery:Found 4 installed packages in /home/smr/ros2_self_driving_robot/install
[0.489s] DEBUG:colcon.colcon_installed_package_information.package_discovery:Found 367 installed packages in /opt/ros/humble
[0.522s] Level 1:colcon.colcon_core.package_discovery:discover_packages(prefix_path) using defaults
[0.595s] Level 5:colcon.colcon_core.verb:set package 'robot_bringup' build argument 'cmake_args' from command line to 'None'
[0.595s] Level 5:colcon.colcon_core.verb:set package 'robot_bringup' build argument 'cmake_target' from command line to 'None'
[0.595s] Level 5:colcon.colcon_core.verb:set package 'robot_bringup' build argument 'cmake_target_skip_unavailable' from command line to 'False'
[0.595s] Level 5:colcon.colcon_core.verb:set package 'robot_bringup' build argument 'cmake_clean_cache' from command line to 'False'
[0.596s] Level 5:colcon.colcon_core.verb:set package 'robot_bringup' build argument 'cmake_clean_first' from command line to 'False'
[0.596s] Level 5:colcon.colcon_core.verb:set package 'robot_bringup' build argument 'cmake_force_configure' from command line to 'False'
[0.596s] Level 5:colcon.colcon_core.verb:set package 'robot_bringup' build argument 'ament_cmake_args' from command line to 'None'
[0.596s] Level 5:colcon.colcon_core.verb:set package 'robot_bringup' build argument 'catkin_cmake_args' from command line to 'None'
[0.596s] Level 5:colcon.colcon_core.verb:set package 'robot_bringup' build argument 'catkin_skip_building_tests' from command line to 'False'
[0.596s] DEBUG:colcon.colcon_core.verb:Building package 'robot_bringup' with the following arguments: {'ament_cmake_args': None, 'build_base': '/home/smr/ros2_self_driving_robot/build/robot_bringup', 'catkin_cmake_args': None, 'catkin_skip_building_tests': False, 'cmake_args': None, 'cmake_clean_cache': False, 'cmake_clean_first': False, 'cmake_force_configure': False, 'cmake_target': None, 'cmake_target_skip_unavailable': False, 'install_base': '/home/smr/ros2_self_driving_robot/install/robot_bringup', 'merge_install': False, 'path': '/home/smr/ros2_self_driving_robot/src/robot_bringup', 'symlink_install': False, 'test_result_base': None}
[0.596s] Level 5:colcon.colcon_core.verb:set package 'robot_description' build argument 'cmake_args' from command line to 'None'
[0.596s] Level 5:colcon.colcon_core.verb:set package 'robot_description' build argument 'cmake_target' from command line to 'None'
[0.596s] Level 5:colcon.colcon_core.verb:set package 'robot_description' build argument 'cmake_target_skip_unavailable' from command line to 'False'
[0.597s] Level 5:colcon.colcon_core.verb:set package 'robot_description' build argument 'cmake_clean_cache' from command line to 'False'
[0.597s] Level 5:colcon.colcon_core.verb:set package 'robot_description' build argument 'cmake_clean_first' from command line to 'False'
[0.597s] Level 5:colcon.colcon_core.verb:set package 'robot_description' build argument 'cmake_force_configure' from command line to 'False'
[0.597s] Level 5:colcon.colcon_core.verb:set package 'robot_description' build argument 'ament_cmake_args' from command line to 'None'
[0.597s] Level 5:colcon.colcon_core.verb:set package 'robot_description' build argument 'catkin_cmake_args' from command line to 'None'
[0.597s] Level 5:colcon.colcon_core.verb:set package 'robot_description' build argument 'catkin_skip_building_tests' from command line to 'False'
[0.597s] DEBUG:colcon.colcon_core.verb:Building package 'robot_description' with the following arguments: {'ament_cmake_args': None, 'build_base': '/home/smr/ros2_self_driving_robot/build/robot_description', 'catkin_cmake_args': None, 'catkin_skip_building_tests': False, 'cmake_args': None, 'cmake_clean_cache': False, 'cmake_clean_first': False, 'cmake_force_configure': False, 'cmake_target': None, 'cmake_target_skip_unavailable': False, 'install_base': '/home/smr/ros2_self_driving_robot/install/robot_description', 'merge_install': False, 'path': '/home/smr/ros2_self_driving_robot/src/robot_description', 'symlink_install': False, 'test_result_base': None}
[0.598s] Level 5:colcon.colcon_core.verb:set package 'robot_navigation' build argument 'cmake_args' from command line to 'None'
[0.598s] Level 5:colcon.colcon_core.verb:set package 'robot_navigation' build argument 'cmake_target' from command line to 'None'
[0.598s] Level 5:colcon.colcon_core.verb:set package 'robot_navigation' build argument 'cmake_target_skip_unavailable' from command line to 'False'
[0.598s] Level 5:colcon.colcon_core.verb:set package 'robot_navigation' build argument 'cmake_clean_cache' from command line to 'False'
[0.598s] Level 5:colcon.colcon_core.verb:set package 'robot_navigation' build argument 'cmake_clean_first' from command line to 'False'
[0.598s] Level 5:colcon.colcon_core.verb:set package 'robot_navigation' build argument 'cmake_force_configure' from command line to 'False'
[0.598s] Level 5:colcon.colcon_core.verb:set package 'robot_navigation' build argument 'ament_cmake_args' from command line to 'None'
[0.598s] Level 5:colcon.colcon_core.verb:set package 'robot_navigation' build argument 'catkin_cmake_args' from command line to 'None'
[0.598s] Level 5:colcon.colcon_core.verb:set package 'robot_navigation' build argument 'catkin_skip_building_tests' from command line to 'False'
[0.598s] DEBUG:colcon.colcon_core.verb:Building package 'robot_navigation' with the following arguments: {'ament_cmake_args': None, 'build_base': '/home/smr/ros2_self_driving_robot/build/robot_navigation', 'catkin_cmake_args': None, 'catkin_skip_building_tests': False, 'cmake_args': None, 'cmake_clean_cache': False, 'cmake_clean_first': False, 'cmake_force_configure': False, 'cmake_target': None, 'cmake_target_skip_unavailable': False, 'install_base': '/home/smr/ros2_self_driving_robot/install/robot_navigation', 'merge_install': False, 'path': '/home/smr/ros2_self_driving_robot/src/robot_navigation', 'symlink_install': False, 'test_result_base': None}
[0.599s] Level 5:colcon.colcon_core.verb:set package 'sllidar_ros2' build argument 'cmake_args' from command line to 'None'
[0.599s] Level 5:colcon.colcon_core.verb:set package 'sllidar_ros2' build argument 'cmake_target' from command line to 'None'
[0.599s] Level 5:colcon.colcon_core.verb:set package 'sllidar_ros2' build argument 'cmake_target_skip_unavailable' from command line to 'False'
[0.599s] Level 5:colcon.colcon_core.verb:set package 'sllidar_ros2' build argument 'cmake_clean_cache' from command line to 'False'
[0.599s] Level 5:colcon.colcon_core.verb:set package 'sllidar_ros2' build argument 'cmake_clean_first' from command line to 'False'
[0.599s] Level 5:colcon.colcon_core.verb:set package 'sllidar_ros2' build argument 'cmake_force_configure' from command line to 'False'
[0.599s] Level 5:colcon.colcon_core.verb:set package 'sllidar_ros2' build argument 'ament_cmake_args' from command line to 'None'
[0.599s] Level 5:colcon.colcon_core.verb:set package 'sllidar_ros2' build argument 'catkin_cmake_args' from command line to 'None'
[0.599s] Level 5:colcon.colcon_core.verb:set package 'sllidar_ros2' build argument 'catkin_skip_building_tests' from command line to 'False'
[0.600s] DEBUG:colcon.colcon_core.verb:Building package 'sllidar_ros2' with the following arguments: {'ament_cmake_args': None, 'build_base': '/home/smr/ros2_self_driving_robot/build/sllidar_ros2', 'catkin_cmake_args': None, 'catkin_skip_building_tests': False, 'cmake_args': None, 'cmake_clean_cache': False, 'cmake_clean_first': False, 'cmake_force_configure': False, 'cmake_target': None, 'cmake_target_skip_unavailable': False, 'install_base': '/home/smr/ros2_self_driving_robot/install/sllidar_ros2', 'merge_install': False, 'path': '/home/smr/ros2_self_driving_robot/src/sllidar_ros2', 'symlink_install': False, 'test_result_base': None}
[0.600s] INFO:colcon.colcon_core.executor:Executing jobs using 'parallel' executor
[0.601s] DEBUG:colcon.colcon_parallel_executor.executor.parallel:run_until_complete
[0.602s] INFO:colcon.colcon_ros.task.ament_cmake.build:Building ROS package in '/home/smr/ros2_self_driving_robot/src/robot_bringup' with build type 'ament_cmake'
[0.602s] INFO:colcon.colcon_cmake.task.cmake.build:Building CMake package in '/home/smr/ros2_self_driving_robot/src/robot_bringup'
[0.605s] INFO:colcon.colcon_core.plugin_system:Skipping extension 'colcon_core.shell.bat': Not used on non-Windows systems
[0.605s] INFO:colcon.colcon_core.shell:Skip shell extension 'powershell' for command environment: Not usable outside of PowerShell
[0.605s] DEBUG:colcon.colcon_core.shell:Skip shell extension 'dsv' for command environment
[0.611s] INFO:colcon.colcon_ros.task.ament_cmake.build:Building ROS package in '/home/smr/ros2_self_driving_robot/src/robot_description' with build type 'ament_cmake'
[0.611s] INFO:colcon.colcon_cmake.task.cmake.build:Building CMake package in '/home/smr/ros2_self_driving_robot/src/robot_description'
[0.612s] INFO:colcon.colcon_core.shell:Skip shell extension 'powershell' for command environment: Not usable outside of PowerShell
[0.612s] DEBUG:colcon.colcon_core.shell:Skip shell extension 'dsv' for command environment
[0.618s] INFO:colcon.colcon_ros.task.ament_cmake.build:Building ROS package in '/home/smr/ros2_self_driving_robot/src/robot_navigation' with build type 'ament_cmake'
[0.618s] INFO:colcon.colcon_cmake.task.cmake.build:Building CMake package in '/home/smr/ros2_self_driving_robot/src/robot_navigation'
[0.619s] INFO:colcon.colcon_core.shell:Skip shell extension 'powershell' for command environment: Not usable outside of PowerShell
[0.619s] DEBUG:colcon.colcon_core.shell:Skip shell extension 'dsv' for command environment
[0.623s] INFO:colcon.colcon_ros.task.ament_cmake.build:Building ROS package in '/home/smr/ros2_self_driving_robot/src/sllidar_ros2' with build type 'ament_cmake'
[0.624s] INFO:colcon.colcon_cmake.task.cmake.build:Building CMake package in '/home/smr/ros2_self_driving_robot/src/sllidar_ros2'
[0.624s] INFO:colcon.colcon_core.shell:Skip shell extension 'powershell' for command environment: Not usable outside of PowerShell
[0.624s] DEBUG:colcon.colcon_core.shell:Skip shell extension 'dsv' for command environment
[0.639s] DEBUG:colcon.colcon_core.event_handler.log_command:Invoking command in '/home/smr/ros2_self_driving_robot/build/robot_bringup': CMAKE_PREFIX_PATH=${CMAKE_PREFIX_PATH}:/opt/ros/humble /usr/bin/cmake --build /home/smr/ros2_self_driving_robot/build/robot_bringup -- -j8 -l8
[0.645s] DEBUG:colcon.colcon_core.event_handler.log_command:Invoking command in '/home/smr/ros2_self_driving_robot/build/robot_description': CMAKE_PREFIX_PATH=${CMAKE_PREFIX_PATH}:/opt/ros/humble /usr/bin/cmake --build /home/smr/ros2_self_driving_robot/build/robot_description -- -j8 -l8
[0.650s] DEBUG:colcon.colcon_core.event_handler.log_command:Invoking command in '/home/smr/ros2_self_driving_robot/build/robot_navigation': CMAKE_PREFIX_PATH=${CMAKE_PREFIX_PATH}:/opt/ros/humble /usr/bin/cmake --build /home/smr/ros2_self_driving_robot/build/robot_navigation -- -j8 -l8
[0.667s] DEBUG:colcon.colcon_core.event_handler.log_command:Invoking command in '/home/smr/ros2_self_driving_robot/build/sllidar_ros2': CMAKE_PREFIX_PATH=${CMAKE_PREFIX_PATH}:/opt/ros/humble /usr/bin/cmake --build /home/smr/ros2_self_driving_robot/build/sllidar_ros2 -- -j8 -l8
[0.722s] DEBUG:colcon.colcon_core.event_handler.log_command:Invoked command in '/home/smr/ros2_self_driving_robot/build/robot_navigation' returned '0': CMAKE_PREFIX_PATH=${CMAKE_PREFIX_PATH}:/opt/ros/humble /usr/bin/cmake --build /home/smr/ros2_self_driving_robot/build/robot_navigation -- -j8 -l8
[0.725s] DEBUG:colcon.colcon_core.event_handler.log_command:Invoked command in '/home/smr/ros2_self_driving_robot/build/robot_description' returned '0': CMAKE_PREFIX_PATH=${CMAKE_PREFIX_PATH}:/opt/ros/humble /usr/bin/cmake --build /home/smr/ros2_self_driving_robot/build/robot_description -- -j8 -l8
[0.791s] DEBUG:colcon.colcon_core.event_handler.log_command:Invoking command in '/home/smr/ros2_self_driving_robot/build/robot_navigation': CMAKE_PREFIX_PATH=${CMAKE_PREFIX_PATH}:/opt/ros/humble /usr/bin/cmake --install /home/smr/ros2_self_driving_robot/build/robot_navigation
[0.796s] DEBUG:colcon.colcon_core.event_handler.log_command:Invoking command in '/home/smr/ros2_self_driving_robot/build/robot_description': CMAKE_PREFIX_PATH=${CMAKE_PREFIX_PATH}:/opt/ros/humble /usr/bin/cmake --install /home/smr/ros2_self_driving_robot/build/robot_description
[0.797s] DEBUG:colcon.colcon_core.event_handler.log_command:Invoked command in '/home/smr/ros2_self_driving_robot/build/robot_bringup' returned '0': CMAKE_PREFIX_PATH=${CMAKE_PREFIX_PATH}:/opt/ros/humble /usr/bin/cmake --build /home/smr/ros2_self_driving_robot/build/robot_bringup -- -j8 -l8
[0.807s] Level 1:colcon.colcon_core.environment:create_environment_scripts_only(robot_navigation)
[0.809s] DEBUG:colcon.colcon_core.event_handler.log_command:Invoked command in '/home/smr/ros2_self_driving_robot/build/robot_navigation' returned '0': CMAKE_PREFIX_PATH=${CMAKE_PREFIX_PATH}:/opt/ros/humble /usr/bin/cmake --install /home/smr/ros2_self_driving_robot/build/robot_navigation
[0.811s] Level 1:colcon.colcon_core.environment:checking '/home/smr/ros2_self_driving_robot/install/robot_navigation' for CMake module files
[0.812s] Level 1:colcon.colcon_core.environment:checking '/home/smr/ros2_self_driving_robot/install/robot_navigation' for CMake config files
[0.812s] Level 1:colcon.colcon_core.shell:create_environment_hook('robot_navigation', 'cmake_prefix_path')
[0.812s] INFO:colcon.colcon_core.shell:Creating environment hook '/home/smr/ros2_self_driving_robot/install/robot_navigation/share/robot_navigation/hook/cmake_prefix_path.ps1'
[0.813s] INFO:colcon.colcon_core.shell:Creating environment descriptor '/home/smr/ros2_self_driving_robot/install/robot_navigation/share/robot_navigation/hook/cmake_prefix_path.dsv'
[0.814s] INFO:colcon.colcon_core.shell:Creating environment hook '/home/smr/ros2_self_driving_robot/install/robot_navigation/share/robot_navigation/hook/cmake_prefix_path.sh'
[0.815s] Level 1:colcon.colcon_core.environment:checking '/home/smr/ros2_self_driving_robot/install/robot_navigation/bin'
[0.816s] Level 1:colcon.colcon_core.environment:checking '/home/smr/ros2_self_driving_robot/install/robot_navigation/lib/pkgconfig/robot_navigation.pc'
[0.816s] Level 1:colcon.colcon_core.environment:checking '/home/smr/ros2_self_driving_robot/install/robot_navigation/lib/python3.10/site-packages'
[0.816s] Level 1:colcon.colcon_core.environment:checking '/home/smr/ros2_self_driving_robot/install/robot_navigation/bin'
[0.817s] INFO:colcon.colcon_core.shell:Creating package script '/home/smr/ros2_self_driving_robot/install/robot_navigation/share/robot_navigation/package.ps1'
[0.823s] INFO:colcon.colcon_core.shell:Creating package descriptor '/home/smr/ros2_self_driving_robot/install/robot_navigation/share/robot_navigation/package.dsv'
[0.825s] INFO:colcon.colcon_core.shell:Creating package script '/home/smr/ros2_self_driving_robot/install/robot_navigation/share/robot_navigation/package.sh'
[0.826s] INFO:colcon.colcon_core.shell:Creating package script '/home/smr/ros2_self_driving_robot/install/robot_navigation/share/robot_navigation/package.bash'
[0.828s] INFO:colcon.colcon_core.shell:Creating package script '/home/smr/ros2_self_driving_robot/install/robot_navigation/share/robot_navigation/package.zsh'
[0.829s] Level 1:colcon.colcon_core.environment:create_file_with_runtime_dependencies(/home/smr/ros2_self_driving_robot/install/robot_navigation/share/colcon-core/packages/robot_navigation)
[0.833s] DEBUG:colcon.colcon_core.event_handler.log_command:Invoked command in '/home/smr/ros2_self_driving_robot/build/sllidar_ros2' returned '0': CMAKE_PREFIX_PATH=${CMAKE_PREFIX_PATH}:/opt/ros/humble /usr/bin/cmake --build /home/smr/ros2_self_driving_robot/build/sllidar_ros2 -- -j8 -l8
[0.834s] Level 1:colcon.colcon_core.environment:create_environment_scripts_only(robot_description)
[0.834s] Level 1:colcon.colcon_core.environment:checking '/home/smr/ros2_self_driving_robot/install/robot_description' for CMake module files
[0.836s] DEBUG:colcon.colcon_core.event_handler.log_command:Invoked command in '/home/smr/ros2_self_driving_robot/build/robot_description' returned '0': CMAKE_PREFIX_PATH=${CMAKE_PREFIX_PATH}:/opt/ros/humble /usr/bin/cmake --install /home/smr/ros2_self_driving_robot/build/robot_description
[0.840s] Level 1:colcon.colcon_core.environment:checking '/home/smr/ros2_self_driving_robot/install/robot_description' for CMake config files
[0.841s] Level 1:colcon.colcon_core.shell:create_environment_hook('robot_description', 'cmake_prefix_path')
[0.845s] INFO:colcon.colcon_core.shell:Creating environment hook '/home/smr/ros2_self_driving_robot/install/robot_description/share/robot_description/hook/cmake_prefix_path.ps1'
[0.846s] INFO:colcon.colcon_core.shell:Creating environment descriptor '/home/smr/ros2_self_driving_robot/install/robot_description/share/robot_description/hook/cmake_prefix_path.dsv'
[0.847s] INFO:colcon.colcon_core.shell:Creating environment hook '/home/smr/ros2_self_driving_robot/install/robot_description/share/robot_description/hook/cmake_prefix_path.sh'
[0.848s] Level 1:colcon.colcon_core.environment:checking '/home/smr/ros2_self_driving_robot/install/robot_description/bin'
[0.848s] Level 1:colcon.colcon_core.environment:checking '/home/smr/ros2_self_driving_robot/install/robot_description/lib/pkgconfig/robot_description.pc'
[0.848s] Level 1:colcon.colcon_core.environment:checking '/home/smr/ros2_self_driving_robot/install/robot_description/lib/python3.10/site-packages'
[0.849s] Level 1:colcon.colcon_core.environment:checking '/home/smr/ros2_self_driving_robot/install/robot_description/bin'
[0.849s] INFO:colcon.colcon_core.shell:Creating package script '/home/smr/ros2_self_driving_robot/install/robot_description/share/robot_description/package.ps1'
[0.850s] INFO:colcon.colcon_core.shell:Creating package descriptor '/home/smr/ros2_self_driving_robot/install/robot_description/share/robot_description/package.dsv'
[0.850s] INFO:colcon.colcon_core.shell:Creating package script '/home/smr/ros2_self_driving_robot/install/robot_description/share/robot_description/package.sh'
[0.851s] INFO:colcon.colcon_core.shell:Creating package script '/home/smr/ros2_self_driving_robot/install/robot_description/share/robot_description/package.bash'
[0.852s] INFO:colcon.colcon_core.shell:Creating package script '/home/smr/ros2_self_driving_robot/install/robot_description/share/robot_description/package.zsh'
[0.852s] Level 1:colcon.colcon_core.environment:create_file_with_runtime_dependencies(/home/smr/ros2_self_driving_robot/install/robot_description/share/colcon-core/packages/robot_description)
[0.856s] DEBUG:colcon.colcon_core.event_handler.log_command:Invoking command in '/home/smr/ros2_self_driving_robot/build/robot_bringup': CMAKE_PREFIX_PATH=${CMAKE_PREFIX_PATH}:/opt/ros/humble /usr/bin/cmake --install /home/smr/ros2_self_driving_robot/build/robot_bringup
[0.871s] Level 1:colcon.colcon_core.environment:create_environment_scripts_only(robot_bringup)
[0.872s] Level 1:colcon.colcon_core.environment:checking '/home/smr/ros2_self_driving_robot/install/robot_bringup' for CMake module files
[0.873s] DEBUG:colcon.colcon_core.event_handler.log_command:Invoked command in '/home/smr/ros2_self_driving_robot/build/robot_bringup' returned '0': CMAKE_PREFIX_PATH=${CMAKE_PREFIX_PATH}:/opt/ros/humble /usr/bin/cmake --install /home/smr/ros2_self_driving_robot/build/robot_bringup
[0.875s] Level 1:colcon.colcon_core.environment:checking '/home/smr/ros2_self_driving_robot/install/robot_bringup' for CMake config files
[0.875s] Level 1:colcon.colcon_core.shell:create_environment_hook('robot_bringup', 'cmake_prefix_path')
[0.876s] INFO:colcon.colcon_core.shell:Creating environment hook '/home/smr/ros2_self_driving_robot/install/robot_bringup/share/robot_bringup/hook/cmake_prefix_path.ps1'
[0.877s] INFO:colcon.colcon_core.shell:Creating environment descriptor '/home/smr/ros2_self_driving_robot/install/robot_bringup/share/robot_bringup/hook/cmake_prefix_path.dsv'
[0.881s] INFO:colcon.colcon_core.shell:Creating environment hook '/home/smr/ros2_self_driving_robot/install/robot_bringup/share/robot_bringup/hook/cmake_prefix_path.sh'
[0.882s] Level 1:colcon.colcon_core.environment:checking '/home/smr/ros2_self_driving_robot/install/robot_bringup/bin'
[0.883s] Level 1:colcon.colcon_core.environment:checking '/home/smr/ros2_self_driving_robot/install/robot_bringup/lib/pkgconfig/robot_bringup.pc'
[0.883s] Level 1:colcon.colcon_core.environment:checking '/home/smr/ros2_self_driving_robot/install/robot_bringup/lib/python3.10/site-packages'
[0.883s] Level 1:colcon.colcon_core.environment:checking '/home/smr/ros2_self_driving_robot/install/robot_bringup/bin'
[0.884s] INFO:colcon.colcon_core.shell:Creating package script '/home/smr/ros2_self_driving_robot/install/robot_bringup/share/robot_bringup/package.ps1'
[0.885s] INFO:colcon.colcon_core.shell:Creating package descriptor '/home/smr/ros2_self_driving_robot/install/robot_bringup/share/robot_bringup/package.dsv'
[0.885s] INFO:colcon.colcon_core.shell:Creating package script '/home/smr/ros2_self_driving_robot/install/robot_bringup/share/robot_bringup/package.sh'
[0.886s] INFO:colcon.colcon_core.shell:Creating package script '/home/smr/ros2_self_driving_robot/install/robot_bringup/share/robot_bringup/package.bash'
[0.886s] INFO:colcon.colcon_core.shell:Creating package script '/home/smr/ros2_self_driving_robot/install/robot_bringup/share/robot_bringup/package.zsh'
[0.887s] Level 1:colcon.colcon_core.environment:create_file_with_runtime_dependencies(/home/smr/ros2_self_driving_robot/install/robot_bringup/share/colcon-core/packages/robot_bringup)
[0.891s] Level 1:colcon.colcon_core.environment:create_environment_scripts_only(robot_navigation)
[0.893s] Level 1:colcon.colcon_core.environment:checking '/home/smr/ros2_self_driving_robot/install/robot_navigation' for CMake module files
[0.893s] Level 1:colcon.colcon_core.environment:checking '/home/smr/ros2_self_driving_robot/install/robot_navigation' for CMake config files
[0.894s] Level 1:colcon.colcon_core.shell:create_environment_hook('robot_navigation', 'cmake_prefix_path')
[0.894s] INFO:colcon.colcon_core.shell:Creating environment hook '/home/smr/ros2_self_driving_robot/install/robot_navigation/share/robot_navigation/hook/cmake_prefix_path.ps1'
[0.895s] INFO:colcon.colcon_core.shell:Creating environment descriptor '/home/smr/ros2_self_driving_robot/install/robot_navigation/share/robot_navigation/hook/cmake_prefix_path.dsv'
[0.896s] INFO:colcon.colcon_core.shell:Creating environment hook '/home/smr/ros2_self_driving_robot/install/robot_navigation/share/robot_navigation/hook/cmake_prefix_path.sh'
[0.897s] Level 1:colcon.colcon_core.environment:checking '/home/smr/ros2_self_driving_robot/install/robot_navigation/bin'
[0.897s] Level 1:colcon.colcon_core.environment:checking '/home/smr/ros2_self_driving_robot/install/robot_navigation/lib/pkgconfig/robot_navigation.pc'
[0.897s] Level 1:colcon.colcon_core.environment:checking '/home/smr/ros2_self_driving_robot/install/robot_navigation/lib/python3.10/site-packages'
[0.898s] Level 1:colcon.colcon_core.environment:checking '/home/smr/ros2_self_driving_robot/install/robot_navigation/bin'
[0.898s] INFO:colcon.colcon_core.shell:Creating package script '/home/smr/ros2_self_driving_robot/install/robot_navigation/share/robot_navigation/package.ps1'
[0.899s] INFO:colcon.colcon_core.shell:Creating package descriptor '/home/smr/ros2_self_driving_robot/install/robot_navigation/share/robot_navigation/package.dsv'
[0.900s] INFO:colcon.colcon_core.shell:Creating package script '/home/smr/ros2_self_driving_robot/install/robot_navigation/share/robot_navigation/package.sh'
[0.901s] INFO:colcon.colcon_core.shell:Creating package script '/home/smr/ros2_self_driving_robot/install/robot_navigation/share/robot_navigation/package.bash'
[0.902s] INFO:colcon.colcon_core.shell:Creating package script '/home/smr/ros2_self_driving_robot/install/robot_navigation/share/robot_navigation/package.zsh'
[0.903s] Level 1:colcon.colcon_core.environment:create_file_with_runtime_dependencies(/home/smr/ros2_self_driving_robot/install/robot_navigation/share/colcon-core/packages/robot_navigation)
[0.909s] Level 1:colcon.colcon_core.environment:create_environment_scripts_only(robot_description)
[0.911s] Level 1:colcon.colcon_core.environment:checking '/home/smr/ros2_self_driving_robot/install/robot_description' for CMake module files
[0.915s] Level 1:colcon.colcon_core.environment:checking '/home/smr/ros2_self_driving_robot/install/robot_description' for CMake config files
[0.917s] Level 1:colcon.colcon_core.shell:create_environment_hook('robot_description', 'cmake_prefix_path')
[0.920s] INFO:colcon.colcon_core.shell:Creating environment hook '/home/smr/ros2_self_driving_robot/install/robot_description/share/robot_description/hook/cmake_prefix_path.ps1'
[0.923s] INFO:colcon.colcon_core.shell:Creating environment descriptor '/home/smr/ros2_self_driving_robot/install/robot_description/share/robot_description/hook/cmake_prefix_path.dsv'
[0.925s] INFO:colcon.colcon_core.shell:Creating environment hook '/home/smr/ros2_self_driving_robot/install/robot_description/share/robot_description/hook/cmake_prefix_path.sh'
[0.926s] Level 1:colcon.colcon_core.environment:checking '/home/smr/ros2_self_driving_robot/install/robot_description/bin'
[0.926s] Level 1:colcon.colcon_core.environment:checking '/home/smr/ros2_self_driving_robot/install/robot_description/lib/pkgconfig/robot_description.pc'
[0.926s] Level 1:colcon.colcon_core.environment:checking '/home/smr/ros2_self_driving_robot/install/robot_description/lib/python3.10/site-packages'
[0.927s] Level 1:colcon.colcon_core.environment:checking '/home/smr/ros2_self_driving_robot/install/robot_description/bin'
[0.927s] INFO:colcon.colcon_core.shell:Creating package script '/home/smr/ros2_self_driving_robot/install/robot_description/share/robot_description/package.ps1'
[0.928s] INFO:colcon.colcon_core.shell:Creating package descriptor '/home/smr/ros2_self_driving_robot/install/robot_description/share/robot_description/package.dsv'
[0.929s] INFO:colcon.colcon_core.shell:Creating package script '/home/smr/ros2_self_driving_robot/install/robot_description/share/robot_description/package.sh'
[0.930s] INFO:colcon.colcon_core.shell:Creating package script '/home/smr/ros2_self_driving_robot/install/robot_description/share/robot_description/package.bash'
[0.930s] INFO:colcon.colcon_core.shell:Creating package script '/home/smr/ros2_self_driving_robot/install/robot_description/share/robot_description/package.zsh'
[0.931s] Level 1:colcon.colcon_core.environment:create_file_with_runtime_dependencies(/home/smr/ros2_self_driving_robot/install/robot_description/share/colcon-core/packages/robot_description)
[0.933s] Level 1:colcon.colcon_core.environment:create_environment_scripts_only(robot_bringup)
[0.933s] Level 1:colcon.colcon_core.environment:checking '/home/smr/ros2_self_driving_robot/install/robot_bringup' for CMake module files
[0.934s] Level 1:colcon.colcon_core.environment:checking '/home/smr/ros2_self_driving_robot/install/robot_bringup' for CMake config files
[0.934s] Level 1:colcon.colcon_core.shell:create_environment_hook('robot_bringup', 'cmake_prefix_path')
[0.935s] INFO:colcon.colcon_core.shell:Creating environment hook '/home/smr/ros2_self_driving_robot/install/robot_bringup/share/robot_bringup/hook/cmake_prefix_path.ps1'
[0.935s] INFO:colcon.colcon_core.shell:Creating environment descriptor '/home/smr/ros2_self_driving_robot/install/robot_bringup/share/robot_bringup/hook/cmake_prefix_path.dsv'
[0.936s] INFO:colcon.colcon_core.shell:Creating environment hook '/home/smr/ros2_self_driving_robot/install/robot_bringup/share/robot_bringup/hook/cmake_prefix_path.sh'
[0.937s] Level 1:colcon.colcon_core.environment:checking '/home/smr/ros2_self_driving_robot/install/robot_bringup/bin'
[0.937s] Level 1:colcon.colcon_core.environment:checking '/home/smr/ros2_self_driving_robot/install/robot_bringup/lib/pkgconfig/robot_bringup.pc'
[0.938s] Level 1:colcon.colcon_core.environment:checking '/home/smr/ros2_self_driving_robot/install/robot_bringup/lib/python3.10/site-packages'
[0.938s] Level 1:colcon.colcon_core.environment:checking '/home/smr/ros2_self_driving_robot/install/robot_bringup/bin'
[0.939s] INFO:colcon.colcon_core.shell:Creating package script '/home/smr/ros2_self_driving_robot/install/robot_bringup/share/robot_bringup/package.ps1'
[0.940s] INFO:colcon.colcon_core.shell:Creating package descriptor '/home/smr/ros2_self_driving_robot/install/robot_bringup/share/robot_bringup/package.dsv'
[0.941s] INFO:colcon.colcon_core.shell:Creating package script '/home/smr/ros2_self_driving_robot/install/robot_bringup/share/robot_bringup/package.sh'
[0.942s] INFO:colcon.colcon_core.shell:Creating package script '/home/smr/ros2_self_driving_robot/install/robot_bringup/share/robot_bringup/package.bash'
[0.943s] INFO:colcon.colcon_core.shell:Creating package script '/home/smr/ros2_self_driving_robot/install/robot_bringup/share/robot_bringup/package.zsh'
[0.943s] Level 1:colcon.colcon_core.environment:create_file_with_runtime_dependencies(/home/smr/ros2_self_driving_robot/install/robot_bringup/share/colcon-core/packages/robot_bringup)
[0.983s] DEBUG:colcon.colcon_core.event_handler.log_command:Invoking command in '/home/smr/ros2_self_driving_robot/build/sllidar_ros2': CMAKE_PREFIX_PATH=${CMAKE_PREFIX_PATH}:/opt/ros/humble /usr/bin/cmake --install /home/smr/ros2_self_driving_robot/build/sllidar_ros2
[1.013s] Level 1:colcon.colcon_core.environment:create_environment_scripts_only(sllidar_ros2)
[1.014s] Level 1:colcon.colcon_core.environment:checking '/home/smr/ros2_self_driving_robot/install/sllidar_ros2' for CMake module files
[1.014s] Level 1:colcon.colcon_core.environment:checking '/home/smr/ros2_self_driving_robot/install/sllidar_ros2' for CMake config files
[1.015s] Level 1:colcon.colcon_core.shell:create_environment_hook('sllidar_ros2', 'cmake_prefix_path')
[1.015s] INFO:colcon.colcon_core.shell:Creating environment hook '/home/smr/ros2_self_driving_robot/install/sllidar_ros2/share/sllidar_ros2/hook/cmake_prefix_path.ps1'
[1.024s] INFO:colcon.colcon_core.shell:Creating environment descriptor '/home/smr/ros2_self_driving_robot/install/sllidar_ros2/share/sllidar_ros2/hook/cmake_prefix_path.dsv'
[1.025s] DEBUG:colcon.colcon_core.event_handler.log_command:Invoked command in '/home/smr/ros2_self_driving_robot/build/sllidar_ros2' returned '0': CMAKE_PREFIX_PATH=${CMAKE_PREFIX_PATH}:/opt/ros/humble /usr/bin/cmake --install /home/smr/ros2_self_driving_robot/build/sllidar_ros2
[1.025s] INFO:colcon.colcon_core.shell:Creating environment hook '/home/smr/ros2_self_driving_robot/install/sllidar_ros2/share/sllidar_ros2/hook/cmake_prefix_path.sh'
[1.026s] Level 1:colcon.colcon_core.environment:checking '/home/smr/ros2_self_driving_robot/install/sllidar_ros2/lib'
[1.027s] Level 1:colcon.colcon_core.environment:checking '/home/smr/ros2_self_driving_robot/install/sllidar_ros2/bin'
[1.027s] Level 1:colcon.colcon_core.environment:checking '/home/smr/ros2_self_driving_robot/install/sllidar_ros2/lib/pkgconfig/sllidar_ros2.pc'
[1.027s] Level 1:colcon.colcon_core.environment:checking '/home/smr/ros2_self_driving_robot/install/sllidar_ros2/lib/python3.10/site-packages'
[1.027s] Level 1:colcon.colcon_core.environment:checking '/home/smr/ros2_self_driving_robot/install/sllidar_ros2/bin'
[1.028s] INFO:colcon.colcon_core.shell:Creating package script '/home/smr/ros2_self_driving_robot/install/sllidar_ros2/share/sllidar_ros2/package.ps1'
[1.029s] INFO:colcon.colcon_core.shell:Creating package descriptor '/home/smr/ros2_self_driving_robot/install/sllidar_ros2/share/sllidar_ros2/package.dsv'
[1.029s] INFO:colcon.colcon_core.shell:Creating package script '/home/smr/ros2_self_driving_robot/install/sllidar_ros2/share/sllidar_ros2/package.sh'
[1.030s] INFO:colcon.colcon_core.shell:Creating package script '/home/smr/ros2_self_driving_robot/install/sllidar_ros2/share/sllidar_ros2/package.bash'
[1.031s] INFO:colcon.colcon_core.shell:Creating package script '/home/smr/ros2_self_driving_robot/install/sllidar_ros2/share/sllidar_ros2/package.zsh'
[1.032s] Level 1:colcon.colcon_core.environment:create_file_with_runtime_dependencies(/home/smr/ros2_self_driving_robot/install/sllidar_ros2/share/colcon-core/packages/sllidar_ros2)
[1.164s] Level 1:colcon.colcon_core.environment:create_environment_scripts_only(sllidar_ros2)
[1.165s] Level 1:colcon.colcon_core.environment:checking '/home/smr/ros2_self_driving_robot/install/sllidar_ros2' for CMake module files
[1.168s] Level 1:colcon.colcon_core.environment:checking '/home/smr/ros2_self_driving_robot/install/sllidar_ros2' for CMake config files
[1.169s] Level 1:colcon.colcon_core.shell:create_environment_hook('sllidar_ros2', 'cmake_prefix_path')
[1.171s] INFO:colcon.colcon_core.shell:Creating environment hook '/home/smr/ros2_self_driving_robot/install/sllidar_ros2/share/sllidar_ros2/hook/cmake_prefix_path.ps1'
[1.173s] INFO:colcon.colcon_core.shell:Creating environment descriptor '/home/smr/ros2_self_driving_robot/install/sllidar_ros2/share/sllidar_ros2/hook/cmake_prefix_path.dsv'
[1.174s] INFO:colcon.colcon_core.shell:Creating environment hook '/home/smr/ros2_self_driving_robot/install/sllidar_ros2/share/sllidar_ros2/hook/cmake_prefix_path.sh'
[1.177s] Level 1:colcon.colcon_core.environment:checking '/home/smr/ros2_self_driving_robot/install/sllidar_ros2/lib'
[1.179s] Level 1:colcon.colcon_core.environment:checking '/home/smr/ros2_self_driving_robot/install/sllidar_ros2/bin'
[1.179s] Level 1:colcon.colcon_core.environment:checking '/home/smr/ros2_self_driving_robot/install/sllidar_ros2/lib/pkgconfig/sllidar_ros2.pc'
[1.181s] Level 1:colcon.colcon_core.environment:checking '/home/smr/ros2_self_driving_robot/install/sllidar_ros2/lib/python3.10/site-packages'
[1.183s] Level 1:colcon.colcon_core.environment:checking '/home/smr/ros2_self_driving_robot/install/sllidar_ros2/bin'
[1.186s] INFO:colcon.colcon_core.shell:Creating package script '/home/smr/ros2_self_driving_robot/install/sllidar_ros2/share/sllidar_ros2/package.ps1'
[1.189s] INFO:colcon.colcon_core.shell:Creating package descriptor '/home/smr/ros2_self_driving_robot/install/sllidar_ros2/share/sllidar_ros2/package.dsv'
[1.192s] INFO:colcon.colcon_core.shell:Creating package script '/home/smr/ros2_self_driving_robot/install/sllidar_ros2/share/sllidar_ros2/package.sh'
[1.194s] INFO:colcon.colcon_core.shell:Creating package script '/home/smr/ros2_self_driving_robot/install/sllidar_ros2/share/sllidar_ros2/package.bash'
[1.196s] INFO:colcon.colcon_core.shell:Creating package script '/home/smr/ros2_self_driving_robot/install/sllidar_ros2/share/sllidar_ros2/package.zsh'
[1.198s] Level 1:colcon.colcon_core.environment:create_file_with_runtime_dependencies(/home/smr/ros2_self_driving_robot/install/sllidar_ros2/share/colcon-core/packages/sllidar_ros2)
[1.199s] DEBUG:colcon.colcon_parallel_executor.executor.parallel:closing loop
[1.200s] DEBUG:colcon.colcon_parallel_executor.executor.parallel:loop closed
[1.200s] DEBUG:colcon.colcon_parallel_executor.executor.parallel:run_until_complete finished with '0'
[1.200s] DEBUG:colcon.colcon_core.event_reactor:joining thread
[1.209s] INFO:colcon.colcon_core.plugin_system:Skipping extension 'colcon_notification.desktop_notification.terminal_notifier': Not used on non-Darwin systems
[1.209s] INFO:colcon.colcon_core.plugin_system:Skipping extension 'colcon_notification.desktop_notification.win32': Not used on non-Windows systems
[1.209s] INFO:colcon.colcon_notification.desktop_notification:Sending desktop notification using 'notify2'
[1.257s] DEBUG:colcon.colcon_core.event_reactor:joined thread
[1.259s] INFO:colcon.colcon_core.shell:Creating prefix script '/home/smr/ros2_self_driving_robot/install/local_setup.ps1'
[1.263s] INFO:colcon.colcon_core.shell:Creating prefix util module '/home/smr/ros2_self_driving_robot/install/_local_setup_util_ps1.py'
[1.270s] INFO:colcon.colcon_core.shell:Creating prefix chain script '/home/smr/ros2_self_driving_robot/install/setup.ps1'
[1.275s] INFO:colcon.colcon_core.shell:Creating prefix script '/home/smr/ros2_self_driving_robot/install/local_setup.sh'
[1.277s] INFO:colcon.colcon_core.shell:Creating prefix util module '/home/smr/ros2_self_driving_robot/install/_local_setup_util_sh.py'
[1.280s] INFO:colcon.colcon_core.shell:Creating prefix chain script '/home/smr/ros2_self_driving_robot/install/setup.sh'
[1.285s] INFO:colcon.colcon_core.shell:Creating prefix script '/home/smr/ros2_self_driving_robot/install/local_setup.bash'
[1.288s] INFO:colcon.colcon_core.shell:Creating prefix chain script '/home/smr/ros2_self_driving_robot/install/setup.bash'
[1.292s] INFO:colcon.colcon_core.shell:Creating prefix script '/home/smr/ros2_self_driving_robot/install/local_setup.zsh'
[1.295s] INFO:colcon.colcon_core.shell:Creating prefix chain script '/home/smr/ros2_self_driving_robot/install/setup.zsh'
