[1.347s] Invoking command in '/home/smr/ros2_self_driving_robot/src/python_pkg': PYTHONPATH=/home/smr/ros2_self_driving_robot/build/python_pkg/prefix_override:/home/smr/ros2_self_driving_robot/install/python_pkg/lib/python3.10/site-packages:${PYTHONPATH} /usr/bin/python3 -W ignore:setup.py install is deprecated setup.py egg_info --egg-base ../../build/python_pkg build --build-base /home/smr/ros2_self_driving_robot/build/python_pkg/build install --record /home/smr/ros2_self_driving_robot/build/python_pkg/install.log --single-version-externally-managed install_data
[1.739s] running egg_info
[1.741s] writing ../../build/python_pkg/python_pkg.egg-info/PKG-INFO
[1.741s] writing dependency_links to ../../build/python_pkg/python_pkg.egg-info/dependency_links.txt
[1.741s] writing entry points to ../../build/python_pkg/python_pkg.egg-info/entry_points.txt
[1.742s] writing requirements to ../../build/python_pkg/python_pkg.egg-info/requires.txt
[1.742s] writing top-level names to ../../build/python_pkg/python_pkg.egg-info/top_level.txt
[1.745s] reading manifest file '../../build/python_pkg/python_pkg.egg-info/SOURCES.txt'
[1.746s] writing manifest file '../../build/python_pkg/python_pkg.egg-info/SOURCES.txt'
[1.747s] running build
[1.747s] running build_py
[1.748s] running install
[1.748s] running install_lib
[1.749s] running install_data
[1.750s] running install_egg_info
[1.752s] removing '/home/smr/ros2_self_driving_robot/install/python_pkg/lib/python3.10/site-packages/python_pkg-0.0.0-py3.10.egg-info' (and everything under it)
[1.752s] Copying ../../build/python_pkg/python_pkg.egg-info to /home/smr/ros2_self_driving_robot/install/python_pkg/lib/python3.10/site-packages/python_pkg-0.0.0-py3.10.egg-info
[1.754s] running install_scripts
[1.783s] writing list of installed files to '/home/smr/ros2_self_driving_robot/build/python_pkg/install.log'
[1.867s] Invoked command in '/home/smr/ros2_self_driving_robot/src/python_pkg' returned '0': PYTHONPATH=/home/smr/ros2_self_driving_robot/build/python_pkg/prefix_override:/home/smr/ros2_self_driving_robot/install/python_pkg/lib/python3.10/site-packages:${PYTHONPATH} /usr/bin/python3 -W ignore:setup.py install is deprecated setup.py egg_info --egg-base ../../build/python_pkg build --build-base /home/smr/ros2_self_driving_robot/build/python_pkg/build install --record /home/smr/ros2_self_driving_robot/build/python_pkg/install.log --single-version-externally-managed install_data
