[0.015s] Invoking command in '/home/p_rawicht/bb_ws/build/robot_description': CMAKE_PREFIX_PATH=${CMAKE_PREFIX_PATH}:/opt/ros/humble /usr/bin/cmake --build /home/p_rawicht/bb_ws/build/robot_description -- -j20 -l20
[0.059s] Invoked command in '/home/p_rawicht/bb_ws/build/robot_description' returned '0': CMAKE_PREFIX_PATH=${CMAKE_PREFIX_PATH}:/opt/ros/humble /usr/bin/cmake --build /home/p_rawicht/bb_ws/build/robot_description -- -j20 -l20
[0.078s] Invoking command in '/home/p_rawicht/bb_ws/build/robot_description': CMAKE_PREFIX_PATH=${CMAKE_PREFIX_PATH}:/opt/ros/humble /usr/bin/cmake --install /home/p_rawicht/bb_ws/build/robot_description
[0.085s] -- Install configuration: ""
[0.086s] -- Up-to-date: /home/p_rawicht/bb_ws/install/robot_description/share/ament_index/resource_index/package_run_dependencies/robot_description
[0.086s] -- Up-to-date: /home/p_rawicht/bb_ws/install/robot_description/share/ament_index/resource_index/parent_prefix_path/robot_description
[0.086s] -- Up-to-date: /home/p_rawicht/bb_ws/install/robot_description/share/robot_description/environment/ament_prefix_path.sh
[0.086s] -- Up-to-date: /home/p_rawicht/bb_ws/install/robot_description/share/robot_description/environment/ament_prefix_path.dsv
[0.086s] -- Up-to-date: /home/p_rawicht/bb_ws/install/robot_description/share/robot_description/environment/path.sh
[0.086s] -- Up-to-date: /home/p_rawicht/bb_ws/install/robot_description/share/robot_description/environment/path.dsv
[0.086s] -- Up-to-date: /home/p_rawicht/bb_ws/install/robot_description/share/robot_description/local_setup.bash
[0.086s] -- Up-to-date: /home/p_rawicht/bb_ws/install/robot_description/share/robot_description/local_setup.sh
[0.087s] -- Up-to-date: /home/p_rawicht/bb_ws/install/robot_description/share/robot_description/local_setup.zsh
[0.087s] -- Up-to-date: /home/p_rawicht/bb_ws/install/robot_description/share/robot_description/local_setup.dsv
[0.087s] -- Up-to-date: /home/p_rawicht/bb_ws/install/robot_description/share/robot_description/package.dsv
[0.087s] -- Up-to-date: /home/p_rawicht/bb_ws/install/robot_description/share/ament_index/resource_index/packages/robot_description
[0.087s] -- Up-to-date: /home/p_rawicht/bb_ws/install/robot_description/share/robot_description/cmake/robot_descriptionConfig.cmake
[0.087s] -- Up-to-date: /home/p_rawicht/bb_ws/install/robot_description/share/robot_description/cmake/robot_descriptionConfig-version.cmake
[0.087s] -- Up-to-date: /home/p_rawicht/bb_ws/install/robot_description/share/robot_description/package.xml
[0.090s] Invoked command in '/home/p_rawicht/bb_ws/build/robot_description' returned '0': CMAKE_PREFIX_PATH=${CMAKE_PREFIX_PATH}:/opt/ros/humble /usr/bin/cmake --install /home/p_rawicht/bb_ws/build/robot_description
