[0.067s] Invoking command in '/home/smr/ros2_self_driving_robot/build/nav2_behavior_plugin': CMAKE_PREFIX_PATH=${CMAKE_PREFIX_PATH}:/home/smr/ros2_self_driving_robot/install/python_pkg /usr/bin/cmake --build /home/smr/ros2_self_driving_robot/build/nav2_behavior_plugin -- -j8 -l8
[0.550s] [  3%] Built target nav2_behavior_plugin__cpp
[0.551s] [  3%] Built target ament_cmake_python_copy_nav2_behavior_plugin
[0.551s] [ 12%] Built target nav2_behavior_plugin__rosidl_generator_c
[0.551s] [ 21%] Built target nav2_behavior_plugin__rosidl_typesupport_fastrtps_cpp
[0.551s] [ 30%] Built target nav2_behavior_plugin__rosidl_typesupport_cpp
[0.551s] [ 39%] Built target nav2_behavior_plugin__rosidl_typesupport_introspection_cpp
[0.551s] [ 48%] Built target nav2_behavior_plugin__rosidl_typesupport_fastrtps_c
[0.551s] [ 57%] Built target nav2_behavior_plugin__rosidl_typesupport_introspection_c
[0.551s] [ 63%] Built target nav2_behavior_plugin_
[0.551s] [ 72%] Built target nav2_behavior_plugin__rosidl_typesupport_c
[0.551s] [ 72%] Built target nav2_behavior_plugin
[0.571s] [ 75%] Built target nav2_behavior_plugin__py
[0.701s] [ 81%] Built target nav2_behavior_plugin__rosidl_generator_py
[0.711s] running egg_info
[0.719s] writing nav2_behavior_plugin.egg-info/PKG-INFO
[0.719s] writing dependency_links to nav2_behavior_plugin.egg-info/dependency_links.txt
[0.721s] writing top-level names to nav2_behavior_plugin.egg-info/top_level.txt
[0.788s] reading manifest file 'nav2_behavior_plugin.egg-info/SOURCES.txt'
[0.788s] writing manifest file 'nav2_behavior_plugin.egg-info/SOURCES.txt'
[0.895s] [ 87%] Built target nav2_behavior_plugin__rosidl_typesupport_c__pyext
[0.913s] [ 93%] Built target nav2_behavior_plugin__rosidl_typesupport_introspection_c__pyext
[0.954s] [100%] Built target nav2_behavior_plugin__rosidl_typesupport_fastrtps_c__pyext
[0.956s] [100%] Built target ament_cmake_python_build_nav2_behavior_plugin_egg
[1.085s] Invoked command in '/home/smr/ros2_self_driving_robot/build/nav2_behavior_plugin' returned '0': CMAKE_PREFIX_PATH=${CMAKE_PREFIX_PATH}:/home/smr/ros2_self_driving_robot/install/python_pkg /usr/bin/cmake --build /home/smr/ros2_self_driving_robot/build/nav2_behavior_plugin -- -j8 -l8
[1.232s] Invoking command in '/home/smr/ros2_self_driving_robot/build/nav2_behavior_plugin': CMAKE_PREFIX_PATH=${CMAKE_PREFIX_PATH}:/home/smr/ros2_self_driving_robot/install/python_pkg /usr/bin/cmake --install /home/smr/ros2_self_driving_robot/build/nav2_behavior_plugin
[1.262s] -- Install configuration: ""
[1.262s] -- Up-to-date: /home/smr/ros2_self_driving_robot/install/nav2_behavior_plugin/share/ament_index/resource_index/rosidl_interfaces/nav2_behavior_plugin
[1.265s] -- Up-to-date: /home/smr/ros2_self_driving_robot/install/nav2_behavior_plugin/include/nav2_behavior_plugin/nav2_behavior_plugin
[1.265s] -- Up-to-date: /home/smr/ros2_self_driving_robot/install/nav2_behavior_plugin/include/nav2_behavior_plugin/nav2_behavior_plugin/msg
[1.266s] -- Up-to-date: /home/smr/ros2_self_driving_robot/install/nav2_behavior_plugin/include/nav2_behavior_plugin/nav2_behavior_plugin/msg/rosidl_generator_c__visibility_control.h
[1.267s] -- Up-to-date: /home/smr/ros2_self_driving_robot/install/nav2_behavior_plugin/include/nav2_behavior_plugin/nav2_behavior_plugin/action
[1.269s] -- Up-to-date: /home/smr/ros2_self_driving_robot/install/nav2_behavior_plugin/include/nav2_behavior_plugin/nav2_behavior_plugin/action/obstacle_warning.h
[1.271s] -- Up-to-date: /home/smr/ros2_self_driving_robot/install/nav2_behavior_plugin/include/nav2_behavior_plugin/nav2_behavior_plugin/action/detail
[1.272s] -- Up-to-date: /home/smr/ros2_self_driving_robot/install/nav2_behavior_plugin/include/nav2_behavior_plugin/nav2_behavior_plugin/action/detail/obstacle_warning__struct.h
[1.273s] -- Up-to-date: /home/smr/ros2_self_driving_robot/install/nav2_behavior_plugin/include/nav2_behavior_plugin/nav2_behavior_plugin/action/detail/obstacle_warning__functions.c
[1.274s] -- Up-to-date: /home/smr/ros2_self_driving_robot/install/nav2_behavior_plugin/include/nav2_behavior_plugin/nav2_behavior_plugin/action/detail/obstacle_warning__functions.h
[1.275s] -- Up-to-date: /home/smr/ros2_self_driving_robot/install/nav2_behavior_plugin/include/nav2_behavior_plugin/nav2_behavior_plugin/action/detail/obstacle_warning__type_support.h
[1.276s] -- Up-to-date: /home/smr/ros2_self_driving_robot/install/nav2_behavior_plugin/share/nav2_behavior_plugin/environment/library_path.sh
[1.276s] -- Up-to-date: /home/smr/ros2_self_driving_robot/install/nav2_behavior_plugin/share/nav2_behavior_plugin/environment/library_path.dsv
[1.276s] -- Up-to-date: /home/smr/ros2_self_driving_robot/install/nav2_behavior_plugin/lib/libnav2_behavior_plugin__rosidl_generator_c.so
[1.276s] -- Up-to-date: /home/smr/ros2_self_driving_robot/install/nav2_behavior_plugin/include/nav2_behavior_plugin/nav2_behavior_plugin
[1.276s] -- Up-to-date: /home/smr/ros2_self_driving_robot/install/nav2_behavior_plugin/include/nav2_behavior_plugin/nav2_behavior_plugin/msg
[1.277s] -- Up-to-date: /home/smr/ros2_self_driving_robot/install/nav2_behavior_plugin/include/nav2_behavior_plugin/nav2_behavior_plugin/msg/rosidl_typesupport_fastrtps_c__visibility_control.h
[1.277s] -- Up-to-date: /home/smr/ros2_self_driving_robot/install/nav2_behavior_plugin/include/nav2_behavior_plugin/nav2_behavior_plugin/action
[1.277s] -- Up-to-date: /home/smr/ros2_self_driving_robot/install/nav2_behavior_plugin/include/nav2_behavior_plugin/nav2_behavior_plugin/action/detail
[1.278s] -- Up-to-date: /home/smr/ros2_self_driving_robot/install/nav2_behavior_plugin/include/nav2_behavior_plugin/nav2_behavior_plugin/action/detail/obstacle_warning__rosidl_typesupport_fastrtps_c.h
[1.279s] -- Up-to-date: /home/smr/ros2_self_driving_robot/install/nav2_behavior_plugin/lib/libnav2_behavior_plugin__rosidl_typesupport_fastrtps_c.so
[1.279s] -- Up-to-date: /home/smr/ros2_self_driving_robot/install/nav2_behavior_plugin/include/nav2_behavior_plugin/nav2_behavior_plugin
[1.279s] -- Up-to-date: /home/smr/ros2_self_driving_robot/install/nav2_behavior_plugin/include/nav2_behavior_plugin/nav2_behavior_plugin/action
[1.279s] -- Up-to-date: /home/smr/ros2_self_driving_robot/install/nav2_behavior_plugin/include/nav2_behavior_plugin/nav2_behavior_plugin/action/obstacle_warning.hpp
[1.279s] -- Up-to-date: /home/smr/ros2_self_driving_robot/install/nav2_behavior_plugin/include/nav2_behavior_plugin/nav2_behavior_plugin/action/detail
[1.280s] -- Up-to-date: /home/smr/ros2_self_driving_robot/install/nav2_behavior_plugin/include/nav2_behavior_plugin/nav2_behavior_plugin/action/detail/obstacle_warning__builder.hpp
[1.280s] -- Up-to-date: /home/smr/ros2_self_driving_robot/install/nav2_behavior_plugin/include/nav2_behavior_plugin/nav2_behavior_plugin/action/detail/obstacle_warning__traits.hpp
[1.280s] -- Up-to-date: /home/smr/ros2_self_driving_robot/install/nav2_behavior_plugin/include/nav2_behavior_plugin/nav2_behavior_plugin/action/detail/obstacle_warning__struct.hpp
[1.280s] -- Up-to-date: /home/smr/ros2_self_driving_robot/install/nav2_behavior_plugin/include/nav2_behavior_plugin/nav2_behavior_plugin
[1.280s] -- Up-to-date: /home/smr/ros2_self_driving_robot/install/nav2_behavior_plugin/include/nav2_behavior_plugin/nav2_behavior_plugin/msg
[1.280s] -- Up-to-date: /home/smr/ros2_self_driving_robot/install/nav2_behavior_plugin/include/nav2_behavior_plugin/nav2_behavior_plugin/msg/rosidl_typesupport_fastrtps_cpp__visibility_control.h
[1.280s] -- Up-to-date: /home/smr/ros2_self_driving_robot/install/nav2_behavior_plugin/include/nav2_behavior_plugin/nav2_behavior_plugin/action
[1.280s] -- Up-to-date: /home/smr/ros2_self_driving_robot/install/nav2_behavior_plugin/include/nav2_behavior_plugin/nav2_behavior_plugin/action/detail
[1.280s] -- Up-to-date: /home/smr/ros2_self_driving_robot/install/nav2_behavior_plugin/include/nav2_behavior_plugin/nav2_behavior_plugin/action/detail/obstacle_warning__rosidl_typesupport_fastrtps_cpp.hpp
[1.281s] -- Up-to-date: /home/smr/ros2_self_driving_robot/install/nav2_behavior_plugin/include/nav2_behavior_plugin/nav2_behavior_plugin/action/detail/dds_fastrtps
[1.281s] -- Up-to-date: /home/smr/ros2_self_driving_robot/install/nav2_behavior_plugin/lib/libnav2_behavior_plugin__rosidl_typesupport_fastrtps_cpp.so
[1.281s] -- Up-to-date: /home/smr/ros2_self_driving_robot/install/nav2_behavior_plugin/include/nav2_behavior_plugin/nav2_behavior_plugin
[1.281s] -- Up-to-date: /home/smr/ros2_self_driving_robot/install/nav2_behavior_plugin/include/nav2_behavior_plugin/nav2_behavior_plugin/msg
[1.281s] -- Up-to-date: /home/smr/ros2_self_driving_robot/install/nav2_behavior_plugin/include/nav2_behavior_plugin/nav2_behavior_plugin/msg/rosidl_typesupport_introspection_c__visibility_control.h
[1.281s] -- Up-to-date: /home/smr/ros2_self_driving_robot/install/nav2_behavior_plugin/include/nav2_behavior_plugin/nav2_behavior_plugin/action
[1.281s] -- Up-to-date: /home/smr/ros2_self_driving_robot/install/nav2_behavior_plugin/include/nav2_behavior_plugin/nav2_behavior_plugin/action/detail
[1.281s] -- Up-to-date: /home/smr/ros2_self_driving_robot/install/nav2_behavior_plugin/include/nav2_behavior_plugin/nav2_behavior_plugin/action/detail/obstacle_warning__type_support.c
[1.281s] -- Up-to-date: /home/smr/ros2_self_driving_robot/install/nav2_behavior_plugin/include/nav2_behavior_plugin/nav2_behavior_plugin/action/detail/obstacle_warning__rosidl_typesupport_introspection_c.h
[1.281s] -- Up-to-date: /home/smr/ros2_self_driving_robot/install/nav2_behavior_plugin/lib/libnav2_behavior_plugin__rosidl_typesupport_introspection_c.so
[1.281s] -- Up-to-date: /home/smr/ros2_self_driving_robot/install/nav2_behavior_plugin/lib/libnav2_behavior_plugin__rosidl_typesupport_c.so
[1.282s] -- Up-to-date: /home/smr/ros2_self_driving_robot/install/nav2_behavior_plugin/include/nav2_behavior_plugin/nav2_behavior_plugin
[1.282s] -- Up-to-date: /home/smr/ros2_self_driving_robot/install/nav2_behavior_plugin/include/nav2_behavior_plugin/nav2_behavior_plugin/action
[1.282s] -- Up-to-date: /home/smr/ros2_self_driving_robot/install/nav2_behavior_plugin/include/nav2_behavior_plugin/nav2_behavior_plugin/action/detail
[1.282s] -- Up-to-date: /home/smr/ros2_self_driving_robot/install/nav2_behavior_plugin/include/nav2_behavior_plugin/nav2_behavior_plugin/action/detail/obstacle_warning__rosidl_typesupport_introspection_cpp.hpp
[1.282s] -- Up-to-date: /home/smr/ros2_self_driving_robot/install/nav2_behavior_plugin/include/nav2_behavior_plugin/nav2_behavior_plugin/action/detail/obstacle_warning__type_support.cpp
[1.282s] -- Up-to-date: /home/smr/ros2_self_driving_robot/install/nav2_behavior_plugin/lib/libnav2_behavior_plugin__rosidl_typesupport_introspection_cpp.so
[1.282s] -- Up-to-date: /home/smr/ros2_self_driving_robot/install/nav2_behavior_plugin/lib/libnav2_behavior_plugin__rosidl_typesupport_cpp.so
[1.282s] -- Up-to-date: /home/smr/ros2_self_driving_robot/install/nav2_behavior_plugin/share/nav2_behavior_plugin/environment/pythonpath.sh
[1.282s] -- Up-to-date: /home/smr/ros2_self_driving_robot/install/nav2_behavior_plugin/share/nav2_behavior_plugin/environment/pythonpath.dsv
[1.282s] -- Up-to-date: /home/smr/ros2_self_driving_robot/install/nav2_behavior_plugin/local/lib/python3.10/dist-packages/nav2_behavior_plugin-0.0.0-py3.10.egg-info
[1.282s] -- Installing: /home/smr/ros2_self_driving_robot/install/nav2_behavior_plugin/local/lib/python3.10/dist-packages/nav2_behavior_plugin-0.0.0-py3.10.egg-info/SOURCES.txt
[1.283s] -- Installing: /home/smr/ros2_self_driving_robot/install/nav2_behavior_plugin/local/lib/python3.10/dist-packages/nav2_behavior_plugin-0.0.0-py3.10.egg-info/PKG-INFO
[1.283s] -- Installing: /home/smr/ros2_self_driving_robot/install/nav2_behavior_plugin/local/lib/python3.10/dist-packages/nav2_behavior_plugin-0.0.0-py3.10.egg-info/top_level.txt
[1.283s] -- Installing: /home/smr/ros2_self_driving_robot/install/nav2_behavior_plugin/local/lib/python3.10/dist-packages/nav2_behavior_plugin-0.0.0-py3.10.egg-info/dependency_links.txt
[1.283s] -- Up-to-date: /home/smr/ros2_self_driving_robot/install/nav2_behavior_plugin/local/lib/python3.10/dist-packages/nav2_behavior_plugin
[1.283s] -- Up-to-date: /home/smr/ros2_self_driving_robot/install/nav2_behavior_plugin/local/lib/python3.10/dist-packages/nav2_behavior_plugin/nav2_behavior_plugin_s__rosidl_typesupport_introspection_c.cpython-310-aarch64-linux-gnu.so
[1.283s] -- Up-to-date: /home/smr/ros2_self_driving_robot/install/nav2_behavior_plugin/local/lib/python3.10/dist-packages/nav2_behavior_plugin/nav2_behavior_plugin_s__rosidl_typesupport_fastrtps_c.cpython-310-aarch64-linux-gnu.so
[1.283s] -- Up-to-date: /home/smr/ros2_self_driving_robot/install/nav2_behavior_plugin/local/lib/python3.10/dist-packages/nav2_behavior_plugin/_nav2_behavior_plugin_s.ep.rosidl_typesupport_introspection_c.c
[1.283s] -- Up-to-date: /home/smr/ros2_self_driving_robot/install/nav2_behavior_plugin/local/lib/python3.10/dist-packages/nav2_behavior_plugin/nav2_behavior_plugin_s__rosidl_typesupport_c.cpython-310-aarch64-linux-gnu.so
[1.283s] -- Up-to-date: /home/smr/ros2_self_driving_robot/install/nav2_behavior_plugin/local/lib/python3.10/dist-packages/nav2_behavior_plugin/_nav2_behavior_plugin_s.ep.rosidl_typesupport_fastrtps_c.c
[1.283s] -- Up-to-date: /home/smr/ros2_self_driving_robot/install/nav2_behavior_plugin/local/lib/python3.10/dist-packages/nav2_behavior_plugin/action
[1.283s] -- Up-to-date: /home/smr/ros2_self_driving_robot/install/nav2_behavior_plugin/local/lib/python3.10/dist-packages/nav2_behavior_plugin/action/_obstacle_warning.py
[1.284s] -- Up-to-date: /home/smr/ros2_self_driving_robot/install/nav2_behavior_plugin/local/lib/python3.10/dist-packages/nav2_behavior_plugin/action/_obstacle_warning_s.c
[1.284s] -- Up-to-date: /home/smr/ros2_self_driving_robot/install/nav2_behavior_plugin/local/lib/python3.10/dist-packages/nav2_behavior_plugin/action/__init__.py
[1.284s] -- Up-to-date: /home/smr/ros2_self_driving_robot/install/nav2_behavior_plugin/local/lib/python3.10/dist-packages/nav2_behavior_plugin/libnav2_behavior_plugin__rosidl_generator_py.so
[1.284s] -- Up-to-date: /home/smr/ros2_self_driving_robot/install/nav2_behavior_plugin/local/lib/python3.10/dist-packages/nav2_behavior_plugin/_nav2_behavior_plugin_s.ep.rosidl_typesupport_c.c
[1.284s] -- Up-to-date: /home/smr/ros2_self_driving_robot/install/nav2_behavior_plugin/local/lib/python3.10/dist-packages/nav2_behavior_plugin/__init__.py
[1.336s] Listing '/home/smr/ros2_self_driving_robot/install/nav2_behavior_plugin/local/lib/python3.10/dist-packages/nav2_behavior_plugin'...
[1.336s] Listing '/home/smr/ros2_self_driving_robot/install/nav2_behavior_plugin/local/lib/python3.10/dist-packages/nav2_behavior_plugin/action'...
[1.347s] -- Up-to-date: /home/smr/ros2_self_driving_robot/install/nav2_behavior_plugin/local/lib/python3.10/dist-packages/nav2_behavior_plugin/nav2_behavior_plugin_s__rosidl_typesupport_fastrtps_c.cpython-310-aarch64-linux-gnu.so
[1.348s] -- Up-to-date: /home/smr/ros2_self_driving_robot/install/nav2_behavior_plugin/local/lib/python3.10/dist-packages/nav2_behavior_plugin/nav2_behavior_plugin_s__rosidl_typesupport_introspection_c.cpython-310-aarch64-linux-gnu.so
[1.349s] -- Up-to-date: /home/smr/ros2_self_driving_robot/install/nav2_behavior_plugin/local/lib/python3.10/dist-packages/nav2_behavior_plugin/nav2_behavior_plugin_s__rosidl_typesupport_c.cpython-310-aarch64-linux-gnu.so
[1.350s] -- Up-to-date: /home/smr/ros2_self_driving_robot/install/nav2_behavior_plugin/lib/libnav2_behavior_plugin__rosidl_generator_py.so
[1.350s] -- Up-to-date: /home/smr/ros2_self_driving_robot/install/nav2_behavior_plugin/share/nav2_behavior_plugin/action/ObstacleWarning.idl
[1.350s] -- Up-to-date: /home/smr/ros2_self_driving_robot/install/nav2_behavior_plugin/share/nav2_behavior_plugin/action/ObstacleWarning.action
[1.350s] -- Up-to-date: /home/smr/ros2_self_driving_robot/install/nav2_behavior_plugin/share/nav2_behavior_plugin/behavior_plugin.xml
[1.351s] -- Up-to-date: /home/smr/ros2_self_driving_robot/install/nav2_behavior_plugin/lib/libnav2_behavior_plugin_.so
[1.351s] -- Up-to-date: /home/smr/ros2_self_driving_robot/install/nav2_behavior_plugin/include/
[1.351s] -- Up-to-date: /home/smr/ros2_self_driving_robot/install/nav2_behavior_plugin/include//nav2_behavior_plugin
[1.351s] -- Up-to-date: /home/smr/ros2_self_driving_robot/install/nav2_behavior_plugin/include//nav2_behavior_plugin/obstacle_warning.hpp
[1.351s] -- Up-to-date: /home/smr/ros2_self_driving_robot/install/nav2_behavior_plugin/share/nav2_behavior_plugin/behavior_plugin.xml
[1.351s] -- Up-to-date: /home/smr/ros2_self_driving_robot/install/nav2_behavior_plugin/share/ament_index/resource_index/package_run_dependencies/nav2_behavior_plugin
[1.351s] -- Up-to-date: /home/smr/ros2_self_driving_robot/install/nav2_behavior_plugin/share/ament_index/resource_index/parent_prefix_path/nav2_behavior_plugin
[1.351s] -- Up-to-date: /home/smr/ros2_self_driving_robot/install/nav2_behavior_plugin/share/nav2_behavior_plugin/environment/ament_prefix_path.sh
[1.352s] -- Up-to-date: /home/smr/ros2_self_driving_robot/install/nav2_behavior_plugin/share/nav2_behavior_plugin/environment/ament_prefix_path.dsv
[1.352s] -- Up-to-date: /home/smr/ros2_self_driving_robot/install/nav2_behavior_plugin/share/nav2_behavior_plugin/environment/path.sh
[1.353s] -- Up-to-date: /home/smr/ros2_self_driving_robot/install/nav2_behavior_plugin/share/nav2_behavior_plugin/environment/path.dsv
[1.353s] -- Up-to-date: /home/smr/ros2_self_driving_robot/install/nav2_behavior_plugin/share/nav2_behavior_plugin/local_setup.bash
[1.354s] -- Up-to-date: /home/smr/ros2_self_driving_robot/install/nav2_behavior_plugin/share/nav2_behavior_plugin/local_setup.sh
[1.354s] -- Up-to-date: /home/smr/ros2_self_driving_robot/install/nav2_behavior_plugin/share/nav2_behavior_plugin/local_setup.zsh
[1.355s] -- Up-to-date: /home/smr/ros2_self_driving_robot/install/nav2_behavior_plugin/share/nav2_behavior_plugin/local_setup.dsv
[1.355s] -- Installing: /home/smr/ros2_self_driving_robot/install/nav2_behavior_plugin/share/nav2_behavior_plugin/package.dsv
[1.355s] -- Up-to-date: /home/smr/ros2_self_driving_robot/install/nav2_behavior_plugin/share/ament_index/resource_index/packages/nav2_behavior_plugin
[1.355s] -- Up-to-date: /home/smr/ros2_self_driving_robot/install/nav2_behavior_plugin/share/ament_index/resource_index/nav2_core__pluginlib__plugin/nav2_behavior_plugin
[1.355s] -- Up-to-date: /home/smr/ros2_self_driving_robot/install/nav2_behavior_plugin/share/nav2_behavior_plugin/cmake/export_nav2_behavior_plugin__rosidl_generator_cExport.cmake
[1.355s] -- Up-to-date: /home/smr/ros2_self_driving_robot/install/nav2_behavior_plugin/share/nav2_behavior_plugin/cmake/export_nav2_behavior_plugin__rosidl_generator_cExport-noconfig.cmake
[1.355s] -- Up-to-date: /home/smr/ros2_self_driving_robot/install/nav2_behavior_plugin/share/nav2_behavior_plugin/cmake/export_nav2_behavior_plugin__rosidl_typesupport_fastrtps_cExport.cmake
[1.355s] -- Up-to-date: /home/smr/ros2_self_driving_robot/install/nav2_behavior_plugin/share/nav2_behavior_plugin/cmake/export_nav2_behavior_plugin__rosidl_typesupport_fastrtps_cExport-noconfig.cmake
[1.355s] -- Up-to-date: /home/smr/ros2_self_driving_robot/install/nav2_behavior_plugin/share/nav2_behavior_plugin/cmake/export_nav2_behavior_plugin__rosidl_generator_cppExport.cmake
[1.356s] -- Up-to-date: /home/smr/ros2_self_driving_robot/install/nav2_behavior_plugin/share/nav2_behavior_plugin/cmake/export_nav2_behavior_plugin__rosidl_typesupport_fastrtps_cppExport.cmake
[1.356s] -- Up-to-date: /home/smr/ros2_self_driving_robot/install/nav2_behavior_plugin/share/nav2_behavior_plugin/cmake/export_nav2_behavior_plugin__rosidl_typesupport_fastrtps_cppExport-noconfig.cmake
[1.356s] -- Up-to-date: /home/smr/ros2_self_driving_robot/install/nav2_behavior_plugin/share/nav2_behavior_plugin/cmake/nav2_behavior_plugin__rosidl_typesupport_introspection_cExport.cmake
[1.356s] -- Up-to-date: /home/smr/ros2_self_driving_robot/install/nav2_behavior_plugin/share/nav2_behavior_plugin/cmake/nav2_behavior_plugin__rosidl_typesupport_introspection_cExport-noconfig.cmake
[1.359s] -- Up-to-date: /home/smr/ros2_self_driving_robot/install/nav2_behavior_plugin/share/nav2_behavior_plugin/cmake/nav2_behavior_plugin__rosidl_typesupport_cExport.cmake
[1.359s] -- Up-to-date: /home/smr/ros2_self_driving_robot/install/nav2_behavior_plugin/share/nav2_behavior_plugin/cmake/nav2_behavior_plugin__rosidl_typesupport_cExport-noconfig.cmake
[1.361s] -- Up-to-date: /home/smr/ros2_self_driving_robot/install/nav2_behavior_plugin/share/nav2_behavior_plugin/cmake/nav2_behavior_plugin__rosidl_typesupport_introspection_cppExport.cmake
[1.362s] -- Up-to-date: /home/smr/ros2_self_driving_robot/install/nav2_behavior_plugin/share/nav2_behavior_plugin/cmake/nav2_behavior_plugin__rosidl_typesupport_introspection_cppExport-noconfig.cmake
[1.362s] -- Up-to-date: /home/smr/ros2_self_driving_robot/install/nav2_behavior_plugin/share/nav2_behavior_plugin/cmake/nav2_behavior_plugin__rosidl_typesupport_cppExport.cmake
[1.362s] -- Up-to-date: /home/smr/ros2_self_driving_robot/install/nav2_behavior_plugin/share/nav2_behavior_plugin/cmake/nav2_behavior_plugin__rosidl_typesupport_cppExport-noconfig.cmake
[1.362s] -- Up-to-date: /home/smr/ros2_self_driving_robot/install/nav2_behavior_plugin/share/nav2_behavior_plugin/cmake/export_nav2_behavior_plugin__rosidl_generator_pyExport.cmake
[1.362s] -- Up-to-date: /home/smr/ros2_self_driving_robot/install/nav2_behavior_plugin/share/nav2_behavior_plugin/cmake/export_nav2_behavior_plugin__rosidl_generator_pyExport-noconfig.cmake
[1.363s] -- Up-to-date: /home/smr/ros2_self_driving_robot/install/nav2_behavior_plugin/share/nav2_behavior_plugin/cmake/rosidl_cmake-extras.cmake
[1.363s] -- Up-to-date: /home/smr/ros2_self_driving_robot/install/nav2_behavior_plugin/share/nav2_behavior_plugin/cmake/ament_cmake_export_dependencies-extras.cmake
[1.363s] -- Up-to-date: /home/smr/ros2_self_driving_robot/install/nav2_behavior_plugin/share/nav2_behavior_plugin/cmake/ament_cmake_export_include_directories-extras.cmake
[1.367s] -- Up-to-date: /home/smr/ros2_self_driving_robot/install/nav2_behavior_plugin/share/nav2_behavior_plugin/cmake/ament_cmake_export_libraries-extras.cmake
[1.370s] -- Up-to-date: /home/smr/ros2_self_driving_robot/install/nav2_behavior_plugin/share/nav2_behavior_plugin/cmake/ament_cmake_export_targets-extras.cmake
[1.372s] -- Up-to-date: /home/smr/ros2_self_driving_robot/install/nav2_behavior_plugin/share/nav2_behavior_plugin/cmake/rosidl_cmake_export_typesupport_targets-extras.cmake
[1.373s] -- Up-to-date: /home/smr/ros2_self_driving_robot/install/nav2_behavior_plugin/share/nav2_behavior_plugin/cmake/rosidl_cmake_export_typesupport_libraries-extras.cmake
[1.374s] -- Up-to-date: /home/smr/ros2_self_driving_robot/install/nav2_behavior_plugin/share/nav2_behavior_plugin/cmake/nav2_behavior_pluginConfig.cmake
[1.374s] -- Up-to-date: /home/smr/ros2_self_driving_robot/install/nav2_behavior_plugin/share/nav2_behavior_plugin/cmake/nav2_behavior_pluginConfig-version.cmake
[1.374s] -- Up-to-date: /home/smr/ros2_self_driving_robot/install/nav2_behavior_plugin/share/nav2_behavior_plugin/package.xml
[1.375s] Invoked command in '/home/smr/ros2_self_driving_robot/build/nav2_behavior_plugin' returned '0': CMAKE_PREFIX_PATH=${CMAKE_PREFIX_PATH}:/home/smr/ros2_self_driving_robot/install/python_pkg /usr/bin/cmake --install /home/smr/ros2_self_driving_robot/build/nav2_behavior_plugin
