[0.184s] DEBUG:colcon:Command line arguments: ['/usr/local/bin/colcon', 'build']
[0.184s] DEBUG:colcon:Parsed command line arguments: Namespace(log_base=None, log_level=None, verb_name='build', build_base='build', install_base='install', merge_install=False, symlink_install=False, test_result_base=None, continue_on_error=False, executor='parallel', parallel_workers=8, event_handlers=None, ignore_user_meta=False, metas=['./colcon.meta'], base_paths=['.'], packages_ignore=None, packages_ignore_regex=None, paths=None, packages_up_to=None, packages_up_to_regex=None, packages_above=None, packages_above_and_dependencies=None, packages_above_depth=None, packages_select_by_dep=None, packages_skip_by_dep=None, packages_skip_up_to=None, packages_select_build_failed=False, packages_skip_build_finished=False, packages_select_test_failures=False, packages_skip_test_passed=False, packages_select=None, packages_skip=None, packages_select_regex=None, packages_skip_regex=None, packages_start=None, packages_end=None, allow_overriding=[], cmake_args=None, cmake_target=None, cmake_target_skip_unavailable=False, cmake_clean_cache=False, cmake_clean_first=False, cmake_force_configure=False, ament_cmake_args=None, catkin_cmake_args=None, catkin_skip_building_tests=False, verb_parser=<colcon_defaults.argument_parser.defaults.DefaultArgumentsDecorator object at 0xffffbc3367a0>, verb_extension=<colcon_core.verb.build.BuildVerb object at 0xffffbc3357b0>, main=<bound method BuildVerb.main of <colcon_core.verb.build.BuildVerb object at 0xffffbc3357b0>>)
[0.413s] Level 1:colcon.colcon_core.package_discovery:discover_packages(colcon_meta) check parameters
[0.414s] Level 1:colcon.colcon_core.package_discovery:discover_packages(recursive) check parameters
[0.414s] Level 1:colcon.colcon_core.package_discovery:discover_packages(ignore) check parameters
[0.414s] Level 1:colcon.colcon_core.package_discovery:discover_packages(path) check parameters
[0.414s] Level 1:colcon.colcon_core.package_discovery:discover_packages(colcon_meta) discover
[0.414s] Level 1:colcon.colcon_core.package_discovery:discover_packages(recursive) discover
[0.414s] INFO:colcon.colcon_core.package_discovery:Crawling recursively for packages in '/home/smr/ros2_self_driving_robot'
[0.414s] Level 1:colcon.colcon_core.package_identification:_identify(.) by extensions ['ignore', 'ignore_ament_install']
[0.414s] Level 1:colcon.colcon_core.package_identification:_identify(.) by extension 'ignore'
[0.415s] Level 1:colcon.colcon_core.package_identification:_identify(.) by extension 'ignore_ament_install'
[0.415s] Level 1:colcon.colcon_core.package_identification:_identify(.) by extensions ['colcon_pkg']
[0.415s] Level 1:colcon.colcon_core.package_identification:_identify(.) by extension 'colcon_pkg'
[0.415s] Level 1:colcon.colcon_core.package_identification:_identify(.) by extensions ['colcon_meta']
[0.415s] Level 1:colcon.colcon_core.package_identification:_identify(.) by extension 'colcon_meta'
[0.415s] Level 1:colcon.colcon_core.package_identification:_identify(.) by extensions ['ros']
[0.415s] Level 1:colcon.colcon_core.package_identification:_identify(.) by extension 'ros'
[0.442s] Level 1:colcon.colcon_core.package_identification:_identify(.) by extensions ['cmake', 'python']
[0.442s] Level 1:colcon.colcon_core.package_identification:_identify(.) by extension 'cmake'
[0.442s] Level 1:colcon.colcon_core.package_identification:_identify(.) by extension 'python'
[0.443s] Level 1:colcon.colcon_core.package_identification:_identify(.) by extensions ['python_setup_py']
[0.443s] Level 1:colcon.colcon_core.package_identification:_identify(.) by extension 'python_setup_py'
[0.443s] Level 1:colcon.colcon_core.package_identification:_identify(build) by extensions ['ignore', 'ignore_ament_install']
[0.443s] Level 1:colcon.colcon_core.package_identification:_identify(build) by extension 'ignore'
[0.443s] Level 1:colcon.colcon_core.package_identification:_identify(build) ignored
[0.443s] Level 1:colcon.colcon_core.package_identification:_identify(install) by extensions ['ignore', 'ignore_ament_install']
[0.443s] Level 1:colcon.colcon_core.package_identification:_identify(install) by extension 'ignore'
[0.443s] Level 1:colcon.colcon_core.package_identification:_identify(install) ignored
[0.444s] Level 1:colcon.colcon_core.package_identification:_identify(log) by extensions ['ignore', 'ignore_ament_install']
[0.444s] Level 1:colcon.colcon_core.package_identification:_identify(log) by extension 'ignore'
[0.444s] Level 1:colcon.colcon_core.package_identification:_identify(log) ignored
[0.444s] Level 1:colcon.colcon_core.package_identification:_identify(src) by extensions ['ignore', 'ignore_ament_install']
[0.444s] Level 1:colcon.colcon_core.package_identification:_identify(src) by extension 'ignore'
[0.444s] Level 1:colcon.colcon_core.package_identification:_identify(src) by extension 'ignore_ament_install'
[0.444s] Level 1:colcon.colcon_core.package_identification:_identify(src) by extensions ['colcon_pkg']
[0.444s] Level 1:colcon.colcon_core.package_identification:_identify(src) by extension 'colcon_pkg'
[0.444s] Level 1:colcon.colcon_core.package_identification:_identify(src) by extensions ['colcon_meta']
[0.444s] Level 1:colcon.colcon_core.package_identification:_identify(src) by extension 'colcon_meta'
[0.444s] Level 1:colcon.colcon_core.package_identification:_identify(src) by extensions ['ros']
[0.444s] Level 1:colcon.colcon_core.package_identification:_identify(src) by extension 'ros'
[0.444s] Level 1:colcon.colcon_core.package_identification:_identify(src) by extensions ['cmake', 'python']
[0.444s] Level 1:colcon.colcon_core.package_identification:_identify(src) by extension 'cmake'
[0.445s] Level 1:colcon.colcon_core.package_identification:_identify(src) by extension 'python'
[0.445s] Level 1:colcon.colcon_core.package_identification:_identify(src) by extensions ['python_setup_py']
[0.445s] Level 1:colcon.colcon_core.package_identification:_identify(src) by extension 'python_setup_py'
[0.445s] Level 1:colcon.colcon_core.package_identification:_identify(src/build) by extensions ['ignore', 'ignore_ament_install']
[0.445s] Level 1:colcon.colcon_core.package_identification:_identify(src/build) by extension 'ignore'
[0.445s] Level 1:colcon.colcon_core.package_identification:_identify(src/build) ignored
[0.445s] Level 1:colcon.colcon_core.package_identification:_identify(src/install) by extensions ['ignore', 'ignore_ament_install']
[0.445s] Level 1:colcon.colcon_core.package_identification:_identify(src/install) by extension 'ignore'
[0.445s] Level 1:colcon.colcon_core.package_identification:_identify(src/install) ignored
[0.445s] Level 1:colcon.colcon_core.package_identification:_identify(src/log) by extensions ['ignore', 'ignore_ament_install']
[0.445s] Level 1:colcon.colcon_core.package_identification:_identify(src/log) by extension 'ignore'
[0.445s] Level 1:colcon.colcon_core.package_identification:_identify(src/log) ignored
[0.445s] Level 1:colcon.colcon_core.package_identification:_identify(src/robot_bringup) by extensions ['ignore', 'ignore_ament_install']
[0.446s] Level 1:colcon.colcon_core.package_identification:_identify(src/robot_bringup) by extension 'ignore'
[0.446s] Level 1:colcon.colcon_core.package_identification:_identify(src/robot_bringup) by extension 'ignore_ament_install'
[0.446s] Level 1:colcon.colcon_core.package_identification:_identify(src/robot_bringup) by extensions ['colcon_pkg']
[0.446s] Level 1:colcon.colcon_core.package_identification:_identify(src/robot_bringup) by extension 'colcon_pkg'
[0.446s] Level 1:colcon.colcon_core.package_identification:_identify(src/robot_bringup) by extensions ['colcon_meta']
[0.446s] Level 1:colcon.colcon_core.package_identification:_identify(src/robot_bringup) by extension 'colcon_meta'
[0.446s] Level 1:colcon.colcon_core.package_identification:_identify(src/robot_bringup) by extensions ['ros']
[0.446s] Level 1:colcon.colcon_core.package_identification:_identify(src/robot_bringup) by extension 'ros'
[0.450s] DEBUG:colcon.colcon_core.package_identification:Package 'src/robot_bringup' with type 'ros.ament_cmake' and name 'robot_bringup'
[0.451s] Level 1:colcon.colcon_core.package_identification:_identify(src/robot_description) by extensions ['ignore', 'ignore_ament_install']
[0.451s] Level 1:colcon.colcon_core.package_identification:_identify(src/robot_description) by extension 'ignore'
[0.451s] Level 1:colcon.colcon_core.package_identification:_identify(src/robot_description) by extension 'ignore_ament_install'
[0.451s] Level 1:colcon.colcon_core.package_identification:_identify(src/robot_description) by extensions ['colcon_pkg']
[0.451s] Level 1:colcon.colcon_core.package_identification:_identify(src/robot_description) by extension 'colcon_pkg'
[0.451s] Level 1:colcon.colcon_core.package_identification:_identify(src/robot_description) by extensions ['colcon_meta']
[0.451s] Level 1:colcon.colcon_core.package_identification:_identify(src/robot_description) by extension 'colcon_meta'
[0.451s] Level 1:colcon.colcon_core.package_identification:_identify(src/robot_description) by extensions ['ros']
[0.451s] Level 1:colcon.colcon_core.package_identification:_identify(src/robot_description) by extension 'ros'
[0.452s] DEBUG:colcon.colcon_core.package_identification:Package 'src/robot_description' with type 'ros.ament_cmake' and name 'robot_description'
[0.452s] Level 1:colcon.colcon_core.package_identification:_identify(src/sllidar_ros2) by extensions ['ignore', 'ignore_ament_install']
[0.452s] Level 1:colcon.colcon_core.package_identification:_identify(src/sllidar_ros2) by extension 'ignore'
[0.452s] Level 1:colcon.colcon_core.package_identification:_identify(src/sllidar_ros2) by extension 'ignore_ament_install'
[0.452s] Level 1:colcon.colcon_core.package_identification:_identify(src/sllidar_ros2) by extensions ['colcon_pkg']
[0.452s] Level 1:colcon.colcon_core.package_identification:_identify(src/sllidar_ros2) by extension 'colcon_pkg'
[0.452s] Level 1:colcon.colcon_core.package_identification:_identify(src/sllidar_ros2) by extensions ['colcon_meta']
[0.452s] Level 1:colcon.colcon_core.package_identification:_identify(src/sllidar_ros2) by extension 'colcon_meta'
[0.453s] Level 1:colcon.colcon_core.package_identification:_identify(src/sllidar_ros2) by extensions ['ros']
[0.453s] Level 1:colcon.colcon_core.package_identification:_identify(src/sllidar_ros2) by extension 'ros'
[0.453s] DEBUG:colcon.colcon_core.package_identification:Package 'src/sllidar_ros2' with type 'ros.ament_cmake' and name 'sllidar_ros2'
[0.453s] Level 1:colcon.colcon_core.package_discovery:discover_packages(recursive) using defaults
[0.454s] Level 1:colcon.colcon_core.package_discovery:discover_packages(ignore) discover
[0.454s] Level 1:colcon.colcon_core.package_discovery:discover_packages(ignore) using defaults
[0.454s] Level 1:colcon.colcon_core.package_discovery:discover_packages(path) discover
[0.454s] Level 1:colcon.colcon_core.package_discovery:discover_packages(path) using defaults
[0.483s] Level 1:colcon.colcon_core.package_discovery:discover_packages(prefix_path) check parameters
[0.483s] Level 1:colcon.colcon_core.package_discovery:discover_packages(prefix_path) discover
[0.485s] DEBUG:colcon.colcon_installed_package_information.package_discovery:Found 2 installed packages in /home/smr/ros2_self_driving_robot/install
[0.487s] DEBUG:colcon.colcon_installed_package_information.package_discovery:Found 330 installed packages in /opt/ros/humble
[0.490s] Level 1:colcon.colcon_core.package_discovery:discover_packages(prefix_path) using defaults
[0.598s] Level 5:colcon.colcon_core.verb:set package 'robot_bringup' build argument 'cmake_args' from command line to 'None'
[0.598s] Level 5:colcon.colcon_core.verb:set package 'robot_bringup' build argument 'cmake_target' from command line to 'None'
[0.598s] Level 5:colcon.colcon_core.verb:set package 'robot_bringup' build argument 'cmake_target_skip_unavailable' from command line to 'False'
[0.598s] Level 5:colcon.colcon_core.verb:set package 'robot_bringup' build argument 'cmake_clean_cache' from command line to 'False'
[0.598s] Level 5:colcon.colcon_core.verb:set package 'robot_bringup' build argument 'cmake_clean_first' from command line to 'False'
[0.598s] Level 5:colcon.colcon_core.verb:set package 'robot_bringup' build argument 'cmake_force_configure' from command line to 'False'
[0.598s] Level 5:colcon.colcon_core.verb:set package 'robot_bringup' build argument 'ament_cmake_args' from command line to 'None'
[0.598s] Level 5:colcon.colcon_core.verb:set package 'robot_bringup' build argument 'catkin_cmake_args' from command line to 'None'
[0.599s] Level 5:colcon.colcon_core.verb:set package 'robot_bringup' build argument 'catkin_skip_building_tests' from command line to 'False'
[0.599s] DEBUG:colcon.colcon_core.verb:Building package 'robot_bringup' with the following arguments: {'ament_cmake_args': None, 'build_base': '/home/smr/ros2_self_driving_robot/build/robot_bringup', 'catkin_cmake_args': None, 'catkin_skip_building_tests': False, 'cmake_args': None, 'cmake_clean_cache': False, 'cmake_clean_first': False, 'cmake_force_configure': False, 'cmake_target': None, 'cmake_target_skip_unavailable': False, 'install_base': '/home/smr/ros2_self_driving_robot/install/robot_bringup', 'merge_install': False, 'path': '/home/smr/ros2_self_driving_robot/src/robot_bringup', 'symlink_install': False, 'test_result_base': None}
[0.599s] Level 5:colcon.colcon_core.verb:set package 'robot_description' build argument 'cmake_args' from command line to 'None'
[0.599s] Level 5:colcon.colcon_core.verb:set package 'robot_description' build argument 'cmake_target' from command line to 'None'
[0.599s] Level 5:colcon.colcon_core.verb:set package 'robot_description' build argument 'cmake_target_skip_unavailable' from command line to 'False'
[0.599s] Level 5:colcon.colcon_core.verb:set package 'robot_description' build argument 'cmake_clean_cache' from command line to 'False'
[0.599s] Level 5:colcon.colcon_core.verb:set package 'robot_description' build argument 'cmake_clean_first' from command line to 'False'
[0.599s] Level 5:colcon.colcon_core.verb:set package 'robot_description' build argument 'cmake_force_configure' from command line to 'False'
[0.599s] Level 5:colcon.colcon_core.verb:set package 'robot_description' build argument 'ament_cmake_args' from command line to 'None'
[0.599s] Level 5:colcon.colcon_core.verb:set package 'robot_description' build argument 'catkin_cmake_args' from command line to 'None'
[0.599s] Level 5:colcon.colcon_core.verb:set package 'robot_description' build argument 'catkin_skip_building_tests' from command line to 'False'
[0.599s] DEBUG:colcon.colcon_core.verb:Building package 'robot_description' with the following arguments: {'ament_cmake_args': None, 'build_base': '/home/smr/ros2_self_driving_robot/build/robot_description', 'catkin_cmake_args': None, 'catkin_skip_building_tests': False, 'cmake_args': None, 'cmake_clean_cache': False, 'cmake_clean_first': False, 'cmake_force_configure': False, 'cmake_target': None, 'cmake_target_skip_unavailable': False, 'install_base': '/home/smr/ros2_self_driving_robot/install/robot_description', 'merge_install': False, 'path': '/home/smr/ros2_self_driving_robot/src/robot_description', 'symlink_install': False, 'test_result_base': None}
[0.600s] Level 5:colcon.colcon_core.verb:set package 'sllidar_ros2' build argument 'cmake_args' from command line to 'None'
[0.600s] Level 5:colcon.colcon_core.verb:set package 'sllidar_ros2' build argument 'cmake_target' from command line to 'None'
[0.600s] Level 5:colcon.colcon_core.verb:set package 'sllidar_ros2' build argument 'cmake_target_skip_unavailable' from command line to 'False'
[0.600s] Level 5:colcon.colcon_core.verb:set package 'sllidar_ros2' build argument 'cmake_clean_cache' from command line to 'False'
[0.600s] Level 5:colcon.colcon_core.verb:set package 'sllidar_ros2' build argument 'cmake_clean_first' from command line to 'False'
[0.600s] Level 5:colcon.colcon_core.verb:set package 'sllidar_ros2' build argument 'cmake_force_configure' from command line to 'False'
[0.600s] Level 5:colcon.colcon_core.verb:set package 'sllidar_ros2' build argument 'ament_cmake_args' from command line to 'None'
[0.600s] Level 5:colcon.colcon_core.verb:set package 'sllidar_ros2' build argument 'catkin_cmake_args' from command line to 'None'
[0.600s] Level 5:colcon.colcon_core.verb:set package 'sllidar_ros2' build argument 'catkin_skip_building_tests' from command line to 'False'
[0.600s] DEBUG:colcon.colcon_core.verb:Building package 'sllidar_ros2' with the following arguments: {'ament_cmake_args': None, 'build_base': '/home/smr/ros2_self_driving_robot/build/sllidar_ros2', 'catkin_cmake_args': None, 'catkin_skip_building_tests': False, 'cmake_args': None, 'cmake_clean_cache': False, 'cmake_clean_first': False, 'cmake_force_configure': False, 'cmake_target': None, 'cmake_target_skip_unavailable': False, 'install_base': '/home/smr/ros2_self_driving_robot/install/sllidar_ros2', 'merge_install': False, 'path': '/home/smr/ros2_self_driving_robot/src/sllidar_ros2', 'symlink_install': False, 'test_result_base': None}
[0.600s] INFO:colcon.colcon_core.executor:Executing jobs using 'parallel' executor
[0.602s] DEBUG:colcon.colcon_parallel_executor.executor.parallel:run_until_complete
[0.602s] INFO:colcon.colcon_ros.task.ament_cmake.build:Building ROS package in '/home/smr/ros2_self_driving_robot/src/robot_bringup' with build type 'ament_cmake'
[0.603s] INFO:colcon.colcon_cmake.task.cmake.build:Building CMake package in '/home/smr/ros2_self_driving_robot/src/robot_bringup'
[0.605s] INFO:colcon.colcon_core.plugin_system:Skipping extension 'colcon_core.shell.bat': Not used on non-Windows systems
[0.605s] INFO:colcon.colcon_core.shell:Skip shell extension 'powershell' for command environment: Not usable outside of PowerShell
[0.605s] DEBUG:colcon.colcon_core.shell:Skip shell extension 'dsv' for command environment
[0.610s] INFO:colcon.colcon_ros.task.ament_cmake.build:Building ROS package in '/home/smr/ros2_self_driving_robot/src/robot_description' with build type 'ament_cmake'
[0.610s] INFO:colcon.colcon_cmake.task.cmake.build:Building CMake package in '/home/smr/ros2_self_driving_robot/src/robot_description'
[0.611s] INFO:colcon.colcon_core.shell:Skip shell extension 'powershell' for command environment: Not usable outside of PowerShell
[0.611s] DEBUG:colcon.colcon_core.shell:Skip shell extension 'dsv' for command environment
[0.615s] INFO:colcon.colcon_ros.task.ament_cmake.build:Building ROS package in '/home/smr/ros2_self_driving_robot/src/sllidar_ros2' with build type 'ament_cmake'
[0.615s] INFO:colcon.colcon_cmake.task.cmake.build:Building CMake package in '/home/smr/ros2_self_driving_robot/src/sllidar_ros2'
[0.615s] INFO:colcon.colcon_core.shell:Skip shell extension 'powershell' for command environment: Not usable outside of PowerShell
[0.615s] DEBUG:colcon.colcon_core.shell:Skip shell extension 'dsv' for command environment
[0.628s] DEBUG:colcon.colcon_core.event_handler.log_command:Invoking command in '/home/smr/ros2_self_driving_robot/build/robot_bringup': CMAKE_PREFIX_PATH=${CMAKE_PREFIX_PATH}:/opt/ros/humble /usr/bin/cmake /home/smr/ros2_self_driving_robot/src/robot_bringup -DCMAKE_INSTALL_PREFIX=/home/smr/ros2_self_driving_robot/install/robot_bringup
[0.641s] DEBUG:colcon.colcon_core.event_handler.log_command:Invoking command in '/home/smr/ros2_self_driving_robot/build/robot_description': CMAKE_PREFIX_PATH=${CMAKE_PREFIX_PATH}:/opt/ros/humble /usr/bin/cmake --build /home/smr/ros2_self_driving_robot/build/robot_description -- -j8 -l8
[0.648s] DEBUG:colcon.colcon_core.event_handler.log_command:Invoking command in '/home/smr/ros2_self_driving_robot/build/sllidar_ros2': CMAKE_PREFIX_PATH=${CMAKE_PREFIX_PATH}:/opt/ros/humble /usr/bin/cmake --build /home/smr/ros2_self_driving_robot/build/sllidar_ros2 -- -j8 -l8
[0.738s] DEBUG:colcon.colcon_core.event_handler.log_command:Invoked command in '/home/smr/ros2_self_driving_robot/build/robot_description' returned '0': CMAKE_PREFIX_PATH=${CMAKE_PREFIX_PATH}:/opt/ros/humble /usr/bin/cmake --build /home/smr/ros2_self_driving_robot/build/robot_description -- -j8 -l8
[0.788s] DEBUG:colcon.colcon_core.event_handler.log_command:Invoking command in '/home/smr/ros2_self_driving_robot/build/robot_description': CMAKE_PREFIX_PATH=${CMAKE_PREFIX_PATH}:/opt/ros/humble /usr/bin/cmake --install /home/smr/ros2_self_driving_robot/build/robot_description
[0.800s] Level 1:colcon.colcon_core.environment:create_environment_scripts_only(robot_description)
[0.804s] Level 1:colcon.colcon_core.environment:checking '/home/smr/ros2_self_driving_robot/install/robot_description' for CMake module files
[0.805s] Level 1:colcon.colcon_core.environment:checking '/home/smr/ros2_self_driving_robot/install/robot_description' for CMake config files
[0.805s] Level 1:colcon.colcon_core.shell:create_environment_hook('robot_description', 'cmake_prefix_path')
[0.806s] INFO:colcon.colcon_core.shell:Creating environment hook '/home/smr/ros2_self_driving_robot/install/robot_description/share/robot_description/hook/cmake_prefix_path.ps1'
[0.807s] DEBUG:colcon.colcon_core.event_handler.log_command:Invoked command in '/home/smr/ros2_self_driving_robot/build/robot_description' returned '0': CMAKE_PREFIX_PATH=${CMAKE_PREFIX_PATH}:/opt/ros/humble /usr/bin/cmake --install /home/smr/ros2_self_driving_robot/build/robot_description
[0.807s] INFO:colcon.colcon_core.shell:Creating environment descriptor '/home/smr/ros2_self_driving_robot/install/robot_description/share/robot_description/hook/cmake_prefix_path.dsv'
[0.808s] INFO:colcon.colcon_core.shell:Creating environment hook '/home/smr/ros2_self_driving_robot/install/robot_description/share/robot_description/hook/cmake_prefix_path.sh'
[0.809s] Level 1:colcon.colcon_core.environment:checking '/home/smr/ros2_self_driving_robot/install/robot_description/bin'
[0.809s] Level 1:colcon.colcon_core.environment:checking '/home/smr/ros2_self_driving_robot/install/robot_description/lib/pkgconfig/robot_description.pc'
[0.810s] Level 1:colcon.colcon_core.environment:checking '/home/smr/ros2_self_driving_robot/install/robot_description/lib/python3.10/site-packages'
[0.810s] Level 1:colcon.colcon_core.environment:checking '/home/smr/ros2_self_driving_robot/install/robot_description/bin'
[0.811s] INFO:colcon.colcon_core.shell:Creating package script '/home/smr/ros2_self_driving_robot/install/robot_description/share/robot_description/package.ps1'
[0.812s] INFO:colcon.colcon_core.shell:Creating package descriptor '/home/smr/ros2_self_driving_robot/install/robot_description/share/robot_description/package.dsv'
[0.813s] INFO:colcon.colcon_core.shell:Creating package script '/home/smr/ros2_self_driving_robot/install/robot_description/share/robot_description/package.sh'
[0.814s] INFO:colcon.colcon_core.shell:Creating package script '/home/smr/ros2_self_driving_robot/install/robot_description/share/robot_description/package.bash'
[0.815s] INFO:colcon.colcon_core.shell:Creating package script '/home/smr/ros2_self_driving_robot/install/robot_description/share/robot_description/package.zsh'
[0.816s] Level 1:colcon.colcon_core.environment:create_file_with_runtime_dependencies(/home/smr/ros2_self_driving_robot/install/robot_description/share/colcon-core/packages/robot_description)
[0.835s] DEBUG:colcon.colcon_core.event_handler.log_command:Invoked command in '/home/smr/ros2_self_driving_robot/build/sllidar_ros2' returned '0': CMAKE_PREFIX_PATH=${CMAKE_PREFIX_PATH}:/opt/ros/humble /usr/bin/cmake --build /home/smr/ros2_self_driving_robot/build/sllidar_ros2 -- -j8 -l8
[0.842s] Level 1:colcon.colcon_core.environment:create_environment_scripts_only(robot_description)
[0.843s] Level 1:colcon.colcon_core.environment:checking '/home/smr/ros2_self_driving_robot/install/robot_description' for CMake module files
[0.843s] Level 1:colcon.colcon_core.environment:checking '/home/smr/ros2_self_driving_robot/install/robot_description' for CMake config files
[0.844s] Level 1:colcon.colcon_core.shell:create_environment_hook('robot_description', 'cmake_prefix_path')
[0.844s] INFO:colcon.colcon_core.shell:Creating environment hook '/home/smr/ros2_self_driving_robot/install/robot_description/share/robot_description/hook/cmake_prefix_path.ps1'
[0.846s] INFO:colcon.colcon_core.shell:Creating environment descriptor '/home/smr/ros2_self_driving_robot/install/robot_description/share/robot_description/hook/cmake_prefix_path.dsv'
[0.846s] INFO:colcon.colcon_core.shell:Creating environment hook '/home/smr/ros2_self_driving_robot/install/robot_description/share/robot_description/hook/cmake_prefix_path.sh'
[0.847s] Level 1:colcon.colcon_core.environment:checking '/home/smr/ros2_self_driving_robot/install/robot_description/bin'
[0.848s] Level 1:colcon.colcon_core.environment:checking '/home/smr/ros2_self_driving_robot/install/robot_description/lib/pkgconfig/robot_description.pc'
[0.848s] Level 1:colcon.colcon_core.environment:checking '/home/smr/ros2_self_driving_robot/install/robot_description/lib/python3.10/site-packages'
[0.849s] Level 1:colcon.colcon_core.environment:checking '/home/smr/ros2_self_driving_robot/install/robot_description/bin'
[0.849s] INFO:colcon.colcon_core.shell:Creating package script '/home/smr/ros2_self_driving_robot/install/robot_description/share/robot_description/package.ps1'
[0.850s] INFO:colcon.colcon_core.shell:Creating package descriptor '/home/smr/ros2_self_driving_robot/install/robot_description/share/robot_description/package.dsv'
[0.851s] INFO:colcon.colcon_core.shell:Creating package script '/home/smr/ros2_self_driving_robot/install/robot_description/share/robot_description/package.sh'
[0.851s] INFO:colcon.colcon_core.shell:Creating package script '/home/smr/ros2_self_driving_robot/install/robot_description/share/robot_description/package.bash'
[0.852s] INFO:colcon.colcon_core.shell:Creating package script '/home/smr/ros2_self_driving_robot/install/robot_description/share/robot_description/package.zsh'
[0.852s] Level 1:colcon.colcon_core.environment:create_file_with_runtime_dependencies(/home/smr/ros2_self_driving_robot/install/robot_description/share/colcon-core/packages/robot_description)
[1.008s] DEBUG:colcon.colcon_core.event_handler.log_command:Invoking command in '/home/smr/ros2_self_driving_robot/build/sllidar_ros2': CMAKE_PREFIX_PATH=${CMAKE_PREFIX_PATH}:/opt/ros/humble /usr/bin/cmake --install /home/smr/ros2_self_driving_robot/build/sllidar_ros2
[1.020s] Level 1:colcon.colcon_core.environment:create_environment_scripts_only(sllidar_ros2)
[1.020s] Level 1:colcon.colcon_core.environment:checking '/home/smr/ros2_self_driving_robot/install/sllidar_ros2' for CMake module files
[1.021s] DEBUG:colcon.colcon_core.event_handler.log_command:Invoked command in '/home/smr/ros2_self_driving_robot/build/sllidar_ros2' returned '0': CMAKE_PREFIX_PATH=${CMAKE_PREFIX_PATH}:/opt/ros/humble /usr/bin/cmake --install /home/smr/ros2_self_driving_robot/build/sllidar_ros2
[1.021s] Level 1:colcon.colcon_core.environment:checking '/home/smr/ros2_self_driving_robot/install/sllidar_ros2' for CMake config files
[1.022s] Level 1:colcon.colcon_core.shell:create_environment_hook('sllidar_ros2', 'cmake_prefix_path')
[1.022s] INFO:colcon.colcon_core.shell:Creating environment hook '/home/smr/ros2_self_driving_robot/install/sllidar_ros2/share/sllidar_ros2/hook/cmake_prefix_path.ps1'
[1.023s] INFO:colcon.colcon_core.shell:Creating environment descriptor '/home/smr/ros2_self_driving_robot/install/sllidar_ros2/share/sllidar_ros2/hook/cmake_prefix_path.dsv'
[1.023s] INFO:colcon.colcon_core.shell:Creating environment hook '/home/smr/ros2_self_driving_robot/install/sllidar_ros2/share/sllidar_ros2/hook/cmake_prefix_path.sh'
[1.024s] Level 1:colcon.colcon_core.environment:checking '/home/smr/ros2_self_driving_robot/install/sllidar_ros2/lib'
[1.024s] Level 1:colcon.colcon_core.environment:checking '/home/smr/ros2_self_driving_robot/install/sllidar_ros2/bin'
[1.024s] Level 1:colcon.colcon_core.environment:checking '/home/smr/ros2_self_driving_robot/install/sllidar_ros2/lib/pkgconfig/sllidar_ros2.pc'
[1.025s] Level 1:colcon.colcon_core.environment:checking '/home/smr/ros2_self_driving_robot/install/sllidar_ros2/lib/python3.10/site-packages'
[1.025s] Level 1:colcon.colcon_core.environment:checking '/home/smr/ros2_self_driving_robot/install/sllidar_ros2/bin'
[1.025s] INFO:colcon.colcon_core.shell:Creating package script '/home/smr/ros2_self_driving_robot/install/sllidar_ros2/share/sllidar_ros2/package.ps1'
[1.026s] INFO:colcon.colcon_core.shell:Creating package descriptor '/home/smr/ros2_self_driving_robot/install/sllidar_ros2/share/sllidar_ros2/package.dsv'
[1.026s] INFO:colcon.colcon_core.shell:Creating package script '/home/smr/ros2_self_driving_robot/install/sllidar_ros2/share/sllidar_ros2/package.sh'
[1.027s] INFO:colcon.colcon_core.shell:Creating package script '/home/smr/ros2_self_driving_robot/install/sllidar_ros2/share/sllidar_ros2/package.bash'
[1.027s] INFO:colcon.colcon_core.shell:Creating package script '/home/smr/ros2_self_driving_robot/install/sllidar_ros2/share/sllidar_ros2/package.zsh'
[1.028s] Level 1:colcon.colcon_core.environment:create_file_with_runtime_dependencies(/home/smr/ros2_self_driving_robot/install/sllidar_ros2/share/colcon-core/packages/sllidar_ros2)
[1.162s] Level 1:colcon.colcon_core.environment:create_environment_scripts_only(sllidar_ros2)
[1.163s] Level 1:colcon.colcon_core.environment:checking '/home/smr/ros2_self_driving_robot/install/sllidar_ros2' for CMake module files
[1.166s] Level 1:colcon.colcon_core.environment:checking '/home/smr/ros2_self_driving_robot/install/sllidar_ros2' for CMake config files
[1.167s] Level 1:colcon.colcon_core.shell:create_environment_hook('sllidar_ros2', 'cmake_prefix_path')
[1.169s] INFO:colcon.colcon_core.shell:Creating environment hook '/home/smr/ros2_self_driving_robot/install/sllidar_ros2/share/sllidar_ros2/hook/cmake_prefix_path.ps1'
[1.175s] INFO:colcon.colcon_core.shell:Creating environment descriptor '/home/smr/ros2_self_driving_robot/install/sllidar_ros2/share/sllidar_ros2/hook/cmake_prefix_path.dsv'
[1.177s] INFO:colcon.colcon_core.shell:Creating environment hook '/home/smr/ros2_self_driving_robot/install/sllidar_ros2/share/sllidar_ros2/hook/cmake_prefix_path.sh'
[1.179s] Level 1:colcon.colcon_core.environment:checking '/home/smr/ros2_self_driving_robot/install/sllidar_ros2/lib'
[1.179s] Level 1:colcon.colcon_core.environment:checking '/home/smr/ros2_self_driving_robot/install/sllidar_ros2/bin'
[1.179s] Level 1:colcon.colcon_core.environment:checking '/home/smr/ros2_self_driving_robot/install/sllidar_ros2/lib/pkgconfig/sllidar_ros2.pc'
[1.181s] Level 1:colcon.colcon_core.environment:checking '/home/smr/ros2_self_driving_robot/install/sllidar_ros2/lib/python3.10/site-packages'
[1.182s] Level 1:colcon.colcon_core.environment:checking '/home/smr/ros2_self_driving_robot/install/sllidar_ros2/bin'
[1.183s] INFO:colcon.colcon_core.shell:Creating package script '/home/smr/ros2_self_driving_robot/install/sllidar_ros2/share/sllidar_ros2/package.ps1'
[1.187s] INFO:colcon.colcon_core.shell:Creating package descriptor '/home/smr/ros2_self_driving_robot/install/sllidar_ros2/share/sllidar_ros2/package.dsv'
[1.190s] INFO:colcon.colcon_core.shell:Creating package script '/home/smr/ros2_self_driving_robot/install/sllidar_ros2/share/sllidar_ros2/package.sh'
[1.192s] INFO:colcon.colcon_core.shell:Creating package script '/home/smr/ros2_self_driving_robot/install/sllidar_ros2/share/sllidar_ros2/package.bash'
[1.193s] INFO:colcon.colcon_core.shell:Creating package script '/home/smr/ros2_self_driving_robot/install/sllidar_ros2/share/sllidar_ros2/package.zsh'
[1.195s] Level 1:colcon.colcon_core.environment:create_file_with_runtime_dependencies(/home/smr/ros2_self_driving_robot/install/sllidar_ros2/share/colcon-core/packages/sllidar_ros2)
[3.508s] DEBUG:colcon.colcon_core.event_handler.log_command:Invoked command in '/home/smr/ros2_self_driving_robot/build/robot_bringup' returned '0': CMAKE_PREFIX_PATH=${CMAKE_PREFIX_PATH}:/opt/ros/humble /usr/bin/cmake /home/smr/ros2_self_driving_robot/src/robot_bringup -DCMAKE_INSTALL_PREFIX=/home/smr/ros2_self_driving_robot/install/robot_bringup
[3.510s] DEBUG:colcon.colcon_core.event_handler.log_command:Invoking command in '/home/smr/ros2_self_driving_robot/build/robot_bringup': CMAKE_PREFIX_PATH=${CMAKE_PREFIX_PATH}:/opt/ros/humble /usr/bin/cmake --build /home/smr/ros2_self_driving_robot/build/robot_bringup -- -j8 -l8
[3.628s] DEBUG:colcon.colcon_core.event_handler.log_command:Invoked command in '/home/smr/ros2_self_driving_robot/build/robot_bringup' returned '0': CMAKE_PREFIX_PATH=${CMAKE_PREFIX_PATH}:/opt/ros/humble /usr/bin/cmake --build /home/smr/ros2_self_driving_robot/build/robot_bringup -- -j8 -l8
[3.695s] DEBUG:colcon.colcon_core.event_handler.log_command:Invoking command in '/home/smr/ros2_self_driving_robot/build/robot_bringup': CMAKE_PREFIX_PATH=${CMAKE_PREFIX_PATH}:/opt/ros/humble /usr/bin/cmake --install /home/smr/ros2_self_driving_robot/build/robot_bringup
[3.731s] Level 1:colcon.colcon_core.environment:create_environment_scripts_only(robot_bringup)
[3.733s] Level 1:colcon.colcon_core.environment:checking '/home/smr/ros2_self_driving_robot/install/robot_bringup' for CMake module files
[3.735s] DEBUG:colcon.colcon_core.event_handler.log_command:Invoked command in '/home/smr/ros2_self_driving_robot/build/robot_bringup' returned '0': CMAKE_PREFIX_PATH=${CMAKE_PREFIX_PATH}:/opt/ros/humble /usr/bin/cmake --install /home/smr/ros2_self_driving_robot/build/robot_bringup
[3.737s] Level 1:colcon.colcon_core.environment:checking '/home/smr/ros2_self_driving_robot/install/robot_bringup' for CMake config files
[3.738s] Level 1:colcon.colcon_core.shell:create_environment_hook('robot_bringup', 'cmake_prefix_path')
[3.739s] INFO:colcon.colcon_core.shell:Creating environment hook '/home/smr/ros2_self_driving_robot/install/robot_bringup/share/robot_bringup/hook/cmake_prefix_path.ps1'
[3.741s] INFO:colcon.colcon_core.shell:Creating environment descriptor '/home/smr/ros2_self_driving_robot/install/robot_bringup/share/robot_bringup/hook/cmake_prefix_path.dsv'
[3.742s] INFO:colcon.colcon_core.shell:Creating environment hook '/home/smr/ros2_self_driving_robot/install/robot_bringup/share/robot_bringup/hook/cmake_prefix_path.sh'
[3.744s] Level 1:colcon.colcon_core.environment:checking '/home/smr/ros2_self_driving_robot/install/robot_bringup/bin'
[3.744s] Level 1:colcon.colcon_core.environment:checking '/home/smr/ros2_self_driving_robot/install/robot_bringup/lib/pkgconfig/robot_bringup.pc'
[3.745s] Level 1:colcon.colcon_core.environment:checking '/home/smr/ros2_self_driving_robot/install/robot_bringup/lib/python3.10/site-packages'
[3.746s] Level 1:colcon.colcon_core.environment:checking '/home/smr/ros2_self_driving_robot/install/robot_bringup/bin'
[3.747s] INFO:colcon.colcon_core.shell:Creating package script '/home/smr/ros2_self_driving_robot/install/robot_bringup/share/robot_bringup/package.ps1'
[3.749s] INFO:colcon.colcon_core.shell:Creating package descriptor '/home/smr/ros2_self_driving_robot/install/robot_bringup/share/robot_bringup/package.dsv'
[3.751s] INFO:colcon.colcon_core.shell:Creating package script '/home/smr/ros2_self_driving_robot/install/robot_bringup/share/robot_bringup/package.sh'
[3.753s] INFO:colcon.colcon_core.shell:Creating package script '/home/smr/ros2_self_driving_robot/install/robot_bringup/share/robot_bringup/package.bash'
[3.754s] INFO:colcon.colcon_core.shell:Creating package script '/home/smr/ros2_self_driving_robot/install/robot_bringup/share/robot_bringup/package.zsh'
[3.755s] Level 1:colcon.colcon_core.environment:create_file_with_runtime_dependencies(/home/smr/ros2_self_driving_robot/install/robot_bringup/share/colcon-core/packages/robot_bringup)
[3.816s] Level 1:colcon.colcon_core.environment:create_environment_scripts_only(robot_bringup)
[3.816s] Level 1:colcon.colcon_core.environment:checking '/home/smr/ros2_self_driving_robot/install/robot_bringup' for CMake module files
[3.817s] Level 1:colcon.colcon_core.environment:checking '/home/smr/ros2_self_driving_robot/install/robot_bringup' for CMake config files
[3.817s] Level 1:colcon.colcon_core.shell:create_environment_hook('robot_bringup', 'cmake_prefix_path')
[3.817s] INFO:colcon.colcon_core.shell:Creating environment hook '/home/smr/ros2_self_driving_robot/install/robot_bringup/share/robot_bringup/hook/cmake_prefix_path.ps1'
[3.818s] INFO:colcon.colcon_core.shell:Creating environment descriptor '/home/smr/ros2_self_driving_robot/install/robot_bringup/share/robot_bringup/hook/cmake_prefix_path.dsv'
[3.818s] INFO:colcon.colcon_core.shell:Creating environment hook '/home/smr/ros2_self_driving_robot/install/robot_bringup/share/robot_bringup/hook/cmake_prefix_path.sh'
[3.819s] Level 1:colcon.colcon_core.environment:checking '/home/smr/ros2_self_driving_robot/install/robot_bringup/bin'
[3.819s] Level 1:colcon.colcon_core.environment:checking '/home/smr/ros2_self_driving_robot/install/robot_bringup/lib/pkgconfig/robot_bringup.pc'
[3.820s] Level 1:colcon.colcon_core.environment:checking '/home/smr/ros2_self_driving_robot/install/robot_bringup/lib/python3.10/site-packages'
[3.820s] Level 1:colcon.colcon_core.environment:checking '/home/smr/ros2_self_driving_robot/install/robot_bringup/bin'
[3.820s] INFO:colcon.colcon_core.shell:Creating package script '/home/smr/ros2_self_driving_robot/install/robot_bringup/share/robot_bringup/package.ps1'
[3.821s] INFO:colcon.colcon_core.shell:Creating package descriptor '/home/smr/ros2_self_driving_robot/install/robot_bringup/share/robot_bringup/package.dsv'
[3.822s] INFO:colcon.colcon_core.shell:Creating package script '/home/smr/ros2_self_driving_robot/install/robot_bringup/share/robot_bringup/package.sh'
[3.822s] INFO:colcon.colcon_core.shell:Creating package script '/home/smr/ros2_self_driving_robot/install/robot_bringup/share/robot_bringup/package.bash'
[3.823s] INFO:colcon.colcon_core.shell:Creating package script '/home/smr/ros2_self_driving_robot/install/robot_bringup/share/robot_bringup/package.zsh'
[3.823s] Level 1:colcon.colcon_core.environment:create_file_with_runtime_dependencies(/home/smr/ros2_self_driving_robot/install/robot_bringup/share/colcon-core/packages/robot_bringup)
[3.824s] DEBUG:colcon.colcon_parallel_executor.executor.parallel:closing loop
[3.824s] DEBUG:colcon.colcon_parallel_executor.executor.parallel:loop closed
[3.824s] DEBUG:colcon.colcon_parallel_executor.executor.parallel:run_until_complete finished with '0'
[3.824s] DEBUG:colcon.colcon_core.event_reactor:joining thread
[3.851s] INFO:colcon.colcon_core.plugin_system:Skipping extension 'colcon_notification.desktop_notification.terminal_notifier': Not used on non-Darwin systems
[3.851s] INFO:colcon.colcon_core.plugin_system:Skipping extension 'colcon_notification.desktop_notification.win32': Not used on non-Windows systems
[3.852s] INFO:colcon.colcon_notification.desktop_notification:Sending desktop notification using 'notify2'
[3.913s] DEBUG:colcon.colcon_core.event_reactor:joined thread
[3.913s] INFO:colcon.colcon_core.shell:Creating prefix script '/home/smr/ros2_self_driving_robot/install/local_setup.ps1'
[3.915s] INFO:colcon.colcon_core.shell:Creating prefix util module '/home/smr/ros2_self_driving_robot/install/_local_setup_util_ps1.py'
[3.916s] INFO:colcon.colcon_core.shell:Creating prefix chain script '/home/smr/ros2_self_driving_robot/install/setup.ps1'
[3.918s] INFO:colcon.colcon_core.shell:Creating prefix script '/home/smr/ros2_self_driving_robot/install/local_setup.sh'
[3.919s] INFO:colcon.colcon_core.shell:Creating prefix util module '/home/smr/ros2_self_driving_robot/install/_local_setup_util_sh.py'
[3.919s] INFO:colcon.colcon_core.shell:Creating prefix chain script '/home/smr/ros2_self_driving_robot/install/setup.sh'
[3.921s] INFO:colcon.colcon_core.shell:Creating prefix script '/home/smr/ros2_self_driving_robot/install/local_setup.bash'
[3.921s] INFO:colcon.colcon_core.shell:Creating prefix chain script '/home/smr/ros2_self_driving_robot/install/setup.bash'
[3.922s] INFO:colcon.colcon_core.shell:Creating prefix script '/home/smr/ros2_self_driving_robot/install/local_setup.zsh'
[3.923s] INFO:colcon.colcon_core.shell:Creating prefix chain script '/home/smr/ros2_self_driving_robot/install/setup.zsh'
