[0.021s] Invoking command in '/home/smr/ros2_self_driving_robot/build/sllidar_ros2': CMAKE_PREFIX_PATH=${CMAKE_PREFIX_PATH}:/opt/ros/humble /usr/bin/cmake /home/smr/ros2_self_driving_robot/src/sllidar_ros2 -DAMENT_CMAKE_SYMLINK_INSTALL=1 -DCMAKE_INSTALL_PREFIX=/home/smr/ros2_self_driving_robot/install/sllidar_ros2
[0.066s] -- Found ament_cmake: 1.3.8 (/opt/ros/humble/share/ament_cmake/cmake)
[0.358s] -- Override CMake install command with custom implementation using symlinks instead of copying resources
[0.394s] -- Found rclcpp: 16.0.8 (/opt/ros/humble/share/rclcpp/cmake)
[0.439s] -- Found rosidl_generator_c: 3.1.5 (/opt/ros/humble/share/rosidl_generator_c/cmake)
[0.443s] -- Found rosidl_adapter: 3.1.5 (/opt/ros/humble/share/rosidl_adapter/cmake)
[0.451s] -- Found rosidl_generator_cpp: 3.1.5 (/opt/ros/humble/share/rosidl_generator_cpp/cmake)
[0.467s] -- Using all available rosidl_typesupport_c: rosidl_typesupport_fastrtps_c;rosidl_typesupport_introspection_c
[0.489s] -- Using all available rosidl_typesupport_cpp: rosidl_typesupport_fastrtps_cpp;rosidl_typesupport_introspection_cpp
[0.573s] -- Found rmw_implementation_cmake: 6.1.1 (/opt/ros/humble/share/rmw_implementation_cmake/cmake)
[0.576s] -- Found rmw_fastrtps_cpp: 6.2.6 (/opt/ros/humble/share/rmw_fastrtps_cpp/cmake)
[0.698s] -- Using RMW implementation 'rmw_fastrtps_cpp' as default
[0.933s] -- Found sensor_msgs: 4.2.3 (/opt/ros/humble/share/sensor_msgs/cmake)
[1.124s] -- Found std_srvs: 4.2.3 (/opt/ros/humble/share/std_srvs/cmake)
[1.286s] -- Configuring done
[1.313s] -- Generating done
[1.316s] -- Build files have been written to: /home/smr/ros2_self_driving_robot/build/sllidar_ros2
[1.333s] Invoked command in '/home/smr/ros2_self_driving_robot/build/sllidar_ros2' returned '0': CMAKE_PREFIX_PATH=${CMAKE_PREFIX_PATH}:/opt/ros/humble /usr/bin/cmake /home/smr/ros2_self_driving_robot/src/sllidar_ros2 -DAMENT_CMAKE_SYMLINK_INSTALL=1 -DCMAKE_INSTALL_PREFIX=/home/smr/ros2_self_driving_robot/install/sllidar_ros2
[1.341s] Invoking command in '/home/smr/ros2_self_driving_robot/build/sllidar_ros2': CMAKE_PREFIX_PATH=${CMAKE_PREFIX_PATH}:/opt/ros/humble /usr/bin/cmake --build /home/smr/ros2_self_driving_robot/build/sllidar_ros2 -- -j8 -l8
[1.440s] [35m[1mConsolidate compiler generated dependencies of target sllidar_client[0m
[1.482s] [35m[1mConsolidate compiler generated dependencies of target sllidar_node[0m
[1.484s] [  5%] [32m[1mLinking CXX executable sllidar_client[0m
[1.566s] [ 10%] [32m[1mLinking CXX executable sllidar_node[0m
[2.215s] [ 95%] Built target sllidar_node
[2.318s] [100%] Built target sllidar_client
[2.362s] Invoked command in '/home/smr/ros2_self_driving_robot/build/sllidar_ros2' returned '0': CMAKE_PREFIX_PATH=${CMAKE_PREFIX_PATH}:/opt/ros/humble /usr/bin/cmake --build /home/smr/ros2_self_driving_robot/build/sllidar_ros2 -- -j8 -l8
[2.596s] Invoking command in '/home/smr/ros2_self_driving_robot/build/sllidar_ros2': CMAKE_PREFIX_PATH=${CMAKE_PREFIX_PATH}:/opt/ros/humble /usr/bin/cmake --install /home/smr/ros2_self_driving_robot/build/sllidar_ros2
[2.621s] -- Install configuration: ""
[2.622s] -- Execute custom install script
[2.624s] -- Symlinking: /home/smr/ros2_self_driving_robot/install/sllidar_ros2/share/sllidar_ros2/launch/sllidar_a1_launch.py
[2.663s] -- Symlinking: /home/smr/ros2_self_driving_robot/install/sllidar_ros2/share/sllidar_ros2/launch/sllidar_a2m12_launch .py
[2.689s] -- Symlinking: /home/smr/ros2_self_driving_robot/install/sllidar_ros2/share/sllidar_ros2/launch/sllidar_a2m7_launch.py
[2.716s] -- Symlinking: /home/smr/ros2_self_driving_robot/install/sllidar_ros2/share/sllidar_ros2/launch/sllidar_a2m8_launch.py
[2.744s] -- Symlinking: /home/smr/ros2_self_driving_robot/install/sllidar_ros2/share/sllidar_ros2/launch/sllidar_a3_launch.py
[2.781s] -- Symlinking: /home/smr/ros2_self_driving_robot/install/sllidar_ros2/share/sllidar_ros2/launch/sllidar_c1_launch.py
[2.808s] -- Symlinking: /home/smr/ros2_self_driving_robot/install/sllidar_ros2/share/sllidar_ros2/launch/sllidar_s1_launch.py
[2.848s] -- Symlinking: /home/smr/ros2_self_driving_robot/install/sllidar_ros2/share/sllidar_ros2/launch/sllidar_s1_tcp_launch.py
[2.885s] -- Symlinking: /home/smr/ros2_self_driving_robot/install/sllidar_ros2/share/sllidar_ros2/launch/sllidar_s2_launch.py
[2.913s] -- Symlinking: /home/smr/ros2_self_driving_robot/install/sllidar_ros2/share/sllidar_ros2/launch/sllidar_s2e_launch.py
[2.954s] -- Symlinking: /home/smr/ros2_self_driving_robot/install/sllidar_ros2/share/sllidar_ros2/launch/sllidar_s3_launch.py
[2.987s] -- Symlinking: /home/smr/ros2_self_driving_robot/install/sllidar_ros2/share/sllidar_ros2/launch/sllidar_t1_launch.py
[3.018s] -- Symlinking: /home/smr/ros2_self_driving_robot/install/sllidar_ros2/share/sllidar_ros2/launch/view_sllidar_a1_launch.py
[3.045s] -- Symlinking: /home/smr/ros2_self_driving_robot/install/sllidar_ros2/share/sllidar_ros2/launch/view_sllidar_a2m12_launch.py
[3.076s] -- Symlinking: /home/smr/ros2_self_driving_robot/install/sllidar_ros2/share/sllidar_ros2/launch/view_sllidar_a2m7_launch.py
[3.094s] -- Symlinking: /home/smr/ros2_self_driving_robot/install/sllidar_ros2/share/sllidar_ros2/launch/view_sllidar_a2m8_launch.py
[3.122s] -- Symlinking: /home/smr/ros2_self_driving_robot/install/sllidar_ros2/share/sllidar_ros2/launch/view_sllidar_a3_launch.py
[3.157s] -- Symlinking: /home/smr/ros2_self_driving_robot/install/sllidar_ros2/share/sllidar_ros2/launch/view_sllidar_c1_launch.py
[3.176s] -- Symlinking: /home/smr/ros2_self_driving_robot/install/sllidar_ros2/share/sllidar_ros2/launch/view_sllidar_s1_launch.py
[3.205s] -- Symlinking: /home/smr/ros2_self_driving_robot/install/sllidar_ros2/share/sllidar_ros2/launch/view_sllidar_s1_tcp_launch.py
[3.234s] -- Symlinking: /home/smr/ros2_self_driving_robot/install/sllidar_ros2/share/sllidar_ros2/launch/view_sllidar_s2_launch.py
[3.266s] -- Symlinking: /home/smr/ros2_self_driving_robot/install/sllidar_ros2/share/sllidar_ros2/launch/view_sllidar_s2e_launch.py
[3.299s] -- Symlinking: /home/smr/ros2_self_driving_robot/install/sllidar_ros2/share/sllidar_ros2/launch/view_sllidar_s3_launch.py
[3.328s] -- Symlinking: /home/smr/ros2_self_driving_robot/install/sllidar_ros2/share/sllidar_ros2/launch/view_sllidar_t1_launch.py
[3.358s] -- Symlinking: /home/smr/ros2_self_driving_robot/install/sllidar_ros2/share/sllidar_ros2/rviz/sllidar_ros2.rviz
[3.392s] -- Symlinking: /home/smr/ros2_self_driving_robot/install/sllidar_ros2/lib/sllidar_ros2/sllidar_node
[3.421s] -- Symlinking: /home/smr/ros2_self_driving_robot/install/sllidar_ros2/lib/sllidar_ros2/sllidar_client
[3.458s] -- Symlinking: /home/smr/ros2_self_driving_robot/install/sllidar_ros2/share/ament_index/resource_index/package_run_dependencies/sllidar_ros2
[3.487s] -- Symlinking: /home/smr/ros2_self_driving_robot/install/sllidar_ros2/share/ament_index/resource_index/parent_prefix_path/sllidar_ros2
[3.517s] -- Symlinking: /home/smr/ros2_self_driving_robot/install/sllidar_ros2/share/sllidar_ros2/environment/ament_prefix_path.sh
[3.552s] -- Symlinking: /home/smr/ros2_self_driving_robot/install/sllidar_ros2/share/sllidar_ros2/environment/ament_prefix_path.dsv
[3.584s] -- Symlinking: /home/smr/ros2_self_driving_robot/install/sllidar_ros2/share/sllidar_ros2/environment/path.sh
[3.612s] -- Symlinking: /home/smr/ros2_self_driving_robot/install/sllidar_ros2/share/sllidar_ros2/environment/path.dsv
[3.645s] -- Symlinking: /home/smr/ros2_self_driving_robot/install/sllidar_ros2/share/sllidar_ros2/local_setup.bash
[3.683s] -- Symlinking: /home/smr/ros2_self_driving_robot/install/sllidar_ros2/share/sllidar_ros2/local_setup.sh
[3.711s] -- Symlinking: /home/smr/ros2_self_driving_robot/install/sllidar_ros2/share/sllidar_ros2/local_setup.zsh
[3.741s] -- Symlinking: /home/smr/ros2_self_driving_robot/install/sllidar_ros2/share/sllidar_ros2/local_setup.dsv
[3.772s] -- Symlinking: /home/smr/ros2_self_driving_robot/install/sllidar_ros2/share/sllidar_ros2/package.dsv
[3.803s] -- Symlinking: /home/smr/ros2_self_driving_robot/install/sllidar_ros2/share/ament_index/resource_index/packages/sllidar_ros2
[3.832s] -- Symlinking: /home/smr/ros2_self_driving_robot/install/sllidar_ros2/share/sllidar_ros2/cmake/ament_cmake_export_dependencies-extras.cmake
[3.871s] -- Symlinking: /home/smr/ros2_self_driving_robot/install/sllidar_ros2/share/sllidar_ros2/cmake/ament_cmake_export_include_directories-extras.cmake
[3.899s] -- Symlinking: /home/smr/ros2_self_driving_robot/install/sllidar_ros2/share/sllidar_ros2/cmake/sllidar_ros2Config.cmake
[3.929s] -- Symlinking: /home/smr/ros2_self_driving_robot/install/sllidar_ros2/share/sllidar_ros2/cmake/sllidar_ros2Config-version.cmake
[3.944s] -- Symlinking: /home/smr/ros2_self_driving_robot/install/sllidar_ros2/share/sllidar_ros2/package.xml
[3.986s] Invoked command in '/home/smr/ros2_self_driving_robot/build/sllidar_ros2' returned '0': CMAKE_PREFIX_PATH=${CMAKE_PREFIX_PATH}:/opt/ros/humble /usr/bin/cmake --install /home/smr/ros2_self_driving_robot/build/sllidar_ros2
