[0.048s] Invoking command in '/home/smr/ros2_self_driving_robot/src/build/robot_description': CMAKE_PREFIX_PATH=/opt/ros/humble /usr/bin/cmake /home/smr/ros2_self_driving_robot/src/robot_description -DCMAKE_INSTALL_PREFIX=/home/smr/ros2_self_driving_robot/src/install/robot_description
[0.148s] -- Found ament_cmake: 1.3.8 (/opt/ros/humble/share/ament_cmake/cmake)
[0.474s] -- Override CMake install command with custom implementation using symlinks instead of copying resources
[0.585s] -- Found urdf: 2.6.0 (/opt/ros/humble/share/urdf/cmake)
[0.687s] -- Found TinyXML2 via Config file: /usr/local/lib/cmake/tinyxml2
[0.710s] -- Found ament_lint_auto: 0.12.10 (/opt/ros/humble/share/ament_lint_auto/cmake)
[0.908s] -- Added test 'cppcheck' to perform static code analysis on C / C++ code
[0.909s] -- Configured cppcheck include dirs: 
[0.909s] -- Configured cppcheck exclude dirs and/or files: 
[0.911s] -- Added test 'flake8' to check Python code syntax and style conventions
[0.914s] -- Added test 'lint_cmake' to check CMake code style
[0.916s] -- Added test 'pep257' to check Python code against some of the docstring style conventions in PEP 257
[0.928s] -- Added test 'uncrustify' to check C / C++ code style
[0.928s] -- Configured uncrustify additional arguments: 
[0.935s] -- Added test 'xmllint' to check XML markup files
[0.941s] -- Configuring done
[0.953s] -- Generating done
[0.956s] -- Build files have been written to: /home/smr/ros2_self_driving_robot/src/build/robot_description
[0.963s] Invoked command in '/home/smr/ros2_self_driving_robot/src/build/robot_description' returned '0': CMAKE_PREFIX_PATH=/opt/ros/humble /usr/bin/cmake /home/smr/ros2_self_driving_robot/src/robot_description -DCMAKE_INSTALL_PREFIX=/home/smr/ros2_self_driving_robot/src/install/robot_description
[0.974s] Invoking command in '/home/smr/ros2_self_driving_robot/src/build/robot_description': CMAKE_PREFIX_PATH=/opt/ros/humble /usr/bin/cmake --build /home/smr/ros2_self_driving_robot/src/build/robot_description -- -j8 -l8
[1.028s] Invoked command in '/home/smr/ros2_self_driving_robot/src/build/robot_description' returned '0': CMAKE_PREFIX_PATH=/opt/ros/humble /usr/bin/cmake --build /home/smr/ros2_self_driving_robot/src/build/robot_description -- -j8 -l8
[1.108s] Invoking command in '/home/smr/ros2_self_driving_robot/src/build/robot_description': CMAKE_PREFIX_PATH=/opt/ros/humble /usr/bin/cmake --install /home/smr/ros2_self_driving_robot/src/build/robot_description
[1.118s] -- Install configuration: ""
[1.121s] -- Execute custom install script
[1.121s] -- Up-to-date symlink: /home/smr/ros2_self_driving_robot/src/install/robot_description/share/robot_description/launch/display.launch.py
[1.123s] -- Up-to-date symlink: /home/smr/ros2_self_driving_robot/src/install/robot_description/share/robot_description/urdf/bb_bot.urdf.xacro
[1.126s] -- Up-to-date symlink: /home/smr/ros2_self_driving_robot/src/install/robot_description/share/robot_description/rviz/display.rviz
[1.128s] -- Up-to-date symlink: /home/smr/ros2_self_driving_robot/src/install/robot_description/share/ament_index/resource_index/package_run_dependencies/robot_description
[1.133s] -- Up-to-date symlink: /home/smr/ros2_self_driving_robot/src/install/robot_description/share/ament_index/resource_index/parent_prefix_path/robot_description
[1.134s] -- Up-to-date symlink: /home/smr/ros2_self_driving_robot/src/install/robot_description/share/robot_description/environment/ament_prefix_path.sh
[1.137s] -- Up-to-date symlink: /home/smr/ros2_self_driving_robot/src/install/robot_description/share/robot_description/environment/ament_prefix_path.dsv
[1.137s] -- Up-to-date symlink: /home/smr/ros2_self_driving_robot/src/install/robot_description/share/robot_description/environment/path.sh
[1.138s] -- Up-to-date symlink: /home/smr/ros2_self_driving_robot/src/install/robot_description/share/robot_description/environment/path.dsv
[1.142s] -- Up-to-date symlink: /home/smr/ros2_self_driving_robot/src/install/robot_description/share/robot_description/local_setup.bash
[1.142s] -- Up-to-date symlink: /home/smr/ros2_self_driving_robot/src/install/robot_description/share/robot_description/local_setup.sh
[1.142s] -- Up-to-date symlink: /home/smr/ros2_self_driving_robot/src/install/robot_description/share/robot_description/local_setup.zsh
[1.142s] -- Up-to-date symlink: /home/smr/ros2_self_driving_robot/src/install/robot_description/share/robot_description/local_setup.dsv
[1.142s] -- Symlinking: /home/smr/ros2_self_driving_robot/src/install/robot_description/share/robot_description/package.dsv
[1.160s] -- Up-to-date symlink: /home/smr/ros2_self_driving_robot/src/install/robot_description/share/ament_index/resource_index/packages/robot_description
[1.162s] -- Up-to-date symlink: /home/smr/ros2_self_driving_robot/src/install/robot_description/share/robot_description/cmake/robot_descriptionConfig.cmake
[1.163s] -- Up-to-date symlink: /home/smr/ros2_self_driving_robot/src/install/robot_description/share/robot_description/cmake/robot_descriptionConfig-version.cmake
[1.165s] -- Up-to-date symlink: /home/smr/ros2_self_driving_robot/src/install/robot_description/share/robot_description/package.xml
[1.174s] Invoked command in '/home/smr/ros2_self_driving_robot/src/build/robot_description' returned '0': CMAKE_PREFIX_PATH=/opt/ros/humble /usr/bin/cmake --install /home/smr/ros2_self_driving_robot/src/build/robot_description
