[0.024s] Invoking command in '/home/smr/ros2_self_driving_robot/build/robot_description': CMAKE_PREFIX_PATH=${CMAKE_PREFIX_PATH}:/opt/ros/humble /usr/bin/cmake --build /home/smr/ros2_self_driving_robot/build/robot_description -- -j8 -l8
[0.111s] Invoked command in '/home/smr/ros2_self_driving_robot/build/robot_description' returned '0': CMAKE_PREFIX_PATH=${CMAKE_PREFIX_PATH}:/opt/ros/humble /usr/bin/cmake --build /home/smr/ros2_self_driving_robot/build/robot_description -- -j8 -l8
[0.175s] Invoking command in '/home/smr/ros2_self_driving_robot/build/robot_description': CMAKE_PREFIX_PATH=${CMAKE_PREFIX_PATH}:/opt/ros/humble /usr/bin/cmake --install /home/smr/ros2_self_driving_robot/build/robot_description
[0.185s] -- Install configuration: ""
[0.185s] -- Execute custom install script
[0.186s] -- Up-to-date symlink: /home/smr/ros2_self_driving_robot/install/robot_description/share/robot_description/launch/display.launch.py
[0.186s] -- Up-to-date symlink: /home/smr/ros2_self_driving_robot/install/robot_description/share/robot_description/urdf/bb_bot.urdf.xacro
[0.186s] -- Up-to-date symlink: /home/smr/ros2_self_driving_robot/install/robot_description/share/robot_description/rviz/display.rviz
[0.187s] -- Up-to-date symlink: /home/smr/ros2_self_driving_robot/install/robot_description/share/ament_index/resource_index/package_run_dependencies/robot_description
[0.187s] -- Up-to-date symlink: /home/smr/ros2_self_driving_robot/install/robot_description/share/ament_index/resource_index/parent_prefix_path/robot_description
[0.187s] -- Up-to-date symlink: /home/smr/ros2_self_driving_robot/install/robot_description/share/robot_description/environment/ament_prefix_path.sh
[0.187s] -- Up-to-date symlink: /home/smr/ros2_self_driving_robot/install/robot_description/share/robot_description/environment/ament_prefix_path.dsv
[0.187s] -- Up-to-date symlink: /home/smr/ros2_self_driving_robot/install/robot_description/share/robot_description/environment/path.sh
[0.188s] -- Up-to-date symlink: /home/smr/ros2_self_driving_robot/install/robot_description/share/robot_description/environment/path.dsv
[0.188s] -- Up-to-date symlink: /home/smr/ros2_self_driving_robot/install/robot_description/share/robot_description/local_setup.bash
[0.188s] -- Up-to-date symlink: /home/smr/ros2_self_driving_robot/install/robot_description/share/robot_description/local_setup.sh
[0.188s] -- Up-to-date symlink: /home/smr/ros2_self_driving_robot/install/robot_description/share/robot_description/local_setup.zsh
[0.188s] -- Up-to-date symlink: /home/smr/ros2_self_driving_robot/install/robot_description/share/robot_description/local_setup.dsv
[0.188s] -- Symlinking: /home/smr/ros2_self_driving_robot/install/robot_description/share/robot_description/package.dsv
[0.215s] -- Up-to-date symlink: /home/smr/ros2_self_driving_robot/install/robot_description/share/ament_index/resource_index/packages/robot_description
[0.216s] -- Up-to-date symlink: /home/smr/ros2_self_driving_robot/install/robot_description/share/robot_description/cmake/robot_descriptionConfig.cmake
[0.216s] -- Up-to-date symlink: /home/smr/ros2_self_driving_robot/install/robot_description/share/robot_description/cmake/robot_descriptionConfig-version.cmake
[0.217s] -- Up-to-date symlink: /home/smr/ros2_self_driving_robot/install/robot_description/share/robot_description/package.xml
[0.219s] Invoked command in '/home/smr/ros2_self_driving_robot/build/robot_description' returned '0': CMAKE_PREFIX_PATH=${CMAKE_PREFIX_PATH}:/opt/ros/humble /usr/bin/cmake --install /home/smr/ros2_self_driving_robot/build/robot_description
