[0.067s] Invoking command in '/home/smr/ros2_self_driving_robot/build/micro_ros_setup': CMAKE_PREFIX_PATH=${CMAKE_PREFIX_PATH}:/home/smr/ros2_self_driving_robot/install/python_pkg /usr/bin/cmake --build /home/smr/ros2_self_driving_robot/build/micro_ros_setup -- -j8 -l8
[0.698s] Invoked command in '/home/smr/ros2_self_driving_robot/build/micro_ros_setup' returned '0': CMAKE_PREFIX_PATH=${CMAKE_PREFIX_PATH}:/home/smr/ros2_self_driving_robot/install/python_pkg /usr/bin/cmake --build /home/smr/ros2_self_driving_robot/build/micro_ros_setup -- -j8 -l8
[0.856s] Invoking command in '/home/smr/ros2_self_driving_robot/build/micro_ros_setup': CMAKE_PREFIX_PATH=${CMAKE_PREFIX_PATH}:/home/smr/ros2_self_driving_robot/install/python_pkg /usr/bin/cmake --install /home/smr/ros2_self_driving_robot/build/micro_ros_setup
[0.890s] -- Install configuration: ""
[0.890s] -- Up-to-date: /home/smr/ros2_self_driving_robot/install/micro_ros_setup/share/ament_index/resource_index/package_run_dependencies/micro_ros_setup
[0.890s] -- Up-to-date: /home/smr/ros2_self_driving_robot/install/micro_ros_setup/share/ament_index/resource_index/parent_prefix_path/micro_ros_setup
[0.891s] -- Up-to-date: /home/smr/ros2_self_driving_robot/install/micro_ros_setup/share/micro_ros_setup/environment/ament_prefix_path.sh
[0.891s] -- Up-to-date: /home/smr/ros2_self_driving_robot/install/micro_ros_setup/share/micro_ros_setup/environment/ament_prefix_path.dsv
[0.892s] -- Up-to-date: /home/smr/ros2_self_driving_robot/install/micro_ros_setup/share/micro_ros_setup/environment/path.sh
[0.893s] -- Up-to-date: /home/smr/ros2_self_driving_robot/install/micro_ros_setup/share/micro_ros_setup/environment/path.dsv
[0.893s] -- Up-to-date: /home/smr/ros2_self_driving_robot/install/micro_ros_setup/share/micro_ros_setup/local_setup.bash
[0.894s] -- Up-to-date: /home/smr/ros2_self_driving_robot/install/micro_ros_setup/share/micro_ros_setup/local_setup.sh
[0.894s] -- Up-to-date: /home/smr/ros2_self_driving_robot/install/micro_ros_setup/share/micro_ros_setup/local_setup.zsh
[0.894s] -- Up-to-date: /home/smr/ros2_self_driving_robot/install/micro_ros_setup/share/micro_ros_setup/local_setup.dsv
[0.894s] -- Installing: /home/smr/ros2_self_driving_robot/install/micro_ros_setup/share/micro_ros_setup/package.dsv
[0.895s] -- Up-to-date: /home/smr/ros2_self_driving_robot/install/micro_ros_setup/share/ament_index/resource_index/packages/micro_ros_setup
[0.895s] -- Up-to-date: /home/smr/ros2_self_driving_robot/install/micro_ros_setup/share/micro_ros_setup/cmake/micro_ros_setupConfig.cmake
[0.895s] -- Up-to-date: /home/smr/ros2_self_driving_robot/install/micro_ros_setup/share/micro_ros_setup/cmake/micro_ros_setupConfig-version.cmake
[0.895s] -- Up-to-date: /home/smr/ros2_self_driving_robot/install/micro_ros_setup/share/micro_ros_setup/package.xml
[0.895s] -- Up-to-date: /home/smr/ros2_self_driving_robot/install/micro_ros_setup/./config
[0.895s] -- Up-to-date: /home/smr/ros2_self_driving_robot/install/micro_ros_setup/./config/mbed
[0.895s] -- Up-to-date: /home/smr/ros2_self_driving_robot/install/micro_ros_setup/./config/mbed/list_apps.sh
[0.896s] -- Up-to-date: /home/smr/ros2_self_driving_robot/install/micro_ros_setup/./config/mbed/generic
[0.896s] -- Up-to-date: /home/smr/ros2_self_driving_robot/install/micro_ros_setup/./config/mbed/generic/package.xml
[0.896s] -- Up-to-date: /home/smr/ros2_self_driving_robot/install/micro_ros_setup/./config/mbed/generic/create.sh
[0.896s] -- Up-to-date: /home/smr/ros2_self_driving_robot/install/micro_ros_setup/./config/mbed/generic/build.sh
[0.896s] -- Up-to-date: /home/smr/ros2_self_driving_robot/install/micro_ros_setup/./config/mbed/generic/flash.sh
[0.896s] -- Up-to-date: /home/smr/ros2_self_driving_robot/install/micro_ros_setup/./config/mbed/generic/supported_platforms
[0.896s] -- Up-to-date: /home/smr/ros2_self_driving_robot/install/micro_ros_setup/./config/mbed/generic/board.repos
[0.896s] -- Up-to-date: /home/smr/ros2_self_driving_robot/install/micro_ros_setup/./config/mbed/generic/client_uros_packages.repos
[0.896s] -- Up-to-date: /home/smr/ros2_self_driving_robot/install/micro_ros_setup/./config/mbed/dev_uros_packages.repos
[0.897s] -- Up-to-date: /home/smr/ros2_self_driving_robot/install/micro_ros_setup/./config/mbed/dev_ros2_packages.txt
[0.897s] -- Up-to-date: /home/smr/ros2_self_driving_robot/install/micro_ros_setup/./config/utils.sh
[0.897s] -- Up-to-date: /home/smr/ros2_self_driving_robot/install/micro_ros_setup/./config/agent_uros_packages.repos
[0.897s] -- Up-to-date: /home/smr/ros2_self_driving_robot/install/micro_ros_setup/./config/renesas_ra
[0.897s] -- Up-to-date: /home/smr/ros2_self_driving_robot/install/micro_ros_setup/./config/renesas_ra/list_apps.sh
[0.897s] -- Up-to-date: /home/smr/ros2_self_driving_robot/install/micro_ros_setup/./config/renesas_ra/dev_uros_packages.repos
[0.897s] -- Up-to-date: /home/smr/ros2_self_driving_robot/install/micro_ros_setup/./config/renesas_ra/ra6m5
[0.897s] -- Up-to-date: /home/smr/ros2_self_driving_robot/install/micro_ros_setup/./config/renesas_ra/ra6m5/client-colcon.meta
[0.897s] -- Up-to-date: /home/smr/ros2_self_driving_robot/install/micro_ros_setup/./config/renesas_ra/ra6m5/create.sh
[0.898s] -- Up-to-date: /home/smr/ros2_self_driving_robot/install/micro_ros_setup/./config/renesas_ra/ra6m5/build.sh
[0.898s] -- Up-to-date: /home/smr/ros2_self_driving_robot/install/micro_ros_setup/./config/renesas_ra/ra6m5/flash.sh
[0.898s] -- Up-to-date: /home/smr/ros2_self_driving_robot/install/micro_ros_setup/./config/renesas_ra/ra6m5/configure.sh
[0.898s] -- Up-to-date: /home/smr/ros2_self_driving_robot/install/micro_ros_setup/./config/renesas_ra/ra6m5/board.repos
[0.898s] -- Up-to-date: /home/smr/ros2_self_driving_robot/install/micro_ros_setup/./config/renesas_ra/ra6m5/client_uros_packages.repos
[0.898s] -- Up-to-date: /home/smr/ros2_self_driving_robot/install/micro_ros_setup/./config/renesas_ra/dev_ros2_packages.txt
[0.898s] -- Up-to-date: /home/smr/ros2_self_driving_robot/install/micro_ros_setup/./config/client_ros2_packages.txt
[0.899s] -- Up-to-date: /home/smr/ros2_self_driving_robot/install/micro_ros_setup/./config/android
[0.899s] -- Up-to-date: /home/smr/ros2_self_driving_robot/install/micro_ros_setup/./config/android/generic
[0.899s] -- Up-to-date: /home/smr/ros2_self_driving_robot/install/micro_ros_setup/./config/android/generic/package.xml
[0.899s] -- Up-to-date: /home/smr/ros2_self_driving_robot/install/micro_ros_setup/./config/android/generic/client-colcon.meta
[0.899s] -- Up-to-date: /home/smr/ros2_self_driving_robot/install/micro_ros_setup/./config/android/generic/create.sh
[0.899s] -- Up-to-date: /home/smr/ros2_self_driving_robot/install/micro_ros_setup/./config/android/generic/build.sh
[0.899s] -- Up-to-date: /home/smr/ros2_self_driving_robot/install/micro_ros_setup/./config/android/generic/flash.sh
[0.900s] -- Up-to-date: /home/smr/ros2_self_driving_robot/install/micro_ros_setup/./config/android/generic/client_uros_packages.repos
[0.900s] -- Up-to-date: /home/smr/ros2_self_driving_robot/install/micro_ros_setup/./config/android/dev_uros_packages.repos
[0.900s] -- Up-to-date: /home/smr/ros2_self_driving_robot/install/micro_ros_setup/./config/android/dev_ros2_packages.txt
[0.900s] -- Up-to-date: /home/smr/ros2_self_driving_robot/install/micro_ros_setup/./config/zephyr
[0.900s] -- Up-to-date: /home/smr/ros2_self_driving_robot/install/micro_ros_setup/./config/zephyr/list_apps.sh
[0.900s] -- Up-to-date: /home/smr/ros2_self_driving_robot/install/micro_ros_setup/./config/zephyr/generic
[0.900s] -- Up-to-date: /home/smr/ros2_self_driving_robot/install/micro_ros_setup/./config/zephyr/generic/package.xml
[0.901s] -- Up-to-date: /home/smr/ros2_self_driving_robot/install/micro_ros_setup/./config/zephyr/generic/client-colcon.meta
[0.901s] -- Up-to-date: /home/smr/ros2_self_driving_robot/install/micro_ros_setup/./config/zephyr/generic/create.sh
[0.901s] -- Up-to-date: /home/smr/ros2_self_driving_robot/install/micro_ros_setup/./config/zephyr/generic/build.sh
[0.901s] -- Up-to-date: /home/smr/ros2_self_driving_robot/install/micro_ros_setup/./config/zephyr/generic/flash.sh
[0.901s] -- Up-to-date: /home/smr/ros2_self_driving_robot/install/micro_ros_setup/./config/zephyr/generic/configure.sh
[0.901s] -- Up-to-date: /home/smr/ros2_self_driving_robot/install/micro_ros_setup/./config/zephyr/generic/supported_platforms
[0.901s] -- Up-to-date: /home/smr/ros2_self_driving_robot/install/micro_ros_setup/./config/zephyr/generic/board.repos
[0.901s] -- Up-to-date: /home/smr/ros2_self_driving_robot/install/micro_ros_setup/./config/zephyr/generic/client_uros_packages.repos
[0.902s] -- Up-to-date: /home/smr/ros2_self_driving_robot/install/micro_ros_setup/./config/zephyr/dev_uros_packages.repos
[0.902s] -- Up-to-date: /home/smr/ros2_self_driving_robot/install/micro_ros_setup/./config/zephyr/dev_ros2_packages.txt
[0.902s] -- Up-to-date: /home/smr/ros2_self_driving_robot/install/micro_ros_setup/./config/agent_ros2_packages.txt
[0.902s] -- Up-to-date: /home/smr/ros2_self_driving_robot/install/micro_ros_setup/./config/raspbian
[0.902s] -- Up-to-date: /home/smr/ros2_self_driving_robot/install/micro_ros_setup/./config/raspbian/generic
[0.904s] -- Up-to-date: /home/smr/ros2_self_driving_robot/install/micro_ros_setup/./config/raspbian/generic/client-colcon.meta
[0.904s] -- Up-to-date: /home/smr/ros2_self_driving_robot/install/micro_ros_setup/./config/raspbian/generic/create.sh
[0.904s] -- Up-to-date: /home/smr/ros2_self_driving_robot/install/micro_ros_setup/./config/raspbian/generic/build.sh
[0.910s] -- Up-to-date: /home/smr/ros2_self_driving_robot/install/micro_ros_setup/./config/raspbian/generic/flash.sh
[0.910s] -- Up-to-date: /home/smr/ros2_self_driving_robot/install/micro_ros_setup/./config/raspbian/generic/configure.sh
[0.911s] -- Up-to-date: /home/smr/ros2_self_driving_robot/install/micro_ros_setup/./config/raspbian/generic/supported_platforms
[0.911s] -- Up-to-date: /home/smr/ros2_self_driving_robot/install/micro_ros_setup/./config/raspbian/generic/client_uros_packages.repos
[0.911s] -- Up-to-date: /home/smr/ros2_self_driving_robot/install/micro_ros_setup/./config/raspbian/dev_uros_packages.repos
[0.911s] -- Up-to-date: /home/smr/ros2_self_driving_robot/install/micro_ros_setup/./config/raspbian/dev_ros2_packages.txt
[0.911s] -- Up-to-date: /home/smr/ros2_self_driving_robot/install/micro_ros_setup/./config/host
[0.911s] -- Up-to-date: /home/smr/ros2_self_driving_robot/install/micro_ros_setup/./config/host/client_ros2_packages.txt
[0.911s] -- Up-to-date: /home/smr/ros2_self_driving_robot/install/micro_ros_setup/./config/host/generic
[0.912s] -- Up-to-date: /home/smr/ros2_self_driving_robot/install/micro_ros_setup/./config/host/generic/package.xml
[0.912s] -- Up-to-date: /home/smr/ros2_self_driving_robot/install/micro_ros_setup/./config/host/generic/create.sh
[0.912s] -- Up-to-date: /home/smr/ros2_self_driving_robot/install/micro_ros_setup/./config/host/generic/client_host_packages.repos
[0.912s] -- Up-to-date: /home/smr/ros2_self_driving_robot/install/micro_ros_setup/./config/host/generic/build.sh
[0.912s] -- Up-to-date: /home/smr/ros2_self_driving_robot/install/micro_ros_setup/./config/host/generic/flash.sh
[0.912s] -- Up-to-date: /home/smr/ros2_self_driving_robot/install/micro_ros_setup/./config/host/generic/client-host-colcon.meta
[0.912s] -- Up-to-date: /home/smr/ros2_self_driving_robot/install/micro_ros_setup/./config/host/dev_uros_packages.repos
[0.912s] -- Up-to-date: /home/smr/ros2_self_driving_robot/install/micro_ros_setup/./config/host/dev_ros2_packages.txt
[0.913s] -- Up-to-date: /home/smr/ros2_self_driving_robot/install/micro_ros_setup/./config/freertos
[0.913s] -- Up-to-date: /home/smr/ros2_self_driving_robot/install/micro_ros_setup/./config/freertos/nucleo_f446re
[0.929s] -- Up-to-date: /home/smr/ros2_self_driving_robot/install/micro_ros_setup/./config/freertos/nucleo_f446re/package.xml
[0.929s] -- Up-to-date: /home/smr/ros2_self_driving_robot/install/micro_ros_setup/./config/freertos/nucleo_f446re/client-colcon.meta
[0.929s] -- Up-to-date: /home/smr/ros2_self_driving_robot/install/micro_ros_setup/./config/freertos/nucleo_f446re/create.sh
[0.929s] -- Up-to-date: /home/smr/ros2_self_driving_robot/install/micro_ros_setup/./config/freertos/nucleo_f446re/build.sh
[0.929s] -- Up-to-date: /home/smr/ros2_self_driving_robot/install/micro_ros_setup/./config/freertos/nucleo_f446re/flash.sh
[0.929s] -- Up-to-date: /home/smr/ros2_self_driving_robot/install/micro_ros_setup/./config/freertos/nucleo_f446re/configure.sh
[0.929s] -- Up-to-date: /home/smr/ros2_self_driving_robot/install/micro_ros_setup/./config/freertos/nucleo_f446re/board.repos
[0.930s] -- Up-to-date: /home/smr/ros2_self_driving_robot/install/micro_ros_setup/./config/freertos/nucleo_f446re/client_uros_packages.repos
[0.930s] -- Up-to-date: /home/smr/ros2_self_driving_robot/install/micro_ros_setup/./config/freertos/crazyflie21
[0.930s] -- Up-to-date: /home/smr/ros2_self_driving_robot/install/micro_ros_setup/./config/freertos/crazyflie21/package.xml
[0.930s] -- Up-to-date: /home/smr/ros2_self_driving_robot/install/micro_ros_setup/./config/freertos/crazyflie21/client-colcon.meta
[0.930s] -- Up-to-date: /home/smr/ros2_self_driving_robot/install/micro_ros_setup/./config/freertos/crazyflie21/create.sh
[0.930s] -- Up-to-date: /home/smr/ros2_self_driving_robot/install/micro_ros_setup/./config/freertos/crazyflie21/build.sh
[0.930s] -- Up-to-date: /home/smr/ros2_self_driving_robot/install/micro_ros_setup/./config/freertos/crazyflie21/flash.sh
[0.930s] -- Up-to-date: /home/smr/ros2_self_driving_robot/install/micro_ros_setup/./config/freertos/crazyflie21/configure.sh
[0.933s] -- Up-to-date: /home/smr/ros2_self_driving_robot/install/micro_ros_setup/./config/freertos/crazyflie21/board.repos
[0.934s] -- Up-to-date: /home/smr/ros2_self_driving_robot/install/micro_ros_setup/./config/freertos/crazyflie21/client_uros_packages.repos
[0.934s] -- Up-to-date: /home/smr/ros2_self_driving_robot/install/micro_ros_setup/./config/freertos/list_apps.sh
[0.934s] -- Up-to-date: /home/smr/ros2_self_driving_robot/install/micro_ros_setup/./config/freertos/nucleo_f746zg
[0.934s] -- Up-to-date: /home/smr/ros2_self_driving_robot/install/micro_ros_setup/./config/freertos/nucleo_f746zg/package.xml
[0.934s] -- Up-to-date: /home/smr/ros2_self_driving_robot/install/micro_ros_setup/./config/freertos/nucleo_f746zg/client-colcon.meta
[0.934s] -- Up-to-date: /home/smr/ros2_self_driving_robot/install/micro_ros_setup/./config/freertos/nucleo_f746zg/create.sh
[0.934s] -- Up-to-date: /home/smr/ros2_self_driving_robot/install/micro_ros_setup/./config/freertos/nucleo_f746zg/build.sh
[0.934s] -- Up-to-date: /home/smr/ros2_self_driving_robot/install/micro_ros_setup/./config/freertos/nucleo_f746zg/flash.sh
[0.934s] -- Up-to-date: /home/smr/ros2_self_driving_robot/install/micro_ros_setup/./config/freertos/nucleo_f746zg/configure.sh
[0.934s] -- Up-to-date: /home/smr/ros2_self_driving_robot/install/micro_ros_setup/./config/freertos/nucleo_f746zg/board.repos
[0.935s] -- Up-to-date: /home/smr/ros2_self_driving_robot/install/micro_ros_setup/./config/freertos/nucleo_f746zg/client_uros_packages.repos
[0.935s] -- Up-to-date: /home/smr/ros2_self_driving_robot/install/micro_ros_setup/./config/freertos/nucleo_f446ze
[0.935s] -- Up-to-date: /home/smr/ros2_self_driving_robot/install/micro_ros_setup/./config/freertos/nucleo_f446ze/package.xml
[0.935s] -- Up-to-date: /home/smr/ros2_self_driving_robot/install/micro_ros_setup/./config/freertos/nucleo_f446ze/client-colcon.meta
[0.935s] -- Up-to-date: /home/smr/ros2_self_driving_robot/install/micro_ros_setup/./config/freertos/nucleo_f446ze/create.sh
[0.935s] -- Up-to-date: /home/smr/ros2_self_driving_robot/install/micro_ros_setup/./config/freertos/nucleo_f446ze/build.sh
[0.935s] -- Up-to-date: /home/smr/ros2_self_driving_robot/install/micro_ros_setup/./config/freertos/nucleo_f446ze/flash.sh
[0.935s] -- Up-to-date: /home/smr/ros2_self_driving_robot/install/micro_ros_setup/./config/freertos/nucleo_f446ze/configure.sh
[0.935s] -- Up-to-date: /home/smr/ros2_self_driving_robot/install/micro_ros_setup/./config/freertos/nucleo_f446ze/board.repos
[0.935s] -- Up-to-date: /home/smr/ros2_self_driving_robot/install/micro_ros_setup/./config/freertos/nucleo_f446ze/client_uros_packages.repos
[0.935s] -- Up-to-date: /home/smr/ros2_self_driving_robot/install/micro_ros_setup/./config/freertos/olimex-stm32-e407
[0.935s] -- Up-to-date: /home/smr/ros2_self_driving_robot/install/micro_ros_setup/./config/freertos/olimex-stm32-e407/package.xml
[0.936s] -- Up-to-date: /home/smr/ros2_self_driving_robot/install/micro_ros_setup/./config/freertos/olimex-stm32-e407/client-colcon.meta
[0.936s] -- Up-to-date: /home/smr/ros2_self_driving_robot/install/micro_ros_setup/./config/freertos/olimex-stm32-e407/create.sh
[0.936s] -- Up-to-date: /home/smr/ros2_self_driving_robot/install/micro_ros_setup/./config/freertos/olimex-stm32-e407/build.sh
[0.936s] -- Up-to-date: /home/smr/ros2_self_driving_robot/install/micro_ros_setup/./config/freertos/olimex-stm32-e407/flash.sh
[0.936s] -- Up-to-date: /home/smr/ros2_self_driving_robot/install/micro_ros_setup/./config/freertos/olimex-stm32-e407/configure.sh
[0.936s] -- Up-to-date: /home/smr/ros2_self_driving_robot/install/micro_ros_setup/./config/freertos/olimex-stm32-e407/board.repos
[0.936s] -- Up-to-date: /home/smr/ros2_self_driving_robot/install/micro_ros_setup/./config/freertos/olimex-stm32-e407/client_uros_packages.repos
[0.936s] -- Up-to-date: /home/smr/ros2_self_driving_robot/install/micro_ros_setup/./config/freertos/esp32
[0.936s] -- Up-to-date: /home/smr/ros2_self_driving_robot/install/micro_ros_setup/./config/freertos/esp32/package.xml
[0.936s] -- Up-to-date: /home/smr/ros2_self_driving_robot/install/micro_ros_setup/./config/freertos/esp32/README.md
[0.936s] -- Up-to-date: /home/smr/ros2_self_driving_robot/install/micro_ros_setup/./config/freertos/esp32/client-colcon.meta
[0.936s] -- Up-to-date: /home/smr/ros2_self_driving_robot/install/micro_ros_setup/./config/freertos/esp32/create.sh
[0.936s] -- Up-to-date: /home/smr/ros2_self_driving_robot/install/micro_ros_setup/./config/freertos/esp32/build.sh
[0.937s] -- Up-to-date: /home/smr/ros2_self_driving_robot/install/micro_ros_setup/./config/freertos/esp32/flash.sh
[0.937s] -- Up-to-date: /home/smr/ros2_self_driving_robot/install/micro_ros_setup/./config/freertos/esp32/configure.sh
[0.937s] -- Up-to-date: /home/smr/ros2_self_driving_robot/install/micro_ros_setup/./config/freertos/esp32/board.repos
[0.937s] -- Up-to-date: /home/smr/ros2_self_driving_robot/install/micro_ros_setup/./config/freertos/esp32/client_uros_packages.repos
[0.937s] -- Up-to-date: /home/smr/ros2_self_driving_robot/install/micro_ros_setup/./config/freertos/dev_uros_packages.repos
[0.937s] -- Up-to-date: /home/smr/ros2_self_driving_robot/install/micro_ros_setup/./config/freertos/nucleo_f767zi
[0.937s] -- Up-to-date: /home/smr/ros2_self_driving_robot/install/micro_ros_setup/./config/freertos/nucleo_f767zi/package.xml
[0.937s] -- Up-to-date: /home/smr/ros2_self_driving_robot/install/micro_ros_setup/./config/freertos/nucleo_f767zi/client-colcon.meta
[0.937s] -- Up-to-date: /home/smr/ros2_self_driving_robot/install/micro_ros_setup/./config/freertos/nucleo_f767zi/create.sh
[0.937s] -- Up-to-date: /home/smr/ros2_self_driving_robot/install/micro_ros_setup/./config/freertos/nucleo_f767zi/build.sh
[0.937s] -- Up-to-date: /home/smr/ros2_self_driving_robot/install/micro_ros_setup/./config/freertos/nucleo_f767zi/flash.sh
[0.937s] -- Up-to-date: /home/smr/ros2_self_driving_robot/install/micro_ros_setup/./config/freertos/nucleo_f767zi/configure.sh
[0.938s] -- Up-to-date: /home/smr/ros2_self_driving_robot/install/micro_ros_setup/./config/freertos/nucleo_f767zi/board.repos
[0.938s] -- Up-to-date: /home/smr/ros2_self_driving_robot/install/micro_ros_setup/./config/freertos/nucleo_f767zi/client_uros_packages.repos
[0.938s] -- Up-to-date: /home/smr/ros2_self_driving_robot/install/micro_ros_setup/./config/freertos/dev_ros2_packages.txt
[0.938s] -- Up-to-date: /home/smr/ros2_self_driving_robot/install/micro_ros_setup/./config/generate_lib
[0.938s] -- Up-to-date: /home/smr/ros2_self_driving_robot/install/micro_ros_setup/./config/generate_lib/generic
[0.938s] -- Up-to-date: /home/smr/ros2_self_driving_robot/install/micro_ros_setup/./config/generate_lib/generic/package.xml
[0.944s] -- Up-to-date: /home/smr/ros2_self_driving_robot/install/micro_ros_setup/./config/generate_lib/generic/client-colcon.meta
[0.944s] -- Up-to-date: /home/smr/ros2_self_driving_robot/install/micro_ros_setup/./config/generate_lib/generic/create.sh
[0.944s] -- Up-to-date: /home/smr/ros2_self_driving_robot/install/micro_ros_setup/./config/generate_lib/generic/demo_toolchain.cmake
[0.944s] -- Up-to-date: /home/smr/ros2_self_driving_robot/install/micro_ros_setup/./config/generate_lib/generic/build.sh
[0.944s] -- Up-to-date: /home/smr/ros2_self_driving_robot/install/micro_ros_setup/./config/generate_lib/generic/flash.sh
[0.944s] -- Up-to-date: /home/smr/ros2_self_driving_robot/install/micro_ros_setup/./config/generate_lib/generic/client_uros_packages.repos
[0.944s] -- Up-to-date: /home/smr/ros2_self_driving_robot/install/micro_ros_setup/./config/generate_lib/dev_uros_packages.repos
[0.944s] -- Up-to-date: /home/smr/ros2_self_driving_robot/install/micro_ros_setup/./config/generate_lib/dev_ros2_packages.txt
[0.944s] -- Up-to-date: /home/smr/ros2_self_driving_robot/install/micro_ros_setup/./config/client_uros_packages.repos
[0.944s] -- Up-to-date: /home/smr/ros2_self_driving_robot/install/micro_ros_setup/lib/micro_ros_setup/create_ws.sh
[0.944s] -- Up-to-date: /home/smr/ros2_self_driving_robot/install/micro_ros_setup/lib/micro_ros_setup/create_agent_ws.sh
[0.945s] -- Up-to-date: /home/smr/ros2_self_driving_robot/install/micro_ros_setup/lib/micro_ros_setup/create_firmware_ws.sh
[0.945s] -- Up-to-date: /home/smr/ros2_self_driving_robot/install/micro_ros_setup/lib/micro_ros_setup/configure_firmware.sh
[0.945s] -- Up-to-date: /home/smr/ros2_self_driving_robot/install/micro_ros_setup/lib/micro_ros_setup/flash_firmware.sh
[0.945s] -- Up-to-date: /home/smr/ros2_self_driving_robot/install/micro_ros_setup/lib/micro_ros_setup/build_firmware.sh
[0.945s] -- Up-to-date: /home/smr/ros2_self_driving_robot/install/micro_ros_setup/lib/micro_ros_setup/build_agent.sh
[0.945s] -- Up-to-date: /home/smr/ros2_self_driving_robot/install/micro_ros_setup/lib/micro_ros_setup/yaml_filter.py
[0.945s] -- Up-to-date: /home/smr/ros2_self_driving_robot/install/micro_ros_setup/lib/micro_ros_setup/clean_env.sh
[0.946s] -- Up-to-date: /home/smr/ros2_self_driving_robot/install/micro_ros_setup/lib/micro_ros_setup/component
[0.973s] Invoked command in '/home/smr/ros2_self_driving_robot/build/micro_ros_setup' returned '0': CMAKE_PREFIX_PATH=${CMAKE_PREFIX_PATH}:/home/smr/ros2_self_driving_robot/install/python_pkg /usr/bin/cmake --install /home/smr/ros2_self_driving_robot/build/micro_ros_setup
