[0.184s] DEBUG:colcon:Command line arguments: ['/usr/local/bin/colcon', 'build']
[0.184s] DEBUG:colcon:Parsed command line arguments: Namespace(log_base=None, log_level=None, verb_name='build', build_base='build', install_base='install', merge_install=False, symlink_install=False, test_result_base=None, continue_on_error=False, executor='parallel', parallel_workers=8, event_handlers=None, ignore_user_meta=False, metas=['./colcon.meta'], base_paths=['.'], packages_ignore=None, packages_ignore_regex=None, paths=None, packages_up_to=None, packages_up_to_regex=None, packages_above=None, packages_above_and_dependencies=None, packages_above_depth=None, packages_select_by_dep=None, packages_skip_by_dep=None, packages_skip_up_to=None, packages_select_build_failed=False, packages_skip_build_finished=False, packages_select_test_failures=False, packages_skip_test_passed=False, packages_select=None, packages_skip=None, packages_select_regex=None, packages_skip_regex=None, packages_start=None, packages_end=None, allow_overriding=[], cmake_args=None, cmake_target=None, cmake_target_skip_unavailable=False, cmake_clean_cache=False, cmake_clean_first=False, cmake_force_configure=False, ament_cmake_args=None, catkin_cmake_args=None, catkin_skip_building_tests=False, verb_parser=<colcon_defaults.argument_parser.defaults.DefaultArgumentsDecorator object at 0xffff9c09ef20>, verb_extension=<colcon_core.verb.build.BuildVerb object at 0xffff9c09df30>, main=<bound method BuildVerb.main of <colcon_core.verb.build.BuildVerb object at 0xffff9c09df30>>)
[0.409s] Level 1:colcon.colcon_core.package_discovery:discover_packages(colcon_meta) check parameters
[0.410s] Level 1:colcon.colcon_core.package_discovery:discover_packages(recursive) check parameters
[0.410s] Level 1:colcon.colcon_core.package_discovery:discover_packages(ignore) check parameters
[0.410s] Level 1:colcon.colcon_core.package_discovery:discover_packages(path) check parameters
[0.410s] Level 1:colcon.colcon_core.package_discovery:discover_packages(colcon_meta) discover
[0.410s] Level 1:colcon.colcon_core.package_discovery:discover_packages(recursive) discover
[0.410s] INFO:colcon.colcon_core.package_discovery:Crawling recursively for packages in '/home/smr/ros2_self_driving_robot'
[0.410s] Level 1:colcon.colcon_core.package_identification:_identify(.) by extensions ['ignore', 'ignore_ament_install']
[0.410s] Level 1:colcon.colcon_core.package_identification:_identify(.) by extension 'ignore'
[0.410s] Level 1:colcon.colcon_core.package_identification:_identify(.) by extension 'ignore_ament_install'
[0.411s] Level 1:colcon.colcon_core.package_identification:_identify(.) by extensions ['colcon_pkg']
[0.411s] Level 1:colcon.colcon_core.package_identification:_identify(.) by extension 'colcon_pkg'
[0.411s] Level 1:colcon.colcon_core.package_identification:_identify(.) by extensions ['colcon_meta']
[0.411s] Level 1:colcon.colcon_core.package_identification:_identify(.) by extension 'colcon_meta'
[0.411s] Level 1:colcon.colcon_core.package_identification:_identify(.) by extensions ['ros']
[0.411s] Level 1:colcon.colcon_core.package_identification:_identify(.) by extension 'ros'
[0.428s] Level 1:colcon.colcon_core.package_identification:_identify(.) by extensions ['cmake', 'python']
[0.428s] Level 1:colcon.colcon_core.package_identification:_identify(.) by extension 'cmake'
[0.429s] Level 1:colcon.colcon_core.package_identification:_identify(.) by extension 'python'
[0.429s] Level 1:colcon.colcon_core.package_identification:_identify(.) by extensions ['python_setup_py']
[0.429s] Level 1:colcon.colcon_core.package_identification:_identify(.) by extension 'python_setup_py'
[0.429s] Level 1:colcon.colcon_core.package_identification:_identify(build) by extensions ['ignore', 'ignore_ament_install']
[0.429s] Level 1:colcon.colcon_core.package_identification:_identify(build) by extension 'ignore'
[0.429s] Level 1:colcon.colcon_core.package_identification:_identify(build) ignored
[0.429s] Level 1:colcon.colcon_core.package_identification:_identify(install) by extensions ['ignore', 'ignore_ament_install']
[0.429s] Level 1:colcon.colcon_core.package_identification:_identify(install) by extension 'ignore'
[0.429s] Level 1:colcon.colcon_core.package_identification:_identify(install) ignored
[0.430s] Level 1:colcon.colcon_core.package_identification:_identify(log) by extensions ['ignore', 'ignore_ament_install']
[0.430s] Level 1:colcon.colcon_core.package_identification:_identify(log) by extension 'ignore'
[0.430s] Level 1:colcon.colcon_core.package_identification:_identify(log) ignored
[0.430s] Level 1:colcon.colcon_core.package_identification:_identify(src) by extensions ['ignore', 'ignore_ament_install']
[0.430s] Level 1:colcon.colcon_core.package_identification:_identify(src) by extension 'ignore'
[0.430s] Level 1:colcon.colcon_core.package_identification:_identify(src) by extension 'ignore_ament_install'
[0.430s] Level 1:colcon.colcon_core.package_identification:_identify(src) by extensions ['colcon_pkg']
[0.430s] Level 1:colcon.colcon_core.package_identification:_identify(src) by extension 'colcon_pkg'
[0.430s] Level 1:colcon.colcon_core.package_identification:_identify(src) by extensions ['colcon_meta']
[0.430s] Level 1:colcon.colcon_core.package_identification:_identify(src) by extension 'colcon_meta'
[0.430s] Level 1:colcon.colcon_core.package_identification:_identify(src) by extensions ['ros']
[0.430s] Level 1:colcon.colcon_core.package_identification:_identify(src) by extension 'ros'
[0.430s] Level 1:colcon.colcon_core.package_identification:_identify(src) by extensions ['cmake', 'python']
[0.431s] Level 1:colcon.colcon_core.package_identification:_identify(src) by extension 'cmake'
[0.431s] Level 1:colcon.colcon_core.package_identification:_identify(src) by extension 'python'
[0.431s] Level 1:colcon.colcon_core.package_identification:_identify(src) by extensions ['python_setup_py']
[0.431s] Level 1:colcon.colcon_core.package_identification:_identify(src) by extension 'python_setup_py'
[0.431s] Level 1:colcon.colcon_core.package_identification:_identify(src/build) by extensions ['ignore', 'ignore_ament_install']
[0.431s] Level 1:colcon.colcon_core.package_identification:_identify(src/build) by extension 'ignore'
[0.431s] Level 1:colcon.colcon_core.package_identification:_identify(src/build) ignored
[0.431s] Level 1:colcon.colcon_core.package_identification:_identify(src/install) by extensions ['ignore', 'ignore_ament_install']
[0.431s] Level 1:colcon.colcon_core.package_identification:_identify(src/install) by extension 'ignore'
[0.431s] Level 1:colcon.colcon_core.package_identification:_identify(src/install) ignored
[0.431s] Level 1:colcon.colcon_core.package_identification:_identify(src/log) by extensions ['ignore', 'ignore_ament_install']
[0.431s] Level 1:colcon.colcon_core.package_identification:_identify(src/log) by extension 'ignore'
[0.431s] Level 1:colcon.colcon_core.package_identification:_identify(src/log) ignored
[0.432s] Level 1:colcon.colcon_core.package_identification:_identify(src/robot_bringup) by extensions ['ignore', 'ignore_ament_install']
[0.432s] Level 1:colcon.colcon_core.package_identification:_identify(src/robot_bringup) by extension 'ignore'
[0.432s] Level 1:colcon.colcon_core.package_identification:_identify(src/robot_bringup) by extension 'ignore_ament_install'
[0.432s] Level 1:colcon.colcon_core.package_identification:_identify(src/robot_bringup) by extensions ['colcon_pkg']
[0.432s] Level 1:colcon.colcon_core.package_identification:_identify(src/robot_bringup) by extension 'colcon_pkg'
[0.432s] Level 1:colcon.colcon_core.package_identification:_identify(src/robot_bringup) by extensions ['colcon_meta']
[0.432s] Level 1:colcon.colcon_core.package_identification:_identify(src/robot_bringup) by extension 'colcon_meta'
[0.432s] Level 1:colcon.colcon_core.package_identification:_identify(src/robot_bringup) by extensions ['ros']
[0.432s] Level 1:colcon.colcon_core.package_identification:_identify(src/robot_bringup) by extension 'ros'
[0.436s] DEBUG:colcon.colcon_core.package_identification:Package 'src/robot_bringup' with type 'ros.ament_cmake' and name 'robot_bringup'
[0.436s] Level 1:colcon.colcon_core.package_identification:_identify(src/robot_description) by extensions ['ignore', 'ignore_ament_install']
[0.436s] Level 1:colcon.colcon_core.package_identification:_identify(src/robot_description) by extension 'ignore'
[0.436s] Level 1:colcon.colcon_core.package_identification:_identify(src/robot_description) by extension 'ignore_ament_install'
[0.436s] Level 1:colcon.colcon_core.package_identification:_identify(src/robot_description) by extensions ['colcon_pkg']
[0.436s] Level 1:colcon.colcon_core.package_identification:_identify(src/robot_description) by extension 'colcon_pkg'
[0.436s] Level 1:colcon.colcon_core.package_identification:_identify(src/robot_description) by extensions ['colcon_meta']
[0.436s] Level 1:colcon.colcon_core.package_identification:_identify(src/robot_description) by extension 'colcon_meta'
[0.436s] Level 1:colcon.colcon_core.package_identification:_identify(src/robot_description) by extensions ['ros']
[0.436s] Level 1:colcon.colcon_core.package_identification:_identify(src/robot_description) by extension 'ros'
[0.437s] DEBUG:colcon.colcon_core.package_identification:Package 'src/robot_description' with type 'ros.ament_cmake' and name 'robot_description'
[0.437s] Level 1:colcon.colcon_core.package_identification:_identify(src/robot_navigation) by extensions ['ignore', 'ignore_ament_install']
[0.438s] Level 1:colcon.colcon_core.package_identification:_identify(src/robot_navigation) by extension 'ignore'
[0.438s] Level 1:colcon.colcon_core.package_identification:_identify(src/robot_navigation) by extension 'ignore_ament_install'
[0.438s] Level 1:colcon.colcon_core.package_identification:_identify(src/robot_navigation) by extensions ['colcon_pkg']
[0.438s] Level 1:colcon.colcon_core.package_identification:_identify(src/robot_navigation) by extension 'colcon_pkg'
[0.438s] Level 1:colcon.colcon_core.package_identification:_identify(src/robot_navigation) by extensions ['colcon_meta']
[0.438s] Level 1:colcon.colcon_core.package_identification:_identify(src/robot_navigation) by extension 'colcon_meta'
[0.438s] Level 1:colcon.colcon_core.package_identification:_identify(src/robot_navigation) by extensions ['ros']
[0.438s] Level 1:colcon.colcon_core.package_identification:_identify(src/robot_navigation) by extension 'ros'
[0.439s] DEBUG:colcon.colcon_core.package_identification:Package 'src/robot_navigation' with type 'ros.ament_cmake' and name 'robot_navigation'
[0.439s] Level 1:colcon.colcon_core.package_identification:_identify(src/sllidar_ros2) by extensions ['ignore', 'ignore_ament_install']
[0.439s] Level 1:colcon.colcon_core.package_identification:_identify(src/sllidar_ros2) by extension 'ignore'
[0.439s] Level 1:colcon.colcon_core.package_identification:_identify(src/sllidar_ros2) by extension 'ignore_ament_install'
[0.439s] Level 1:colcon.colcon_core.package_identification:_identify(src/sllidar_ros2) by extensions ['colcon_pkg']
[0.439s] Level 1:colcon.colcon_core.package_identification:_identify(src/sllidar_ros2) by extension 'colcon_pkg'
[0.439s] Level 1:colcon.colcon_core.package_identification:_identify(src/sllidar_ros2) by extensions ['colcon_meta']
[0.439s] Level 1:colcon.colcon_core.package_identification:_identify(src/sllidar_ros2) by extension 'colcon_meta'
[0.439s] Level 1:colcon.colcon_core.package_identification:_identify(src/sllidar_ros2) by extensions ['ros']
[0.439s] Level 1:colcon.colcon_core.package_identification:_identify(src/sllidar_ros2) by extension 'ros'
[0.440s] DEBUG:colcon.colcon_core.package_identification:Package 'src/sllidar_ros2' with type 'ros.ament_cmake' and name 'sllidar_ros2'
[0.440s] Level 1:colcon.colcon_core.package_discovery:discover_packages(recursive) using defaults
[0.440s] Level 1:colcon.colcon_core.package_discovery:discover_packages(ignore) discover
[0.440s] Level 1:colcon.colcon_core.package_discovery:discover_packages(ignore) using defaults
[0.440s] Level 1:colcon.colcon_core.package_discovery:discover_packages(path) discover
[0.440s] Level 1:colcon.colcon_core.package_discovery:discover_packages(path) using defaults
[0.470s] Level 1:colcon.colcon_core.package_discovery:discover_packages(prefix_path) check parameters
[0.470s] Level 1:colcon.colcon_core.package_discovery:discover_packages(prefix_path) discover
[0.472s] DEBUG:colcon.colcon_installed_package_information.package_discovery:Found 4 installed packages in /home/smr/ros2_self_driving_robot/install
[0.474s] DEBUG:colcon.colcon_installed_package_information.package_discovery:Found 367 installed packages in /opt/ros/humble
[0.506s] Level 1:colcon.colcon_core.package_discovery:discover_packages(prefix_path) using defaults
[0.576s] Level 5:colcon.colcon_core.verb:set package 'robot_bringup' build argument 'cmake_args' from command line to 'None'
[0.576s] Level 5:colcon.colcon_core.verb:set package 'robot_bringup' build argument 'cmake_target' from command line to 'None'
[0.576s] Level 5:colcon.colcon_core.verb:set package 'robot_bringup' build argument 'cmake_target_skip_unavailable' from command line to 'False'
[0.576s] Level 5:colcon.colcon_core.verb:set package 'robot_bringup' build argument 'cmake_clean_cache' from command line to 'False'
[0.576s] Level 5:colcon.colcon_core.verb:set package 'robot_bringup' build argument 'cmake_clean_first' from command line to 'False'
[0.576s] Level 5:colcon.colcon_core.verb:set package 'robot_bringup' build argument 'cmake_force_configure' from command line to 'False'
[0.576s] Level 5:colcon.colcon_core.verb:set package 'robot_bringup' build argument 'ament_cmake_args' from command line to 'None'
[0.576s] Level 5:colcon.colcon_core.verb:set package 'robot_bringup' build argument 'catkin_cmake_args' from command line to 'None'
[0.576s] Level 5:colcon.colcon_core.verb:set package 'robot_bringup' build argument 'catkin_skip_building_tests' from command line to 'False'
[0.576s] DEBUG:colcon.colcon_core.verb:Building package 'robot_bringup' with the following arguments: {'ament_cmake_args': None, 'build_base': '/home/smr/ros2_self_driving_robot/build/robot_bringup', 'catkin_cmake_args': None, 'catkin_skip_building_tests': False, 'cmake_args': None, 'cmake_clean_cache': False, 'cmake_clean_first': False, 'cmake_force_configure': False, 'cmake_target': None, 'cmake_target_skip_unavailable': False, 'install_base': '/home/smr/ros2_self_driving_robot/install/robot_bringup', 'merge_install': False, 'path': '/home/smr/ros2_self_driving_robot/src/robot_bringup', 'symlink_install': False, 'test_result_base': None}
[0.577s] Level 5:colcon.colcon_core.verb:set package 'robot_description' build argument 'cmake_args' from command line to 'None'
[0.577s] Level 5:colcon.colcon_core.verb:set package 'robot_description' build argument 'cmake_target' from command line to 'None'
[0.577s] Level 5:colcon.colcon_core.verb:set package 'robot_description' build argument 'cmake_target_skip_unavailable' from command line to 'False'
[0.577s] Level 5:colcon.colcon_core.verb:set package 'robot_description' build argument 'cmake_clean_cache' from command line to 'False'
[0.577s] Level 5:colcon.colcon_core.verb:set package 'robot_description' build argument 'cmake_clean_first' from command line to 'False'
[0.577s] Level 5:colcon.colcon_core.verb:set package 'robot_description' build argument 'cmake_force_configure' from command line to 'False'
[0.577s] Level 5:colcon.colcon_core.verb:set package 'robot_description' build argument 'ament_cmake_args' from command line to 'None'
[0.577s] Level 5:colcon.colcon_core.verb:set package 'robot_description' build argument 'catkin_cmake_args' from command line to 'None'
[0.577s] Level 5:colcon.colcon_core.verb:set package 'robot_description' build argument 'catkin_skip_building_tests' from command line to 'False'
[0.577s] DEBUG:colcon.colcon_core.verb:Building package 'robot_description' with the following arguments: {'ament_cmake_args': None, 'build_base': '/home/smr/ros2_self_driving_robot/build/robot_description', 'catkin_cmake_args': None, 'catkin_skip_building_tests': False, 'cmake_args': None, 'cmake_clean_cache': False, 'cmake_clean_first': False, 'cmake_force_configure': False, 'cmake_target': None, 'cmake_target_skip_unavailable': False, 'install_base': '/home/smr/ros2_self_driving_robot/install/robot_description', 'merge_install': False, 'path': '/home/smr/ros2_self_driving_robot/src/robot_description', 'symlink_install': False, 'test_result_base': None}
[0.577s] Level 5:colcon.colcon_core.verb:set package 'robot_navigation' build argument 'cmake_args' from command line to 'None'
[0.578s] Level 5:colcon.colcon_core.verb:set package 'robot_navigation' build argument 'cmake_target' from command line to 'None'
[0.578s] Level 5:colcon.colcon_core.verb:set package 'robot_navigation' build argument 'cmake_target_skip_unavailable' from command line to 'False'
[0.578s] Level 5:colcon.colcon_core.verb:set package 'robot_navigation' build argument 'cmake_clean_cache' from command line to 'False'
[0.578s] Level 5:colcon.colcon_core.verb:set package 'robot_navigation' build argument 'cmake_clean_first' from command line to 'False'
[0.578s] Level 5:colcon.colcon_core.verb:set package 'robot_navigation' build argument 'cmake_force_configure' from command line to 'False'
[0.578s] Level 5:colcon.colcon_core.verb:set package 'robot_navigation' build argument 'ament_cmake_args' from command line to 'None'
[0.578s] Level 5:colcon.colcon_core.verb:set package 'robot_navigation' build argument 'catkin_cmake_args' from command line to 'None'
[0.578s] Level 5:colcon.colcon_core.verb:set package 'robot_navigation' build argument 'catkin_skip_building_tests' from command line to 'False'
[0.578s] DEBUG:colcon.colcon_core.verb:Building package 'robot_navigation' with the following arguments: {'ament_cmake_args': None, 'build_base': '/home/smr/ros2_self_driving_robot/build/robot_navigation', 'catkin_cmake_args': None, 'catkin_skip_building_tests': False, 'cmake_args': None, 'cmake_clean_cache': False, 'cmake_clean_first': False, 'cmake_force_configure': False, 'cmake_target': None, 'cmake_target_skip_unavailable': False, 'install_base': '/home/smr/ros2_self_driving_robot/install/robot_navigation', 'merge_install': False, 'path': '/home/smr/ros2_self_driving_robot/src/robot_navigation', 'symlink_install': False, 'test_result_base': None}
[0.578s] Level 5:colcon.colcon_core.verb:set package 'sllidar_ros2' build argument 'cmake_args' from command line to 'None'
[0.578s] Level 5:colcon.colcon_core.verb:set package 'sllidar_ros2' build argument 'cmake_target' from command line to 'None'
[0.578s] Level 5:colcon.colcon_core.verb:set package 'sllidar_ros2' build argument 'cmake_target_skip_unavailable' from command line to 'False'
[0.578s] Level 5:colcon.colcon_core.verb:set package 'sllidar_ros2' build argument 'cmake_clean_cache' from command line to 'False'
[0.578s] Level 5:colcon.colcon_core.verb:set package 'sllidar_ros2' build argument 'cmake_clean_first' from command line to 'False'
[0.578s] Level 5:colcon.colcon_core.verb:set package 'sllidar_ros2' build argument 'cmake_force_configure' from command line to 'False'
[0.578s] Level 5:colcon.colcon_core.verb:set package 'sllidar_ros2' build argument 'ament_cmake_args' from command line to 'None'
[0.578s] Level 5:colcon.colcon_core.verb:set package 'sllidar_ros2' build argument 'catkin_cmake_args' from command line to 'None'
[0.578s] Level 5:colcon.colcon_core.verb:set package 'sllidar_ros2' build argument 'catkin_skip_building_tests' from command line to 'False'
[0.578s] DEBUG:colcon.colcon_core.verb:Building package 'sllidar_ros2' with the following arguments: {'ament_cmake_args': None, 'build_base': '/home/smr/ros2_self_driving_robot/build/sllidar_ros2', 'catkin_cmake_args': None, 'catkin_skip_building_tests': False, 'cmake_args': None, 'cmake_clean_cache': False, 'cmake_clean_first': False, 'cmake_force_configure': False, 'cmake_target': None, 'cmake_target_skip_unavailable': False, 'install_base': '/home/smr/ros2_self_driving_robot/install/sllidar_ros2', 'merge_install': False, 'path': '/home/smr/ros2_self_driving_robot/src/sllidar_ros2', 'symlink_install': False, 'test_result_base': None}
[0.579s] INFO:colcon.colcon_core.executor:Executing jobs using 'parallel' executor
[0.580s] DEBUG:colcon.colcon_parallel_executor.executor.parallel:run_until_complete
[0.581s] INFO:colcon.colcon_ros.task.ament_cmake.build:Building ROS package in '/home/smr/ros2_self_driving_robot/src/robot_bringup' with build type 'ament_cmake'
[0.581s] INFO:colcon.colcon_cmake.task.cmake.build:Building CMake package in '/home/smr/ros2_self_driving_robot/src/robot_bringup'
[0.584s] INFO:colcon.colcon_core.plugin_system:Skipping extension 'colcon_core.shell.bat': Not used on non-Windows systems
[0.584s] INFO:colcon.colcon_core.shell:Skip shell extension 'powershell' for command environment: Not usable outside of PowerShell
[0.584s] DEBUG:colcon.colcon_core.shell:Skip shell extension 'dsv' for command environment
[0.590s] INFO:colcon.colcon_ros.task.ament_cmake.build:Building ROS package in '/home/smr/ros2_self_driving_robot/src/robot_description' with build type 'ament_cmake'
[0.590s] INFO:colcon.colcon_cmake.task.cmake.build:Building CMake package in '/home/smr/ros2_self_driving_robot/src/robot_description'
[0.590s] INFO:colcon.colcon_core.shell:Skip shell extension 'powershell' for command environment: Not usable outside of PowerShell
[0.591s] DEBUG:colcon.colcon_core.shell:Skip shell extension 'dsv' for command environment
[0.596s] INFO:colcon.colcon_ros.task.ament_cmake.build:Building ROS package in '/home/smr/ros2_self_driving_robot/src/robot_navigation' with build type 'ament_cmake'
[0.596s] INFO:colcon.colcon_cmake.task.cmake.build:Building CMake package in '/home/smr/ros2_self_driving_robot/src/robot_navigation'
[0.597s] INFO:colcon.colcon_core.shell:Skip shell extension 'powershell' for command environment: Not usable outside of PowerShell
[0.597s] DEBUG:colcon.colcon_core.shell:Skip shell extension 'dsv' for command environment
[0.602s] INFO:colcon.colcon_ros.task.ament_cmake.build:Building ROS package in '/home/smr/ros2_self_driving_robot/src/sllidar_ros2' with build type 'ament_cmake'
[0.603s] INFO:colcon.colcon_cmake.task.cmake.build:Building CMake package in '/home/smr/ros2_self_driving_robot/src/sllidar_ros2'
[0.603s] INFO:colcon.colcon_core.shell:Skip shell extension 'powershell' for command environment: Not usable outside of PowerShell
[0.603s] DEBUG:colcon.colcon_core.shell:Skip shell extension 'dsv' for command environment
[0.620s] DEBUG:colcon.colcon_core.event_handler.log_command:Invoking command in '/home/smr/ros2_self_driving_robot/build/robot_bringup': CMAKE_PREFIX_PATH=${CMAKE_PREFIX_PATH}:/opt/ros/humble /usr/bin/cmake --build /home/smr/ros2_self_driving_robot/build/robot_bringup -- -j8 -l8
[0.627s] DEBUG:colcon.colcon_core.event_handler.log_command:Invoking command in '/home/smr/ros2_self_driving_robot/build/robot_description': CMAKE_PREFIX_PATH=${CMAKE_PREFIX_PATH}:/opt/ros/humble /usr/bin/cmake --build /home/smr/ros2_self_driving_robot/build/robot_description -- -j8 -l8
[0.632s] DEBUG:colcon.colcon_core.event_handler.log_command:Invoking command in '/home/smr/ros2_self_driving_robot/build/robot_navigation': CMAKE_PREFIX_PATH=${CMAKE_PREFIX_PATH}:/opt/ros/humble /usr/bin/cmake --build /home/smr/ros2_self_driving_robot/build/robot_navigation -- -j8 -l8
[0.656s] DEBUG:colcon.colcon_core.event_handler.log_command:Invoking command in '/home/smr/ros2_self_driving_robot/build/sllidar_ros2': CMAKE_PREFIX_PATH=${CMAKE_PREFIX_PATH}:/opt/ros/humble /usr/bin/cmake --build /home/smr/ros2_self_driving_robot/build/sllidar_ros2 -- -j8 -l8
[0.688s] DEBUG:colcon.colcon_core.event_handler.log_command:Invoked command in '/home/smr/ros2_self_driving_robot/build/robot_bringup' returned '0': CMAKE_PREFIX_PATH=${CMAKE_PREFIX_PATH}:/opt/ros/humble /usr/bin/cmake --build /home/smr/ros2_self_driving_robot/build/robot_bringup -- -j8 -l8
[0.736s] DEBUG:colcon.colcon_core.event_handler.log_command:Invoking command in '/home/smr/ros2_self_driving_robot/build/robot_bringup': CMAKE_PREFIX_PATH=${CMAKE_PREFIX_PATH}:/opt/ros/humble /usr/bin/cmake --install /home/smr/ros2_self_driving_robot/build/robot_bringup
[0.752s] DEBUG:colcon.colcon_core.event_handler.log_command:Invoked command in '/home/smr/ros2_self_driving_robot/build/robot_navigation' returned '0': CMAKE_PREFIX_PATH=${CMAKE_PREFIX_PATH}:/opt/ros/humble /usr/bin/cmake --build /home/smr/ros2_self_driving_robot/build/robot_navigation -- -j8 -l8
[0.763s] Level 1:colcon.colcon_core.environment:create_environment_scripts_only(robot_bringup)
[0.767s] Level 1:colcon.colcon_core.environment:checking '/home/smr/ros2_self_driving_robot/install/robot_bringup' for CMake module files
[0.769s] Level 1:colcon.colcon_core.environment:checking '/home/smr/ros2_self_driving_robot/install/robot_bringup' for CMake config files
[0.773s] Level 1:colcon.colcon_core.shell:create_environment_hook('robot_bringup', 'cmake_prefix_path')
[0.774s] INFO:colcon.colcon_core.shell:Creating environment hook '/home/smr/ros2_self_driving_robot/install/robot_bringup/share/robot_bringup/hook/cmake_prefix_path.ps1'
[0.776s] DEBUG:colcon.colcon_core.event_handler.log_command:Invoked command in '/home/smr/ros2_self_driving_robot/build/robot_description' returned '0': CMAKE_PREFIX_PATH=${CMAKE_PREFIX_PATH}:/opt/ros/humble /usr/bin/cmake --build /home/smr/ros2_self_driving_robot/build/robot_description -- -j8 -l8
[0.777s] DEBUG:colcon.colcon_core.event_handler.log_command:Invoked command in '/home/smr/ros2_self_driving_robot/build/robot_bringup' returned '0': CMAKE_PREFIX_PATH=${CMAKE_PREFIX_PATH}:/opt/ros/humble /usr/bin/cmake --install /home/smr/ros2_self_driving_robot/build/robot_bringup
[0.777s] INFO:colcon.colcon_core.shell:Creating environment descriptor '/home/smr/ros2_self_driving_robot/install/robot_bringup/share/robot_bringup/hook/cmake_prefix_path.dsv'
[0.778s] INFO:colcon.colcon_core.shell:Creating environment hook '/home/smr/ros2_self_driving_robot/install/robot_bringup/share/robot_bringup/hook/cmake_prefix_path.sh'
[0.779s] Level 1:colcon.colcon_core.environment:checking '/home/smr/ros2_self_driving_robot/install/robot_bringup/bin'
[0.780s] Level 1:colcon.colcon_core.environment:checking '/home/smr/ros2_self_driving_robot/install/robot_bringup/lib/pkgconfig/robot_bringup.pc'
[0.780s] Level 1:colcon.colcon_core.environment:checking '/home/smr/ros2_self_driving_robot/install/robot_bringup/lib/python3.10/site-packages'
[0.780s] Level 1:colcon.colcon_core.environment:checking '/home/smr/ros2_self_driving_robot/install/robot_bringup/bin'
[0.781s] INFO:colcon.colcon_core.shell:Creating package script '/home/smr/ros2_self_driving_robot/install/robot_bringup/share/robot_bringup/package.ps1'
[0.782s] INFO:colcon.colcon_core.shell:Creating package descriptor '/home/smr/ros2_self_driving_robot/install/robot_bringup/share/robot_bringup/package.dsv'
[0.783s] INFO:colcon.colcon_core.shell:Creating package script '/home/smr/ros2_self_driving_robot/install/robot_bringup/share/robot_bringup/package.sh'
[0.785s] INFO:colcon.colcon_core.shell:Creating package script '/home/smr/ros2_self_driving_robot/install/robot_bringup/share/robot_bringup/package.bash'
[0.786s] INFO:colcon.colcon_core.shell:Creating package script '/home/smr/ros2_self_driving_robot/install/robot_bringup/share/robot_bringup/package.zsh'
[0.787s] Level 1:colcon.colcon_core.environment:create_file_with_runtime_dependencies(/home/smr/ros2_self_driving_robot/install/robot_bringup/share/colcon-core/packages/robot_bringup)
[0.793s] DEBUG:colcon.colcon_core.event_handler.log_command:Invoking command in '/home/smr/ros2_self_driving_robot/build/robot_navigation': CMAKE_PREFIX_PATH=${CMAKE_PREFIX_PATH}:/opt/ros/humble /usr/bin/cmake --install /home/smr/ros2_self_driving_robot/build/robot_navigation
[0.797s] DEBUG:colcon.colcon_core.event_handler.log_command:Invoking command in '/home/smr/ros2_self_driving_robot/build/robot_description': CMAKE_PREFIX_PATH=${CMAKE_PREFIX_PATH}:/opt/ros/humble /usr/bin/cmake --install /home/smr/ros2_self_driving_robot/build/robot_description
[0.808s] Level 1:colcon.colcon_core.environment:create_environment_scripts_only(robot_navigation)
[0.808s] Level 1:colcon.colcon_core.environment:checking '/home/smr/ros2_self_driving_robot/install/robot_navigation' for CMake module files
[0.810s] Level 1:colcon.colcon_core.environment:checking '/home/smr/ros2_self_driving_robot/install/robot_navigation' for CMake config files
[0.811s] Level 1:colcon.colcon_core.shell:create_environment_hook('robot_navigation', 'cmake_prefix_path')
[0.811s] INFO:colcon.colcon_core.shell:Creating environment hook '/home/smr/ros2_self_driving_robot/install/robot_navigation/share/robot_navigation/hook/cmake_prefix_path.ps1'
[0.812s] INFO:colcon.colcon_core.shell:Creating environment descriptor '/home/smr/ros2_self_driving_robot/install/robot_navigation/share/robot_navigation/hook/cmake_prefix_path.dsv'
[0.813s] INFO:colcon.colcon_core.shell:Creating environment hook '/home/smr/ros2_self_driving_robot/install/robot_navigation/share/robot_navigation/hook/cmake_prefix_path.sh'
[0.815s] Level 1:colcon.colcon_core.environment:checking '/home/smr/ros2_self_driving_robot/install/robot_navigation/bin'
[0.815s] Level 1:colcon.colcon_core.environment:checking '/home/smr/ros2_self_driving_robot/install/robot_navigation/lib/pkgconfig/robot_navigation.pc'
[0.816s] Level 1:colcon.colcon_core.environment:checking '/home/smr/ros2_self_driving_robot/install/robot_navigation/lib/python3.10/site-packages'
[0.816s] Level 1:colcon.colcon_core.environment:checking '/home/smr/ros2_self_driving_robot/install/robot_navigation/bin'
[0.817s] INFO:colcon.colcon_core.shell:Creating package script '/home/smr/ros2_self_driving_robot/install/robot_navigation/share/robot_navigation/package.ps1'
[0.818s] INFO:colcon.colcon_core.shell:Creating package descriptor '/home/smr/ros2_self_driving_robot/install/robot_navigation/share/robot_navigation/package.dsv'
[0.819s] INFO:colcon.colcon_core.shell:Creating package script '/home/smr/ros2_self_driving_robot/install/robot_navigation/share/robot_navigation/package.sh'
[0.820s] DEBUG:colcon.colcon_core.event_handler.log_command:Invoked command in '/home/smr/ros2_self_driving_robot/build/robot_navigation' returned '0': CMAKE_PREFIX_PATH=${CMAKE_PREFIX_PATH}:/opt/ros/humble /usr/bin/cmake --install /home/smr/ros2_self_driving_robot/build/robot_navigation
[0.820s] INFO:colcon.colcon_core.shell:Creating package script '/home/smr/ros2_self_driving_robot/install/robot_navigation/share/robot_navigation/package.bash'
[0.821s] INFO:colcon.colcon_core.shell:Creating package script '/home/smr/ros2_self_driving_robot/install/robot_navigation/share/robot_navigation/package.zsh'
[0.821s] Level 1:colcon.colcon_core.environment:create_file_with_runtime_dependencies(/home/smr/ros2_self_driving_robot/install/robot_navigation/share/colcon-core/packages/robot_navigation)
[0.824s] Level 1:colcon.colcon_core.environment:create_environment_scripts_only(robot_description)
[0.826s] Level 1:colcon.colcon_core.environment:checking '/home/smr/ros2_self_driving_robot/install/robot_description' for CMake module files
[0.828s] DEBUG:colcon.colcon_core.event_handler.log_command:Invoked command in '/home/smr/ros2_self_driving_robot/build/robot_description' returned '0': CMAKE_PREFIX_PATH=${CMAKE_PREFIX_PATH}:/opt/ros/humble /usr/bin/cmake --install /home/smr/ros2_self_driving_robot/build/robot_description
[0.830s] Level 1:colcon.colcon_core.environment:checking '/home/smr/ros2_self_driving_robot/install/robot_description' for CMake config files
[0.830s] Level 1:colcon.colcon_core.shell:create_environment_hook('robot_description', 'cmake_prefix_path')
[0.831s] INFO:colcon.colcon_core.shell:Creating environment hook '/home/smr/ros2_self_driving_robot/install/robot_description/share/robot_description/hook/cmake_prefix_path.ps1'
[0.831s] INFO:colcon.colcon_core.shell:Creating environment descriptor '/home/smr/ros2_self_driving_robot/install/robot_description/share/robot_description/hook/cmake_prefix_path.dsv'
[0.833s] INFO:colcon.colcon_core.shell:Creating environment hook '/home/smr/ros2_self_driving_robot/install/robot_description/share/robot_description/hook/cmake_prefix_path.sh'
[0.834s] Level 1:colcon.colcon_core.environment:checking '/home/smr/ros2_self_driving_robot/install/robot_description/bin'
[0.835s] Level 1:colcon.colcon_core.environment:checking '/home/smr/ros2_self_driving_robot/install/robot_description/lib/pkgconfig/robot_description.pc'
[0.835s] Level 1:colcon.colcon_core.environment:checking '/home/smr/ros2_self_driving_robot/install/robot_description/lib/python3.10/site-packages'
[0.835s] Level 1:colcon.colcon_core.environment:checking '/home/smr/ros2_self_driving_robot/install/robot_description/bin'
[0.836s] INFO:colcon.colcon_core.shell:Creating package script '/home/smr/ros2_self_driving_robot/install/robot_description/share/robot_description/package.ps1'
[0.836s] INFO:colcon.colcon_core.shell:Creating package descriptor '/home/smr/ros2_self_driving_robot/install/robot_description/share/robot_description/package.dsv'
[0.837s] INFO:colcon.colcon_core.shell:Creating package script '/home/smr/ros2_self_driving_robot/install/robot_description/share/robot_description/package.sh'
[0.838s] INFO:colcon.colcon_core.shell:Creating package script '/home/smr/ros2_self_driving_robot/install/robot_description/share/robot_description/package.bash'
[0.838s] INFO:colcon.colcon_core.shell:Creating package script '/home/smr/ros2_self_driving_robot/install/robot_description/share/robot_description/package.zsh'
[0.838s] Level 1:colcon.colcon_core.environment:create_file_with_runtime_dependencies(/home/smr/ros2_self_driving_robot/install/robot_description/share/colcon-core/packages/robot_description)
[0.850s] Level 1:colcon.colcon_core.environment:create_environment_scripts_only(robot_bringup)
[0.851s] Level 1:colcon.colcon_core.environment:checking '/home/smr/ros2_self_driving_robot/install/robot_bringup' for CMake module files
[0.851s] Level 1:colcon.colcon_core.environment:checking '/home/smr/ros2_self_driving_robot/install/robot_bringup' for CMake config files
[0.852s] Level 1:colcon.colcon_core.shell:create_environment_hook('robot_bringup', 'cmake_prefix_path')
[0.852s] INFO:colcon.colcon_core.shell:Creating environment hook '/home/smr/ros2_self_driving_robot/install/robot_bringup/share/robot_bringup/hook/cmake_prefix_path.ps1'
[0.853s] INFO:colcon.colcon_core.shell:Creating environment descriptor '/home/smr/ros2_self_driving_robot/install/robot_bringup/share/robot_bringup/hook/cmake_prefix_path.dsv'
[0.853s] INFO:colcon.colcon_core.shell:Creating environment hook '/home/smr/ros2_self_driving_robot/install/robot_bringup/share/robot_bringup/hook/cmake_prefix_path.sh'
[0.854s] Level 1:colcon.colcon_core.environment:checking '/home/smr/ros2_self_driving_robot/install/robot_bringup/bin'
[0.855s] Level 1:colcon.colcon_core.environment:checking '/home/smr/ros2_self_driving_robot/install/robot_bringup/lib/pkgconfig/robot_bringup.pc'
[0.855s] Level 1:colcon.colcon_core.environment:checking '/home/smr/ros2_self_driving_robot/install/robot_bringup/lib/python3.10/site-packages'
[0.855s] Level 1:colcon.colcon_core.environment:checking '/home/smr/ros2_self_driving_robot/install/robot_bringup/bin'
[0.856s] INFO:colcon.colcon_core.shell:Creating package script '/home/smr/ros2_self_driving_robot/install/robot_bringup/share/robot_bringup/package.ps1'
[0.857s] INFO:colcon.colcon_core.shell:Creating package descriptor '/home/smr/ros2_self_driving_robot/install/robot_bringup/share/robot_bringup/package.dsv'
[0.858s] INFO:colcon.colcon_core.shell:Creating package script '/home/smr/ros2_self_driving_robot/install/robot_bringup/share/robot_bringup/package.sh'
[0.858s] INFO:colcon.colcon_core.shell:Creating package script '/home/smr/ros2_self_driving_robot/install/robot_bringup/share/robot_bringup/package.bash'
[0.859s] INFO:colcon.colcon_core.shell:Creating package script '/home/smr/ros2_self_driving_robot/install/robot_bringup/share/robot_bringup/package.zsh'
[0.859s] Level 1:colcon.colcon_core.environment:create_file_with_runtime_dependencies(/home/smr/ros2_self_driving_robot/install/robot_bringup/share/colcon-core/packages/robot_bringup)
[0.861s] Level 1:colcon.colcon_core.environment:create_environment_scripts_only(robot_navigation)
[0.861s] Level 1:colcon.colcon_core.environment:checking '/home/smr/ros2_self_driving_robot/install/robot_navigation' for CMake module files
[0.862s] Level 1:colcon.colcon_core.environment:checking '/home/smr/ros2_self_driving_robot/install/robot_navigation' for CMake config files
[0.862s] Level 1:colcon.colcon_core.shell:create_environment_hook('robot_navigation', 'cmake_prefix_path')
[0.863s] INFO:colcon.colcon_core.shell:Creating environment hook '/home/smr/ros2_self_driving_robot/install/robot_navigation/share/robot_navigation/hook/cmake_prefix_path.ps1'
[0.864s] INFO:colcon.colcon_core.shell:Creating environment descriptor '/home/smr/ros2_self_driving_robot/install/robot_navigation/share/robot_navigation/hook/cmake_prefix_path.dsv'
[0.864s] INFO:colcon.colcon_core.shell:Creating environment hook '/home/smr/ros2_self_driving_robot/install/robot_navigation/share/robot_navigation/hook/cmake_prefix_path.sh'
[0.865s] Level 1:colcon.colcon_core.environment:checking '/home/smr/ros2_self_driving_robot/install/robot_navigation/bin'
[0.865s] Level 1:colcon.colcon_core.environment:checking '/home/smr/ros2_self_driving_robot/install/robot_navigation/lib/pkgconfig/robot_navigation.pc'
[0.865s] Level 1:colcon.colcon_core.environment:checking '/home/smr/ros2_self_driving_robot/install/robot_navigation/lib/python3.10/site-packages'
[0.866s] Level 1:colcon.colcon_core.environment:checking '/home/smr/ros2_self_driving_robot/install/robot_navigation/bin'
[0.866s] INFO:colcon.colcon_core.shell:Creating package script '/home/smr/ros2_self_driving_robot/install/robot_navigation/share/robot_navigation/package.ps1'
[0.867s] INFO:colcon.colcon_core.shell:Creating package descriptor '/home/smr/ros2_self_driving_robot/install/robot_navigation/share/robot_navigation/package.dsv'
[0.868s] INFO:colcon.colcon_core.shell:Creating package script '/home/smr/ros2_self_driving_robot/install/robot_navigation/share/robot_navigation/package.sh'
[0.869s] INFO:colcon.colcon_core.shell:Creating package script '/home/smr/ros2_self_driving_robot/install/robot_navigation/share/robot_navigation/package.bash'
[0.869s] INFO:colcon.colcon_core.shell:Creating package script '/home/smr/ros2_self_driving_robot/install/robot_navigation/share/robot_navigation/package.zsh'
[0.870s] Level 1:colcon.colcon_core.environment:create_file_with_runtime_dependencies(/home/smr/ros2_self_driving_robot/install/robot_navigation/share/colcon-core/packages/robot_navigation)
[0.885s] DEBUG:colcon.colcon_core.event_handler.log_command:Invoked command in '/home/smr/ros2_self_driving_robot/build/sllidar_ros2' returned '0': CMAKE_PREFIX_PATH=${CMAKE_PREFIX_PATH}:/opt/ros/humble /usr/bin/cmake --build /home/smr/ros2_self_driving_robot/build/sllidar_ros2 -- -j8 -l8
[0.897s] Level 1:colcon.colcon_core.environment:create_environment_scripts_only(robot_description)
[0.897s] Level 1:colcon.colcon_core.environment:checking '/home/smr/ros2_self_driving_robot/install/robot_description' for CMake module files
[0.898s] Level 1:colcon.colcon_core.environment:checking '/home/smr/ros2_self_driving_robot/install/robot_description' for CMake config files
[0.898s] Level 1:colcon.colcon_core.shell:create_environment_hook('robot_description', 'cmake_prefix_path')
[0.898s] INFO:colcon.colcon_core.shell:Creating environment hook '/home/smr/ros2_self_driving_robot/install/robot_description/share/robot_description/hook/cmake_prefix_path.ps1'
[0.899s] INFO:colcon.colcon_core.shell:Creating environment descriptor '/home/smr/ros2_self_driving_robot/install/robot_description/share/robot_description/hook/cmake_prefix_path.dsv'
[0.900s] INFO:colcon.colcon_core.shell:Creating environment hook '/home/smr/ros2_self_driving_robot/install/robot_description/share/robot_description/hook/cmake_prefix_path.sh'
[0.900s] Level 1:colcon.colcon_core.environment:checking '/home/smr/ros2_self_driving_robot/install/robot_description/bin'
[0.901s] Level 1:colcon.colcon_core.environment:checking '/home/smr/ros2_self_driving_robot/install/robot_description/lib/pkgconfig/robot_description.pc'
[0.901s] Level 1:colcon.colcon_core.environment:checking '/home/smr/ros2_self_driving_robot/install/robot_description/lib/python3.10/site-packages'
[0.901s] Level 1:colcon.colcon_core.environment:checking '/home/smr/ros2_self_driving_robot/install/robot_description/bin'
[0.902s] INFO:colcon.colcon_core.shell:Creating package script '/home/smr/ros2_self_driving_robot/install/robot_description/share/robot_description/package.ps1'
[0.902s] INFO:colcon.colcon_core.shell:Creating package descriptor '/home/smr/ros2_self_driving_robot/install/robot_description/share/robot_description/package.dsv'
[0.903s] INFO:colcon.colcon_core.shell:Creating package script '/home/smr/ros2_self_driving_robot/install/robot_description/share/robot_description/package.sh'
[0.904s] INFO:colcon.colcon_core.shell:Creating package script '/home/smr/ros2_self_driving_robot/install/robot_description/share/robot_description/package.bash'
[0.905s] INFO:colcon.colcon_core.shell:Creating package script '/home/smr/ros2_self_driving_robot/install/robot_description/share/robot_description/package.zsh'
[0.906s] Level 1:colcon.colcon_core.environment:create_file_with_runtime_dependencies(/home/smr/ros2_self_driving_robot/install/robot_description/share/colcon-core/packages/robot_description)
[1.019s] DEBUG:colcon.colcon_core.event_handler.log_command:Invoking command in '/home/smr/ros2_self_driving_robot/build/sllidar_ros2': CMAKE_PREFIX_PATH=${CMAKE_PREFIX_PATH}:/opt/ros/humble /usr/bin/cmake --install /home/smr/ros2_self_driving_robot/build/sllidar_ros2
[1.063s] Level 1:colcon.colcon_core.environment:create_environment_scripts_only(sllidar_ros2)
[1.063s] Level 1:colcon.colcon_core.environment:checking '/home/smr/ros2_self_driving_robot/install/sllidar_ros2' for CMake module files
[1.070s] DEBUG:colcon.colcon_core.event_handler.log_command:Invoked command in '/home/smr/ros2_self_driving_robot/build/sllidar_ros2' returned '0': CMAKE_PREFIX_PATH=${CMAKE_PREFIX_PATH}:/opt/ros/humble /usr/bin/cmake --install /home/smr/ros2_self_driving_robot/build/sllidar_ros2
[1.075s] Level 1:colcon.colcon_core.environment:checking '/home/smr/ros2_self_driving_robot/install/sllidar_ros2' for CMake config files
[1.075s] Level 1:colcon.colcon_core.shell:create_environment_hook('sllidar_ros2', 'cmake_prefix_path')
[1.076s] INFO:colcon.colcon_core.shell:Creating environment hook '/home/smr/ros2_self_driving_robot/install/sllidar_ros2/share/sllidar_ros2/hook/cmake_prefix_path.ps1'
[1.079s] INFO:colcon.colcon_core.shell:Creating environment descriptor '/home/smr/ros2_self_driving_robot/install/sllidar_ros2/share/sllidar_ros2/hook/cmake_prefix_path.dsv'
[1.079s] INFO:colcon.colcon_core.shell:Creating environment hook '/home/smr/ros2_self_driving_robot/install/sllidar_ros2/share/sllidar_ros2/hook/cmake_prefix_path.sh'
[1.080s] Level 1:colcon.colcon_core.environment:checking '/home/smr/ros2_self_driving_robot/install/sllidar_ros2/lib'
[1.080s] Level 1:colcon.colcon_core.environment:checking '/home/smr/ros2_self_driving_robot/install/sllidar_ros2/bin'
[1.081s] Level 1:colcon.colcon_core.environment:checking '/home/smr/ros2_self_driving_robot/install/sllidar_ros2/lib/pkgconfig/sllidar_ros2.pc'
[1.081s] Level 1:colcon.colcon_core.environment:checking '/home/smr/ros2_self_driving_robot/install/sllidar_ros2/lib/python3.10/site-packages'
[1.081s] Level 1:colcon.colcon_core.environment:checking '/home/smr/ros2_self_driving_robot/install/sllidar_ros2/bin'
[1.082s] INFO:colcon.colcon_core.shell:Creating package script '/home/smr/ros2_self_driving_robot/install/sllidar_ros2/share/sllidar_ros2/package.ps1'
[1.082s] INFO:colcon.colcon_core.shell:Creating package descriptor '/home/smr/ros2_self_driving_robot/install/sllidar_ros2/share/sllidar_ros2/package.dsv'
[1.083s] INFO:colcon.colcon_core.shell:Creating package script '/home/smr/ros2_self_driving_robot/install/sllidar_ros2/share/sllidar_ros2/package.sh'
[1.083s] INFO:colcon.colcon_core.shell:Creating package script '/home/smr/ros2_self_driving_robot/install/sllidar_ros2/share/sllidar_ros2/package.bash'
[1.084s] INFO:colcon.colcon_core.shell:Creating package script '/home/smr/ros2_self_driving_robot/install/sllidar_ros2/share/sllidar_ros2/package.zsh'
[1.084s] Level 1:colcon.colcon_core.environment:create_file_with_runtime_dependencies(/home/smr/ros2_self_driving_robot/install/sllidar_ros2/share/colcon-core/packages/sllidar_ros2)
[1.285s] Level 1:colcon.colcon_core.environment:create_environment_scripts_only(sllidar_ros2)
[1.285s] Level 1:colcon.colcon_core.environment:checking '/home/smr/ros2_self_driving_robot/install/sllidar_ros2' for CMake module files
[1.286s] Level 1:colcon.colcon_core.environment:checking '/home/smr/ros2_self_driving_robot/install/sllidar_ros2' for CMake config files
[1.286s] Level 1:colcon.colcon_core.shell:create_environment_hook('sllidar_ros2', 'cmake_prefix_path')
[1.286s] INFO:colcon.colcon_core.shell:Creating environment hook '/home/smr/ros2_self_driving_robot/install/sllidar_ros2/share/sllidar_ros2/hook/cmake_prefix_path.ps1'
[1.287s] INFO:colcon.colcon_core.shell:Creating environment descriptor '/home/smr/ros2_self_driving_robot/install/sllidar_ros2/share/sllidar_ros2/hook/cmake_prefix_path.dsv'
[1.287s] INFO:colcon.colcon_core.shell:Creating environment hook '/home/smr/ros2_self_driving_robot/install/sllidar_ros2/share/sllidar_ros2/hook/cmake_prefix_path.sh'
[1.288s] Level 1:colcon.colcon_core.environment:checking '/home/smr/ros2_self_driving_robot/install/sllidar_ros2/lib'
[1.288s] Level 1:colcon.colcon_core.environment:checking '/home/smr/ros2_self_driving_robot/install/sllidar_ros2/bin'
[1.288s] Level 1:colcon.colcon_core.environment:checking '/home/smr/ros2_self_driving_robot/install/sllidar_ros2/lib/pkgconfig/sllidar_ros2.pc'
[1.289s] Level 1:colcon.colcon_core.environment:checking '/home/smr/ros2_self_driving_robot/install/sllidar_ros2/lib/python3.10/site-packages'
[1.289s] Level 1:colcon.colcon_core.environment:checking '/home/smr/ros2_self_driving_robot/install/sllidar_ros2/bin'
[1.289s] INFO:colcon.colcon_core.shell:Creating package script '/home/smr/ros2_self_driving_robot/install/sllidar_ros2/share/sllidar_ros2/package.ps1'
[1.290s] INFO:colcon.colcon_core.shell:Creating package descriptor '/home/smr/ros2_self_driving_robot/install/sllidar_ros2/share/sllidar_ros2/package.dsv'
[1.290s] INFO:colcon.colcon_core.shell:Creating package script '/home/smr/ros2_self_driving_robot/install/sllidar_ros2/share/sllidar_ros2/package.sh'
[1.291s] INFO:colcon.colcon_core.shell:Creating package script '/home/smr/ros2_self_driving_robot/install/sllidar_ros2/share/sllidar_ros2/package.bash'
[1.291s] INFO:colcon.colcon_core.shell:Creating package script '/home/smr/ros2_self_driving_robot/install/sllidar_ros2/share/sllidar_ros2/package.zsh'
[1.293s] Level 1:colcon.colcon_core.environment:create_file_with_runtime_dependencies(/home/smr/ros2_self_driving_robot/install/sllidar_ros2/share/colcon-core/packages/sllidar_ros2)
[1.293s] DEBUG:colcon.colcon_parallel_executor.executor.parallel:closing loop
[1.294s] DEBUG:colcon.colcon_parallel_executor.executor.parallel:loop closed
[1.294s] DEBUG:colcon.colcon_parallel_executor.executor.parallel:run_until_complete finished with '0'
[1.294s] DEBUG:colcon.colcon_core.event_reactor:joining thread
[1.324s] INFO:colcon.colcon_core.plugin_system:Skipping extension 'colcon_notification.desktop_notification.terminal_notifier': Not used on non-Darwin systems
[1.324s] INFO:colcon.colcon_core.plugin_system:Skipping extension 'colcon_notification.desktop_notification.win32': Not used on non-Windows systems
[1.324s] INFO:colcon.colcon_notification.desktop_notification:Sending desktop notification using 'notify2'
[1.342s] DEBUG:colcon.colcon_core.event_reactor:joined thread
[1.342s] INFO:colcon.colcon_core.shell:Creating prefix script '/home/smr/ros2_self_driving_robot/install/local_setup.ps1'
[1.344s] INFO:colcon.colcon_core.shell:Creating prefix util module '/home/smr/ros2_self_driving_robot/install/_local_setup_util_ps1.py'
[1.346s] INFO:colcon.colcon_core.shell:Creating prefix chain script '/home/smr/ros2_self_driving_robot/install/setup.ps1'
[1.348s] INFO:colcon.colcon_core.shell:Creating prefix script '/home/smr/ros2_self_driving_robot/install/local_setup.sh'
[1.349s] INFO:colcon.colcon_core.shell:Creating prefix util module '/home/smr/ros2_self_driving_robot/install/_local_setup_util_sh.py'
[1.351s] INFO:colcon.colcon_core.shell:Creating prefix chain script '/home/smr/ros2_self_driving_robot/install/setup.sh'
[1.354s] INFO:colcon.colcon_core.shell:Creating prefix script '/home/smr/ros2_self_driving_robot/install/local_setup.bash'
[1.356s] INFO:colcon.colcon_core.shell:Creating prefix chain script '/home/smr/ros2_self_driving_robot/install/setup.bash'
[1.358s] INFO:colcon.colcon_core.shell:Creating prefix script '/home/smr/ros2_self_driving_robot/install/local_setup.zsh'
[1.359s] INFO:colcon.colcon_core.shell:Creating prefix chain script '/home/smr/ros2_self_driving_robot/install/setup.zsh'
