[0.016s] Invoking command in '/home/p_rawicht/bb_ws/build/my_package': CMAKE_PREFIX_PATH=/opt/ros/humble /usr/bin/cmake /home/p_rawicht/bb_ws/src/my_package -DCMAKE_INSTALL_PREFIX=/home/p_rawicht/bb_ws/install/my_package
[0.111s] -- The C compiler identification is GNU 11.4.0
[0.470s] -- The CXX compiler identification is GNU 11.4.0
[0.719s] -- Detecting C compiler ABI info
[0.824s] -- Detecting C compiler ABI info - done
[0.829s] -- Check for working C compiler: /usr/bin/cc - skipped
[0.830s] -- Detecting C compile features
[0.830s] -- Detecting C compile features - done
[0.832s] -- Detecting CXX compiler ABI info
[0.931s] -- Detecting CXX compiler ABI info - done
[0.936s] -- Check for working CXX compiler: /usr/bin/c++ - skipped
[0.936s] -- Detecting CXX compile features
[0.937s] -- Detecting CXX compile features - done
[0.938s] -- Found ament_cmake: 1.3.8 (/opt/ros/humble/share/ament_cmake/cmake)
[1.044s] -- Found Python3: /usr/bin/python3 (found version "3.10.12") found components: Interpreter 
[1.107s] -- Found ament_lint_auto: 0.12.10 (/opt/ros/humble/share/ament_lint_auto/cmake)
[1.161s] -- Added test 'lint_cmake' to check CMake code style
[1.161s] -- Added test 'xmllint' to check XML markup files
[1.162s] -- Configuring done
[1.165s] -- Generating done
[1.167s] -- Build files have been written to: /home/p_rawicht/bb_ws/build/my_package
[1.171s] Invoked command in '/home/p_rawicht/bb_ws/build/my_package' returned '0': CMAKE_PREFIX_PATH=/opt/ros/humble /usr/bin/cmake /home/p_rawicht/bb_ws/src/my_package -DCMAKE_INSTALL_PREFIX=/home/p_rawicht/bb_ws/install/my_package
[1.172s] Invoking command in '/home/p_rawicht/bb_ws/build/my_package': CMAKE_PREFIX_PATH=/opt/ros/humble /usr/bin/cmake --build /home/p_rawicht/bb_ws/build/my_package -- -j20 -l20
[1.190s] Invoked command in '/home/p_rawicht/bb_ws/build/my_package' returned '0': CMAKE_PREFIX_PATH=/opt/ros/humble /usr/bin/cmake --build /home/p_rawicht/bb_ws/build/my_package -- -j20 -l20
[1.211s] Invoking command in '/home/p_rawicht/bb_ws/build/my_package': CMAKE_PREFIX_PATH=/opt/ros/humble /usr/bin/cmake --install /home/p_rawicht/bb_ws/build/my_package
[1.216s] -- Install configuration: ""
[1.217s] -- Installing: /home/p_rawicht/bb_ws/install/my_package/share/ament_index/resource_index/package_run_dependencies/my_package
[1.217s] -- Installing: /home/p_rawicht/bb_ws/install/my_package/share/ament_index/resource_index/parent_prefix_path/my_package
[1.218s] -- Installing: /home/p_rawicht/bb_ws/install/my_package/share/my_package/environment/ament_prefix_path.sh
[1.218s] -- Installing: /home/p_rawicht/bb_ws/install/my_package/share/my_package/environment/ament_prefix_path.dsv
[1.218s] -- Installing: /home/p_rawicht/bb_ws/install/my_package/share/my_package/environment/path.sh
[1.218s] -- Installing: /home/p_rawicht/bb_ws/install/my_package/share/my_package/environment/path.dsv
[1.218s] -- Installing: /home/p_rawicht/bb_ws/install/my_package/share/my_package/local_setup.bash
[1.219s] -- Installing: /home/p_rawicht/bb_ws/install/my_package/share/my_package/local_setup.sh
[1.219s] -- Installing: /home/p_rawicht/bb_ws/install/my_package/share/my_package/local_setup.zsh
[1.219s] -- Installing: /home/p_rawicht/bb_ws/install/my_package/share/my_package/local_setup.dsv
[1.220s] -- Installing: /home/p_rawicht/bb_ws/install/my_package/share/my_package/package.dsv
[1.220s] -- Installing: /home/p_rawicht/bb_ws/install/my_package/share/ament_index/resource_index/packages/my_package
[1.220s] -- Installing: /home/p_rawicht/bb_ws/install/my_package/share/my_package/cmake/my_packageConfig.cmake
[1.220s] -- Installing: /home/p_rawicht/bb_ws/install/my_package/share/my_package/cmake/my_packageConfig-version.cmake
[1.220s] -- Installing: /home/p_rawicht/bb_ws/install/my_package/share/my_package/package.xml
[1.223s] Invoked command in '/home/p_rawicht/bb_ws/build/my_package' returned '0': CMAKE_PREFIX_PATH=/opt/ros/humble /usr/bin/cmake --install /home/p_rawicht/bb_ws/build/my_package
