[0.558s] Invoking command in '/home/smr/ros2_self_driving_robot/build/robot_description': CMAKE_PREFIX_PATH=${CMAKE_PREFIX_PATH}:/home/smr/ros2_self_driving_robot/install/python_pkg /usr/bin/cmake --build /home/smr/ros2_self_driving_robot/build/robot_description -- -j8 -l8
[0.701s] Invoked command in '/home/smr/ros2_self_driving_robot/build/robot_description' returned '0': CMAKE_PREFIX_PATH=${CMAKE_PREFIX_PATH}:/home/smr/ros2_self_driving_robot/install/python_pkg /usr/bin/cmake --build /home/smr/ros2_self_driving_robot/build/robot_description -- -j8 -l8
[1.020s] Invoking command in '/home/smr/ros2_self_driving_robot/build/robot_description': CMAKE_PREFIX_PATH=${CMAKE_PREFIX_PATH}:/home/smr/ros2_self_driving_robot/install/python_pkg /usr/bin/cmake --install /home/smr/ros2_self_driving_robot/build/robot_description
[1.048s] -- Install configuration: ""
[1.048s] -- Up-to-date: /home/smr/ros2_self_driving_robot/install/robot_description/share/robot_description/launch
[1.048s] -- Up-to-date: /home/smr/ros2_self_driving_robot/install/robot_description/share/robot_description/launch/display.launch.py
[1.049s] -- Up-to-date: /home/smr/ros2_self_driving_robot/install/robot_description/share/robot_description/urdf
[1.049s] -- Up-to-date: /home/smr/ros2_self_driving_robot/install/robot_description/share/robot_description/urdf/bb_bot.urdf.xacro
[1.050s] -- Up-to-date: /home/smr/ros2_self_driving_robot/install/robot_description/share/robot_description/rviz
[1.050s] -- Up-to-date: /home/smr/ros2_self_driving_robot/install/robot_description/share/robot_description/rviz/display.rviz
[1.059s] -- Up-to-date: /home/smr/ros2_self_driving_robot/install/robot_description/share/ament_index/resource_index/package_run_dependencies/robot_description
[1.059s] -- Up-to-date: /home/smr/ros2_self_driving_robot/install/robot_description/share/ament_index/resource_index/parent_prefix_path/robot_description
[1.059s] -- Up-to-date: /home/smr/ros2_self_driving_robot/install/robot_description/share/robot_description/environment/ament_prefix_path.sh
[1.059s] -- Up-to-date: /home/smr/ros2_self_driving_robot/install/robot_description/share/robot_description/environment/ament_prefix_path.dsv
[1.059s] -- Up-to-date: /home/smr/ros2_self_driving_robot/install/robot_description/share/robot_description/environment/path.sh
[1.060s] -- Up-to-date: /home/smr/ros2_self_driving_robot/install/robot_description/share/robot_description/environment/path.dsv
[1.060s] -- Up-to-date: /home/smr/ros2_self_driving_robot/install/robot_description/share/robot_description/local_setup.bash
[1.060s] -- Up-to-date: /home/smr/ros2_self_driving_robot/install/robot_description/share/robot_description/local_setup.sh
[1.060s] -- Up-to-date: /home/smr/ros2_self_driving_robot/install/robot_description/share/robot_description/local_setup.zsh
[1.060s] -- Up-to-date: /home/smr/ros2_self_driving_robot/install/robot_description/share/robot_description/local_setup.dsv
[1.060s] -- Installing: /home/smr/ros2_self_driving_robot/install/robot_description/share/robot_description/package.dsv
[1.060s] -- Up-to-date: /home/smr/ros2_self_driving_robot/install/robot_description/share/ament_index/resource_index/packages/robot_description
[1.060s] -- Up-to-date: /home/smr/ros2_self_driving_robot/install/robot_description/share/robot_description/cmake/robot_descriptionConfig.cmake
[1.060s] -- Up-to-date: /home/smr/ros2_self_driving_robot/install/robot_description/share/robot_description/cmake/robot_descriptionConfig-version.cmake
[1.060s] -- Up-to-date: /home/smr/ros2_self_driving_robot/install/robot_description/share/robot_description/package.xml
[1.144s] Invoked command in '/home/smr/ros2_self_driving_robot/build/robot_description' returned '0': CMAKE_PREFIX_PATH=${CMAKE_PREFIX_PATH}:/home/smr/ros2_self_driving_robot/install/python_pkg /usr/bin/cmake --install /home/smr/ros2_self_driving_robot/build/robot_description
