[0.067s] Invoking command in '/home/smr/ros2_self_driving_robot/build/micro_ros_msgs': CMAKE_PREFIX_PATH=/opt/ros/humble /usr/bin/cmake --build /home/smr/ros2_self_driving_robot/build/micro_ros_msgs -- -j8 -l8
[0.225s] [  2%] Built target micro_ros_msgs__cpp
[0.240s] [ 12%] Built target micro_ros_msgs__rosidl_generator_c
[0.328s] [ 23%] Built target micro_ros_msgs__rosidl_typesupport_c
[0.328s] [ 34%] Built target micro_ros_msgs__rosidl_typesupport_cpp
[0.330s] [ 44%] Built target micro_ros_msgs__rosidl_typesupport_introspection_cpp
[0.330s] [ 55%] Built target micro_ros_msgs__rosidl_typesupport_fastrtps_cpp
[0.330s] [ 65%] Built target micro_ros_msgs__rosidl_typesupport_introspection_c
[0.331s] [ 65%] Built target ament_cmake_python_copy_micro_ros_msgs
[0.331s] [ 76%] Built target micro_ros_msgs__rosidl_typesupport_fastrtps_c
[0.373s] [ 76%] Built target micro_ros_msgs
[0.441s] [ 78%] Built target micro_ros_msgs__py
[0.504s] [ 87%] Built target micro_ros_msgs__rosidl_generator_py
[0.541s] [ 91%] Built target micro_ros_msgs__rosidl_typesupport_fastrtps_c__pyext
[0.569s] [ 95%] Built target micro_ros_msgs__rosidl_typesupport_introspection_c__pyext
[0.582s] [100%] Built target micro_ros_msgs__rosidl_typesupport_c__pyext
[0.702s] running egg_info
[0.703s] writing micro_ros_msgs.egg-info/PKG-INFO
[0.704s] writing dependency_links to micro_ros_msgs.egg-info/dependency_links.txt
[0.704s] writing top-level names to micro_ros_msgs.egg-info/top_level.txt
[0.708s] reading manifest file 'micro_ros_msgs.egg-info/SOURCES.txt'
[0.709s] writing manifest file 'micro_ros_msgs.egg-info/SOURCES.txt'
[0.787s] [100%] Built target ament_cmake_python_build_micro_ros_msgs_egg
[0.822s] Invoked command in '/home/smr/ros2_self_driving_robot/build/micro_ros_msgs' returned '0': CMAKE_PREFIX_PATH=/opt/ros/humble /usr/bin/cmake --build /home/smr/ros2_self_driving_robot/build/micro_ros_msgs -- -j8 -l8
[1.114s] Invoking command in '/home/smr/ros2_self_driving_robot/build/micro_ros_msgs': CMAKE_PREFIX_PATH=/opt/ros/humble /usr/bin/cmake --install /home/smr/ros2_self_driving_robot/build/micro_ros_msgs
[1.151s] -- Install configuration: ""
[1.151s] -- Up-to-date: /home/smr/ros2_self_driving_robot/install/micro_ros_msgs/share/ament_index/resource_index/rosidl_interfaces/micro_ros_msgs
[1.152s] -- Up-to-date: /home/smr/ros2_self_driving_robot/install/micro_ros_msgs/include/micro_ros_msgs/micro_ros_msgs
[1.152s] -- Up-to-date: /home/smr/ros2_self_driving_robot/install/micro_ros_msgs/include/micro_ros_msgs/micro_ros_msgs/msg
[1.152s] -- Up-to-date: /home/smr/ros2_self_driving_robot/install/micro_ros_msgs/include/micro_ros_msgs/micro_ros_msgs/msg/node.h
[1.152s] -- Up-to-date: /home/smr/ros2_self_driving_robot/install/micro_ros_msgs/include/micro_ros_msgs/micro_ros_msgs/msg/graph.h
[1.152s] -- Up-to-date: /home/smr/ros2_self_driving_robot/install/micro_ros_msgs/include/micro_ros_msgs/micro_ros_msgs/msg/rosidl_generator_c__visibility_control.h
[1.152s] -- Up-to-date: /home/smr/ros2_self_driving_robot/install/micro_ros_msgs/include/micro_ros_msgs/micro_ros_msgs/msg/entity.h
[1.152s] -- Up-to-date: /home/smr/ros2_self_driving_robot/install/micro_ros_msgs/include/micro_ros_msgs/micro_ros_msgs/msg/detail
[1.153s] -- Up-to-date: /home/smr/ros2_self_driving_robot/install/micro_ros_msgs/include/micro_ros_msgs/micro_ros_msgs/msg/detail/entity__functions.h
[1.153s] -- Up-to-date: /home/smr/ros2_self_driving_robot/install/micro_ros_msgs/include/micro_ros_msgs/micro_ros_msgs/msg/detail/node__functions.h
[1.153s] -- Up-to-date: /home/smr/ros2_self_driving_robot/install/micro_ros_msgs/include/micro_ros_msgs/micro_ros_msgs/msg/detail/graph__functions.h
[1.153s] -- Up-to-date: /home/smr/ros2_self_driving_robot/install/micro_ros_msgs/include/micro_ros_msgs/micro_ros_msgs/msg/detail/entity__type_support.h
[1.153s] -- Up-to-date: /home/smr/ros2_self_driving_robot/install/micro_ros_msgs/include/micro_ros_msgs/micro_ros_msgs/msg/detail/node__type_support.h
[1.153s] -- Up-to-date: /home/smr/ros2_self_driving_robot/install/micro_ros_msgs/include/micro_ros_msgs/micro_ros_msgs/msg/detail/entity__struct.h
[1.153s] -- Up-to-date: /home/smr/ros2_self_driving_robot/install/micro_ros_msgs/include/micro_ros_msgs/micro_ros_msgs/msg/detail/node__functions.c
[1.153s] -- Up-to-date: /home/smr/ros2_self_driving_robot/install/micro_ros_msgs/include/micro_ros_msgs/micro_ros_msgs/msg/detail/graph__struct.h
[1.154s] -- Up-to-date: /home/smr/ros2_self_driving_robot/install/micro_ros_msgs/include/micro_ros_msgs/micro_ros_msgs/msg/detail/graph__functions.c
[1.154s] -- Up-to-date: /home/smr/ros2_self_driving_robot/install/micro_ros_msgs/include/micro_ros_msgs/micro_ros_msgs/msg/detail/node__struct.h
[1.154s] -- Up-to-date: /home/smr/ros2_self_driving_robot/install/micro_ros_msgs/include/micro_ros_msgs/micro_ros_msgs/msg/detail/entity__functions.c
[1.154s] -- Up-to-date: /home/smr/ros2_self_driving_robot/install/micro_ros_msgs/include/micro_ros_msgs/micro_ros_msgs/msg/detail/graph__type_support.h
[1.154s] -- Up-to-date: /home/smr/ros2_self_driving_robot/install/micro_ros_msgs/share/micro_ros_msgs/environment/library_path.sh
[1.154s] -- Up-to-date: /home/smr/ros2_self_driving_robot/install/micro_ros_msgs/share/micro_ros_msgs/environment/library_path.dsv
[1.154s] -- Up-to-date: /home/smr/ros2_self_driving_robot/install/micro_ros_msgs/lib/libmicro_ros_msgs__rosidl_generator_c.so
[1.155s] -- Up-to-date: /home/smr/ros2_self_driving_robot/install/micro_ros_msgs/include/micro_ros_msgs/micro_ros_msgs
[1.155s] -- Up-to-date: /home/smr/ros2_self_driving_robot/install/micro_ros_msgs/include/micro_ros_msgs/micro_ros_msgs/msg
[1.155s] -- Up-to-date: /home/smr/ros2_self_driving_robot/install/micro_ros_msgs/include/micro_ros_msgs/micro_ros_msgs/msg/rosidl_typesupport_fastrtps_c__visibility_control.h
[1.156s] -- Up-to-date: /home/smr/ros2_self_driving_robot/install/micro_ros_msgs/include/micro_ros_msgs/micro_ros_msgs/msg/detail
[1.156s] -- Up-to-date: /home/smr/ros2_self_driving_robot/install/micro_ros_msgs/include/micro_ros_msgs/micro_ros_msgs/msg/detail/graph__rosidl_typesupport_fastrtps_c.h
[1.156s] -- Up-to-date: /home/smr/ros2_self_driving_robot/install/micro_ros_msgs/include/micro_ros_msgs/micro_ros_msgs/msg/detail/node__rosidl_typesupport_fastrtps_c.h
[1.156s] -- Up-to-date: /home/smr/ros2_self_driving_robot/install/micro_ros_msgs/include/micro_ros_msgs/micro_ros_msgs/msg/detail/entity__rosidl_typesupport_fastrtps_c.h
[1.156s] -- Up-to-date: /home/smr/ros2_self_driving_robot/install/micro_ros_msgs/lib/libmicro_ros_msgs__rosidl_typesupport_fastrtps_c.so
[1.157s] -- Up-to-date: /home/smr/ros2_self_driving_robot/install/micro_ros_msgs/include/micro_ros_msgs/micro_ros_msgs
[1.157s] -- Up-to-date: /home/smr/ros2_self_driving_robot/install/micro_ros_msgs/include/micro_ros_msgs/micro_ros_msgs/msg
[1.157s] -- Up-to-date: /home/smr/ros2_self_driving_robot/install/micro_ros_msgs/include/micro_ros_msgs/micro_ros_msgs/msg/rosidl_typesupport_introspection_c__visibility_control.h
[1.158s] -- Up-to-date: /home/smr/ros2_self_driving_robot/install/micro_ros_msgs/include/micro_ros_msgs/micro_ros_msgs/msg/detail
[1.162s] -- Up-to-date: /home/smr/ros2_self_driving_robot/install/micro_ros_msgs/include/micro_ros_msgs/micro_ros_msgs/msg/detail/entity__type_support.c
[1.163s] -- Up-to-date: /home/smr/ros2_self_driving_robot/install/micro_ros_msgs/include/micro_ros_msgs/micro_ros_msgs/msg/detail/node__type_support.c
[1.163s] -- Up-to-date: /home/smr/ros2_self_driving_robot/install/micro_ros_msgs/include/micro_ros_msgs/micro_ros_msgs/msg/detail/node__rosidl_typesupport_introspection_c.h
[1.164s] -- Up-to-date: /home/smr/ros2_self_driving_robot/install/micro_ros_msgs/include/micro_ros_msgs/micro_ros_msgs/msg/detail/graph__rosidl_typesupport_introspection_c.h
[1.164s] -- Up-to-date: /home/smr/ros2_self_driving_robot/install/micro_ros_msgs/include/micro_ros_msgs/micro_ros_msgs/msg/detail/entity__rosidl_typesupport_introspection_c.h
[1.165s] -- Up-to-date: /home/smr/ros2_self_driving_robot/install/micro_ros_msgs/include/micro_ros_msgs/micro_ros_msgs/msg/detail/graph__type_support.c
[1.165s] -- Up-to-date: /home/smr/ros2_self_driving_robot/install/micro_ros_msgs/lib/libmicro_ros_msgs__rosidl_typesupport_introspection_c.so
[1.165s] -- Up-to-date: /home/smr/ros2_self_driving_robot/install/micro_ros_msgs/lib/libmicro_ros_msgs__rosidl_typesupport_c.so
[1.166s] -- Up-to-date: /home/smr/ros2_self_driving_robot/install/micro_ros_msgs/include/micro_ros_msgs/micro_ros_msgs
[1.166s] -- Up-to-date: /home/smr/ros2_self_driving_robot/install/micro_ros_msgs/include/micro_ros_msgs/micro_ros_msgs/msg
[1.167s] -- Up-to-date: /home/smr/ros2_self_driving_robot/install/micro_ros_msgs/include/micro_ros_msgs/micro_ros_msgs/msg/graph.hpp
[1.168s] -- Up-to-date: /home/smr/ros2_self_driving_robot/install/micro_ros_msgs/include/micro_ros_msgs/micro_ros_msgs/msg/node.hpp
[1.168s] -- Up-to-date: /home/smr/ros2_self_driving_robot/install/micro_ros_msgs/include/micro_ros_msgs/micro_ros_msgs/msg/detail
[1.169s] -- Up-to-date: /home/smr/ros2_self_driving_robot/install/micro_ros_msgs/include/micro_ros_msgs/micro_ros_msgs/msg/detail/graph__builder.hpp
[1.169s] -- Up-to-date: /home/smr/ros2_self_driving_robot/install/micro_ros_msgs/include/micro_ros_msgs/micro_ros_msgs/msg/detail/node__struct.hpp
[1.169s] -- Up-to-date: /home/smr/ros2_self_driving_robot/install/micro_ros_msgs/include/micro_ros_msgs/micro_ros_msgs/msg/detail/node__builder.hpp
[1.170s] -- Up-to-date: /home/smr/ros2_self_driving_robot/install/micro_ros_msgs/include/micro_ros_msgs/micro_ros_msgs/msg/detail/node__traits.hpp
[1.170s] -- Up-to-date: /home/smr/ros2_self_driving_robot/install/micro_ros_msgs/include/micro_ros_msgs/micro_ros_msgs/msg/detail/entity__struct.hpp
[1.171s] -- Up-to-date: /home/smr/ros2_self_driving_robot/install/micro_ros_msgs/include/micro_ros_msgs/micro_ros_msgs/msg/detail/entity__builder.hpp
[1.171s] -- Up-to-date: /home/smr/ros2_self_driving_robot/install/micro_ros_msgs/include/micro_ros_msgs/micro_ros_msgs/msg/detail/graph__struct.hpp
[1.171s] -- Up-to-date: /home/smr/ros2_self_driving_robot/install/micro_ros_msgs/include/micro_ros_msgs/micro_ros_msgs/msg/detail/graph__traits.hpp
[1.172s] -- Up-to-date: /home/smr/ros2_self_driving_robot/install/micro_ros_msgs/include/micro_ros_msgs/micro_ros_msgs/msg/detail/entity__traits.hpp
[1.172s] -- Up-to-date: /home/smr/ros2_self_driving_robot/install/micro_ros_msgs/include/micro_ros_msgs/micro_ros_msgs/msg/entity.hpp
[1.173s] -- Up-to-date: /home/smr/ros2_self_driving_robot/install/micro_ros_msgs/include/micro_ros_msgs/micro_ros_msgs
[1.173s] -- Up-to-date: /home/smr/ros2_self_driving_robot/install/micro_ros_msgs/include/micro_ros_msgs/micro_ros_msgs/msg
[1.173s] -- Up-to-date: /home/smr/ros2_self_driving_robot/install/micro_ros_msgs/include/micro_ros_msgs/micro_ros_msgs/msg/rosidl_typesupport_fastrtps_cpp__visibility_control.h
[1.174s] -- Up-to-date: /home/smr/ros2_self_driving_robot/install/micro_ros_msgs/include/micro_ros_msgs/micro_ros_msgs/msg/detail
[1.174s] -- Up-to-date: /home/smr/ros2_self_driving_robot/install/micro_ros_msgs/include/micro_ros_msgs/micro_ros_msgs/msg/detail/graph__rosidl_typesupport_fastrtps_cpp.hpp
[1.174s] -- Up-to-date: /home/smr/ros2_self_driving_robot/install/micro_ros_msgs/include/micro_ros_msgs/micro_ros_msgs/msg/detail/node__rosidl_typesupport_fastrtps_cpp.hpp
[1.175s] -- Up-to-date: /home/smr/ros2_self_driving_robot/install/micro_ros_msgs/include/micro_ros_msgs/micro_ros_msgs/msg/detail/entity__rosidl_typesupport_fastrtps_cpp.hpp
[1.175s] -- Up-to-date: /home/smr/ros2_self_driving_robot/install/micro_ros_msgs/include/micro_ros_msgs/micro_ros_msgs/msg/detail/dds_fastrtps
[1.176s] -- Up-to-date: /home/smr/ros2_self_driving_robot/install/micro_ros_msgs/lib/libmicro_ros_msgs__rosidl_typesupport_fastrtps_cpp.so
[1.177s] -- Up-to-date: /home/smr/ros2_self_driving_robot/install/micro_ros_msgs/include/micro_ros_msgs/micro_ros_msgs
[1.177s] -- Up-to-date: /home/smr/ros2_self_driving_robot/install/micro_ros_msgs/include/micro_ros_msgs/micro_ros_msgs/msg
[1.177s] -- Up-to-date: /home/smr/ros2_self_driving_robot/install/micro_ros_msgs/include/micro_ros_msgs/micro_ros_msgs/msg/detail
[1.178s] -- Up-to-date: /home/smr/ros2_self_driving_robot/install/micro_ros_msgs/include/micro_ros_msgs/micro_ros_msgs/msg/detail/graph__type_support.cpp
[1.178s] -- Up-to-date: /home/smr/ros2_self_driving_robot/install/micro_ros_msgs/include/micro_ros_msgs/micro_ros_msgs/msg/detail/entity__type_support.cpp
[1.179s] -- Up-to-date: /home/smr/ros2_self_driving_robot/install/micro_ros_msgs/include/micro_ros_msgs/micro_ros_msgs/msg/detail/node__rosidl_typesupport_introspection_cpp.hpp
[1.179s] -- Up-to-date: /home/smr/ros2_self_driving_robot/install/micro_ros_msgs/include/micro_ros_msgs/micro_ros_msgs/msg/detail/graph__rosidl_typesupport_introspection_cpp.hpp
[1.179s] -- Up-to-date: /home/smr/ros2_self_driving_robot/install/micro_ros_msgs/include/micro_ros_msgs/micro_ros_msgs/msg/detail/entity__rosidl_typesupport_introspection_cpp.hpp
[1.180s] -- Up-to-date: /home/smr/ros2_self_driving_robot/install/micro_ros_msgs/include/micro_ros_msgs/micro_ros_msgs/msg/detail/node__type_support.cpp
[1.180s] -- Up-to-date: /home/smr/ros2_self_driving_robot/install/micro_ros_msgs/lib/libmicro_ros_msgs__rosidl_typesupport_introspection_cpp.so
[1.181s] -- Up-to-date: /home/smr/ros2_self_driving_robot/install/micro_ros_msgs/lib/libmicro_ros_msgs__rosidl_typesupport_cpp.so
[1.181s] -- Up-to-date: /home/smr/ros2_self_driving_robot/install/micro_ros_msgs/share/micro_ros_msgs/environment/pythonpath.sh
[1.181s] -- Up-to-date: /home/smr/ros2_self_driving_robot/install/micro_ros_msgs/share/micro_ros_msgs/environment/pythonpath.dsv
[1.182s] -- Up-to-date: /home/smr/ros2_self_driving_robot/install/micro_ros_msgs/local/lib/python3.10/dist-packages/micro_ros_msgs-3.0.1-py3.10.egg-info
[1.182s] -- Installing: /home/smr/ros2_self_driving_robot/install/micro_ros_msgs/local/lib/python3.10/dist-packages/micro_ros_msgs-3.0.1-py3.10.egg-info/SOURCES.txt
[1.183s] -- Installing: /home/smr/ros2_self_driving_robot/install/micro_ros_msgs/local/lib/python3.10/dist-packages/micro_ros_msgs-3.0.1-py3.10.egg-info/PKG-INFO
[1.183s] -- Installing: /home/smr/ros2_self_driving_robot/install/micro_ros_msgs/local/lib/python3.10/dist-packages/micro_ros_msgs-3.0.1-py3.10.egg-info/top_level.txt
[1.183s] -- Installing: /home/smr/ros2_self_driving_robot/install/micro_ros_msgs/local/lib/python3.10/dist-packages/micro_ros_msgs-3.0.1-py3.10.egg-info/dependency_links.txt
[1.184s] -- Up-to-date: /home/smr/ros2_self_driving_robot/install/micro_ros_msgs/local/lib/python3.10/dist-packages/micro_ros_msgs
[1.184s] -- Up-to-date: /home/smr/ros2_self_driving_robot/install/micro_ros_msgs/local/lib/python3.10/dist-packages/micro_ros_msgs/libmicro_ros_msgs__rosidl_generator_py.so
[1.184s] -- Up-to-date: /home/smr/ros2_self_driving_robot/install/micro_ros_msgs/local/lib/python3.10/dist-packages/micro_ros_msgs/msg
[1.185s] -- Up-to-date: /home/smr/ros2_self_driving_robot/install/micro_ros_msgs/local/lib/python3.10/dist-packages/micro_ros_msgs/msg/_entity.py
[1.185s] -- Up-to-date: /home/smr/ros2_self_driving_robot/install/micro_ros_msgs/local/lib/python3.10/dist-packages/micro_ros_msgs/msg/_graph_s.c
[1.185s] -- Up-to-date: /home/smr/ros2_self_driving_robot/install/micro_ros_msgs/local/lib/python3.10/dist-packages/micro_ros_msgs/msg/_entity_s.c
[1.186s] -- Up-to-date: /home/smr/ros2_self_driving_robot/install/micro_ros_msgs/local/lib/python3.10/dist-packages/micro_ros_msgs/msg/_graph.py
[1.186s] -- Up-to-date: /home/smr/ros2_self_driving_robot/install/micro_ros_msgs/local/lib/python3.10/dist-packages/micro_ros_msgs/msg/_node_s.c
[1.187s] -- Up-to-date: /home/smr/ros2_self_driving_robot/install/micro_ros_msgs/local/lib/python3.10/dist-packages/micro_ros_msgs/msg/__init__.py
[1.187s] -- Up-to-date: /home/smr/ros2_self_driving_robot/install/micro_ros_msgs/local/lib/python3.10/dist-packages/micro_ros_msgs/msg/_node.py
[1.187s] -- Up-to-date: /home/smr/ros2_self_driving_robot/install/micro_ros_msgs/local/lib/python3.10/dist-packages/micro_ros_msgs/_micro_ros_msgs_s.ep.rosidl_typesupport_c.c
[1.188s] -- Up-to-date: /home/smr/ros2_self_driving_robot/install/micro_ros_msgs/local/lib/python3.10/dist-packages/micro_ros_msgs/micro_ros_msgs_s__rosidl_typesupport_fastrtps_c.cpython-310-aarch64-linux-gnu.so
[1.188s] -- Up-to-date: /home/smr/ros2_self_driving_robot/install/micro_ros_msgs/local/lib/python3.10/dist-packages/micro_ros_msgs/_micro_ros_msgs_s.ep.rosidl_typesupport_introspection_c.c
[1.189s] -- Up-to-date: /home/smr/ros2_self_driving_robot/install/micro_ros_msgs/local/lib/python3.10/dist-packages/micro_ros_msgs/_micro_ros_msgs_s.ep.rosidl_typesupport_fastrtps_c.c
[1.189s] -- Up-to-date: /home/smr/ros2_self_driving_robot/install/micro_ros_msgs/local/lib/python3.10/dist-packages/micro_ros_msgs/__init__.py
[1.190s] -- Up-to-date: /home/smr/ros2_self_driving_robot/install/micro_ros_msgs/local/lib/python3.10/dist-packages/micro_ros_msgs/micro_ros_msgs_s__rosidl_typesupport_introspection_c.cpython-310-aarch64-linux-gnu.so
[1.191s] -- Up-to-date: /home/smr/ros2_self_driving_robot/install/micro_ros_msgs/local/lib/python3.10/dist-packages/micro_ros_msgs/micro_ros_msgs_s__rosidl_typesupport_c.cpython-310-aarch64-linux-gnu.so
[1.223s] Listing '/home/smr/ros2_self_driving_robot/install/micro_ros_msgs/local/lib/python3.10/dist-packages/micro_ros_msgs'...
[1.223s] Listing '/home/smr/ros2_self_driving_robot/install/micro_ros_msgs/local/lib/python3.10/dist-packages/micro_ros_msgs/msg'...
[1.233s] -- Up-to-date: /home/smr/ros2_self_driving_robot/install/micro_ros_msgs/local/lib/python3.10/dist-packages/micro_ros_msgs/micro_ros_msgs_s__rosidl_typesupport_fastrtps_c.cpython-310-aarch64-linux-gnu.so
[1.233s] -- Up-to-date: /home/smr/ros2_self_driving_robot/install/micro_ros_msgs/local/lib/python3.10/dist-packages/micro_ros_msgs/micro_ros_msgs_s__rosidl_typesupport_introspection_c.cpython-310-aarch64-linux-gnu.so
[1.234s] -- Up-to-date: /home/smr/ros2_self_driving_robot/install/micro_ros_msgs/local/lib/python3.10/dist-packages/micro_ros_msgs/micro_ros_msgs_s__rosidl_typesupport_c.cpython-310-aarch64-linux-gnu.so
[1.235s] -- Up-to-date: /home/smr/ros2_self_driving_robot/install/micro_ros_msgs/lib/libmicro_ros_msgs__rosidl_generator_py.so
[1.235s] -- Up-to-date: /home/smr/ros2_self_driving_robot/install/micro_ros_msgs/share/micro_ros_msgs/msg/Graph.idl
[1.236s] -- Up-to-date: /home/smr/ros2_self_driving_robot/install/micro_ros_msgs/share/micro_ros_msgs/msg/Node.idl
[1.236s] -- Up-to-date: /home/smr/ros2_self_driving_robot/install/micro_ros_msgs/share/micro_ros_msgs/msg/Entity.idl
[1.237s] -- Up-to-date: /home/smr/ros2_self_driving_robot/install/micro_ros_msgs/share/micro_ros_msgs/msg/Graph.msg
[1.237s] -- Up-to-date: /home/smr/ros2_self_driving_robot/install/micro_ros_msgs/share/micro_ros_msgs/msg/Node.msg
[1.238s] -- Up-to-date: /home/smr/ros2_self_driving_robot/install/micro_ros_msgs/share/micro_ros_msgs/msg/Entity.msg
[1.238s] -- Up-to-date: /home/smr/ros2_self_driving_robot/install/micro_ros_msgs/share/ament_index/resource_index/package_run_dependencies/micro_ros_msgs
[1.238s] -- Up-to-date: /home/smr/ros2_self_driving_robot/install/micro_ros_msgs/share/ament_index/resource_index/parent_prefix_path/micro_ros_msgs
[1.239s] -- Up-to-date: /home/smr/ros2_self_driving_robot/install/micro_ros_msgs/share/micro_ros_msgs/environment/ament_prefix_path.sh
[1.239s] -- Up-to-date: /home/smr/ros2_self_driving_robot/install/micro_ros_msgs/share/micro_ros_msgs/environment/ament_prefix_path.dsv
[1.240s] -- Up-to-date: /home/smr/ros2_self_driving_robot/install/micro_ros_msgs/share/micro_ros_msgs/environment/path.sh
[1.240s] -- Up-to-date: /home/smr/ros2_self_driving_robot/install/micro_ros_msgs/share/micro_ros_msgs/environment/path.dsv
[1.241s] -- Up-to-date: /home/smr/ros2_self_driving_robot/install/micro_ros_msgs/share/micro_ros_msgs/local_setup.bash
[1.241s] -- Up-to-date: /home/smr/ros2_self_driving_robot/install/micro_ros_msgs/share/micro_ros_msgs/local_setup.sh
[1.241s] -- Up-to-date: /home/smr/ros2_self_driving_robot/install/micro_ros_msgs/share/micro_ros_msgs/local_setup.zsh
[1.242s] -- Up-to-date: /home/smr/ros2_self_driving_robot/install/micro_ros_msgs/share/micro_ros_msgs/local_setup.dsv
[1.242s] -- Installing: /home/smr/ros2_self_driving_robot/install/micro_ros_msgs/share/micro_ros_msgs/package.dsv
[1.243s] -- Up-to-date: /home/smr/ros2_self_driving_robot/install/micro_ros_msgs/share/ament_index/resource_index/packages/micro_ros_msgs
[1.243s] -- Up-to-date: /home/smr/ros2_self_driving_robot/install/micro_ros_msgs/share/micro_ros_msgs/cmake/export_micro_ros_msgs__rosidl_generator_cExport.cmake
[1.244s] -- Up-to-date: /home/smr/ros2_self_driving_robot/install/micro_ros_msgs/share/micro_ros_msgs/cmake/export_micro_ros_msgs__rosidl_generator_cExport-noconfig.cmake
[1.244s] -- Up-to-date: /home/smr/ros2_self_driving_robot/install/micro_ros_msgs/share/micro_ros_msgs/cmake/export_micro_ros_msgs__rosidl_typesupport_fastrtps_cExport.cmake
[1.245s] -- Up-to-date: /home/smr/ros2_self_driving_robot/install/micro_ros_msgs/share/micro_ros_msgs/cmake/export_micro_ros_msgs__rosidl_typesupport_fastrtps_cExport-noconfig.cmake
[1.245s] -- Up-to-date: /home/smr/ros2_self_driving_robot/install/micro_ros_msgs/share/micro_ros_msgs/cmake/micro_ros_msgs__rosidl_typesupport_introspection_cExport.cmake
[1.246s] -- Up-to-date: /home/smr/ros2_self_driving_robot/install/micro_ros_msgs/share/micro_ros_msgs/cmake/micro_ros_msgs__rosidl_typesupport_introspection_cExport-noconfig.cmake
[1.246s] -- Up-to-date: /home/smr/ros2_self_driving_robot/install/micro_ros_msgs/share/micro_ros_msgs/cmake/micro_ros_msgs__rosidl_typesupport_cExport.cmake
[1.246s] -- Up-to-date: /home/smr/ros2_self_driving_robot/install/micro_ros_msgs/share/micro_ros_msgs/cmake/micro_ros_msgs__rosidl_typesupport_cExport-noconfig.cmake
[1.247s] -- Up-to-date: /home/smr/ros2_self_driving_robot/install/micro_ros_msgs/share/micro_ros_msgs/cmake/export_micro_ros_msgs__rosidl_generator_cppExport.cmake
[1.247s] -- Up-to-date: /home/smr/ros2_self_driving_robot/install/micro_ros_msgs/share/micro_ros_msgs/cmake/export_micro_ros_msgs__rosidl_typesupport_fastrtps_cppExport.cmake
[1.248s] -- Up-to-date: /home/smr/ros2_self_driving_robot/install/micro_ros_msgs/share/micro_ros_msgs/cmake/export_micro_ros_msgs__rosidl_typesupport_fastrtps_cppExport-noconfig.cmake
[1.249s] -- Up-to-date: /home/smr/ros2_self_driving_robot/install/micro_ros_msgs/share/micro_ros_msgs/cmake/micro_ros_msgs__rosidl_typesupport_introspection_cppExport.cmake
[1.250s] -- Up-to-date: /home/smr/ros2_self_driving_robot/install/micro_ros_msgs/share/micro_ros_msgs/cmake/micro_ros_msgs__rosidl_typesupport_introspection_cppExport-noconfig.cmake
[1.253s] -- Up-to-date: /home/smr/ros2_self_driving_robot/install/micro_ros_msgs/share/micro_ros_msgs/cmake/micro_ros_msgs__rosidl_typesupport_cppExport.cmake
[1.258s] -- Up-to-date: /home/smr/ros2_self_driving_robot/install/micro_ros_msgs/share/micro_ros_msgs/cmake/micro_ros_msgs__rosidl_typesupport_cppExport-noconfig.cmake
[1.259s] -- Up-to-date: /home/smr/ros2_self_driving_robot/install/micro_ros_msgs/share/micro_ros_msgs/cmake/export_micro_ros_msgs__rosidl_generator_pyExport.cmake
[1.260s] -- Up-to-date: /home/smr/ros2_self_driving_robot/install/micro_ros_msgs/share/micro_ros_msgs/cmake/export_micro_ros_msgs__rosidl_generator_pyExport-noconfig.cmake
[1.263s] -- Up-to-date: /home/smr/ros2_self_driving_robot/install/micro_ros_msgs/share/micro_ros_msgs/cmake/rosidl_cmake-extras.cmake
[1.264s] -- Up-to-date: /home/smr/ros2_self_driving_robot/install/micro_ros_msgs/share/micro_ros_msgs/cmake/ament_cmake_export_include_directories-extras.cmake
[1.264s] -- Up-to-date: /home/smr/ros2_self_driving_robot/install/micro_ros_msgs/share/micro_ros_msgs/cmake/ament_cmake_export_libraries-extras.cmake
[1.264s] -- Up-to-date: /home/smr/ros2_self_driving_robot/install/micro_ros_msgs/share/micro_ros_msgs/cmake/ament_cmake_export_targets-extras.cmake
[1.265s] -- Up-to-date: /home/smr/ros2_self_driving_robot/install/micro_ros_msgs/share/micro_ros_msgs/cmake/rosidl_cmake_export_typesupport_targets-extras.cmake
[1.265s] -- Up-to-date: /home/smr/ros2_self_driving_robot/install/micro_ros_msgs/share/micro_ros_msgs/cmake/ament_cmake_export_dependencies-extras.cmake
[1.266s] -- Up-to-date: /home/smr/ros2_self_driving_robot/install/micro_ros_msgs/share/micro_ros_msgs/cmake/rosidl_cmake_export_typesupport_libraries-extras.cmake
[1.266s] -- Up-to-date: /home/smr/ros2_self_driving_robot/install/micro_ros_msgs/share/micro_ros_msgs/cmake/micro_ros_msgsConfig.cmake
[1.266s] -- Up-to-date: /home/smr/ros2_self_driving_robot/install/micro_ros_msgs/share/micro_ros_msgs/cmake/micro_ros_msgsConfig-version.cmake
[1.267s] -- Up-to-date: /home/smr/ros2_self_driving_robot/install/micro_ros_msgs/share/micro_ros_msgs/package.xml
[1.267s] Invoked command in '/home/smr/ros2_self_driving_robot/build/micro_ros_msgs' returned '0': CMAKE_PREFIX_PATH=/opt/ros/humble /usr/bin/cmake --install /home/smr/ros2_self_driving_robot/build/micro_ros_msgs
