[0.054s] Invoking command in '/home/smr/ros2_self_driving_robot/build/micro_ros_msgs': CMAKE_PREFIX_PATH=${CMAKE_PREFIX_PATH}:/home/smr/ros2_self_driving_robot/install/python_pkg /usr/bin/cmake --build /home/smr/ros2_self_driving_robot/build/micro_ros_msgs -- -j8 -l8
[0.653s] [  2%] Built target micro_ros_msgs__cpp
[0.654s] [ 12%] Built target micro_ros_msgs__rosidl_generator_c
[0.654s] [ 12%] Built target ament_cmake_python_copy_micro_ros_msgs
[0.655s] [ 23%] Built target micro_ros_msgs__rosidl_typesupport_introspection_cpp
[0.655s] [ 44%] Built target micro_ros_msgs__rosidl_typesupport_introspection_c
[0.655s] [ 44%] Built target micro_ros_msgs__rosidl_typesupport_c
[0.656s] [ 55%] Built target micro_ros_msgs__rosidl_typesupport_cpp
[0.656s] [ 65%] Built target micro_ros_msgs__rosidl_typesupport_fastrtps_cpp
[0.657s] [ 76%] Built target micro_ros_msgs__rosidl_typesupport_fastrtps_c
[0.657s] [ 76%] Built target micro_ros_msgs
[0.657s] [ 78%] Built target micro_ros_msgs__py
[0.662s] [ 87%] Built target micro_ros_msgs__rosidl_generator_py
[0.748s] [ 91%] Built target micro_ros_msgs__rosidl_typesupport_c__pyext
[0.774s] [ 95%] Built target micro_ros_msgs__rosidl_typesupport_fastrtps_c__pyext
[0.787s] [100%] Built target micro_ros_msgs__rosidl_typesupport_introspection_c__pyext
[0.863s] running egg_info
[0.863s] writing micro_ros_msgs.egg-info/PKG-INFO
[0.863s] writing dependency_links to micro_ros_msgs.egg-info/dependency_links.txt
[0.864s] writing top-level names to micro_ros_msgs.egg-info/top_level.txt
[0.867s] reading manifest file 'micro_ros_msgs.egg-info/SOURCES.txt'
[0.869s] writing manifest file 'micro_ros_msgs.egg-info/SOURCES.txt'
[0.973s] [100%] Built target ament_cmake_python_build_micro_ros_msgs_egg
[1.040s] Invoked command in '/home/smr/ros2_self_driving_robot/build/micro_ros_msgs' returned '0': CMAKE_PREFIX_PATH=${CMAKE_PREFIX_PATH}:/home/smr/ros2_self_driving_robot/install/python_pkg /usr/bin/cmake --build /home/smr/ros2_self_driving_robot/build/micro_ros_msgs -- -j8 -l8
[1.311s] Invoking command in '/home/smr/ros2_self_driving_robot/build/micro_ros_msgs': CMAKE_PREFIX_PATH=${CMAKE_PREFIX_PATH}:/home/smr/ros2_self_driving_robot/install/python_pkg /usr/bin/cmake --install /home/smr/ros2_self_driving_robot/build/micro_ros_msgs
[1.323s] -- Install configuration: ""
[1.323s] -- Up-to-date: /home/smr/ros2_self_driving_robot/install/micro_ros_msgs/share/ament_index/resource_index/rosidl_interfaces/micro_ros_msgs
[1.323s] -- Up-to-date: /home/smr/ros2_self_driving_robot/install/micro_ros_msgs/include/micro_ros_msgs/micro_ros_msgs
[1.323s] -- Up-to-date: /home/smr/ros2_self_driving_robot/install/micro_ros_msgs/include/micro_ros_msgs/micro_ros_msgs/msg
[1.323s] -- Up-to-date: /home/smr/ros2_self_driving_robot/install/micro_ros_msgs/include/micro_ros_msgs/micro_ros_msgs/msg/node.h
[1.323s] -- Up-to-date: /home/smr/ros2_self_driving_robot/install/micro_ros_msgs/include/micro_ros_msgs/micro_ros_msgs/msg/graph.h
[1.323s] -- Up-to-date: /home/smr/ros2_self_driving_robot/install/micro_ros_msgs/include/micro_ros_msgs/micro_ros_msgs/msg/rosidl_generator_c__visibility_control.h
[1.324s] -- Up-to-date: /home/smr/ros2_self_driving_robot/install/micro_ros_msgs/include/micro_ros_msgs/micro_ros_msgs/msg/entity.h
[1.324s] -- Up-to-date: /home/smr/ros2_self_driving_robot/install/micro_ros_msgs/include/micro_ros_msgs/micro_ros_msgs/msg/detail
[1.325s] -- Up-to-date: /home/smr/ros2_self_driving_robot/install/micro_ros_msgs/include/micro_ros_msgs/micro_ros_msgs/msg/detail/entity__functions.h
[1.326s] -- Up-to-date: /home/smr/ros2_self_driving_robot/install/micro_ros_msgs/include/micro_ros_msgs/micro_ros_msgs/msg/detail/node__functions.h
[1.327s] -- Up-to-date: /home/smr/ros2_self_driving_robot/install/micro_ros_msgs/include/micro_ros_msgs/micro_ros_msgs/msg/detail/graph__functions.h
[1.328s] -- Up-to-date: /home/smr/ros2_self_driving_robot/install/micro_ros_msgs/include/micro_ros_msgs/micro_ros_msgs/msg/detail/entity__type_support.h
[1.329s] -- Up-to-date: /home/smr/ros2_self_driving_robot/install/micro_ros_msgs/include/micro_ros_msgs/micro_ros_msgs/msg/detail/node__type_support.h
[1.329s] -- Up-to-date: /home/smr/ros2_self_driving_robot/install/micro_ros_msgs/include/micro_ros_msgs/micro_ros_msgs/msg/detail/entity__struct.h
[1.329s] -- Up-to-date: /home/smr/ros2_self_driving_robot/install/micro_ros_msgs/include/micro_ros_msgs/micro_ros_msgs/msg/detail/node__functions.c
[1.329s] -- Up-to-date: /home/smr/ros2_self_driving_robot/install/micro_ros_msgs/include/micro_ros_msgs/micro_ros_msgs/msg/detail/graph__struct.h
[1.329s] -- Up-to-date: /home/smr/ros2_self_driving_robot/install/micro_ros_msgs/include/micro_ros_msgs/micro_ros_msgs/msg/detail/graph__functions.c
[1.329s] -- Up-to-date: /home/smr/ros2_self_driving_robot/install/micro_ros_msgs/include/micro_ros_msgs/micro_ros_msgs/msg/detail/node__struct.h
[1.329s] -- Up-to-date: /home/smr/ros2_self_driving_robot/install/micro_ros_msgs/include/micro_ros_msgs/micro_ros_msgs/msg/detail/entity__functions.c
[1.330s] -- Up-to-date: /home/smr/ros2_self_driving_robot/install/micro_ros_msgs/include/micro_ros_msgs/micro_ros_msgs/msg/detail/graph__type_support.h
[1.330s] -- Up-to-date: /home/smr/ros2_self_driving_robot/install/micro_ros_msgs/share/micro_ros_msgs/environment/library_path.sh
[1.330s] -- Up-to-date: /home/smr/ros2_self_driving_robot/install/micro_ros_msgs/share/micro_ros_msgs/environment/library_path.dsv
[1.330s] -- Up-to-date: /home/smr/ros2_self_driving_robot/install/micro_ros_msgs/lib/libmicro_ros_msgs__rosidl_generator_c.so
[1.330s] -- Up-to-date: /home/smr/ros2_self_driving_robot/install/micro_ros_msgs/include/micro_ros_msgs/micro_ros_msgs
[1.330s] -- Up-to-date: /home/smr/ros2_self_driving_robot/install/micro_ros_msgs/include/micro_ros_msgs/micro_ros_msgs/msg
[1.331s] -- Up-to-date: /home/smr/ros2_self_driving_robot/install/micro_ros_msgs/include/micro_ros_msgs/micro_ros_msgs/msg/rosidl_typesupport_fastrtps_c__visibility_control.h
[1.331s] -- Up-to-date: /home/smr/ros2_self_driving_robot/install/micro_ros_msgs/include/micro_ros_msgs/micro_ros_msgs/msg/detail
[1.331s] -- Up-to-date: /home/smr/ros2_self_driving_robot/install/micro_ros_msgs/include/micro_ros_msgs/micro_ros_msgs/msg/detail/graph__rosidl_typesupport_fastrtps_c.h
[1.331s] -- Up-to-date: /home/smr/ros2_self_driving_robot/install/micro_ros_msgs/include/micro_ros_msgs/micro_ros_msgs/msg/detail/node__rosidl_typesupport_fastrtps_c.h
[1.331s] -- Up-to-date: /home/smr/ros2_self_driving_robot/install/micro_ros_msgs/include/micro_ros_msgs/micro_ros_msgs/msg/detail/entity__rosidl_typesupport_fastrtps_c.h
[1.332s] -- Up-to-date: /home/smr/ros2_self_driving_robot/install/micro_ros_msgs/lib/libmicro_ros_msgs__rosidl_typesupport_fastrtps_c.so
[1.332s] -- Up-to-date: /home/smr/ros2_self_driving_robot/install/micro_ros_msgs/include/micro_ros_msgs/micro_ros_msgs
[1.334s] -- Up-to-date: /home/smr/ros2_self_driving_robot/install/micro_ros_msgs/include/micro_ros_msgs/micro_ros_msgs/msg
[1.334s] -- Up-to-date: /home/smr/ros2_self_driving_robot/install/micro_ros_msgs/include/micro_ros_msgs/micro_ros_msgs/msg/rosidl_typesupport_introspection_c__visibility_control.h
[1.335s] -- Up-to-date: /home/smr/ros2_self_driving_robot/install/micro_ros_msgs/include/micro_ros_msgs/micro_ros_msgs/msg/detail
[1.335s] -- Up-to-date: /home/smr/ros2_self_driving_robot/install/micro_ros_msgs/include/micro_ros_msgs/micro_ros_msgs/msg/detail/entity__type_support.c
[1.335s] -- Up-to-date: /home/smr/ros2_self_driving_robot/install/micro_ros_msgs/include/micro_ros_msgs/micro_ros_msgs/msg/detail/node__type_support.c
[1.335s] -- Up-to-date: /home/smr/ros2_self_driving_robot/install/micro_ros_msgs/include/micro_ros_msgs/micro_ros_msgs/msg/detail/node__rosidl_typesupport_introspection_c.h
[1.335s] -- Up-to-date: /home/smr/ros2_self_driving_robot/install/micro_ros_msgs/include/micro_ros_msgs/micro_ros_msgs/msg/detail/graph__rosidl_typesupport_introspection_c.h
[1.335s] -- Up-to-date: /home/smr/ros2_self_driving_robot/install/micro_ros_msgs/include/micro_ros_msgs/micro_ros_msgs/msg/detail/entity__rosidl_typesupport_introspection_c.h
[1.336s] -- Up-to-date: /home/smr/ros2_self_driving_robot/install/micro_ros_msgs/include/micro_ros_msgs/micro_ros_msgs/msg/detail/graph__type_support.c
[1.337s] -- Up-to-date: /home/smr/ros2_self_driving_robot/install/micro_ros_msgs/lib/libmicro_ros_msgs__rosidl_typesupport_introspection_c.so
[1.339s] -- Up-to-date: /home/smr/ros2_self_driving_robot/install/micro_ros_msgs/lib/libmicro_ros_msgs__rosidl_typesupport_c.so
[1.340s] -- Up-to-date: /home/smr/ros2_self_driving_robot/install/micro_ros_msgs/include/micro_ros_msgs/micro_ros_msgs
[1.340s] -- Up-to-date: /home/smr/ros2_self_driving_robot/install/micro_ros_msgs/include/micro_ros_msgs/micro_ros_msgs/msg
[1.341s] -- Up-to-date: /home/smr/ros2_self_driving_robot/install/micro_ros_msgs/include/micro_ros_msgs/micro_ros_msgs/msg/graph.hpp
[1.341s] -- Up-to-date: /home/smr/ros2_self_driving_robot/install/micro_ros_msgs/include/micro_ros_msgs/micro_ros_msgs/msg/node.hpp
[1.341s] -- Up-to-date: /home/smr/ros2_self_driving_robot/install/micro_ros_msgs/include/micro_ros_msgs/micro_ros_msgs/msg/detail
[1.343s] -- Up-to-date: /home/smr/ros2_self_driving_robot/install/micro_ros_msgs/include/micro_ros_msgs/micro_ros_msgs/msg/detail/graph__builder.hpp
[1.343s] -- Up-to-date: /home/smr/ros2_self_driving_robot/install/micro_ros_msgs/include/micro_ros_msgs/micro_ros_msgs/msg/detail/node__struct.hpp
[1.344s] -- Up-to-date: /home/smr/ros2_self_driving_robot/install/micro_ros_msgs/include/micro_ros_msgs/micro_ros_msgs/msg/detail/node__builder.hpp
[1.344s] -- Up-to-date: /home/smr/ros2_self_driving_robot/install/micro_ros_msgs/include/micro_ros_msgs/micro_ros_msgs/msg/detail/node__traits.hpp
[1.344s] -- Up-to-date: /home/smr/ros2_self_driving_robot/install/micro_ros_msgs/include/micro_ros_msgs/micro_ros_msgs/msg/detail/entity__struct.hpp
[1.344s] -- Up-to-date: /home/smr/ros2_self_driving_robot/install/micro_ros_msgs/include/micro_ros_msgs/micro_ros_msgs/msg/detail/entity__builder.hpp
[1.344s] -- Up-to-date: /home/smr/ros2_self_driving_robot/install/micro_ros_msgs/include/micro_ros_msgs/micro_ros_msgs/msg/detail/graph__struct.hpp
[1.345s] -- Up-to-date: /home/smr/ros2_self_driving_robot/install/micro_ros_msgs/include/micro_ros_msgs/micro_ros_msgs/msg/detail/graph__traits.hpp
[1.345s] -- Up-to-date: /home/smr/ros2_self_driving_robot/install/micro_ros_msgs/include/micro_ros_msgs/micro_ros_msgs/msg/detail/entity__traits.hpp
[1.345s] -- Up-to-date: /home/smr/ros2_self_driving_robot/install/micro_ros_msgs/include/micro_ros_msgs/micro_ros_msgs/msg/entity.hpp
[1.345s] -- Up-to-date: /home/smr/ros2_self_driving_robot/install/micro_ros_msgs/include/micro_ros_msgs/micro_ros_msgs
[1.349s] -- Up-to-date: /home/smr/ros2_self_driving_robot/install/micro_ros_msgs/include/micro_ros_msgs/micro_ros_msgs/msg
[1.350s] -- Up-to-date: /home/smr/ros2_self_driving_robot/install/micro_ros_msgs/include/micro_ros_msgs/micro_ros_msgs/msg/rosidl_typesupport_fastrtps_cpp__visibility_control.h
[1.350s] -- Up-to-date: /home/smr/ros2_self_driving_robot/install/micro_ros_msgs/include/micro_ros_msgs/micro_ros_msgs/msg/detail
[1.350s] -- Up-to-date: /home/smr/ros2_self_driving_robot/install/micro_ros_msgs/include/micro_ros_msgs/micro_ros_msgs/msg/detail/graph__rosidl_typesupport_fastrtps_cpp.hpp
[1.351s] -- Up-to-date: /home/smr/ros2_self_driving_robot/install/micro_ros_msgs/include/micro_ros_msgs/micro_ros_msgs/msg/detail/node__rosidl_typesupport_fastrtps_cpp.hpp
[1.351s] -- Up-to-date: /home/smr/ros2_self_driving_robot/install/micro_ros_msgs/include/micro_ros_msgs/micro_ros_msgs/msg/detail/entity__rosidl_typesupport_fastrtps_cpp.hpp
[1.352s] -- Up-to-date: /home/smr/ros2_self_driving_robot/install/micro_ros_msgs/include/micro_ros_msgs/micro_ros_msgs/msg/detail/dds_fastrtps
[1.354s] -- Up-to-date: /home/smr/ros2_self_driving_robot/install/micro_ros_msgs/lib/libmicro_ros_msgs__rosidl_typesupport_fastrtps_cpp.so
[1.356s] -- Up-to-date: /home/smr/ros2_self_driving_robot/install/micro_ros_msgs/include/micro_ros_msgs/micro_ros_msgs
[1.356s] -- Up-to-date: /home/smr/ros2_self_driving_robot/install/micro_ros_msgs/include/micro_ros_msgs/micro_ros_msgs/msg
[1.357s] -- Up-to-date: /home/smr/ros2_self_driving_robot/install/micro_ros_msgs/include/micro_ros_msgs/micro_ros_msgs/msg/detail
[1.357s] -- Up-to-date: /home/smr/ros2_self_driving_robot/install/micro_ros_msgs/include/micro_ros_msgs/micro_ros_msgs/msg/detail/graph__type_support.cpp
[1.358s] -- Up-to-date: /home/smr/ros2_self_driving_robot/install/micro_ros_msgs/include/micro_ros_msgs/micro_ros_msgs/msg/detail/entity__type_support.cpp
[1.359s] -- Up-to-date: /home/smr/ros2_self_driving_robot/install/micro_ros_msgs/include/micro_ros_msgs/micro_ros_msgs/msg/detail/node__rosidl_typesupport_introspection_cpp.hpp
[1.364s] -- Up-to-date: /home/smr/ros2_self_driving_robot/install/micro_ros_msgs/include/micro_ros_msgs/micro_ros_msgs/msg/detail/graph__rosidl_typesupport_introspection_cpp.hpp
[1.364s] -- Up-to-date: /home/smr/ros2_self_driving_robot/install/micro_ros_msgs/include/micro_ros_msgs/micro_ros_msgs/msg/detail/entity__rosidl_typesupport_introspection_cpp.hpp
[1.365s] -- Up-to-date: /home/smr/ros2_self_driving_robot/install/micro_ros_msgs/include/micro_ros_msgs/micro_ros_msgs/msg/detail/node__type_support.cpp
[1.367s] -- Up-to-date: /home/smr/ros2_self_driving_robot/install/micro_ros_msgs/lib/libmicro_ros_msgs__rosidl_typesupport_introspection_cpp.so
[1.367s] -- Up-to-date: /home/smr/ros2_self_driving_robot/install/micro_ros_msgs/lib/libmicro_ros_msgs__rosidl_typesupport_cpp.so
[1.367s] -- Up-to-date: /home/smr/ros2_self_driving_robot/install/micro_ros_msgs/share/micro_ros_msgs/environment/pythonpath.sh
[1.368s] -- Up-to-date: /home/smr/ros2_self_driving_robot/install/micro_ros_msgs/share/micro_ros_msgs/environment/pythonpath.dsv
[1.368s] -- Up-to-date: /home/smr/ros2_self_driving_robot/install/micro_ros_msgs/local/lib/python3.10/dist-packages/micro_ros_msgs-3.0.1-py3.10.egg-info
[1.368s] -- Installing: /home/smr/ros2_self_driving_robot/install/micro_ros_msgs/local/lib/python3.10/dist-packages/micro_ros_msgs-3.0.1-py3.10.egg-info/SOURCES.txt
[1.368s] -- Installing: /home/smr/ros2_self_driving_robot/install/micro_ros_msgs/local/lib/python3.10/dist-packages/micro_ros_msgs-3.0.1-py3.10.egg-info/PKG-INFO
[1.368s] -- Installing: /home/smr/ros2_self_driving_robot/install/micro_ros_msgs/local/lib/python3.10/dist-packages/micro_ros_msgs-3.0.1-py3.10.egg-info/top_level.txt
[1.368s] -- Installing: /home/smr/ros2_self_driving_robot/install/micro_ros_msgs/local/lib/python3.10/dist-packages/micro_ros_msgs-3.0.1-py3.10.egg-info/dependency_links.txt
[1.368s] -- Up-to-date: /home/smr/ros2_self_driving_robot/install/micro_ros_msgs/local/lib/python3.10/dist-packages/micro_ros_msgs
[1.368s] -- Up-to-date: /home/smr/ros2_self_driving_robot/install/micro_ros_msgs/local/lib/python3.10/dist-packages/micro_ros_msgs/libmicro_ros_msgs__rosidl_generator_py.so
[1.369s] -- Up-to-date: /home/smr/ros2_self_driving_robot/install/micro_ros_msgs/local/lib/python3.10/dist-packages/micro_ros_msgs/msg
[1.369s] -- Up-to-date: /home/smr/ros2_self_driving_robot/install/micro_ros_msgs/local/lib/python3.10/dist-packages/micro_ros_msgs/msg/_entity.py
[1.369s] -- Up-to-date: /home/smr/ros2_self_driving_robot/install/micro_ros_msgs/local/lib/python3.10/dist-packages/micro_ros_msgs/msg/_graph_s.c
[1.369s] -- Up-to-date: /home/smr/ros2_self_driving_robot/install/micro_ros_msgs/local/lib/python3.10/dist-packages/micro_ros_msgs/msg/_entity_s.c
[1.369s] -- Up-to-date: /home/smr/ros2_self_driving_robot/install/micro_ros_msgs/local/lib/python3.10/dist-packages/micro_ros_msgs/msg/_graph.py
[1.369s] -- Up-to-date: /home/smr/ros2_self_driving_robot/install/micro_ros_msgs/local/lib/python3.10/dist-packages/micro_ros_msgs/msg/_node_s.c
[1.369s] -- Up-to-date: /home/smr/ros2_self_driving_robot/install/micro_ros_msgs/local/lib/python3.10/dist-packages/micro_ros_msgs/msg/__init__.py
[1.370s] -- Up-to-date: /home/smr/ros2_self_driving_robot/install/micro_ros_msgs/local/lib/python3.10/dist-packages/micro_ros_msgs/msg/_node.py
[1.370s] -- Up-to-date: /home/smr/ros2_self_driving_robot/install/micro_ros_msgs/local/lib/python3.10/dist-packages/micro_ros_msgs/_micro_ros_msgs_s.ep.rosidl_typesupport_c.c
[1.370s] -- Up-to-date: /home/smr/ros2_self_driving_robot/install/micro_ros_msgs/local/lib/python3.10/dist-packages/micro_ros_msgs/micro_ros_msgs_s__rosidl_typesupport_fastrtps_c.cpython-310-aarch64-linux-gnu.so
[1.370s] -- Up-to-date: /home/smr/ros2_self_driving_robot/install/micro_ros_msgs/local/lib/python3.10/dist-packages/micro_ros_msgs/_micro_ros_msgs_s.ep.rosidl_typesupport_introspection_c.c
[1.370s] -- Up-to-date: /home/smr/ros2_self_driving_robot/install/micro_ros_msgs/local/lib/python3.10/dist-packages/micro_ros_msgs/_micro_ros_msgs_s.ep.rosidl_typesupport_fastrtps_c.c
[1.370s] -- Up-to-date: /home/smr/ros2_self_driving_robot/install/micro_ros_msgs/local/lib/python3.10/dist-packages/micro_ros_msgs/__init__.py
[1.370s] -- Up-to-date: /home/smr/ros2_self_driving_robot/install/micro_ros_msgs/local/lib/python3.10/dist-packages/micro_ros_msgs/micro_ros_msgs_s__rosidl_typesupport_introspection_c.cpython-310-aarch64-linux-gnu.so
[1.370s] -- Up-to-date: /home/smr/ros2_self_driving_robot/install/micro_ros_msgs/local/lib/python3.10/dist-packages/micro_ros_msgs/micro_ros_msgs_s__rosidl_typesupport_c.cpython-310-aarch64-linux-gnu.so
[1.383s] Listing '/home/smr/ros2_self_driving_robot/install/micro_ros_msgs/local/lib/python3.10/dist-packages/micro_ros_msgs'...
[1.383s] Listing '/home/smr/ros2_self_driving_robot/install/micro_ros_msgs/local/lib/python3.10/dist-packages/micro_ros_msgs/msg'...
[1.393s] -- Up-to-date: /home/smr/ros2_self_driving_robot/install/micro_ros_msgs/local/lib/python3.10/dist-packages/micro_ros_msgs/micro_ros_msgs_s__rosidl_typesupport_fastrtps_c.cpython-310-aarch64-linux-gnu.so
[1.393s] -- Up-to-date: /home/smr/ros2_self_driving_robot/install/micro_ros_msgs/local/lib/python3.10/dist-packages/micro_ros_msgs/micro_ros_msgs_s__rosidl_typesupport_introspection_c.cpython-310-aarch64-linux-gnu.so
[1.393s] -- Up-to-date: /home/smr/ros2_self_driving_robot/install/micro_ros_msgs/local/lib/python3.10/dist-packages/micro_ros_msgs/micro_ros_msgs_s__rosidl_typesupport_c.cpython-310-aarch64-linux-gnu.so
[1.399s] -- Up-to-date: /home/smr/ros2_self_driving_robot/install/micro_ros_msgs/lib/libmicro_ros_msgs__rosidl_generator_py.so
[1.400s] -- Up-to-date: /home/smr/ros2_self_driving_robot/install/micro_ros_msgs/share/micro_ros_msgs/msg/Graph.idl
[1.400s] -- Up-to-date: /home/smr/ros2_self_driving_robot/install/micro_ros_msgs/share/micro_ros_msgs/msg/Node.idl
[1.400s] -- Up-to-date: /home/smr/ros2_self_driving_robot/install/micro_ros_msgs/share/micro_ros_msgs/msg/Entity.idl
[1.401s] -- Up-to-date: /home/smr/ros2_self_driving_robot/install/micro_ros_msgs/share/micro_ros_msgs/msg/Graph.msg
[1.401s] -- Up-to-date: /home/smr/ros2_self_driving_robot/install/micro_ros_msgs/share/micro_ros_msgs/msg/Node.msg
[1.401s] -- Up-to-date: /home/smr/ros2_self_driving_robot/install/micro_ros_msgs/share/micro_ros_msgs/msg/Entity.msg
[1.401s] -- Up-to-date: /home/smr/ros2_self_driving_robot/install/micro_ros_msgs/share/ament_index/resource_index/package_run_dependencies/micro_ros_msgs
[1.401s] -- Up-to-date: /home/smr/ros2_self_driving_robot/install/micro_ros_msgs/share/ament_index/resource_index/parent_prefix_path/micro_ros_msgs
[1.401s] -- Up-to-date: /home/smr/ros2_self_driving_robot/install/micro_ros_msgs/share/micro_ros_msgs/environment/ament_prefix_path.sh
[1.401s] -- Up-to-date: /home/smr/ros2_self_driving_robot/install/micro_ros_msgs/share/micro_ros_msgs/environment/ament_prefix_path.dsv
[1.402s] -- Up-to-date: /home/smr/ros2_self_driving_robot/install/micro_ros_msgs/share/micro_ros_msgs/environment/path.sh
[1.402s] -- Up-to-date: /home/smr/ros2_self_driving_robot/install/micro_ros_msgs/share/micro_ros_msgs/environment/path.dsv
[1.403s] -- Up-to-date: /home/smr/ros2_self_driving_robot/install/micro_ros_msgs/share/micro_ros_msgs/local_setup.bash
[1.403s] -- Up-to-date: /home/smr/ros2_self_driving_robot/install/micro_ros_msgs/share/micro_ros_msgs/local_setup.sh
[1.406s] -- Up-to-date: /home/smr/ros2_self_driving_robot/install/micro_ros_msgs/share/micro_ros_msgs/local_setup.zsh
[1.406s] -- Up-to-date: /home/smr/ros2_self_driving_robot/install/micro_ros_msgs/share/micro_ros_msgs/local_setup.dsv
[1.407s] -- Installing: /home/smr/ros2_self_driving_robot/install/micro_ros_msgs/share/micro_ros_msgs/package.dsv
[1.407s] -- Up-to-date: /home/smr/ros2_self_driving_robot/install/micro_ros_msgs/share/ament_index/resource_index/packages/micro_ros_msgs
[1.407s] -- Up-to-date: /home/smr/ros2_self_driving_robot/install/micro_ros_msgs/share/micro_ros_msgs/cmake/export_micro_ros_msgs__rosidl_generator_cExport.cmake
[1.407s] -- Up-to-date: /home/smr/ros2_self_driving_robot/install/micro_ros_msgs/share/micro_ros_msgs/cmake/export_micro_ros_msgs__rosidl_generator_cExport-noconfig.cmake
[1.407s] -- Up-to-date: /home/smr/ros2_self_driving_robot/install/micro_ros_msgs/share/micro_ros_msgs/cmake/export_micro_ros_msgs__rosidl_typesupport_fastrtps_cExport.cmake
[1.407s] -- Up-to-date: /home/smr/ros2_self_driving_robot/install/micro_ros_msgs/share/micro_ros_msgs/cmake/export_micro_ros_msgs__rosidl_typesupport_fastrtps_cExport-noconfig.cmake
[1.407s] -- Up-to-date: /home/smr/ros2_self_driving_robot/install/micro_ros_msgs/share/micro_ros_msgs/cmake/micro_ros_msgs__rosidl_typesupport_introspection_cExport.cmake
[1.407s] -- Up-to-date: /home/smr/ros2_self_driving_robot/install/micro_ros_msgs/share/micro_ros_msgs/cmake/micro_ros_msgs__rosidl_typesupport_introspection_cExport-noconfig.cmake
[1.408s] -- Up-to-date: /home/smr/ros2_self_driving_robot/install/micro_ros_msgs/share/micro_ros_msgs/cmake/micro_ros_msgs__rosidl_typesupport_cExport.cmake
[1.408s] -- Up-to-date: /home/smr/ros2_self_driving_robot/install/micro_ros_msgs/share/micro_ros_msgs/cmake/micro_ros_msgs__rosidl_typesupport_cExport-noconfig.cmake
[1.408s] -- Up-to-date: /home/smr/ros2_self_driving_robot/install/micro_ros_msgs/share/micro_ros_msgs/cmake/export_micro_ros_msgs__rosidl_generator_cppExport.cmake
[1.408s] -- Up-to-date: /home/smr/ros2_self_driving_robot/install/micro_ros_msgs/share/micro_ros_msgs/cmake/export_micro_ros_msgs__rosidl_typesupport_fastrtps_cppExport.cmake
[1.409s] -- Up-to-date: /home/smr/ros2_self_driving_robot/install/micro_ros_msgs/share/micro_ros_msgs/cmake/export_micro_ros_msgs__rosidl_typesupport_fastrtps_cppExport-noconfig.cmake
[1.409s] -- Up-to-date: /home/smr/ros2_self_driving_robot/install/micro_ros_msgs/share/micro_ros_msgs/cmake/micro_ros_msgs__rosidl_typesupport_introspection_cppExport.cmake
[1.409s] -- Up-to-date: /home/smr/ros2_self_driving_robot/install/micro_ros_msgs/share/micro_ros_msgs/cmake/micro_ros_msgs__rosidl_typesupport_introspection_cppExport-noconfig.cmake
[1.410s] -- Up-to-date: /home/smr/ros2_self_driving_robot/install/micro_ros_msgs/share/micro_ros_msgs/cmake/micro_ros_msgs__rosidl_typesupport_cppExport.cmake
[1.410s] -- Up-to-date: /home/smr/ros2_self_driving_robot/install/micro_ros_msgs/share/micro_ros_msgs/cmake/micro_ros_msgs__rosidl_typesupport_cppExport-noconfig.cmake
[1.410s] -- Up-to-date: /home/smr/ros2_self_driving_robot/install/micro_ros_msgs/share/micro_ros_msgs/cmake/export_micro_ros_msgs__rosidl_generator_pyExport.cmake
[1.411s] -- Up-to-date: /home/smr/ros2_self_driving_robot/install/micro_ros_msgs/share/micro_ros_msgs/cmake/export_micro_ros_msgs__rosidl_generator_pyExport-noconfig.cmake
[1.411s] -- Up-to-date: /home/smr/ros2_self_driving_robot/install/micro_ros_msgs/share/micro_ros_msgs/cmake/rosidl_cmake-extras.cmake
[1.412s] -- Up-to-date: /home/smr/ros2_self_driving_robot/install/micro_ros_msgs/share/micro_ros_msgs/cmake/ament_cmake_export_include_directories-extras.cmake
[1.412s] -- Up-to-date: /home/smr/ros2_self_driving_robot/install/micro_ros_msgs/share/micro_ros_msgs/cmake/ament_cmake_export_libraries-extras.cmake
[1.412s] -- Up-to-date: /home/smr/ros2_self_driving_robot/install/micro_ros_msgs/share/micro_ros_msgs/cmake/ament_cmake_export_targets-extras.cmake
[1.413s] -- Up-to-date: /home/smr/ros2_self_driving_robot/install/micro_ros_msgs/share/micro_ros_msgs/cmake/rosidl_cmake_export_typesupport_targets-extras.cmake
[1.413s] -- Up-to-date: /home/smr/ros2_self_driving_robot/install/micro_ros_msgs/share/micro_ros_msgs/cmake/ament_cmake_export_dependencies-extras.cmake
[1.415s] -- Up-to-date: /home/smr/ros2_self_driving_robot/install/micro_ros_msgs/share/micro_ros_msgs/cmake/rosidl_cmake_export_typesupport_libraries-extras.cmake
[1.416s] -- Up-to-date: /home/smr/ros2_self_driving_robot/install/micro_ros_msgs/share/micro_ros_msgs/cmake/micro_ros_msgsConfig.cmake
[1.417s] -- Up-to-date: /home/smr/ros2_self_driving_robot/install/micro_ros_msgs/share/micro_ros_msgs/cmake/micro_ros_msgsConfig-version.cmake
[1.422s] -- Up-to-date: /home/smr/ros2_self_driving_robot/install/micro_ros_msgs/share/micro_ros_msgs/package.xml
[1.423s] Invoked command in '/home/smr/ros2_self_driving_robot/build/micro_ros_msgs' returned '0': CMAKE_PREFIX_PATH=${CMAKE_PREFIX_PATH}:/home/smr/ros2_self_driving_robot/install/python_pkg /usr/bin/cmake --install /home/smr/ros2_self_driving_robot/build/micro_ros_msgs
