[0.141s] DEBUG:colcon:Command line arguments: ['/usr/local/bin/colcon', 'build']
[0.141s] DEBUG:colcon:Parsed command line arguments: Namespace(log_base=None, log_level=None, verb_name='build', build_base='build', install_base='install', merge_install=False, symlink_install=False, test_result_base=None, continue_on_error=False, executor='parallel', parallel_workers=20, event_handlers=None, ignore_user_meta=False, metas=['./colcon.meta'], base_paths=['.'], packages_ignore=None, packages_ignore_regex=None, paths=None, packages_up_to=None, packages_up_to_regex=None, packages_above=None, packages_above_and_dependencies=None, packages_above_depth=None, packages_select_by_dep=None, packages_skip_by_dep=None, packages_skip_up_to=None, packages_select_build_failed=False, packages_skip_build_finished=False, packages_select_test_failures=False, packages_skip_test_passed=False, packages_select=None, packages_skip=None, packages_select_regex=None, packages_skip_regex=None, packages_start=None, packages_end=None, cmake_args=None, cmake_target=None, cmake_target_skip_unavailable=False, cmake_clean_cache=False, cmake_clean_first=False, cmake_force_configure=False, ament_cmake_args=None, catkin_cmake_args=None, catkin_skip_building_tests=False, verb_parser=<colcon_defaults.argument_parser.defaults.DefaultArgumentsDecorator object at 0x7f3244320af0>, verb_extension=<colcon_core.verb.build.BuildVerb object at 0x7f32444756f0>, main=<bound method BuildVerb.main of <colcon_core.verb.build.BuildVerb object at 0x7f32444756f0>>)
[0.202s] Level 1:colcon.colcon_core.package_discovery:discover_packages(colcon_meta) check parameters
[0.202s] Level 1:colcon.colcon_core.package_discovery:discover_packages(recursive) check parameters
[0.202s] Level 1:colcon.colcon_core.package_discovery:discover_packages(ignore) check parameters
[0.202s] Level 1:colcon.colcon_core.package_discovery:discover_packages(path) check parameters
[0.202s] Level 1:colcon.colcon_core.package_discovery:discover_packages(colcon_meta) discover
[0.202s] Level 1:colcon.colcon_core.package_discovery:discover_packages(recursive) discover
[0.202s] INFO:colcon.colcon_core.package_discovery:Crawling recursively for packages in '/home/p_rawicht/bb_ws/src/robot_description'
[0.202s] Level 1:colcon.colcon_core.package_identification:_identify(.) by extensions ['ignore', 'ignore_ament_install']
[0.202s] Level 1:colcon.colcon_core.package_identification:_identify(.) by extension 'ignore'
[0.202s] Level 1:colcon.colcon_core.package_identification:_identify(.) by extension 'ignore_ament_install'
[0.203s] Level 1:colcon.colcon_core.package_identification:_identify(.) by extensions ['colcon_pkg']
[0.203s] Level 1:colcon.colcon_core.package_identification:_identify(.) by extension 'colcon_pkg'
[0.203s] Level 1:colcon.colcon_core.package_identification:_identify(.) by extensions ['colcon_meta']
[0.203s] Level 1:colcon.colcon_core.package_identification:_identify(.) by extension 'colcon_meta'
[0.203s] Level 1:colcon.colcon_core.package_identification:_identify(.) by extensions ['ros']
[0.203s] Level 1:colcon.colcon_core.package_identification:_identify(.) by extension 'ros'
[0.211s] DEBUG:colcon.colcon_core.package_identification:Package '.' with type 'ros.ament_cmake' and name 'robot_description'
[0.211s] Level 1:colcon.colcon_core.package_discovery:discover_packages(recursive) using defaults
[0.211s] Level 1:colcon.colcon_core.package_discovery:discover_packages(ignore) discover
[0.211s] Level 1:colcon.colcon_core.package_discovery:discover_packages(ignore) using defaults
[0.211s] Level 1:colcon.colcon_core.package_discovery:discover_packages(path) discover
[0.211s] Level 1:colcon.colcon_core.package_discovery:discover_packages(path) using defaults
[0.224s] Level 5:colcon.colcon_core.verb:set package 'robot_description' build argument 'cmake_args' from command line to 'None'
[0.224s] Level 5:colcon.colcon_core.verb:set package 'robot_description' build argument 'cmake_target' from command line to 'None'
[0.224s] Level 5:colcon.colcon_core.verb:set package 'robot_description' build argument 'cmake_target_skip_unavailable' from command line to 'False'
[0.224s] Level 5:colcon.colcon_core.verb:set package 'robot_description' build argument 'cmake_clean_cache' from command line to 'False'
[0.224s] Level 5:colcon.colcon_core.verb:set package 'robot_description' build argument 'cmake_clean_first' from command line to 'False'
[0.224s] Level 5:colcon.colcon_core.verb:set package 'robot_description' build argument 'cmake_force_configure' from command line to 'False'
[0.224s] Level 5:colcon.colcon_core.verb:set package 'robot_description' build argument 'ament_cmake_args' from command line to 'None'
[0.224s] Level 5:colcon.colcon_core.verb:set package 'robot_description' build argument 'catkin_cmake_args' from command line to 'None'
[0.224s] Level 5:colcon.colcon_core.verb:set package 'robot_description' build argument 'catkin_skip_building_tests' from command line to 'False'
[0.224s] DEBUG:colcon.colcon_core.verb:Building package 'robot_description' with the following arguments: {'ament_cmake_args': None, 'build_base': '/home/p_rawicht/bb_ws/src/robot_description/build/robot_description', 'catkin_cmake_args': None, 'catkin_skip_building_tests': False, 'cmake_args': None, 'cmake_clean_cache': False, 'cmake_clean_first': False, 'cmake_force_configure': False, 'cmake_target': None, 'cmake_target_skip_unavailable': False, 'install_base': '/home/p_rawicht/bb_ws/src/robot_description/install/robot_description', 'merge_install': False, 'path': '/home/p_rawicht/bb_ws/src/robot_description', 'symlink_install': False, 'test_result_base': None}
[0.224s] INFO:colcon.colcon_core.executor:Executing jobs using 'parallel' executor
[0.225s] DEBUG:colcon.colcon_parallel_executor.executor.parallel:run_until_complete
[0.225s] INFO:colcon.colcon_ros.task.ament_cmake.build:Building ROS package in '/home/p_rawicht/bb_ws/src/robot_description' with build type 'ament_cmake'
[0.225s] INFO:colcon.colcon_cmake.task.cmake.build:Building CMake package in '/home/p_rawicht/bb_ws/src/robot_description'
[0.227s] INFO:colcon.colcon_core.plugin_system:Skipping extension 'colcon_core.shell.bat': Not used on non-Windows systems
[0.227s] INFO:colcon.colcon_core.shell:Skip shell extension 'powershell' for command environment: Not usable outside of PowerShell
[0.227s] DEBUG:colcon.colcon_core.shell:Skip shell extension 'dsv' for command environment
[0.234s] DEBUG:colcon.colcon_core.event_handler.log_command:Invoking command in '/home/p_rawicht/bb_ws/src/robot_description/build/robot_description': CMAKE_PREFIX_PATH=${CMAKE_PREFIX_PATH}:/opt/ros/humble /usr/bin/cmake --build /home/p_rawicht/bb_ws/src/robot_description/build/robot_description -- -j20 -l20
[0.253s] DEBUG:colcon.colcon_core.event_handler.log_command:Invoked command in '/home/p_rawicht/bb_ws/src/robot_description/build/robot_description' returned '0': CMAKE_PREFIX_PATH=${CMAKE_PREFIX_PATH}:/opt/ros/humble /usr/bin/cmake --build /home/p_rawicht/bb_ws/src/robot_description/build/robot_description -- -j20 -l20
[0.268s] DEBUG:colcon.colcon_core.event_handler.log_command:Invoking command in '/home/p_rawicht/bb_ws/src/robot_description/build/robot_description': CMAKE_PREFIX_PATH=${CMAKE_PREFIX_PATH}:/opt/ros/humble /usr/bin/cmake --install /home/p_rawicht/bb_ws/src/robot_description/build/robot_description
[0.274s] Level 1:colcon.colcon_core.environment:create_environment_scripts_only(robot_description)
[0.274s] DEBUG:colcon.colcon_core.event_handler.log_command:Invoked command in '/home/p_rawicht/bb_ws/src/robot_description/build/robot_description' returned '0': CMAKE_PREFIX_PATH=${CMAKE_PREFIX_PATH}:/opt/ros/humble /usr/bin/cmake --install /home/p_rawicht/bb_ws/src/robot_description/build/robot_description
[0.276s] Level 1:colcon.colcon_core.environment:checking '/home/p_rawicht/bb_ws/src/robot_description/install/robot_description' for CMake module files
[0.276s] Level 1:colcon.colcon_core.environment:checking '/home/p_rawicht/bb_ws/src/robot_description/install/robot_description' for CMake config files
[0.277s] Level 1:colcon.colcon_core.shell:create_environment_hook('robot_description', 'cmake_prefix_path')
[0.277s] INFO:colcon.colcon_core.shell:Creating environment hook '/home/p_rawicht/bb_ws/src/robot_description/install/robot_description/share/robot_description/hook/cmake_prefix_path.ps1'
[0.277s] INFO:colcon.colcon_core.shell:Creating environment descriptor '/home/p_rawicht/bb_ws/src/robot_description/install/robot_description/share/robot_description/hook/cmake_prefix_path.dsv'
[0.277s] INFO:colcon.colcon_core.shell:Creating environment hook '/home/p_rawicht/bb_ws/src/robot_description/install/robot_description/share/robot_description/hook/cmake_prefix_path.sh'
[0.278s] Level 1:colcon.colcon_core.environment:checking '/home/p_rawicht/bb_ws/src/robot_description/install/robot_description/bin'
[0.278s] Level 1:colcon.colcon_core.environment:checking '/home/p_rawicht/bb_ws/src/robot_description/install/robot_description/lib/pkgconfig/robot_description.pc'
[0.279s] Level 1:colcon.colcon_core.environment:checking '/home/p_rawicht/bb_ws/src/robot_description/install/robot_description/lib/python3.10/site-packages'
[0.279s] Level 1:colcon.colcon_core.environment:checking '/home/p_rawicht/bb_ws/src/robot_description/install/robot_description/bin'
[0.279s] INFO:colcon.colcon_core.shell:Creating package script '/home/p_rawicht/bb_ws/src/robot_description/install/robot_description/share/robot_description/package.ps1'
[0.280s] INFO:colcon.colcon_core.shell:Creating package descriptor '/home/p_rawicht/bb_ws/src/robot_description/install/robot_description/share/robot_description/package.dsv'
[0.280s] INFO:colcon.colcon_core.shell:Creating package script '/home/p_rawicht/bb_ws/src/robot_description/install/robot_description/share/robot_description/package.sh'
[0.281s] INFO:colcon.colcon_core.shell:Creating package script '/home/p_rawicht/bb_ws/src/robot_description/install/robot_description/share/robot_description/package.bash'
[0.281s] INFO:colcon.colcon_core.shell:Creating package script '/home/p_rawicht/bb_ws/src/robot_description/install/robot_description/share/robot_description/package.zsh'
[0.282s] Level 1:colcon.colcon_core.environment:create_file_with_runtime_dependencies(/home/p_rawicht/bb_ws/src/robot_description/install/robot_description/share/colcon-core/packages/robot_description)
[0.293s] Level 1:colcon.colcon_core.environment:create_environment_scripts_only(robot_description)
[0.293s] Level 1:colcon.colcon_core.environment:checking '/home/p_rawicht/bb_ws/src/robot_description/install/robot_description' for CMake module files
[0.293s] Level 1:colcon.colcon_core.environment:checking '/home/p_rawicht/bb_ws/src/robot_description/install/robot_description' for CMake config files
[0.294s] Level 1:colcon.colcon_core.shell:create_environment_hook('robot_description', 'cmake_prefix_path')
[0.294s] INFO:colcon.colcon_core.shell:Creating environment hook '/home/p_rawicht/bb_ws/src/robot_description/install/robot_description/share/robot_description/hook/cmake_prefix_path.ps1'
[0.294s] INFO:colcon.colcon_core.shell:Creating environment descriptor '/home/p_rawicht/bb_ws/src/robot_description/install/robot_description/share/robot_description/hook/cmake_prefix_path.dsv'
[0.294s] INFO:colcon.colcon_core.shell:Creating environment hook '/home/p_rawicht/bb_ws/src/robot_description/install/robot_description/share/robot_description/hook/cmake_prefix_path.sh'
[0.294s] Level 1:colcon.colcon_core.environment:checking '/home/p_rawicht/bb_ws/src/robot_description/install/robot_description/bin'
[0.294s] Level 1:colcon.colcon_core.environment:checking '/home/p_rawicht/bb_ws/src/robot_description/install/robot_description/lib/pkgconfig/robot_description.pc'
[0.295s] Level 1:colcon.colcon_core.environment:checking '/home/p_rawicht/bb_ws/src/robot_description/install/robot_description/lib/python3.10/site-packages'
[0.295s] Level 1:colcon.colcon_core.environment:checking '/home/p_rawicht/bb_ws/src/robot_description/install/robot_description/bin'
[0.295s] INFO:colcon.colcon_core.shell:Creating package script '/home/p_rawicht/bb_ws/src/robot_description/install/robot_description/share/robot_description/package.ps1'
[0.295s] INFO:colcon.colcon_core.shell:Creating package descriptor '/home/p_rawicht/bb_ws/src/robot_description/install/robot_description/share/robot_description/package.dsv'
[0.295s] INFO:colcon.colcon_core.shell:Creating package script '/home/p_rawicht/bb_ws/src/robot_description/install/robot_description/share/robot_description/package.sh'
[0.296s] INFO:colcon.colcon_core.shell:Creating package script '/home/p_rawicht/bb_ws/src/robot_description/install/robot_description/share/robot_description/package.bash'
[0.296s] INFO:colcon.colcon_core.shell:Creating package script '/home/p_rawicht/bb_ws/src/robot_description/install/robot_description/share/robot_description/package.zsh'
[0.296s] Level 1:colcon.colcon_core.environment:create_file_with_runtime_dependencies(/home/p_rawicht/bb_ws/src/robot_description/install/robot_description/share/colcon-core/packages/robot_description)
[0.296s] DEBUG:colcon.colcon_parallel_executor.executor.parallel:closing loop
[0.297s] DEBUG:colcon.colcon_parallel_executor.executor.parallel:loop closed
[0.297s] DEBUG:colcon.colcon_parallel_executor.executor.parallel:run_until_complete finished with '0'
[0.297s] DEBUG:colcon.colcon_core.event_reactor:joining thread
[0.342s] INFO:colcon.colcon_core.plugin_system:Skipping extension 'colcon_notification.desktop_notification.notify_send': Could not find 'notify-send'
[0.342s] INFO:colcon.colcon_core.plugin_system:Skipping extension 'colcon_notification.desktop_notification.terminal_notifier': Not used on non-Darwin systems
[0.342s] INFO:colcon.colcon_core.plugin_system:Skipping extension 'colcon_notification.desktop_notification.win32': Not used on non-Windows systems
[0.342s] INFO:colcon.colcon_notification.desktop_notification:Sending desktop notification using 'notify2'
[0.343s] DEBUG:colcon.colcon_notification.desktop_notification.notify2:Failed to initialize notify2: org.freedesktop.DBus.Error.ServiceUnknown: The name org.freedesktop.Notifications was not provided by any .service files
[0.343s] DEBUG:colcon.colcon_core.event_reactor:joined thread
[0.344s] INFO:colcon.colcon_core.shell:Creating prefix script '/home/p_rawicht/bb_ws/src/robot_description/install/local_setup.ps1'
[0.344s] INFO:colcon.colcon_core.shell:Creating prefix util module '/home/p_rawicht/bb_ws/src/robot_description/install/_local_setup_util_ps1.py'
[0.345s] INFO:colcon.colcon_core.shell:Creating prefix chain script '/home/p_rawicht/bb_ws/src/robot_description/install/setup.ps1'
[0.346s] INFO:colcon.colcon_core.shell:Creating prefix script '/home/p_rawicht/bb_ws/src/robot_description/install/local_setup.sh'
[0.346s] INFO:colcon.colcon_core.shell:Creating prefix util module '/home/p_rawicht/bb_ws/src/robot_description/install/_local_setup_util_sh.py'
[0.346s] INFO:colcon.colcon_core.shell:Creating prefix chain script '/home/p_rawicht/bb_ws/src/robot_description/install/setup.sh'
[0.347s] INFO:colcon.colcon_core.shell:Creating prefix script '/home/p_rawicht/bb_ws/src/robot_description/install/local_setup.bash'
[0.347s] INFO:colcon.colcon_core.shell:Creating prefix chain script '/home/p_rawicht/bb_ws/src/robot_description/install/setup.bash'
[0.348s] INFO:colcon.colcon_core.shell:Creating prefix script '/home/p_rawicht/bb_ws/src/robot_description/install/local_setup.zsh'
[0.348s] INFO:colcon.colcon_core.shell:Creating prefix chain script '/home/p_rawicht/bb_ws/src/robot_description/install/setup.zsh'
