[0.018s] Invoking command in '/home/smr/ros2_self_driving_robot/src/build/micro_ros_msgs': CMAKE_PREFIX_PATH=${CMAKE_PREFIX_PATH}:/opt/ros/humble /usr/bin/cmake /home/smr/ros2_self_driving_robot/src/src/uros/micro_ros_msgs -DUAGENT_BUILD_EXECUTABLE=OFF -DUAGENT_P2P_PROFILE=OFF --no-warn-unused-cli -DCMAKE_INSTALL_PREFIX=/home/smr/ros2_self_driving_robot/src/install/micro_ros_msgs
[0.043s] Not searching for unused variables given on the command line.
[0.182s] -- The C compiler identification is GNU 11.4.0
[0.302s] -- The CXX compiler identification is GNU 11.4.0
[0.338s] -- Detecting C compiler ABI info
[0.556s] -- Detecting C compiler ABI info - done
[0.566s] -- Check for working C compiler: /usr/bin/cc - skipped
[0.567s] -- Detecting C compile features
[0.567s] -- Detecting C compile features - done
[0.572s] -- Detecting CXX compiler ABI info
[0.776s] -- Detecting CXX compiler ABI info - done
[0.815s] -- Check for working CXX compiler: /usr/bin/c++ - skipped
[0.815s] -- Detecting CXX compile features
[0.817s] -- Detecting CXX compile features - done
[0.823s] -- Found ament_cmake: 1.3.8 (/opt/ros/humble/share/ament_cmake/cmake)
[1.127s] -- Found Python3: /usr/bin/python3 (found version "3.10.12") found components: Interpreter 
[1.281s] -- Found rosidl_default_generators: 1.2.0 (/opt/ros/humble/share/rosidl_default_generators/cmake)
[1.287s] -- Using all available rosidl_typesupport_c: rosidl_typesupport_fastrtps_c;rosidl_typesupport_introspection_c
[1.298s] -- Found rosidl_adapter: 3.1.5 (/opt/ros/humble/share/rosidl_adapter/cmake)
[1.364s] -- Using all available rosidl_typesupport_cpp: rosidl_typesupport_fastrtps_cpp;rosidl_typesupport_introspection_cpp
[1.422s] -- Found ament_lint_auto: 0.12.10 (/opt/ros/humble/share/ament_lint_auto/cmake)
[1.945s] -- Found ament_cmake_ros: 0.10.0 (/opt/ros/humble/share/ament_cmake_ros/cmake)
[2.332s] -- Using all available rosidl_typesupport_c: rosidl_typesupport_fastrtps_c;rosidl_typesupport_introspection_c
[2.837s] -- Using all available rosidl_typesupport_cpp: rosidl_typesupport_fastrtps_cpp;rosidl_typesupport_introspection_cpp
[2.874s] -- Found PythonInterp: /usr/bin/python3 (found suitable version "3.10.12", minimum required is "3.6") 
[2.878s] -- Found python_cmake_module: 0.10.0 (/opt/ros/humble/share/python_cmake_module/cmake)
[2.938s] -- Found PythonLibs: /usr/lib/aarch64-linux-gnu/libpython3.10.so (found suitable version "3.10.12", minimum required is "3.5") 
[2.938s] -- Using PYTHON_EXECUTABLE: /usr/bin/python3
[2.939s] -- Using PYTHON_INCLUDE_DIRS: /usr/include/python3.10
[2.939s] -- Using PYTHON_LIBRARIES: /usr/lib/aarch64-linux-gnu/libpython3.10.so
[2.972s] -- Found PythonExtra: .so  
[3.066s] -- Added test 'copyright' to check source files copyright and LICENSE
[3.075s] -- Added test 'lint_cmake' to check CMake code style
[3.080s] -- Added test 'xmllint' to check XML markup files
[3.090s] -- Configuring done
[3.133s] -- Generating done
[3.137s] -- Build files have been written to: /home/smr/ros2_self_driving_robot/src/build/micro_ros_msgs
[3.155s] Invoked command in '/home/smr/ros2_self_driving_robot/src/build/micro_ros_msgs' returned '0': CMAKE_PREFIX_PATH=${CMAKE_PREFIX_PATH}:/opt/ros/humble /usr/bin/cmake /home/smr/ros2_self_driving_robot/src/src/uros/micro_ros_msgs -DUAGENT_BUILD_EXECUTABLE=OFF -DUAGENT_P2P_PROFILE=OFF --no-warn-unused-cli -DCMAKE_INSTALL_PREFIX=/home/smr/ros2_self_driving_robot/src/install/micro_ros_msgs
[3.156s] Invoking command in '/home/smr/ros2_self_driving_robot/src/build/micro_ros_msgs': CMAKE_PREFIX_PATH=${CMAKE_PREFIX_PATH}:/opt/ros/humble /usr/bin/cmake --build /home/smr/ros2_self_driving_robot/src/build/micro_ros_msgs -- -j8 -l8
[3.276s] [  2%] [34m[1mGenerating C code for ROS interfaces[0m
[3.277s] [  4%] [34m[1mGenerating C++ code for ROS interfaces[0m
[3.330s] [  4%] Built target ament_cmake_python_copy_micro_ros_msgs
[3.735s] running egg_info
[3.736s] creating micro_ros_msgs.egg-info
[3.736s] writing micro_ros_msgs.egg-info/PKG-INFO
[3.737s] writing dependency_links to micro_ros_msgs.egg-info/dependency_links.txt
[3.737s] writing top-level names to micro_ros_msgs.egg-info/top_level.txt
[3.738s] writing manifest file 'micro_ros_msgs.egg-info/SOURCES.txt'
[3.741s] reading manifest file 'micro_ros_msgs.egg-info/SOURCES.txt'
[3.742s] writing manifest file 'micro_ros_msgs.egg-info/SOURCES.txt'
[3.816s] [  4%] Built target ament_cmake_python_build_micro_ros_msgs_egg
[3.963s] [  4%] Built target micro_ros_msgs__cpp
[3.983s] [  6%] [34m[1mGenerating C++ type support for eProsima Fast-RTPS[0m
[3.994s] [  8%] [34m[1mGenerating C++ type support dispatch for ROS interfaces[0m
[4.000s] [ 10%] [34m[1mGenerating C++ introspection for ROS interfaces[0m
[4.041s] [ 12%] [32mBuilding C object CMakeFiles/micro_ros_msgs__rosidl_generator_c.dir/rosidl_generator_c/micro_ros_msgs/msg/detail/node__functions.c.o[0m
[4.053s] [ 14%] [32mBuilding C object CMakeFiles/micro_ros_msgs__rosidl_generator_c.dir/rosidl_generator_c/micro_ros_msgs/msg/detail/graph__functions.c.o[0m
[4.056s] [ 17%] [32mBuilding C object CMakeFiles/micro_ros_msgs__rosidl_generator_c.dir/rosidl_generator_c/micro_ros_msgs/msg/detail/entity__functions.c.o[0m
[4.267s] [ 19%] [32m[1mLinking C shared library libmicro_ros_msgs__rosidl_generator_c.so[0m
[4.427s] [ 19%] Built target micro_ros_msgs__rosidl_generator_c
[4.459s] [ 23%] [34m[1mGenerating C type support dispatch for ROS interfaces[0m
[4.465s] [ 23%] [34m[1mGenerating C type support for eProsima Fast-RTPS[0m
[4.472s] [ 25%] [34m[1mGenerating C introspection for ROS interfaces[0m
[4.479s] [ 27%] [32mBuilding CXX object CMakeFiles/micro_ros_msgs__rosidl_typesupport_cpp.dir/rosidl_typesupport_cpp/micro_ros_msgs/msg/graph__type_support.cpp.o[0m
[4.495s] [ 29%] [32mBuilding CXX object CMakeFiles/micro_ros_msgs__rosidl_typesupport_cpp.dir/rosidl_typesupport_cpp/micro_ros_msgs/msg/node__type_support.cpp.o[0m
[4.549s] [ 31%] [32mBuilding CXX object CMakeFiles/micro_ros_msgs__rosidl_typesupport_cpp.dir/rosidl_typesupport_cpp/micro_ros_msgs/msg/entity__type_support.cpp.o[0m
[4.591s] [ 34%] [32mBuilding CXX object CMakeFiles/micro_ros_msgs__rosidl_typesupport_fastrtps_cpp.dir/rosidl_typesupport_fastrtps_cpp/micro_ros_msgs/msg/detail/dds_fastrtps/graph__type_support.cpp.o[0m
[4.766s] [ 36%] [32mBuilding CXX object CMakeFiles/micro_ros_msgs__rosidl_typesupport_introspection_cpp.dir/rosidl_typesupport_introspection_cpp/micro_ros_msgs/msg/detail/graph__type_support.cpp.o[0m
[5.215s] [ 38%] [32mBuilding CXX object CMakeFiles/micro_ros_msgs__rosidl_typesupport_c.dir/rosidl_typesupport_c/micro_ros_msgs/msg/graph__type_support.cpp.o[0m
[5.275s] [ 40%] [32mBuilding CXX object CMakeFiles/micro_ros_msgs__rosidl_typesupport_c.dir/rosidl_typesupport_c/micro_ros_msgs/msg/node__type_support.cpp.o[0m
[5.288s] [ 42%] [32mBuilding CXX object CMakeFiles/micro_ros_msgs__rosidl_typesupport_fastrtps_c.dir/rosidl_typesupport_fastrtps_c/micro_ros_msgs/msg/detail/graph__type_support_c.cpp.o[0m
[5.312s] [ 44%] [32mBuilding CXX object CMakeFiles/micro_ros_msgs__rosidl_typesupport_c.dir/rosidl_typesupport_c/micro_ros_msgs/msg/entity__type_support.cpp.o[0m
[5.359s] [ 46%] [32m[1mLinking CXX shared library libmicro_ros_msgs__rosidl_typesupport_c.so[0m
[5.386s] [ 48%] [32mBuilding CXX object CMakeFiles/micro_ros_msgs__rosidl_typesupport_introspection_cpp.dir/rosidl_typesupport_introspection_cpp/micro_ros_msgs/msg/detail/node__type_support.cpp.o[0m
[5.400s] [ 51%] [32mBuilding C object CMakeFiles/micro_ros_msgs__rosidl_typesupport_introspection_c.dir/rosidl_typesupport_introspection_c/micro_ros_msgs/msg/detail/graph__type_support.c.o[0m
[5.484s] [ 53%] [32mBuilding C object CMakeFiles/micro_ros_msgs__rosidl_typesupport_introspection_c.dir/rosidl_typesupport_introspection_c/micro_ros_msgs/msg/detail/node__type_support.c.o[0m
[5.533s] [ 55%] [32mBuilding CXX object CMakeFiles/micro_ros_msgs__rosidl_typesupport_introspection_cpp.dir/rosidl_typesupport_introspection_cpp/micro_ros_msgs/msg/detail/entity__type_support.cpp.o[0m
[5.541s] [ 55%] Built target micro_ros_msgs__rosidl_typesupport_c
[5.562s] [ 57%] [32mBuilding CXX object CMakeFiles/micro_ros_msgs__rosidl_typesupport_fastrtps_cpp.dir/rosidl_typesupport_fastrtps_cpp/micro_ros_msgs/msg/detail/dds_fastrtps/node__type_support.cpp.o[0m
[5.577s] [ 59%] [32mBuilding C object CMakeFiles/micro_ros_msgs__rosidl_typesupport_introspection_c.dir/rosidl_typesupport_introspection_c/micro_ros_msgs/msg/detail/entity__type_support.c.o[0m
[5.825s] [ 61%] [32m[1mLinking C shared library libmicro_ros_msgs__rosidl_typesupport_introspection_c.so[0m
[5.838s] [ 63%] [32mBuilding CXX object CMakeFiles/micro_ros_msgs__rosidl_typesupport_fastrtps_c.dir/rosidl_typesupport_fastrtps_c/micro_ros_msgs/msg/detail/node__type_support_c.cpp.o[0m
[5.963s] [ 63%] Built target micro_ros_msgs__rosidl_typesupport_introspection_c
[6.005s] [ 65%] [32mBuilding CXX object CMakeFiles/micro_ros_msgs__rosidl_typesupport_fastrtps_c.dir/rosidl_typesupport_fastrtps_c/micro_ros_msgs/msg/detail/entity__type_support_c.cpp.o[0m
[6.094s] [ 68%] [32m[1mLinking CXX shared library libmicro_ros_msgs__rosidl_typesupport_cpp.so[0m
[6.142s] [ 70%] [32mBuilding CXX object CMakeFiles/micro_ros_msgs__rosidl_typesupport_fastrtps_cpp.dir/rosidl_typesupport_fastrtps_cpp/micro_ros_msgs/msg/detail/dds_fastrtps/entity__type_support.cpp.o[0m
[6.183s] [ 70%] Built target micro_ros_msgs__rosidl_typesupport_cpp
[6.527s] [ 72%] [32m[1mLinking CXX shared library libmicro_ros_msgs__rosidl_typesupport_introspection_cpp.so[0m
[6.710s] [ 74%] [32m[1mLinking CXX shared library libmicro_ros_msgs__rosidl_typesupport_fastrtps_c.so[0m
[6.760s] [ 74%] Built target micro_ros_msgs__rosidl_typesupport_introspection_cpp
[6.910s] [ 74%] Built target micro_ros_msgs__rosidl_typesupport_fastrtps_c
[6.931s] [ 76%] [32m[1mLinking CXX shared library libmicro_ros_msgs__rosidl_typesupport_fastrtps_cpp.so[0m
[7.097s] [ 76%] Built target micro_ros_msgs__rosidl_typesupport_fastrtps_cpp
[7.154s] [ 76%] Built target micro_ros_msgs
[7.203s] [ 78%] [34m[1mGenerating Python code for ROS interfaces[0m
[8.000s] [ 78%] Built target micro_ros_msgs__py
[8.047s] [ 80%] [32mBuilding C object CMakeFiles/micro_ros_msgs__rosidl_generator_py.dir/rosidl_generator_py/micro_ros_msgs/msg/_node_s.c.o[0m
[8.059s] [ 85%] [32mBuilding C object CMakeFiles/micro_ros_msgs__rosidl_generator_py.dir/rosidl_generator_py/micro_ros_msgs/msg/_entity_s.c.o[0m
[8.059s] [ 85%] [32mBuilding C object CMakeFiles/micro_ros_msgs__rosidl_generator_py.dir/rosidl_generator_py/micro_ros_msgs/msg/_graph_s.c.o[0m
[8.299s] [ 87%] [32m[1mLinking C shared library rosidl_generator_py/micro_ros_msgs/libmicro_ros_msgs__rosidl_generator_py.so[0m
[8.420s] [ 87%] Built target micro_ros_msgs__rosidl_generator_py
[8.466s] [ 89%] [32mBuilding C object CMakeFiles/micro_ros_msgs__rosidl_typesupport_fastrtps_c__pyext.dir/rosidl_generator_py/micro_ros_msgs/_micro_ros_msgs_s.ep.rosidl_typesupport_fastrtps_c.c.o[0m
[8.468s] [ 91%] [32mBuilding C object CMakeFiles/micro_ros_msgs__rosidl_typesupport_c__pyext.dir/rosidl_generator_py/micro_ros_msgs/_micro_ros_msgs_s.ep.rosidl_typesupport_c.c.o[0m
[8.488s] [ 93%] [32mBuilding C object CMakeFiles/micro_ros_msgs__rosidl_typesupport_introspection_c__pyext.dir/rosidl_generator_py/micro_ros_msgs/_micro_ros_msgs_s.ep.rosidl_typesupport_introspection_c.c.o[0m
[8.628s] [ 95%] [32m[1mLinking C shared library rosidl_generator_py/micro_ros_msgs/micro_ros_msgs_s__rosidl_typesupport_fastrtps_c.cpython-310-aarch64-linux-gnu.so[0m
[8.631s] [ 97%] [32m[1mLinking C shared library rosidl_generator_py/micro_ros_msgs/micro_ros_msgs_s__rosidl_typesupport_c.cpython-310-aarch64-linux-gnu.so[0m
[8.686s] [100%] Built target micro_ros_msgs__rosidl_typesupport_fastrtps_c__pyext
[8.686s] [100%] [32m[1mLinking C shared library rosidl_generator_py/micro_ros_msgs/micro_ros_msgs_s__rosidl_typesupport_introspection_c.cpython-310-aarch64-linux-gnu.so[0m
[8.743s] [100%] Built target micro_ros_msgs__rosidl_typesupport_c__pyext
[8.765s] [100%] Built target micro_ros_msgs__rosidl_typesupport_introspection_c__pyext
[8.806s] Invoked command in '/home/smr/ros2_self_driving_robot/src/build/micro_ros_msgs' returned '0': CMAKE_PREFIX_PATH=${CMAKE_PREFIX_PATH}:/opt/ros/humble /usr/bin/cmake --build /home/smr/ros2_self_driving_robot/src/build/micro_ros_msgs -- -j8 -l8
[9.036s] Invoking command in '/home/smr/ros2_self_driving_robot/src/build/micro_ros_msgs': CMAKE_PREFIX_PATH=${CMAKE_PREFIX_PATH}:/opt/ros/humble /usr/bin/cmake --install /home/smr/ros2_self_driving_robot/src/build/micro_ros_msgs
[9.062s] -- Install configuration: ""
[9.062s] -- Installing: /home/smr/ros2_self_driving_robot/src/install/micro_ros_msgs/share/ament_index/resource_index/rosidl_interfaces/micro_ros_msgs
[9.063s] -- Installing: /home/smr/ros2_self_driving_robot/src/install/micro_ros_msgs/include/micro_ros_msgs/micro_ros_msgs
[9.063s] -- Installing: /home/smr/ros2_self_driving_robot/src/install/micro_ros_msgs/include/micro_ros_msgs/micro_ros_msgs/msg
[9.063s] -- Installing: /home/smr/ros2_self_driving_robot/src/install/micro_ros_msgs/include/micro_ros_msgs/micro_ros_msgs/msg/node.h
[9.063s] -- Installing: /home/smr/ros2_self_driving_robot/src/install/micro_ros_msgs/include/micro_ros_msgs/micro_ros_msgs/msg/graph.h
[9.063s] -- Installing: /home/smr/ros2_self_driving_robot/src/install/micro_ros_msgs/include/micro_ros_msgs/micro_ros_msgs/msg/rosidl_generator_c__visibility_control.h
[9.063s] -- Installing: /home/smr/ros2_self_driving_robot/src/install/micro_ros_msgs/include/micro_ros_msgs/micro_ros_msgs/msg/entity.h
[9.064s] -- Installing: /home/smr/ros2_self_driving_robot/src/install/micro_ros_msgs/include/micro_ros_msgs/micro_ros_msgs/msg/detail
[9.064s] -- Installing: /home/smr/ros2_self_driving_robot/src/install/micro_ros_msgs/include/micro_ros_msgs/micro_ros_msgs/msg/detail/entity__functions.h
[9.064s] -- Installing: /home/smr/ros2_self_driving_robot/src/install/micro_ros_msgs/include/micro_ros_msgs/micro_ros_msgs/msg/detail/node__functions.h
[9.064s] -- Installing: /home/smr/ros2_self_driving_robot/src/install/micro_ros_msgs/include/micro_ros_msgs/micro_ros_msgs/msg/detail/graph__functions.h
[9.064s] -- Installing: /home/smr/ros2_self_driving_robot/src/install/micro_ros_msgs/include/micro_ros_msgs/micro_ros_msgs/msg/detail/entity__type_support.h
[9.064s] -- Installing: /home/smr/ros2_self_driving_robot/src/install/micro_ros_msgs/include/micro_ros_msgs/micro_ros_msgs/msg/detail/node__type_support.h
[9.064s] -- Installing: /home/smr/ros2_self_driving_robot/src/install/micro_ros_msgs/include/micro_ros_msgs/micro_ros_msgs/msg/detail/entity__struct.h
[9.065s] -- Installing: /home/smr/ros2_self_driving_robot/src/install/micro_ros_msgs/include/micro_ros_msgs/micro_ros_msgs/msg/detail/node__functions.c
[9.065s] -- Installing: /home/smr/ros2_self_driving_robot/src/install/micro_ros_msgs/include/micro_ros_msgs/micro_ros_msgs/msg/detail/graph__struct.h
[9.065s] -- Installing: /home/smr/ros2_self_driving_robot/src/install/micro_ros_msgs/include/micro_ros_msgs/micro_ros_msgs/msg/detail/graph__functions.c
[9.065s] -- Installing: /home/smr/ros2_self_driving_robot/src/install/micro_ros_msgs/include/micro_ros_msgs/micro_ros_msgs/msg/detail/node__struct.h
[9.065s] -- Installing: /home/smr/ros2_self_driving_robot/src/install/micro_ros_msgs/include/micro_ros_msgs/micro_ros_msgs/msg/detail/entity__functions.c
[9.065s] -- Installing: /home/smr/ros2_self_driving_robot/src/install/micro_ros_msgs/include/micro_ros_msgs/micro_ros_msgs/msg/detail/graph__type_support.h
[9.065s] -- Installing: /home/smr/ros2_self_driving_robot/src/install/micro_ros_msgs/share/micro_ros_msgs/environment/library_path.sh
[9.065s] -- Installing: /home/smr/ros2_self_driving_robot/src/install/micro_ros_msgs/share/micro_ros_msgs/environment/library_path.dsv
[9.065s] -- Installing: /home/smr/ros2_self_driving_robot/src/install/micro_ros_msgs/lib/libmicro_ros_msgs__rosidl_generator_c.so
[9.066s] -- Set runtime path of "/home/smr/ros2_self_driving_robot/src/install/micro_ros_msgs/lib/libmicro_ros_msgs__rosidl_generator_c.so" to ""
[9.066s] -- Up-to-date: /home/smr/ros2_self_driving_robot/src/install/micro_ros_msgs/include/micro_ros_msgs/micro_ros_msgs
[9.066s] -- Up-to-date: /home/smr/ros2_self_driving_robot/src/install/micro_ros_msgs/include/micro_ros_msgs/micro_ros_msgs/msg
[9.066s] -- Installing: /home/smr/ros2_self_driving_robot/src/install/micro_ros_msgs/include/micro_ros_msgs/micro_ros_msgs/msg/rosidl_typesupport_fastrtps_c__visibility_control.h
[9.066s] -- Up-to-date: /home/smr/ros2_self_driving_robot/src/install/micro_ros_msgs/include/micro_ros_msgs/micro_ros_msgs/msg/detail
[9.066s] -- Installing: /home/smr/ros2_self_driving_robot/src/install/micro_ros_msgs/include/micro_ros_msgs/micro_ros_msgs/msg/detail/graph__rosidl_typesupport_fastrtps_c.h
[9.067s] -- Installing: /home/smr/ros2_self_driving_robot/src/install/micro_ros_msgs/include/micro_ros_msgs/micro_ros_msgs/msg/detail/node__rosidl_typesupport_fastrtps_c.h
[9.067s] -- Installing: /home/smr/ros2_self_driving_robot/src/install/micro_ros_msgs/include/micro_ros_msgs/micro_ros_msgs/msg/detail/entity__rosidl_typesupport_fastrtps_c.h
[9.067s] -- Installing: /home/smr/ros2_self_driving_robot/src/install/micro_ros_msgs/lib/libmicro_ros_msgs__rosidl_typesupport_fastrtps_c.so
[9.067s] -- Set runtime path of "/home/smr/ros2_self_driving_robot/src/install/micro_ros_msgs/lib/libmicro_ros_msgs__rosidl_typesupport_fastrtps_c.so" to ""
[9.067s] -- Up-to-date: /home/smr/ros2_self_driving_robot/src/install/micro_ros_msgs/include/micro_ros_msgs/micro_ros_msgs
[9.067s] -- Up-to-date: /home/smr/ros2_self_driving_robot/src/install/micro_ros_msgs/include/micro_ros_msgs/micro_ros_msgs/msg
[9.067s] -- Installing: /home/smr/ros2_self_driving_robot/src/install/micro_ros_msgs/include/micro_ros_msgs/micro_ros_msgs/msg/rosidl_typesupport_introspection_c__visibility_control.h
[9.068s] -- Up-to-date: /home/smr/ros2_self_driving_robot/src/install/micro_ros_msgs/include/micro_ros_msgs/micro_ros_msgs/msg/detail
[9.068s] -- Installing: /home/smr/ros2_self_driving_robot/src/install/micro_ros_msgs/include/micro_ros_msgs/micro_ros_msgs/msg/detail/entity__type_support.c
[9.068s] -- Installing: /home/smr/ros2_self_driving_robot/src/install/micro_ros_msgs/include/micro_ros_msgs/micro_ros_msgs/msg/detail/node__type_support.c
[9.068s] -- Installing: /home/smr/ros2_self_driving_robot/src/install/micro_ros_msgs/include/micro_ros_msgs/micro_ros_msgs/msg/detail/node__rosidl_typesupport_introspection_c.h
[9.068s] -- Installing: /home/smr/ros2_self_driving_robot/src/install/micro_ros_msgs/include/micro_ros_msgs/micro_ros_msgs/msg/detail/graph__rosidl_typesupport_introspection_c.h
[9.068s] -- Installing: /home/smr/ros2_self_driving_robot/src/install/micro_ros_msgs/include/micro_ros_msgs/micro_ros_msgs/msg/detail/entity__rosidl_typesupport_introspection_c.h
[9.068s] -- Installing: /home/smr/ros2_self_driving_robot/src/install/micro_ros_msgs/include/micro_ros_msgs/micro_ros_msgs/msg/detail/graph__type_support.c
[9.068s] -- Installing: /home/smr/ros2_self_driving_robot/src/install/micro_ros_msgs/lib/libmicro_ros_msgs__rosidl_typesupport_introspection_c.so
[9.069s] -- Set runtime path of "/home/smr/ros2_self_driving_robot/src/install/micro_ros_msgs/lib/libmicro_ros_msgs__rosidl_typesupport_introspection_c.so" to ""
[9.069s] -- Installing: /home/smr/ros2_self_driving_robot/src/install/micro_ros_msgs/lib/libmicro_ros_msgs__rosidl_typesupport_c.so
[9.069s] -- Set runtime path of "/home/smr/ros2_self_driving_robot/src/install/micro_ros_msgs/lib/libmicro_ros_msgs__rosidl_typesupport_c.so" to ""
[9.069s] -- Up-to-date: /home/smr/ros2_self_driving_robot/src/install/micro_ros_msgs/include/micro_ros_msgs/micro_ros_msgs
[9.069s] -- Up-to-date: /home/smr/ros2_self_driving_robot/src/install/micro_ros_msgs/include/micro_ros_msgs/micro_ros_msgs/msg
[9.070s] -- Installing: /home/smr/ros2_self_driving_robot/src/install/micro_ros_msgs/include/micro_ros_msgs/micro_ros_msgs/msg/graph.hpp
[9.070s] -- Installing: /home/smr/ros2_self_driving_robot/src/install/micro_ros_msgs/include/micro_ros_msgs/micro_ros_msgs/msg/node.hpp
[9.070s] -- Up-to-date: /home/smr/ros2_self_driving_robot/src/install/micro_ros_msgs/include/micro_ros_msgs/micro_ros_msgs/msg/detail
[9.070s] -- Installing: /home/smr/ros2_self_driving_robot/src/install/micro_ros_msgs/include/micro_ros_msgs/micro_ros_msgs/msg/detail/graph__builder.hpp
[9.070s] -- Installing: /home/smr/ros2_self_driving_robot/src/install/micro_ros_msgs/include/micro_ros_msgs/micro_ros_msgs/msg/detail/node__struct.hpp
[9.070s] -- Installing: /home/smr/ros2_self_driving_robot/src/install/micro_ros_msgs/include/micro_ros_msgs/micro_ros_msgs/msg/detail/node__builder.hpp
[9.070s] -- Installing: /home/smr/ros2_self_driving_robot/src/install/micro_ros_msgs/include/micro_ros_msgs/micro_ros_msgs/msg/detail/node__traits.hpp
[9.071s] -- Installing: /home/smr/ros2_self_driving_robot/src/install/micro_ros_msgs/include/micro_ros_msgs/micro_ros_msgs/msg/detail/entity__struct.hpp
[9.071s] -- Installing: /home/smr/ros2_self_driving_robot/src/install/micro_ros_msgs/include/micro_ros_msgs/micro_ros_msgs/msg/detail/entity__builder.hpp
[9.071s] -- Installing: /home/smr/ros2_self_driving_robot/src/install/micro_ros_msgs/include/micro_ros_msgs/micro_ros_msgs/msg/detail/graph__struct.hpp
[9.071s] -- Installing: /home/smr/ros2_self_driving_robot/src/install/micro_ros_msgs/include/micro_ros_msgs/micro_ros_msgs/msg/detail/graph__traits.hpp
[9.071s] -- Installing: /home/smr/ros2_self_driving_robot/src/install/micro_ros_msgs/include/micro_ros_msgs/micro_ros_msgs/msg/detail/entity__traits.hpp
[9.071s] -- Installing: /home/smr/ros2_self_driving_robot/src/install/micro_ros_msgs/include/micro_ros_msgs/micro_ros_msgs/msg/entity.hpp
[9.072s] -- Up-to-date: /home/smr/ros2_self_driving_robot/src/install/micro_ros_msgs/include/micro_ros_msgs/micro_ros_msgs
[9.072s] -- Up-to-date: /home/smr/ros2_self_driving_robot/src/install/micro_ros_msgs/include/micro_ros_msgs/micro_ros_msgs/msg
[9.072s] -- Installing: /home/smr/ros2_self_driving_robot/src/install/micro_ros_msgs/include/micro_ros_msgs/micro_ros_msgs/msg/rosidl_typesupport_fastrtps_cpp__visibility_control.h
[9.072s] -- Up-to-date: /home/smr/ros2_self_driving_robot/src/install/micro_ros_msgs/include/micro_ros_msgs/micro_ros_msgs/msg/detail
[9.072s] -- Installing: /home/smr/ros2_self_driving_robot/src/install/micro_ros_msgs/include/micro_ros_msgs/micro_ros_msgs/msg/detail/graph__rosidl_typesupport_fastrtps_cpp.hpp
[9.072s] -- Installing: /home/smr/ros2_self_driving_robot/src/install/micro_ros_msgs/include/micro_ros_msgs/micro_ros_msgs/msg/detail/node__rosidl_typesupport_fastrtps_cpp.hpp
[9.072s] -- Installing: /home/smr/ros2_self_driving_robot/src/install/micro_ros_msgs/include/micro_ros_msgs/micro_ros_msgs/msg/detail/entity__rosidl_typesupport_fastrtps_cpp.hpp
[9.072s] -- Installing: /home/smr/ros2_self_driving_robot/src/install/micro_ros_msgs/include/micro_ros_msgs/micro_ros_msgs/msg/detail/dds_fastrtps
[9.072s] -- Installing: /home/smr/ros2_self_driving_robot/src/install/micro_ros_msgs/lib/libmicro_ros_msgs__rosidl_typesupport_fastrtps_cpp.so
[9.073s] -- Set runtime path of "/home/smr/ros2_self_driving_robot/src/install/micro_ros_msgs/lib/libmicro_ros_msgs__rosidl_typesupport_fastrtps_cpp.so" to ""
[9.073s] -- Up-to-date: /home/smr/ros2_self_driving_robot/src/install/micro_ros_msgs/include/micro_ros_msgs/micro_ros_msgs
[9.073s] -- Up-to-date: /home/smr/ros2_self_driving_robot/src/install/micro_ros_msgs/include/micro_ros_msgs/micro_ros_msgs/msg
[9.073s] -- Up-to-date: /home/smr/ros2_self_driving_robot/src/install/micro_ros_msgs/include/micro_ros_msgs/micro_ros_msgs/msg/detail
[9.073s] -- Installing: /home/smr/ros2_self_driving_robot/src/install/micro_ros_msgs/include/micro_ros_msgs/micro_ros_msgs/msg/detail/graph__type_support.cpp
[9.074s] -- Installing: /home/smr/ros2_self_driving_robot/src/install/micro_ros_msgs/include/micro_ros_msgs/micro_ros_msgs/msg/detail/entity__type_support.cpp
[9.074s] -- Installing: /home/smr/ros2_self_driving_robot/src/install/micro_ros_msgs/include/micro_ros_msgs/micro_ros_msgs/msg/detail/node__rosidl_typesupport_introspection_cpp.hpp
[9.074s] -- Installing: /home/smr/ros2_self_driving_robot/src/install/micro_ros_msgs/include/micro_ros_msgs/micro_ros_msgs/msg/detail/graph__rosidl_typesupport_introspection_cpp.hpp
[9.074s] -- Installing: /home/smr/ros2_self_driving_robot/src/install/micro_ros_msgs/include/micro_ros_msgs/micro_ros_msgs/msg/detail/entity__rosidl_typesupport_introspection_cpp.hpp
[9.074s] -- Installing: /home/smr/ros2_self_driving_robot/src/install/micro_ros_msgs/include/micro_ros_msgs/micro_ros_msgs/msg/detail/node__type_support.cpp
[9.074s] -- Installing: /home/smr/ros2_self_driving_robot/src/install/micro_ros_msgs/lib/libmicro_ros_msgs__rosidl_typesupport_introspection_cpp.so
[9.075s] -- Set runtime path of "/home/smr/ros2_self_driving_robot/src/install/micro_ros_msgs/lib/libmicro_ros_msgs__rosidl_typesupport_introspection_cpp.so" to ""
[9.076s] -- Installing: /home/smr/ros2_self_driving_robot/src/install/micro_ros_msgs/lib/libmicro_ros_msgs__rosidl_typesupport_cpp.so
[9.076s] -- Set runtime path of "/home/smr/ros2_self_driving_robot/src/install/micro_ros_msgs/lib/libmicro_ros_msgs__rosidl_typesupport_cpp.so" to ""
[9.077s] -- Installing: /home/smr/ros2_self_driving_robot/src/install/micro_ros_msgs/share/micro_ros_msgs/environment/pythonpath.sh
[9.078s] -- Installing: /home/smr/ros2_self_driving_robot/src/install/micro_ros_msgs/share/micro_ros_msgs/environment/pythonpath.dsv
[9.078s] -- Installing: /home/smr/ros2_self_driving_robot/src/install/micro_ros_msgs/local/lib/python3.10/dist-packages/micro_ros_msgs-3.0.1-py3.10.egg-info
[9.079s] -- Installing: /home/smr/ros2_self_driving_robot/src/install/micro_ros_msgs/local/lib/python3.10/dist-packages/micro_ros_msgs-3.0.1-py3.10.egg-info/SOURCES.txt
[9.079s] -- Installing: /home/smr/ros2_self_driving_robot/src/install/micro_ros_msgs/local/lib/python3.10/dist-packages/micro_ros_msgs-3.0.1-py3.10.egg-info/PKG-INFO
[9.080s] -- Installing: /home/smr/ros2_self_driving_robot/src/install/micro_ros_msgs/local/lib/python3.10/dist-packages/micro_ros_msgs-3.0.1-py3.10.egg-info/top_level.txt
[9.080s] -- Installing: /home/smr/ros2_self_driving_robot/src/install/micro_ros_msgs/local/lib/python3.10/dist-packages/micro_ros_msgs-3.0.1-py3.10.egg-info/dependency_links.txt
[9.081s] -- Installing: /home/smr/ros2_self_driving_robot/src/install/micro_ros_msgs/local/lib/python3.10/dist-packages/micro_ros_msgs
[9.083s] -- Installing: /home/smr/ros2_self_driving_robot/src/install/micro_ros_msgs/local/lib/python3.10/dist-packages/micro_ros_msgs/libmicro_ros_msgs__rosidl_generator_py.so
[9.084s] -- Installing: /home/smr/ros2_self_driving_robot/src/install/micro_ros_msgs/local/lib/python3.10/dist-packages/micro_ros_msgs/msg
[9.085s] -- Installing: /home/smr/ros2_self_driving_robot/src/install/micro_ros_msgs/local/lib/python3.10/dist-packages/micro_ros_msgs/msg/_entity.py
[9.086s] -- Installing: /home/smr/ros2_self_driving_robot/src/install/micro_ros_msgs/local/lib/python3.10/dist-packages/micro_ros_msgs/msg/_graph_s.c
[9.087s] -- Installing: /home/smr/ros2_self_driving_robot/src/install/micro_ros_msgs/local/lib/python3.10/dist-packages/micro_ros_msgs/msg/_entity_s.c
[9.088s] -- Installing: /home/smr/ros2_self_driving_robot/src/install/micro_ros_msgs/local/lib/python3.10/dist-packages/micro_ros_msgs/msg/_graph.py
[9.090s] -- Installing: /home/smr/ros2_self_driving_robot/src/install/micro_ros_msgs/local/lib/python3.10/dist-packages/micro_ros_msgs/msg/_node_s.c
[9.090s] -- Installing: /home/smr/ros2_self_driving_robot/src/install/micro_ros_msgs/local/lib/python3.10/dist-packages/micro_ros_msgs/msg/__init__.py
[9.091s] -- Installing: /home/smr/ros2_self_driving_robot/src/install/micro_ros_msgs/local/lib/python3.10/dist-packages/micro_ros_msgs/msg/_node.py
[9.092s] -- Installing: /home/smr/ros2_self_driving_robot/src/install/micro_ros_msgs/local/lib/python3.10/dist-packages/micro_ros_msgs/_micro_ros_msgs_s.ep.rosidl_typesupport_c.c
[9.092s] -- Installing: /home/smr/ros2_self_driving_robot/src/install/micro_ros_msgs/local/lib/python3.10/dist-packages/micro_ros_msgs/micro_ros_msgs_s__rosidl_typesupport_fastrtps_c.cpython-310-aarch64-linux-gnu.so
[9.093s] -- Installing: /home/smr/ros2_self_driving_robot/src/install/micro_ros_msgs/local/lib/python3.10/dist-packages/micro_ros_msgs/_micro_ros_msgs_s.ep.rosidl_typesupport_introspection_c.c
[9.094s] -- Installing: /home/smr/ros2_self_driving_robot/src/install/micro_ros_msgs/local/lib/python3.10/dist-packages/micro_ros_msgs/_micro_ros_msgs_s.ep.rosidl_typesupport_fastrtps_c.c
[9.094s] -- Installing: /home/smr/ros2_self_driving_robot/src/install/micro_ros_msgs/local/lib/python3.10/dist-packages/micro_ros_msgs/__init__.py
[9.095s] -- Installing: /home/smr/ros2_self_driving_robot/src/install/micro_ros_msgs/local/lib/python3.10/dist-packages/micro_ros_msgs/micro_ros_msgs_s__rosidl_typesupport_introspection_c.cpython-310-aarch64-linux-gnu.so
[9.095s] -- Installing: /home/smr/ros2_self_driving_robot/src/install/micro_ros_msgs/local/lib/python3.10/dist-packages/micro_ros_msgs/micro_ros_msgs_s__rosidl_typesupport_c.cpython-310-aarch64-linux-gnu.so
[9.134s] Listing '/home/smr/ros2_self_driving_robot/src/install/micro_ros_msgs/local/lib/python3.10/dist-packages/micro_ros_msgs'...
[9.135s] Compiling '/home/smr/ros2_self_driving_robot/src/install/micro_ros_msgs/local/lib/python3.10/dist-packages/micro_ros_msgs/__init__.py'...
[9.135s] Listing '/home/smr/ros2_self_driving_robot/src/install/micro_ros_msgs/local/lib/python3.10/dist-packages/micro_ros_msgs/msg'...
[9.136s] Compiling '/home/smr/ros2_self_driving_robot/src/install/micro_ros_msgs/local/lib/python3.10/dist-packages/micro_ros_msgs/msg/__init__.py'...
[9.137s] Compiling '/home/smr/ros2_self_driving_robot/src/install/micro_ros_msgs/local/lib/python3.10/dist-packages/micro_ros_msgs/msg/_entity.py'...
[9.137s] Compiling '/home/smr/ros2_self_driving_robot/src/install/micro_ros_msgs/local/lib/python3.10/dist-packages/micro_ros_msgs/msg/_graph.py'...
[9.138s] Compiling '/home/smr/ros2_self_driving_robot/src/install/micro_ros_msgs/local/lib/python3.10/dist-packages/micro_ros_msgs/msg/_node.py'...
[9.145s] -- Installing: /home/smr/ros2_self_driving_robot/src/install/micro_ros_msgs/local/lib/python3.10/dist-packages/micro_ros_msgs/micro_ros_msgs_s__rosidl_typesupport_fastrtps_c.cpython-310-aarch64-linux-gnu.so
[9.146s] -- Set runtime path of "/home/smr/ros2_self_driving_robot/src/install/micro_ros_msgs/local/lib/python3.10/dist-packages/micro_ros_msgs/micro_ros_msgs_s__rosidl_typesupport_fastrtps_c.cpython-310-aarch64-linux-gnu.so" to ""
[9.147s] -- Installing: /home/smr/ros2_self_driving_robot/src/install/micro_ros_msgs/local/lib/python3.10/dist-packages/micro_ros_msgs/micro_ros_msgs_s__rosidl_typesupport_introspection_c.cpython-310-aarch64-linux-gnu.so
[9.148s] -- Set runtime path of "/home/smr/ros2_self_driving_robot/src/install/micro_ros_msgs/local/lib/python3.10/dist-packages/micro_ros_msgs/micro_ros_msgs_s__rosidl_typesupport_introspection_c.cpython-310-aarch64-linux-gnu.so" to ""
[9.148s] -- Installing: /home/smr/ros2_self_driving_robot/src/install/micro_ros_msgs/local/lib/python3.10/dist-packages/micro_ros_msgs/micro_ros_msgs_s__rosidl_typesupport_c.cpython-310-aarch64-linux-gnu.so
[9.149s] -- Set runtime path of "/home/smr/ros2_self_driving_robot/src/install/micro_ros_msgs/local/lib/python3.10/dist-packages/micro_ros_msgs/micro_ros_msgs_s__rosidl_typesupport_c.cpython-310-aarch64-linux-gnu.so" to ""
[9.149s] -- Installing: /home/smr/ros2_self_driving_robot/src/install/micro_ros_msgs/lib/libmicro_ros_msgs__rosidl_generator_py.so
[9.150s] -- Set runtime path of "/home/smr/ros2_self_driving_robot/src/install/micro_ros_msgs/lib/libmicro_ros_msgs__rosidl_generator_py.so" to ""
[9.151s] -- Installing: /home/smr/ros2_self_driving_robot/src/install/micro_ros_msgs/share/micro_ros_msgs/msg/Graph.idl
[9.151s] -- Installing: /home/smr/ros2_self_driving_robot/src/install/micro_ros_msgs/share/micro_ros_msgs/msg/Node.idl
[9.152s] -- Installing: /home/smr/ros2_self_driving_robot/src/install/micro_ros_msgs/share/micro_ros_msgs/msg/Entity.idl
[9.152s] -- Installing: /home/smr/ros2_self_driving_robot/src/install/micro_ros_msgs/share/micro_ros_msgs/msg/Graph.msg
[9.153s] -- Installing: /home/smr/ros2_self_driving_robot/src/install/micro_ros_msgs/share/micro_ros_msgs/msg/Node.msg
[9.153s] -- Installing: /home/smr/ros2_self_driving_robot/src/install/micro_ros_msgs/share/micro_ros_msgs/msg/Entity.msg
[9.154s] -- Installing: /home/smr/ros2_self_driving_robot/src/install/micro_ros_msgs/share/ament_index/resource_index/package_run_dependencies/micro_ros_msgs
[9.155s] -- Installing: /home/smr/ros2_self_driving_robot/src/install/micro_ros_msgs/share/ament_index/resource_index/parent_prefix_path/micro_ros_msgs
[9.156s] -- Installing: /home/smr/ros2_self_driving_robot/src/install/micro_ros_msgs/share/micro_ros_msgs/environment/ament_prefix_path.sh
[9.156s] -- Installing: /home/smr/ros2_self_driving_robot/src/install/micro_ros_msgs/share/micro_ros_msgs/environment/ament_prefix_path.dsv
[9.156s] -- Installing: /home/smr/ros2_self_driving_robot/src/install/micro_ros_msgs/share/micro_ros_msgs/environment/path.sh
[9.157s] -- Installing: /home/smr/ros2_self_driving_robot/src/install/micro_ros_msgs/share/micro_ros_msgs/environment/path.dsv
[9.157s] -- Installing: /home/smr/ros2_self_driving_robot/src/install/micro_ros_msgs/share/micro_ros_msgs/local_setup.bash
[9.158s] -- Installing: /home/smr/ros2_self_driving_robot/src/install/micro_ros_msgs/share/micro_ros_msgs/local_setup.sh
[9.158s] -- Installing: /home/smr/ros2_self_driving_robot/src/install/micro_ros_msgs/share/micro_ros_msgs/local_setup.zsh
[9.159s] -- Installing: /home/smr/ros2_self_driving_robot/src/install/micro_ros_msgs/share/micro_ros_msgs/local_setup.dsv
[9.160s] -- Installing: /home/smr/ros2_self_driving_robot/src/install/micro_ros_msgs/share/micro_ros_msgs/package.dsv
[9.161s] -- Installing: /home/smr/ros2_self_driving_robot/src/install/micro_ros_msgs/share/ament_index/resource_index/packages/micro_ros_msgs
[9.162s] -- Installing: /home/smr/ros2_self_driving_robot/src/install/micro_ros_msgs/share/micro_ros_msgs/cmake/export_micro_ros_msgs__rosidl_generator_cExport.cmake
[9.163s] -- Installing: /home/smr/ros2_self_driving_robot/src/install/micro_ros_msgs/share/micro_ros_msgs/cmake/export_micro_ros_msgs__rosidl_generator_cExport-noconfig.cmake
[9.164s] -- Installing: /home/smr/ros2_self_driving_robot/src/install/micro_ros_msgs/share/micro_ros_msgs/cmake/export_micro_ros_msgs__rosidl_typesupport_fastrtps_cExport.cmake
[9.164s] -- Installing: /home/smr/ros2_self_driving_robot/src/install/micro_ros_msgs/share/micro_ros_msgs/cmake/export_micro_ros_msgs__rosidl_typesupport_fastrtps_cExport-noconfig.cmake
[9.165s] -- Installing: /home/smr/ros2_self_driving_robot/src/install/micro_ros_msgs/share/micro_ros_msgs/cmake/micro_ros_msgs__rosidl_typesupport_introspection_cExport.cmake
[9.166s] -- Installing: /home/smr/ros2_self_driving_robot/src/install/micro_ros_msgs/share/micro_ros_msgs/cmake/micro_ros_msgs__rosidl_typesupport_introspection_cExport-noconfig.cmake
[9.166s] -- Installing: /home/smr/ros2_self_driving_robot/src/install/micro_ros_msgs/share/micro_ros_msgs/cmake/micro_ros_msgs__rosidl_typesupport_cExport.cmake
[9.168s] -- Installing: /home/smr/ros2_self_driving_robot/src/install/micro_ros_msgs/share/micro_ros_msgs/cmake/micro_ros_msgs__rosidl_typesupport_cExport-noconfig.cmake
[9.168s] -- Installing: /home/smr/ros2_self_driving_robot/src/install/micro_ros_msgs/share/micro_ros_msgs/cmake/export_micro_ros_msgs__rosidl_generator_cppExport.cmake
[9.169s] -- Installing: /home/smr/ros2_self_driving_robot/src/install/micro_ros_msgs/share/micro_ros_msgs/cmake/export_micro_ros_msgs__rosidl_typesupport_fastrtps_cppExport.cmake
[9.169s] -- Installing: /home/smr/ros2_self_driving_robot/src/install/micro_ros_msgs/share/micro_ros_msgs/cmake/export_micro_ros_msgs__rosidl_typesupport_fastrtps_cppExport-noconfig.cmake
[9.170s] -- Installing: /home/smr/ros2_self_driving_robot/src/install/micro_ros_msgs/share/micro_ros_msgs/cmake/micro_ros_msgs__rosidl_typesupport_introspection_cppExport.cmake
[9.170s] -- Installing: /home/smr/ros2_self_driving_robot/src/install/micro_ros_msgs/share/micro_ros_msgs/cmake/micro_ros_msgs__rosidl_typesupport_introspection_cppExport-noconfig.cmake
[9.171s] -- Installing: /home/smr/ros2_self_driving_robot/src/install/micro_ros_msgs/share/micro_ros_msgs/cmake/micro_ros_msgs__rosidl_typesupport_cppExport.cmake
[9.171s] -- Installing: /home/smr/ros2_self_driving_robot/src/install/micro_ros_msgs/share/micro_ros_msgs/cmake/micro_ros_msgs__rosidl_typesupport_cppExport-noconfig.cmake
[9.172s] -- Installing: /home/smr/ros2_self_driving_robot/src/install/micro_ros_msgs/share/micro_ros_msgs/cmake/export_micro_ros_msgs__rosidl_generator_pyExport.cmake
[9.172s] -- Installing: /home/smr/ros2_self_driving_robot/src/install/micro_ros_msgs/share/micro_ros_msgs/cmake/export_micro_ros_msgs__rosidl_generator_pyExport-noconfig.cmake
[9.173s] -- Installing: /home/smr/ros2_self_driving_robot/src/install/micro_ros_msgs/share/micro_ros_msgs/cmake/rosidl_cmake-extras.cmake
[9.173s] -- Installing: /home/smr/ros2_self_driving_robot/src/install/micro_ros_msgs/share/micro_ros_msgs/cmake/ament_cmake_export_include_directories-extras.cmake
[9.174s] -- Installing: /home/smr/ros2_self_driving_robot/src/install/micro_ros_msgs/share/micro_ros_msgs/cmake/ament_cmake_export_libraries-extras.cmake
[9.174s] -- Installing: /home/smr/ros2_self_driving_robot/src/install/micro_ros_msgs/share/micro_ros_msgs/cmake/ament_cmake_export_targets-extras.cmake
[9.175s] -- Installing: /home/smr/ros2_self_driving_robot/src/install/micro_ros_msgs/share/micro_ros_msgs/cmake/rosidl_cmake_export_typesupport_targets-extras.cmake
[9.176s] -- Installing: /home/smr/ros2_self_driving_robot/src/install/micro_ros_msgs/share/micro_ros_msgs/cmake/ament_cmake_export_dependencies-extras.cmake
[9.178s] -- Installing: /home/smr/ros2_self_driving_robot/src/install/micro_ros_msgs/share/micro_ros_msgs/cmake/rosidl_cmake_export_typesupport_libraries-extras.cmake
[9.179s] -- Installing: /home/smr/ros2_self_driving_robot/src/install/micro_ros_msgs/share/micro_ros_msgs/cmake/micro_ros_msgsConfig.cmake
[9.183s] -- Installing: /home/smr/ros2_self_driving_robot/src/install/micro_ros_msgs/share/micro_ros_msgs/cmake/micro_ros_msgsConfig-version.cmake
[9.186s] -- Installing: /home/smr/ros2_self_driving_robot/src/install/micro_ros_msgs/share/micro_ros_msgs/package.xml
[9.187s] Invoked command in '/home/smr/ros2_self_driving_robot/src/build/micro_ros_msgs' returned '0': CMAKE_PREFIX_PATH=${CMAKE_PREFIX_PATH}:/opt/ros/humble /usr/bin/cmake --install /home/smr/ros2_self_driving_robot/src/build/micro_ros_msgs
