[0.025s] Invoking command in '/home/smr/ros2_self_driving_robot/build/my_nav2_behavior_tree': CMAKE_PREFIX_PATH=/home/smr/ros2_self_driving_robot/install/nav2_behavior_plugin:/home/smr/ros2_self_driving_robot/install/sllidar_ros2:/home/smr/ros2_self_driving_robot/install/robot_navigation:/home/smr/ros2_self_driving_robot/install/robot_description:/home/smr/ros2_self_driving_robot/install/robot_bringup:/home/smr/ros2_self_driving_robot/install/nav2_behavior_tree:/home/smr/ros2_self_driving_robot/install/micro_ros_setup:/home/smr/ros2_self_driving_robot/install/micro_ros_agent:/home/smr/ros2_self_driving_robot/install/micro_ros_msgs:/opt/ros/humble:/home/smr/ros2_self_driving_robot/install/python_pkg LD_LIBRARY_PATH=/home/smr/ros2_self_driving_robot/install/nav2_behavior_plugin/lib:/home/smr/ros2_self_driving_robot/install/nav2_behavior_tree/lib:/home/smr/ros2_self_driving_robot/install/micro_ros_agent/lib:/home/smr/ros2_self_driving_robot/install/micro_ros_msgs/lib:/opt/ros/humble/opt/rviz_ogre_vendor/lib:/opt/ros/humble/lib/aarch64-linux-gnu:/opt/ros/humble/lib /usr/bin/cmake --build /home/smr/ros2_self_driving_robot/build/my_nav2_behavior_tree -- -j8 -l8
[0.182s] [35m[1mConsolidate compiler generated dependencies of target nav2_obstacle_warning_action_bt_node[0m
[0.245s] [ 50%] [32mBuilding CXX object CMakeFiles/nav2_obstacle_warning_action_bt_node.dir/src/obstacle_warning_action.cpp.o[0m
[4.087s] In file included from [01m[K/home/smr/ros2_self_driving_robot/src/my_nav2_behavior_tree/src/obstacle_warning_action.cpp:19[m[K:
[4.087s] [01m[K/home/smr/ros2_self_driving_robot/src/my_nav2_behavior_tree/include/my_nav2_behavior_tree/obstacle_warning_action.hpp:29:41:[m[K [01;31m[Kerror: [m[Kexpected template-name before ‘[01m[K<[m[K’ token
[4.087s]    29 | class NotifyAction : public BtActionNode[01;31m[K<[m[Knav2_behavior_plugin::action::ObstacleWarning>
[4.087s]       |                                         [01;31m[K^[m[K
[4.087s] [01m[K/home/smr/ros2_self_driving_robot/src/my_nav2_behavior_tree/include/my_nav2_behavior_tree/obstacle_warning_action.hpp:29:41:[m[K [01;31m[Kerror: [m[Kexpected ‘[01m[K{[m[K’ before ‘[01m[K<[m[K’ token
[4.087s] [01m[K/home/smr/ros2_self_driving_robot/src/my_nav2_behavior_tree/include/my_nav2_behavior_tree/obstacle_warning_action.hpp:29:41:[m[K [01;31m[Kerror: [m[Kexpected unqualified-id before ‘[01m[K<[m[K’ token
[4.087s] [01m[K/home/smr/ros2_self_driving_robot/src/my_nav2_behavior_tree/src/obstacle_warning_action.cpp:27:37:[m[K [01;31m[Kerror: [m[Kinvalid use of incomplete type ‘[01m[Kclass my_nav2_behavior_tree::NotifyAction[m[K’
[4.087s]    27 |   const BT::NodeConfiguration & conf[01;31m[K)[m[K
[4.087s]       |                                     [01;31m[K^[m[K
[4.087s] In file included from [01m[K/home/smr/ros2_self_driving_robot/src/my_nav2_behavior_tree/src/obstacle_warning_action.cpp:19[m[K:
[4.088s] [01m[K/home/smr/ros2_self_driving_robot/src/my_nav2_behavior_tree/include/my_nav2_behavior_tree/obstacle_warning_action.hpp:29:7:[m[K [01;36m[Knote: [m[Kforward declaration of ‘[01m[Kclass my_nav2_behavior_tree::NotifyAction[m[K’
[4.088s]    29 | class [01;36m[KNotifyAction[m[K : public BtActionNode<nav2_behavior_plugin::action::ObstacleWarning>
[4.088s]       |       [01;36m[K^~~~~~~~~~~~[m[K
[4.088s] [01m[K/home/smr/ros2_self_driving_robot/src/my_nav2_behavior_tree/src/obstacle_warning_action.cpp:33:31:[m[K [01;31m[Kerror: [m[Kinvalid use of incomplete type ‘[01m[Kclass my_nav2_behavior_tree::NotifyAction[m[K’
[4.088s]    33 | void NotifyAction::initialize([01;31m[K)[m[K
[4.088s]       |                               [01;31m[K^[m[K
[4.088s] In file included from [01m[K/home/smr/ros2_self_driving_robot/src/my_nav2_behavior_tree/src/obstacle_warning_action.cpp:19[m[K:
[4.088s] [01m[K/home/smr/ros2_self_driving_robot/src/my_nav2_behavior_tree/include/my_nav2_behavior_tree/obstacle_warning_action.hpp:29:7:[m[K [01;36m[Knote: [m[Kforward declaration of ‘[01m[Kclass my_nav2_behavior_tree::NotifyAction[m[K’
[4.088s]    29 | class [01;36m[KNotifyAction[m[K : public BtActionNode<nav2_behavior_plugin::action::ObstacleWarning>
[4.088s]       |       [01;36m[K^~~~~~~~~~~~[m[K
[4.088s] [01m[K/home/smr/ros2_self_driving_robot/src/my_nav2_behavior_tree/src/obstacle_warning_action.cpp:48:28:[m[K [01;31m[Kerror: [m[Kinvalid use of incomplete type ‘[01m[Kclass my_nav2_behavior_tree::NotifyAction[m[K’
[4.088s]    48 | void NotifyAction::on_tick([01;31m[K)[m[K
[4.088s]       |                            [01;31m[K^[m[K
[4.089s] In file included from [01m[K/home/smr/ros2_self_driving_robot/src/my_nav2_behavior_tree/src/obstacle_warning_action.cpp:19[m[K:
[4.089s] [01m[K/home/smr/ros2_self_driving_robot/src/my_nav2_behavior_tree/include/my_nav2_behavior_tree/obstacle_warning_action.hpp:29:7:[m[K [01;36m[Knote: [m[Kforward declaration of ‘[01m[Kclass my_nav2_behavior_tree::NotifyAction[m[K’
[4.089s]    29 | class [01;36m[KNotifyAction[m[K : public BtActionNode<nav2_behavior_plugin::action::ObstacleWarning>
[4.089s]       |       [01;36m[K^~~~~~~~~~~~[m[K
[4.198s] [01m[K/home/smr/ros2_self_driving_robot/src/my_nav2_behavior_tree/src/obstacle_warning_action.cpp:[m[K In function ‘[01m[Kvoid BT_RegisterNodesFromPlugin(BT::BehaviorTreeFactory&)[m[K’:
[4.199s] [01m[K/home/smr/ros2_self_driving_robot/src/my_nav2_behavior_tree/src/obstacle_warning_action.cpp:66:5:[m[K [01;31m[Kerror: [m[Kconversion from ‘[01m[KBT_RegisterNodesFromPlugin(BT::BehaviorTreeFactory&)::<lambda(const string&, const BT::NodeConfiguration&)>[m[K’ to non-scalar type ‘[01m[KBT::NodeBuilder[m[K’ {aka ‘[01m[Kstd::function<std::unique_ptr<BT::TreeNode>(const std::__cxx11::basic_string<char>&, const BT::NodeConfiguration&)>[m[K’} requested
[4.199s]    66 |     [01;31m[K}[m[K;
[4.199s]       |     [01;31m[K^[m[K
[4.368s] In file included from [01m[K/usr/include/c++/11/memory:76[m[K,
[4.368s]                  from [01m[K/home/smr/ros2_self_driving_robot/src/my_nav2_behavior_tree/src/obstacle_warning_action.cpp:16[m[K:
[4.368s] /usr/include/c++/11/bits/unique_ptr.h: In instantiation of ‘[01m[Ktypename std::_MakeUniq<_Tp>::__single_object std::make_unique(_Args&& ...) [with _Tp = my_nav2_behavior_tree::NotifyAction; _Args = {const std::__cxx11::basic_string<char, std::char_traits<char>, std::allocator<char> >&, const char (&)[7], const BT::NodeConfiguration&}; typename std::_MakeUniq<_Tp>::__single_object = std::unique_ptr<my_nav2_behavior_tree::NotifyAction, std::default_delete<my_nav2_behavior_tree::NotifyAction> >][m[K’:
[4.368s] [01m[K/home/smr/ros2_self_driving_robot/src/my_nav2_behavior_tree/src/obstacle_warning_action.cpp:65:67:[m[K   required from here
[4.368s] [01m[K/usr/include/c++/11/bits/unique_ptr.h:962:30:[m[K [01;31m[Kerror: [m[Kinvalid use of incomplete type ‘[01m[Kclass my_nav2_behavior_tree::NotifyAction[m[K’
[4.368s]   962 |     { return unique_ptr<_Tp>([01;31m[Knew _Tp(std::forward<_Args>(__args)...)[m[K); }
[4.368s]       |                              [01;31m[K^~~~~~~~~~~~~~~~~~~~~~~~~~~~~~~~~~~~~~~[m[K
[4.368s] In file included from [01m[K/home/smr/ros2_self_driving_robot/src/my_nav2_behavior_tree/src/obstacle_warning_action.cpp:19[m[K:
[4.368s] [01m[K/home/smr/ros2_self_driving_robot/src/my_nav2_behavior_tree/include/my_nav2_behavior_tree/obstacle_warning_action.hpp:29:7:[m[K [01;36m[Knote: [m[Kforward declaration of ‘[01m[Kclass my_nav2_behavior_tree::NotifyAction[m[K’
[4.368s]    29 | class [01;36m[KNotifyAction[m[K : public BtActionNode<nav2_behavior_plugin::action::ObstacleWarning>
[4.368s]       |       [01;36m[K^~~~~~~~~~~~[m[K
[4.563s] In file included from [01m[K/usr/include/c++/11/memory:76[m[K,
[4.563s]                  from [01m[K/home/smr/ros2_self_driving_robot/src/my_nav2_behavior_tree/src/obstacle_warning_action.cpp:16[m[K:
[4.563s] /usr/include/c++/11/bits/unique_ptr.h: In instantiation of ‘[01m[Kvoid std::default_delete<_Tp>::operator()(_Tp*) const [with _Tp = my_nav2_behavior_tree::NotifyAction][m[K’:
[4.563s] [01m[K/usr/include/c++/11/bits/unique_ptr.h:361:17:[m[K   required from ‘[01m[Kstd::unique_ptr<_Tp, _Dp>::~unique_ptr() [with _Tp = my_nav2_behavior_tree::NotifyAction; _Dp = std::default_delete<my_nav2_behavior_tree::NotifyAction>][m[K’
[4.563s] [01m[K/home/smr/ros2_self_driving_robot/src/my_nav2_behavior_tree/src/obstacle_warning_action.cpp:65:67:[m[K   required from here
[4.564s] [01m[K/usr/include/c++/11/bits/unique_ptr.h:83:23:[m[K [01;31m[Kerror: [m[Kinvalid application of ‘[01m[Ksizeof[m[K’ to incomplete type ‘[01m[Kmy_nav2_behavior_tree::NotifyAction[m[K’
[4.564s]    83 |         static_assert([01;31m[Ksizeof(_Tp)[m[K>0,
[4.564s]       |                       [01;31m[K^~~~~~~~~~~[m[K
[5.279s] In file included from [01m[K/usr/include/c++/11/bits/move.h:57[m[K,
[5.279s]                  from [01m[K/usr/include/c++/11/bits/stl_pair.h:59[m[K,
[5.280s]                  from [01m[K/usr/include/c++/11/bits/stl_algobase.h:64[m[K,
[5.281s]                  from [01m[K/usr/include/c++/11/bits/char_traits.h:39[m[K,
[5.281s]                  from [01m[K/usr/include/c++/11/string:40[m[K,
[5.282s]                  from [01m[K/home/smr/ros2_self_driving_robot/src/my_nav2_behavior_tree/src/obstacle_warning_action.cpp:15[m[K:
[5.282s] /usr/include/c++/11/type_traits: In instantiation of ‘[01m[Kstruct std::is_base_of<BT::ActionNodeBase, my_nav2_behavior_tree::NotifyAction>[m[K’:
[5.282s] [01m[K/opt/ros/humble/include/behaviortree_cpp_v3/behavior_tree.h:83:45:[m[K   required from ‘[01m[KBT::NodeType BT::getType() [with T = my_nav2_behavior_tree::NotifyAction][m[K’
[5.282s] [01m[K/opt/ros/humble/include/behaviortree_cpp_v3/bt_factory.h:81:21:[m[K   required from ‘[01m[KBT::TreeNodeManifest BT::CreateManifest(const string&, BT::PortsList) [with T = my_nav2_behavior_tree::NotifyAction; std::string = std::__cxx11::basic_string<char>; BT::PortsList = std::unordered_map<std::__cxx11::basic_string<char>, BT::PortInfo>][m[K’
[5.282s] [01m[K/opt/ros/humble/include/behaviortree_cpp_v3/bt_factory.h:269:38:[m[K   required from ‘[01m[Kvoid BT::BehaviorTreeFactory::registerBuilder(const string&, const NodeBuilder&) [with T = my_nav2_behavior_tree::NotifyAction; std::string = std::__cxx11::basic_string<char>; BT::NodeBuilder = std::function<std::unique_ptr<BT::TreeNode>(const std::__cxx11::basic_string<char>&, const BT::NodeConfiguration&)>][m[K’
[5.282s] [01m[K/home/smr/ros2_self_driving_robot/src/my_nav2_behavior_tree/src/obstacle_warning_action.cpp:68:63:[m[K   required from here
[5.282s] [01m[K/usr/include/c++/11/type_traits:1422:38:[m[K [01;31m[Kerror: [m[Kinvalid use of incomplete type ‘[01m[Kclass my_nav2_behavior_tree::NotifyAction[m[K’
[5.283s]  1422 |     : public integral_constant<bool, [01;31m[K__is_base_of(_Base, _Derived)[m[K>
[5.283s]       |                                      [01;31m[K^~~~~~~~~~~~~~~~~~~~~~~~~~~~~[m[K
[5.283s] In file included from [01m[K/home/smr/ros2_self_driving_robot/src/my_nav2_behavior_tree/src/obstacle_warning_action.cpp:19[m[K:
[5.283s] [01m[K/home/smr/ros2_self_driving_robot/src/my_nav2_behavior_tree/include/my_nav2_behavior_tree/obstacle_warning_action.hpp:29:7:[m[K [01;36m[Knote: [m[Kforward declaration of ‘[01m[Kclass my_nav2_behavior_tree::NotifyAction[m[K’
[5.283s]    29 | class [01;36m[KNotifyAction[m[K : public BtActionNode<nav2_behavior_plugin::action::ObstacleWarning>
[5.283s]       |       [01;36m[K^~~~~~~~~~~~[m[K
[5.283s] In file included from [01m[K/opt/ros/humble/include/nav2_behavior_tree/bt_conversions.hpp:21[m[K,
[5.283s]                  from [01m[K/opt/ros/humble/include/nav2_behavior_tree/bt_action_node.hpp:25[m[K,
[5.283s]                  from [01m[K/home/smr/ros2_self_driving_robot/src/my_nav2_behavior_tree/include/my_nav2_behavior_tree/obstacle_warning_action.hpp:20[m[K,
[5.283s]                  from [01m[K/home/smr/ros2_self_driving_robot/src/my_nav2_behavior_tree/src/obstacle_warning_action.cpp:19[m[K:
[5.283s] /opt/ros/humble/include/behaviortree_cpp_v3/behavior_tree.h: In instantiation of ‘[01m[KBT::NodeType BT::getType() [with T = my_nav2_behavior_tree::NotifyAction][m[K’:
[5.283s] [01m[K/opt/ros/humble/include/behaviortree_cpp_v3/bt_factory.h:81:21:[m[K   required from ‘[01m[KBT::TreeNodeManifest BT::CreateManifest(const string&, BT::PortsList) [with T = my_nav2_behavior_tree::NotifyAction; std::string = std::__cxx11::basic_string<char>; BT::PortsList = std::unordered_map<std::__cxx11::basic_string<char>, BT::PortInfo>][m[K’
[5.283s] [01m[K/opt/ros/humble/include/behaviortree_cpp_v3/bt_factory.h:269:38:[m[K   required from ‘[01m[Kvoid BT::BehaviorTreeFactory::registerBuilder(const string&, const NodeBuilder&) [with T = my_nav2_behavior_tree::NotifyAction; std::string = std::__cxx11::basic_string<char>; BT::NodeBuilder = std::function<std::unique_ptr<BT::TreeNode>(const std::__cxx11::basic_string<char>&, const BT::NodeConfiguration&)>][m[K’
[5.284s] [01m[K/home/smr/ros2_self_driving_robot/src/my_nav2_behavior_tree/src/obstacle_warning_action.cpp:68:63:[m[K   required from here
[5.284s] [01m[K/opt/ros/humble/include/behaviortree_cpp_v3/behavior_tree.h:83:45:[m[K [01;31m[Kerror: [m[K‘[01m[Kvalue[m[K’ is not a member of ‘[01m[Kstd::is_base_of<BT::ActionNodeBase, my_nav2_behavior_tree::NotifyAction>[m[K’
[5.284s]    83 |     if( std::is_base_of<ActionNodeBase, T>::[01;31m[Kvalue[m[K )        return NodeType::ACTION;
[5.284s]       |                                             [01;31m[K^~~~~[m[K
[5.284s] In file included from [01m[K/usr/include/c++/11/bits/move.h:57[m[K,
[5.284s]                  from [01m[K/usr/include/c++/11/bits/stl_pair.h:59[m[K,
[5.284s]                  from [01m[K/usr/include/c++/11/bits/stl_algobase.h:64[m[K,
[5.284s]                  from [01m[K/usr/include/c++/11/bits/char_traits.h:39[m[K,
[5.284s]                  from [01m[K/usr/include/c++/11/string:40[m[K,
[5.284s]                  from [01m[K/home/smr/ros2_self_driving_robot/src/my_nav2_behavior_tree/src/obstacle_warning_action.cpp:15[m[K:
[5.284s] /usr/include/c++/11/type_traits: In instantiation of ‘[01m[Kstruct std::is_base_of<BT::ConditionNode, my_nav2_behavior_tree::NotifyAction>[m[K’:
[5.284s] [01m[K/opt/ros/humble/include/behaviortree_cpp_v3/behavior_tree.h:84:44:[m[K   required from ‘[01m[KBT::NodeType BT::getType() [with T = my_nav2_behavior_tree::NotifyAction][m[K’
[5.285s] [01m[K/opt/ros/humble/include/behaviortree_cpp_v3/bt_factory.h:81:21:[m[K   required from ‘[01m[KBT::TreeNodeManifest BT::CreateManifest(const string&, BT::PortsList) [with T = my_nav2_behavior_tree::NotifyAction; std::string = std::__cxx11::basic_string<char>; BT::PortsList = std::unordered_map<std::__cxx11::basic_string<char>, BT::PortInfo>][m[K’
[5.285s] [01m[K/opt/ros/humble/include/behaviortree_cpp_v3/bt_factory.h:269:38:[m[K   required from ‘[01m[Kvoid BT::BehaviorTreeFactory::registerBuilder(const string&, const NodeBuilder&) [with T = my_nav2_behavior_tree::NotifyAction; std::string = std::__cxx11::basic_string<char>; BT::NodeBuilder = std::function<std::unique_ptr<BT::TreeNode>(const std::__cxx11::basic_string<char>&, const BT::NodeConfiguration&)>][m[K’
[5.285s] [01m[K/home/smr/ros2_self_driving_robot/src/my_nav2_behavior_tree/src/obstacle_warning_action.cpp:68:63:[m[K   required from here
[5.285s] [01m[K/usr/include/c++/11/type_traits:1422:38:[m[K [01;31m[Kerror: [m[Kinvalid use of incomplete type ‘[01m[Kclass my_nav2_behavior_tree::NotifyAction[m[K’
[5.285s]  1422 |     : public integral_constant<bool, [01;31m[K__is_base_of(_Base, _Derived)[m[K>
[5.285s]       |                                      [01;31m[K^~~~~~~~~~~~~~~~~~~~~~~~~~~~~[m[K
[5.285s] In file included from [01m[K/home/smr/ros2_self_driving_robot/src/my_nav2_behavior_tree/src/obstacle_warning_action.cpp:19[m[K:
[5.285s] [01m[K/home/smr/ros2_self_driving_robot/src/my_nav2_behavior_tree/include/my_nav2_behavior_tree/obstacle_warning_action.hpp:29:7:[m[K [01;36m[Knote: [m[Kforward declaration of ‘[01m[Kclass my_nav2_behavior_tree::NotifyAction[m[K’
[5.285s]    29 | class [01;36m[KNotifyAction[m[K : public BtActionNode<nav2_behavior_plugin::action::ObstacleWarning>
[5.285s]       |       [01;36m[K^~~~~~~~~~~~[m[K
[5.285s] In file included from [01m[K/opt/ros/humble/include/nav2_behavior_tree/bt_conversions.hpp:21[m[K,
[5.285s]                  from [01m[K/opt/ros/humble/include/nav2_behavior_tree/bt_action_node.hpp:25[m[K,
[5.285s]                  from [01m[K/home/smr/ros2_self_driving_robot/src/my_nav2_behavior_tree/include/my_nav2_behavior_tree/obstacle_warning_action.hpp:20[m[K,
[5.286s]                  from [01m[K/home/smr/ros2_self_driving_robot/src/my_nav2_behavior_tree/src/obstacle_warning_action.cpp:19[m[K:
[5.286s] /opt/ros/humble/include/behaviortree_cpp_v3/behavior_tree.h: In instantiation of ‘[01m[KBT::NodeType BT::getType() [with T = my_nav2_behavior_tree::NotifyAction][m[K’:
[5.286s] [01m[K/opt/ros/humble/include/behaviortree_cpp_v3/bt_factory.h:81:21:[m[K   required from ‘[01m[KBT::TreeNodeManifest BT::CreateManifest(const string&, BT::PortsList) [with T = my_nav2_behavior_tree::NotifyAction; std::string = std::__cxx11::basic_string<char>; BT::PortsList = std::unordered_map<std::__cxx11::basic_string<char>, BT::PortInfo>][m[K’
[5.286s] [01m[K/opt/ros/humble/include/behaviortree_cpp_v3/bt_factory.h:269:38:[m[K   required from ‘[01m[Kvoid BT::BehaviorTreeFactory::registerBuilder(const string&, const NodeBuilder&) [with T = my_nav2_behavior_tree::NotifyAction; std::string = std::__cxx11::basic_string<char>; BT::NodeBuilder = std::function<std::unique_ptr<BT::TreeNode>(const std::__cxx11::basic_string<char>&, const BT::NodeConfiguration&)>][m[K’
[5.286s] [01m[K/home/smr/ros2_self_driving_robot/src/my_nav2_behavior_tree/src/obstacle_warning_action.cpp:68:63:[m[K   required from here
[5.286s] [01m[K/opt/ros/humble/include/behaviortree_cpp_v3/behavior_tree.h:84:44:[m[K [01;31m[Kerror: [m[K‘[01m[Kvalue[m[K’ is not a member of ‘[01m[Kstd::is_base_of<BT::ConditionNode, my_nav2_behavior_tree::NotifyAction>[m[K’
[5.286s]    84 |     if( std::is_base_of<ConditionNode, T>::[01;31m[Kvalue[m[K )         return NodeType::CONDITION;
[5.286s]       |                                            [01;31m[K^~~~~[m[K
[5.286s] In file included from [01m[K/usr/include/c++/11/bits/move.h:57[m[K,
[5.286s]                  from [01m[K/usr/include/c++/11/bits/stl_pair.h:59[m[K,
[5.286s]                  from [01m[K/usr/include/c++/11/bits/stl_algobase.h:64[m[K,
[5.286s]                  from [01m[K/usr/include/c++/11/bits/char_traits.h:39[m[K,
[5.287s]                  from [01m[K/usr/include/c++/11/string:40[m[K,
[5.287s]                  from [01m[K/home/smr/ros2_self_driving_robot/src/my_nav2_behavior_tree/src/obstacle_warning_action.cpp:15[m[K:
[5.287s] /usr/include/c++/11/type_traits: In instantiation of ‘[01m[Kstruct std::is_base_of<BT::SubtreeNode, my_nav2_behavior_tree::NotifyAction>[m[K’:
[5.287s] [01m[K/opt/ros/humble/include/behaviortree_cpp_v3/behavior_tree.h:85:42:[m[K   required from ‘[01m[KBT::NodeType BT::getType() [with T = my_nav2_behavior_tree::NotifyAction][m[K’
[5.287s] [01m[K/opt/ros/humble/include/behaviortree_cpp_v3/bt_factory.h:81:21:[m[K   required from ‘[01m[KBT::TreeNodeManifest BT::CreateManifest(const string&, BT::PortsList) [with T = my_nav2_behavior_tree::NotifyAction; std::string = std::__cxx11::basic_string<char>; BT::PortsList = std::unordered_map<std::__cxx11::basic_string<char>, BT::PortInfo>][m[K’
[5.287s] [01m[K/opt/ros/humble/include/behaviortree_cpp_v3/bt_factory.h:269:38:[m[K   required from ‘[01m[Kvoid BT::BehaviorTreeFactory::registerBuilder(const string&, const NodeBuilder&) [with T = my_nav2_behavior_tree::NotifyAction; std::string = std::__cxx11::basic_string<char>; BT::NodeBuilder = std::function<std::unique_ptr<BT::TreeNode>(const std::__cxx11::basic_string<char>&, const BT::NodeConfiguration&)>][m[K’
[5.287s] [01m[K/home/smr/ros2_self_driving_robot/src/my_nav2_behavior_tree/src/obstacle_warning_action.cpp:68:63:[m[K   required from here
[5.287s] [01m[K/usr/include/c++/11/type_traits:1422:38:[m[K [01;31m[Kerror: [m[Kinvalid use of incomplete type ‘[01m[Kclass my_nav2_behavior_tree::NotifyAction[m[K’
[5.287s]  1422 |     : public integral_constant<bool, [01;31m[K__is_base_of(_Base, _Derived)[m[K>
[5.287s]       |                                      [01;31m[K^~~~~~~~~~~~~~~~~~~~~~~~~~~~~[m[K
[5.287s] In file included from [01m[K/home/smr/ros2_self_driving_robot/src/my_nav2_behavior_tree/src/obstacle_warning_action.cpp:19[m[K:
[5.287s] [01m[K/home/smr/ros2_self_driving_robot/src/my_nav2_behavior_tree/include/my_nav2_behavior_tree/obstacle_warning_action.hpp:29:7:[m[K [01;36m[Knote: [m[Kforward declaration of ‘[01m[Kclass my_nav2_behavior_tree::NotifyAction[m[K’
[5.287s]    29 | class [01;36m[KNotifyAction[m[K : public BtActionNode<nav2_behavior_plugin::action::ObstacleWarning>
[5.288s]       |       [01;36m[K^~~~~~~~~~~~[m[K
[5.288s] In file included from [01m[K/opt/ros/humble/include/nav2_behavior_tree/bt_conversions.hpp:21[m[K,
[5.288s]                  from [01m[K/opt/ros/humble/include/nav2_behavior_tree/bt_action_node.hpp:25[m[K,
[5.288s]                  from [01m[K/home/smr/ros2_self_driving_robot/src/my_nav2_behavior_tree/include/my_nav2_behavior_tree/obstacle_warning_action.hpp:20[m[K,
[5.288s]                  from [01m[K/home/smr/ros2_self_driving_robot/src/my_nav2_behavior_tree/src/obstacle_warning_action.cpp:19[m[K:
[5.288s] /opt/ros/humble/include/behaviortree_cpp_v3/behavior_tree.h: In instantiation of ‘[01m[KBT::NodeType BT::getType() [with T = my_nav2_behavior_tree::NotifyAction][m[K’:
[5.288s] [01m[K/opt/ros/humble/include/behaviortree_cpp_v3/bt_factory.h:81:21:[m[K   required from ‘[01m[KBT::TreeNodeManifest BT::CreateManifest(const string&, BT::PortsList) [with T = my_nav2_behavior_tree::NotifyAction; std::string = std::__cxx11::basic_string<char>; BT::PortsList = std::unordered_map<std::__cxx11::basic_string<char>, BT::PortInfo>][m[K’
[5.288s] [01m[K/opt/ros/humble/include/behaviortree_cpp_v3/bt_factory.h:269:38:[m[K   required from ‘[01m[Kvoid BT::BehaviorTreeFactory::registerBuilder(const string&, const NodeBuilder&) [with T = my_nav2_behavior_tree::NotifyAction; std::string = std::__cxx11::basic_string<char>; BT::NodeBuilder = std::function<std::unique_ptr<BT::TreeNode>(const std::__cxx11::basic_string<char>&, const BT::NodeConfiguration&)>][m[K’
[5.288s] [01m[K/home/smr/ros2_self_driving_robot/src/my_nav2_behavior_tree/src/obstacle_warning_action.cpp:68:63:[m[K   required from here
[5.288s] [01m[K/opt/ros/humble/include/behaviortree_cpp_v3/behavior_tree.h:85:42:[m[K [01;31m[Kerror: [m[K‘[01m[Kvalue[m[K’ is not a member of ‘[01m[Kstd::is_base_of<BT::SubtreeNode, my_nav2_behavior_tree::NotifyAction>[m[K’
[5.288s]    85 |     if( std::is_base_of<SubtreeNode, T>::[01;31m[Kvalue[m[K )           return NodeType::SUBTREE;
[5.288s]       |                                          [01;31m[K^~~~~[m[K
[5.289s] In file included from [01m[K/usr/include/c++/11/bits/move.h:57[m[K,
[5.289s]                  from [01m[K/usr/include/c++/11/bits/stl_pair.h:59[m[K,
[5.289s]                  from [01m[K/usr/include/c++/11/bits/stl_algobase.h:64[m[K,
[5.289s]                  from [01m[K/usr/include/c++/11/bits/char_traits.h:39[m[K,
[5.289s]                  from [01m[K/usr/include/c++/11/string:40[m[K,
[5.289s]                  from [01m[K/home/smr/ros2_self_driving_robot/src/my_nav2_behavior_tree/src/obstacle_warning_action.cpp:15[m[K:
[5.289s] /usr/include/c++/11/type_traits: In instantiation of ‘[01m[Kstruct std::is_base_of<BT::SubtreePlusNode, my_nav2_behavior_tree::NotifyAction>[m[K’:
[5.289s] [01m[K/opt/ros/humble/include/behaviortree_cpp_v3/behavior_tree.h:86:46:[m[K   required from ‘[01m[KBT::NodeType BT::getType() [with T = my_nav2_behavior_tree::NotifyAction][m[K’
[5.289s] [01m[K/opt/ros/humble/include/behaviortree_cpp_v3/bt_factory.h:81:21:[m[K   required from ‘[01m[KBT::TreeNodeManifest BT::CreateManifest(const string&, BT::PortsList) [with T = my_nav2_behavior_tree::NotifyAction; std::string = std::__cxx11::basic_string<char>; BT::PortsList = std::unordered_map<std::__cxx11::basic_string<char>, BT::PortInfo>][m[K’
[5.289s] [01m[K/opt/ros/humble/include/behaviortree_cpp_v3/bt_factory.h:269:38:[m[K   required from ‘[01m[Kvoid BT::BehaviorTreeFactory::registerBuilder(const string&, const NodeBuilder&) [with T = my_nav2_behavior_tree::NotifyAction; std::string = std::__cxx11::basic_string<char>; BT::NodeBuilder = std::function<std::unique_ptr<BT::TreeNode>(const std::__cxx11::basic_string<char>&, const BT::NodeConfiguration&)>][m[K’
[5.289s] [01m[K/home/smr/ros2_self_driving_robot/src/my_nav2_behavior_tree/src/obstacle_warning_action.cpp:68:63:[m[K   required from here
[5.289s] [01m[K/usr/include/c++/11/type_traits:1422:38:[m[K [01;31m[Kerror: [m[Kinvalid use of incomplete type ‘[01m[Kclass my_nav2_behavior_tree::NotifyAction[m[K’
[5.289s]  1422 |     : public integral_constant<bool, [01;31m[K__is_base_of(_Base, _Derived)[m[K>
[5.290s]       |                                      [01;31m[K^~~~~~~~~~~~~~~~~~~~~~~~~~~~~[m[K
[5.290s] In file included from [01m[K/home/smr/ros2_self_driving_robot/src/my_nav2_behavior_tree/src/obstacle_warning_action.cpp:19[m[K:
[5.290s] [01m[K/home/smr/ros2_self_driving_robot/src/my_nav2_behavior_tree/include/my_nav2_behavior_tree/obstacle_warning_action.hpp:29:7:[m[K [01;36m[Knote: [m[Kforward declaration of ‘[01m[Kclass my_nav2_behavior_tree::NotifyAction[m[K’
[5.290s]    29 | class [01;36m[KNotifyAction[m[K : public BtActionNode<nav2_behavior_plugin::action::ObstacleWarning>
[5.290s]       |       [01;36m[K^~~~~~~~~~~~[m[K
[5.290s] In file included from [01m[K/opt/ros/humble/include/nav2_behavior_tree/bt_conversions.hpp:21[m[K,
[5.290s]                  from [01m[K/opt/ros/humble/include/nav2_behavior_tree/bt_action_node.hpp:25[m[K,
[5.290s]                  from [01m[K/home/smr/ros2_self_driving_robot/src/my_nav2_behavior_tree/include/my_nav2_behavior_tree/obstacle_warning_action.hpp:20[m[K,
[5.290s]                  from [01m[K/home/smr/ros2_self_driving_robot/src/my_nav2_behavior_tree/src/obstacle_warning_action.cpp:19[m[K:
[5.290s] /opt/ros/humble/include/behaviortree_cpp_v3/behavior_tree.h: In instantiation of ‘[01m[KBT::NodeType BT::getType() [with T = my_nav2_behavior_tree::NotifyAction][m[K’:
[5.290s] [01m[K/opt/ros/humble/include/behaviortree_cpp_v3/bt_factory.h:81:21:[m[K   required from ‘[01m[KBT::TreeNodeManifest BT::CreateManifest(const string&, BT::PortsList) [with T = my_nav2_behavior_tree::NotifyAction; std::string = std::__cxx11::basic_string<char>; BT::PortsList = std::unordered_map<std::__cxx11::basic_string<char>, BT::PortInfo>][m[K’
[5.290s] [01m[K/opt/ros/humble/include/behaviortree_cpp_v3/bt_factory.h:269:38:[m[K   required from ‘[01m[Kvoid BT::BehaviorTreeFactory::registerBuilder(const string&, const NodeBuilder&) [with T = my_nav2_behavior_tree::NotifyAction; std::string = std::__cxx11::basic_string<char>; BT::NodeBuilder = std::function<std::unique_ptr<BT::TreeNode>(const std::__cxx11::basic_string<char>&, const BT::NodeConfiguration&)>][m[K’
[5.290s] [01m[K/home/smr/ros2_self_driving_robot/src/my_nav2_behavior_tree/src/obstacle_warning_action.cpp:68:63:[m[K   required from here
[5.291s] [01m[K/opt/ros/humble/include/behaviortree_cpp_v3/behavior_tree.h:86:46:[m[K [01;31m[Kerror: [m[K‘[01m[Kvalue[m[K’ is not a member of ‘[01m[Kstd::is_base_of<BT::SubtreePlusNode, my_nav2_behavior_tree::NotifyAction>[m[K’
[5.291s]    86 |     if( std::is_base_of<SubtreePlusNode, T>::[01;31m[Kvalue[m[K )       return NodeType::SUBTREE;
[5.291s]       |                                              [01;31m[K^~~~~[m[K
[5.291s] In file included from [01m[K/usr/include/c++/11/bits/move.h:57[m[K,
[5.291s]                  from [01m[K/usr/include/c++/11/bits/stl_pair.h:59[m[K,
[5.291s]                  from [01m[K/usr/include/c++/11/bits/stl_algobase.h:64[m[K,
[5.291s]                  from [01m[K/usr/include/c++/11/bits/char_traits.h:39[m[K,
[5.291s]                  from [01m[K/usr/include/c++/11/string:40[m[K,
[5.291s]                  from [01m[K/home/smr/ros2_self_driving_robot/src/my_nav2_behavior_tree/src/obstacle_warning_action.cpp:15[m[K:
[5.291s] /usr/include/c++/11/type_traits: In instantiation of ‘[01m[Kstruct std::is_base_of<BT::DecoratorNode, my_nav2_behavior_tree::NotifyAction>[m[K’:
[5.291s] [01m[K/opt/ros/humble/include/behaviortree_cpp_v3/behavior_tree.h:87:44:[m[K   required from ‘[01m[KBT::NodeType BT::getType() [with T = my_nav2_behavior_tree::NotifyAction][m[K’
[5.291s] [01m[K/opt/ros/humble/include/behaviortree_cpp_v3/bt_factory.h:81:21:[m[K   required from ‘[01m[KBT::TreeNodeManifest BT::CreateManifest(const string&, BT::PortsList) [with T = my_nav2_behavior_tree::NotifyAction; std::string = std::__cxx11::basic_string<char>; BT::PortsList = std::unordered_map<std::__cxx11::basic_string<char>, BT::PortInfo>][m[K’
[5.291s] [01m[K/opt/ros/humble/include/behaviortree_cpp_v3/bt_factory.h:269:38:[m[K   required from ‘[01m[Kvoid BT::BehaviorTreeFactory::registerBuilder(const string&, const NodeBuilder&) [with T = my_nav2_behavior_tree::NotifyAction; std::string = std::__cxx11::basic_string<char>; BT::NodeBuilder = std::function<std::unique_ptr<BT::TreeNode>(const std::__cxx11::basic_string<char>&, const BT::NodeConfiguration&)>][m[K’
[5.292s] [01m[K/home/smr/ros2_self_driving_robot/src/my_nav2_behavior_tree/src/obstacle_warning_action.cpp:68:63:[m[K   required from here
[5.292s] [01m[K/usr/include/c++/11/type_traits:1422:38:[m[K [01;31m[Kerror: [m[Kinvalid use of incomplete type ‘[01m[Kclass my_nav2_behavior_tree::NotifyAction[m[K’
[5.292s]  1422 |     : public integral_constant<bool, [01;31m[K__is_base_of(_Base, _Derived)[m[K>
[5.292s]       |                                      [01;31m[K^~~~~~~~~~~~~~~~~~~~~~~~~~~~~[m[K
[5.292s] In file included from [01m[K/home/smr/ros2_self_driving_robot/src/my_nav2_behavior_tree/src/obstacle_warning_action.cpp:19[m[K:
[5.292s] [01m[K/home/smr/ros2_self_driving_robot/src/my_nav2_behavior_tree/include/my_nav2_behavior_tree/obstacle_warning_action.hpp:29:7:[m[K [01;36m[Knote: [m[Kforward declaration of ‘[01m[Kclass my_nav2_behavior_tree::NotifyAction[m[K’
[5.292s]    29 | class [01;36m[KNotifyAction[m[K : public BtActionNode<nav2_behavior_plugin::action::ObstacleWarning>
[5.292s]       |       [01;36m[K^~~~~~~~~~~~[m[K
[5.292s] In file included from [01m[K/opt/ros/humble/include/nav2_behavior_tree/bt_conversions.hpp:21[m[K,
[5.292s]                  from [01m[K/opt/ros/humble/include/nav2_behavior_tree/bt_action_node.hpp:25[m[K,
[5.292s]                  from [01m[K/home/smr/ros2_self_driving_robot/src/my_nav2_behavior_tree/include/my_nav2_behavior_tree/obstacle_warning_action.hpp:20[m[K,
[5.292s]                  from [01m[K/home/smr/ros2_self_driving_robot/src/my_nav2_behavior_tree/src/obstacle_warning_action.cpp:19[m[K:
[5.292s] /opt/ros/humble/include/behaviortree_cpp_v3/behavior_tree.h: In instantiation of ‘[01m[KBT::NodeType BT::getType() [with T = my_nav2_behavior_tree::NotifyAction][m[K’:
[5.293s] [01m[K/opt/ros/humble/include/behaviortree_cpp_v3/bt_factory.h:81:21:[m[K   required from ‘[01m[KBT::TreeNodeManifest BT::CreateManifest(const string&, BT::PortsList) [with T = my_nav2_behavior_tree::NotifyAction; std::string = std::__cxx11::basic_string<char>; BT::PortsList = std::unordered_map<std::__cxx11::basic_string<char>, BT::PortInfo>][m[K’
[5.293s] [01m[K/opt/ros/humble/include/behaviortree_cpp_v3/bt_factory.h:269:38:[m[K   required from ‘[01m[Kvoid BT::BehaviorTreeFactory::registerBuilder(const string&, const NodeBuilder&) [with T = my_nav2_behavior_tree::NotifyAction; std::string = std::__cxx11::basic_string<char>; BT::NodeBuilder = std::function<std::unique_ptr<BT::TreeNode>(const std::__cxx11::basic_string<char>&, const BT::NodeConfiguration&)>][m[K’
[5.293s] [01m[K/home/smr/ros2_self_driving_robot/src/my_nav2_behavior_tree/src/obstacle_warning_action.cpp:68:63:[m[K   required from here
[5.293s] [01m[K/opt/ros/humble/include/behaviortree_cpp_v3/behavior_tree.h:87:44:[m[K [01;31m[Kerror: [m[K‘[01m[Kvalue[m[K’ is not a member of ‘[01m[Kstd::is_base_of<BT::DecoratorNode, my_nav2_behavior_tree::NotifyAction>[m[K’
[5.293s]    87 |     if( std::is_base_of<DecoratorNode, T>::[01;31m[Kvalue[m[K )         return NodeType::DECORATOR;
[5.293s]       |                                            [01;31m[K^~~~~[m[K
[5.293s] In file included from [01m[K/usr/include/c++/11/bits/move.h:57[m[K,
[5.293s]                  from [01m[K/usr/include/c++/11/bits/stl_pair.h:59[m[K,
[5.293s]                  from [01m[K/usr/include/c++/11/bits/stl_algobase.h:64[m[K,
[5.293s]                  from [01m[K/usr/include/c++/11/bits/char_traits.h:39[m[K,
[5.293s]                  from [01m[K/usr/include/c++/11/string:40[m[K,
[5.293s]                  from [01m[K/home/smr/ros2_self_driving_robot/src/my_nav2_behavior_tree/src/obstacle_warning_action.cpp:15[m[K:
[5.294s] /usr/include/c++/11/type_traits: In instantiation of ‘[01m[Kstruct std::is_base_of<BT::ControlNode, my_nav2_behavior_tree::NotifyAction>[m[K’:
[5.294s] [01m[K/opt/ros/humble/include/behaviortree_cpp_v3/behavior_tree.h:88:42:[m[K   required from ‘[01m[KBT::NodeType BT::getType() [with T = my_nav2_behavior_tree::NotifyAction][m[K’
[5.294s] [01m[K/opt/ros/humble/include/behaviortree_cpp_v3/bt_factory.h:81:21:[m[K   required from ‘[01m[KBT::TreeNodeManifest BT::CreateManifest(const string&, BT::PortsList) [with T = my_nav2_behavior_tree::NotifyAction; std::string = std::__cxx11::basic_string<char>; BT::PortsList = std::unordered_map<std::__cxx11::basic_string<char>, BT::PortInfo>][m[K’
[5.294s] [01m[K/opt/ros/humble/include/behaviortree_cpp_v3/bt_factory.h:269:38:[m[K   required from ‘[01m[Kvoid BT::BehaviorTreeFactory::registerBuilder(const string&, const NodeBuilder&) [with T = my_nav2_behavior_tree::NotifyAction; std::string = std::__cxx11::basic_string<char>; BT::NodeBuilder = std::function<std::unique_ptr<BT::TreeNode>(const std::__cxx11::basic_string<char>&, const BT::NodeConfiguration&)>][m[K’
[5.294s] [01m[K/home/smr/ros2_self_driving_robot/src/my_nav2_behavior_tree/src/obstacle_warning_action.cpp:68:63:[m[K   required from here
[5.294s] [01m[K/usr/include/c++/11/type_traits:1422:38:[m[K [01;31m[Kerror: [m[Kinvalid use of incomplete type ‘[01m[Kclass my_nav2_behavior_tree::NotifyAction[m[K’
[5.294s]  1422 |     : public integral_constant<bool, [01;31m[K__is_base_of(_Base, _Derived)[m[K>
[5.294s]       |                                      [01;31m[K^~~~~~~~~~~~~~~~~~~~~~~~~~~~~[m[K
[5.294s] In file included from [01m[K/home/smr/ros2_self_driving_robot/src/my_nav2_behavior_tree/src/obstacle_warning_action.cpp:19[m[K:
[5.294s] [01m[K/home/smr/ros2_self_driving_robot/src/my_nav2_behavior_tree/include/my_nav2_behavior_tree/obstacle_warning_action.hpp:29:7:[m[K [01;36m[Knote: [m[Kforward declaration of ‘[01m[Kclass my_nav2_behavior_tree::NotifyAction[m[K’
[5.294s]    29 | class [01;36m[KNotifyAction[m[K : public BtActionNode<nav2_behavior_plugin::action::ObstacleWarning>
[5.294s]       |       [01;36m[K^~~~~~~~~~~~[m[K
[5.294s] In file included from [01m[K/opt/ros/humble/include/nav2_behavior_tree/bt_conversions.hpp:21[m[K,
[5.295s]                  from [01m[K/opt/ros/humble/include/nav2_behavior_tree/bt_action_node.hpp:25[m[K,
[5.295s]                  from [01m[K/home/smr/ros2_self_driving_robot/src/my_nav2_behavior_tree/include/my_nav2_behavior_tree/obstacle_warning_action.hpp:20[m[K,
[5.295s]                  from [01m[K/home/smr/ros2_self_driving_robot/src/my_nav2_behavior_tree/src/obstacle_warning_action.cpp:19[m[K:
[5.295s] /opt/ros/humble/include/behaviortree_cpp_v3/behavior_tree.h: In instantiation of ‘[01m[KBT::NodeType BT::getType() [with T = my_nav2_behavior_tree::NotifyAction][m[K’:
[5.295s] [01m[K/opt/ros/humble/include/behaviortree_cpp_v3/bt_factory.h:81:21:[m[K   required from ‘[01m[KBT::TreeNodeManifest BT::CreateManifest(const string&, BT::PortsList) [with T = my_nav2_behavior_tree::NotifyAction; std::string = std::__cxx11::basic_string<char>; BT::PortsList = std::unordered_map<std::__cxx11::basic_string<char>, BT::PortInfo>][m[K’
[5.295s] [01m[K/opt/ros/humble/include/behaviortree_cpp_v3/bt_factory.h:269:38:[m[K   required from ‘[01m[Kvoid BT::BehaviorTreeFactory::registerBuilder(const string&, const NodeBuilder&) [with T = my_nav2_behavior_tree::NotifyAction; std::string = std::__cxx11::basic_string<char>; BT::NodeBuilder = std::function<std::unique_ptr<BT::TreeNode>(const std::__cxx11::basic_string<char>&, const BT::NodeConfiguration&)>][m[K’
[5.295s] [01m[K/home/smr/ros2_self_driving_robot/src/my_nav2_behavior_tree/src/obstacle_warning_action.cpp:68:63:[m[K   required from here
[5.295s] [01m[K/opt/ros/humble/include/behaviortree_cpp_v3/behavior_tree.h:88:42:[m[K [01;31m[Kerror: [m[K‘[01m[Kvalue[m[K’ is not a member of ‘[01m[Kstd::is_base_of<BT::ControlNode, my_nav2_behavior_tree::NotifyAction>[m[K’
[5.295s]    88 |     if( std::is_base_of<ControlNode, T>::[01;31m[Kvalue[m[K )           return NodeType::CONTROL;
[5.295s]       |                                          [01;31m[K^~~~~[m[K
[5.688s] gmake[2]: *** [CMakeFiles/nav2_obstacle_warning_action_bt_node.dir/build.make:76: CMakeFiles/nav2_obstacle_warning_action_bt_node.dir/src/obstacle_warning_action.cpp.o] Error 1
[5.688s] gmake[1]: *** [CMakeFiles/Makefile2:137: CMakeFiles/nav2_obstacle_warning_action_bt_node.dir/all] Error 2
[5.689s] gmake: *** [Makefile:146: all] Error 2
[5.693s] Invoked command in '/home/smr/ros2_self_driving_robot/build/my_nav2_behavior_tree' returned '2': CMAKE_PREFIX_PATH=/home/smr/ros2_self_driving_robot/install/nav2_behavior_plugin:/home/smr/ros2_self_driving_robot/install/sllidar_ros2:/home/smr/ros2_self_driving_robot/install/robot_navigation:/home/smr/ros2_self_driving_robot/install/robot_description:/home/smr/ros2_self_driving_robot/install/robot_bringup:/home/smr/ros2_self_driving_robot/install/nav2_behavior_tree:/home/smr/ros2_self_driving_robot/install/micro_ros_setup:/home/smr/ros2_self_driving_robot/install/micro_ros_agent:/home/smr/ros2_self_driving_robot/install/micro_ros_msgs:/opt/ros/humble:/home/smr/ros2_self_driving_robot/install/python_pkg LD_LIBRARY_PATH=/home/smr/ros2_self_driving_robot/install/nav2_behavior_plugin/lib:/home/smr/ros2_self_driving_robot/install/nav2_behavior_tree/lib:/home/smr/ros2_self_driving_robot/install/micro_ros_agent/lib:/home/smr/ros2_self_driving_robot/install/micro_ros_msgs/lib:/opt/ros/humble/opt/rviz_ogre_vendor/lib:/opt/ros/humble/lib/aarch64-linux-gnu:/opt/ros/humble/lib /usr/bin/cmake --build /home/smr/ros2_self_driving_robot/build/my_nav2_behavior_tree -- -j8 -l8
