[0.019s] Invoking command in '/home/smr/ros2_self_driving_robot/build/robot_description': CMAKE_PREFIX_PATH=${CMAKE_PREFIX_PATH}:/opt/ros/humble /usr/bin/cmake /home/smr/ros2_self_driving_robot/src/robot_description -DAMENT_CMAKE_SYMLINK_INSTALL=1 -DCMAKE_INSTALL_PREFIX=/home/smr/ros2_self_driving_robot/install/robot_description
[0.059s] -- Found ament_cmake: 1.3.8 (/opt/ros/humble/share/ament_cmake/cmake)
[0.336s] -- Override CMake install command with custom implementation using symlinks instead of copying resources
[0.344s] -- Found urdf: 2.6.0 (/opt/ros/humble/share/urdf/cmake)
[0.374s] -- Found TinyXML2 via Config file: /usr/local/lib/cmake/tinyxml2
[0.381s] -- Found ament_lint_auto: 0.12.10 (/opt/ros/humble/share/ament_lint_auto/cmake)
[0.517s] -- Added test 'cppcheck' to perform static code analysis on C / C++ code
[0.518s] -- Configured cppcheck include dirs: 
[0.518s] -- Configured cppcheck exclude dirs and/or files: 
[0.519s] -- Added test 'flake8' to check Python code syntax and style conventions
[0.521s] -- Added test 'lint_cmake' to check CMake code style
[0.523s] -- Added test 'pep257' to check Python code against some of the docstring style conventions in PEP 257
[0.533s] -- Added test 'uncrustify' to check C / C++ code style
[0.533s] -- Configured uncrustify additional arguments: 
[0.535s] -- Added test 'xmllint' to check XML markup files
[0.539s] -- Configuring done
[0.545s] -- Generating done
[0.547s] -- Build files have been written to: /home/smr/ros2_self_driving_robot/build/robot_description
[0.558s] Invoked command in '/home/smr/ros2_self_driving_robot/build/robot_description' returned '0': CMAKE_PREFIX_PATH=${CMAKE_PREFIX_PATH}:/opt/ros/humble /usr/bin/cmake /home/smr/ros2_self_driving_robot/src/robot_description -DAMENT_CMAKE_SYMLINK_INSTALL=1 -DCMAKE_INSTALL_PREFIX=/home/smr/ros2_self_driving_robot/install/robot_description
[0.561s] Invoking command in '/home/smr/ros2_self_driving_robot/build/robot_description': CMAKE_PREFIX_PATH=${CMAKE_PREFIX_PATH}:/opt/ros/humble /usr/bin/cmake --build /home/smr/ros2_self_driving_robot/build/robot_description -- -j8 -l8
[0.661s] Invoked command in '/home/smr/ros2_self_driving_robot/build/robot_description' returned '0': CMAKE_PREFIX_PATH=${CMAKE_PREFIX_PATH}:/opt/ros/humble /usr/bin/cmake --build /home/smr/ros2_self_driving_robot/build/robot_description -- -j8 -l8
[0.748s] Invoking command in '/home/smr/ros2_self_driving_robot/build/robot_description': CMAKE_PREFIX_PATH=${CMAKE_PREFIX_PATH}:/opt/ros/humble /usr/bin/cmake --install /home/smr/ros2_self_driving_robot/build/robot_description
[0.772s] -- Install configuration: ""
[0.774s] -- Execute custom install script
[0.775s] -- Symlinking: /home/smr/ros2_self_driving_robot/install/robot_description/share/robot_description/launch/display.launch.py
[0.804s] -- Symlinking: /home/smr/ros2_self_driving_robot/install/robot_description/share/robot_description/urdf/bb_bot.urdf.xacro
[0.835s] -- Symlinking: /home/smr/ros2_self_driving_robot/install/robot_description/share/robot_description/rviz/display.rviz
[0.844s] -- Symlinking: /home/smr/ros2_self_driving_robot/install/robot_description/share/ament_index/resource_index/package_run_dependencies/robot_description
[0.875s] -- Symlinking: /home/smr/ros2_self_driving_robot/install/robot_description/share/ament_index/resource_index/parent_prefix_path/robot_description
[0.901s] -- Symlinking: /home/smr/ros2_self_driving_robot/install/robot_description/share/robot_description/environment/ament_prefix_path.sh
[0.926s] -- Symlinking: /home/smr/ros2_self_driving_robot/install/robot_description/share/robot_description/environment/ament_prefix_path.dsv
[0.957s] -- Symlinking: /home/smr/ros2_self_driving_robot/install/robot_description/share/robot_description/environment/path.sh
[0.988s] -- Symlinking: /home/smr/ros2_self_driving_robot/install/robot_description/share/robot_description/environment/path.dsv
[1.018s] -- Symlinking: /home/smr/ros2_self_driving_robot/install/robot_description/share/robot_description/local_setup.bash
[1.030s] -- Symlinking: /home/smr/ros2_self_driving_robot/install/robot_description/share/robot_description/local_setup.sh
[1.060s] -- Symlinking: /home/smr/ros2_self_driving_robot/install/robot_description/share/robot_description/local_setup.zsh
[1.088s] -- Symlinking: /home/smr/ros2_self_driving_robot/install/robot_description/share/robot_description/local_setup.dsv
[1.117s] -- Symlinking: /home/smr/ros2_self_driving_robot/install/robot_description/share/robot_description/package.dsv
[1.147s] -- Symlinking: /home/smr/ros2_self_driving_robot/install/robot_description/share/ament_index/resource_index/packages/robot_description
[1.162s] -- Symlinking: /home/smr/ros2_self_driving_robot/install/robot_description/share/robot_description/cmake/robot_descriptionConfig.cmake
[1.180s] -- Symlinking: /home/smr/ros2_self_driving_robot/install/robot_description/share/robot_description/cmake/robot_descriptionConfig-version.cmake
[1.192s] -- Symlinking: /home/smr/ros2_self_driving_robot/install/robot_description/share/robot_description/package.xml
[1.244s] Invoked command in '/home/smr/ros2_self_driving_robot/build/robot_description' returned '0': CMAKE_PREFIX_PATH=${CMAKE_PREFIX_PATH}:/opt/ros/humble /usr/bin/cmake --install /home/smr/ros2_self_driving_robot/build/robot_description
