[0.031s] Invoking command in '/home/smr/ros2_self_driving_robot/build/robot_navigation': CMAKE_PREFIX_PATH=${CMAKE_PREFIX_PATH}:/opt/ros/humble /usr/bin/cmake --build /home/smr/ros2_self_driving_robot/build/robot_navigation -- -j8 -l8
[0.110s] Invoked command in '/home/smr/ros2_self_driving_robot/build/robot_navigation' returned '0': CMAKE_PREFIX_PATH=${CMAKE_PREFIX_PATH}:/opt/ros/humble /usr/bin/cmake --build /home/smr/ros2_self_driving_robot/build/robot_navigation -- -j8 -l8
[0.188s] Invoking command in '/home/smr/ros2_self_driving_robot/build/robot_navigation': CMAKE_PREFIX_PATH=${CMAKE_PREFIX_PATH}:/opt/ros/humble /usr/bin/cmake --install /home/smr/ros2_self_driving_robot/build/robot_navigation
[0.226s] -- Install configuration: ""
[0.226s] -- Up-to-date: /home/smr/ros2_self_driving_robot/install/robot_navigation/share/ament_index/resource_index/package_run_dependencies/robot_navigation
[0.227s] -- Up-to-date: /home/smr/ros2_self_driving_robot/install/robot_navigation/share/ament_index/resource_index/parent_prefix_path/robot_navigation
[0.227s] -- Up-to-date: /home/smr/ros2_self_driving_robot/install/robot_navigation/share/robot_navigation/environment/ament_prefix_path.sh
[0.228s] -- Up-to-date: /home/smr/ros2_self_driving_robot/install/robot_navigation/share/robot_navigation/environment/ament_prefix_path.dsv
[0.228s] -- Up-to-date: /home/smr/ros2_self_driving_robot/install/robot_navigation/share/robot_navigation/environment/path.sh
[0.228s] -- Up-to-date: /home/smr/ros2_self_driving_robot/install/robot_navigation/share/robot_navigation/environment/path.dsv
[0.228s] -- Up-to-date: /home/smr/ros2_self_driving_robot/install/robot_navigation/share/robot_navigation/local_setup.bash
[0.229s] -- Up-to-date: /home/smr/ros2_self_driving_robot/install/robot_navigation/share/robot_navigation/local_setup.sh
[0.229s] -- Up-to-date: /home/smr/ros2_self_driving_robot/install/robot_navigation/share/robot_navigation/local_setup.zsh
[0.230s] -- Up-to-date: /home/smr/ros2_self_driving_robot/install/robot_navigation/share/robot_navigation/local_setup.dsv
[0.230s] -- Installing: /home/smr/ros2_self_driving_robot/install/robot_navigation/share/robot_navigation/package.dsv
[0.230s] -- Up-to-date: /home/smr/ros2_self_driving_robot/install/robot_navigation/share/ament_index/resource_index/packages/robot_navigation
[0.231s] -- Up-to-date: /home/smr/ros2_self_driving_robot/install/robot_navigation/share/robot_navigation/cmake/robot_navigationConfig.cmake
[0.232s] -- Up-to-date: /home/smr/ros2_self_driving_robot/install/robot_navigation/share/robot_navigation/cmake/robot_navigationConfig-version.cmake
[0.235s] -- Up-to-date: /home/smr/ros2_self_driving_robot/install/robot_navigation/share/robot_navigation/package.xml
[0.261s] Invoked command in '/home/smr/ros2_self_driving_robot/build/robot_navigation' returned '0': CMAKE_PREFIX_PATH=${CMAKE_PREFIX_PATH}:/opt/ros/humble /usr/bin/cmake --install /home/smr/ros2_self_driving_robot/build/robot_navigation
