[0.048s] Invoking command in '/home/smr/ros2_self_driving_robot/build/my_nav2_behavior_tree': CMAKE_PREFIX_PATH=/home/smr/ros2_self_driving_robot/install/nav2_behavior_plugin:/home/smr/ros2_self_driving_robot/install/sllidar_ros2:/home/smr/ros2_self_driving_robot/install/robot_navigation:/home/smr/ros2_self_driving_robot/install/robot_description:/home/smr/ros2_self_driving_robot/install/robot_bringup:/home/smr/ros2_self_driving_robot/install/my_nav2_behavior_tree:/home/smr/ros2_self_driving_robot/install/micro_ros_setup:/home/smr/ros2_self_driving_robot/install/micro_ros_agent:/home/smr/ros2_self_driving_robot/install/micro_ros_msgs:/opt/ros/humble:/home/smr/ros2_self_driving_robot/install/python_pkg LD_LIBRARY_PATH=/home/smr/ros2_self_driving_robot/install/nav2_behavior_plugin/lib:/home/smr/ros2_self_driving_robot/install/my_nav2_behavior_tree/lib:/home/smr/ros2_self_driving_robot/install/micro_ros_agent/lib:/home/smr/ros2_self_driving_robot/install/micro_ros_msgs/lib:/opt/ros/humble/opt/rviz_ogre_vendor/lib:/opt/ros/humble/lib/aarch64-linux-gnu:/opt/ros/humble/lib /usr/bin/cmake --build /home/smr/ros2_self_driving_robot/build/my_nav2_behavior_tree -- -j8 -l8
[0.201s] [100%] Built target nav2_obstacle_warning_action_bt_node
[0.266s] Invoked command in '/home/smr/ros2_self_driving_robot/build/my_nav2_behavior_tree' returned '0': CMAKE_PREFIX_PATH=/home/smr/ros2_self_driving_robot/install/nav2_behavior_plugin:/home/smr/ros2_self_driving_robot/install/sllidar_ros2:/home/smr/ros2_self_driving_robot/install/robot_navigation:/home/smr/ros2_self_driving_robot/install/robot_description:/home/smr/ros2_self_driving_robot/install/robot_bringup:/home/smr/ros2_self_driving_robot/install/my_nav2_behavior_tree:/home/smr/ros2_self_driving_robot/install/micro_ros_setup:/home/smr/ros2_self_driving_robot/install/micro_ros_agent:/home/smr/ros2_self_driving_robot/install/micro_ros_msgs:/opt/ros/humble:/home/smr/ros2_self_driving_robot/install/python_pkg LD_LIBRARY_PATH=/home/smr/ros2_self_driving_robot/install/nav2_behavior_plugin/lib:/home/smr/ros2_self_driving_robot/install/my_nav2_behavior_tree/lib:/home/smr/ros2_self_driving_robot/install/micro_ros_agent/lib:/home/smr/ros2_self_driving_robot/install/micro_ros_msgs/lib:/opt/ros/humble/opt/rviz_ogre_vendor/lib:/opt/ros/humble/lib/aarch64-linux-gnu:/opt/ros/humble/lib /usr/bin/cmake --build /home/smr/ros2_self_driving_robot/build/my_nav2_behavior_tree -- -j8 -l8
[0.372s] Invoking command in '/home/smr/ros2_self_driving_robot/build/my_nav2_behavior_tree': CMAKE_PREFIX_PATH=/home/smr/ros2_self_driving_robot/install/nav2_behavior_plugin:/home/smr/ros2_self_driving_robot/install/sllidar_ros2:/home/smr/ros2_self_driving_robot/install/robot_navigation:/home/smr/ros2_self_driving_robot/install/robot_description:/home/smr/ros2_self_driving_robot/install/robot_bringup:/home/smr/ros2_self_driving_robot/install/my_nav2_behavior_tree:/home/smr/ros2_self_driving_robot/install/micro_ros_setup:/home/smr/ros2_self_driving_robot/install/micro_ros_agent:/home/smr/ros2_self_driving_robot/install/micro_ros_msgs:/opt/ros/humble:/home/smr/ros2_self_driving_robot/install/python_pkg LD_LIBRARY_PATH=/home/smr/ros2_self_driving_robot/install/nav2_behavior_plugin/lib:/home/smr/ros2_self_driving_robot/install/my_nav2_behavior_tree/lib:/home/smr/ros2_self_driving_robot/install/micro_ros_agent/lib:/home/smr/ros2_self_driving_robot/install/micro_ros_msgs/lib:/opt/ros/humble/opt/rviz_ogre_vendor/lib:/opt/ros/humble/lib/aarch64-linux-gnu:/opt/ros/humble/lib /usr/bin/cmake --install /home/smr/ros2_self_driving_robot/build/my_nav2_behavior_tree
[0.406s] -- Install configuration: "Release"
[0.407s] -- Up-to-date: /home/smr/ros2_self_driving_robot/install/my_nav2_behavior_tree/lib/my_nav2_behavior_tree/libnav2_obstacle_warning_action_bt_node.so
[0.408s] -- Up-to-date: /home/smr/ros2_self_driving_robot/install/my_nav2_behavior_tree/include/
[0.410s] -- Up-to-date: /home/smr/ros2_self_driving_robot/install/my_nav2_behavior_tree/include//my_nav2_behavior_tree
[0.411s] -- Up-to-date: /home/smr/ros2_self_driving_robot/install/my_nav2_behavior_tree/include//my_nav2_behavior_tree/obstacle_warning_action.hpp
[0.412s] -- Up-to-date: /home/smr/ros2_self_driving_robot/install/my_nav2_behavior_tree/share/my_nav2_behavior_tree/behavior_trees
[0.412s] -- Up-to-date: /home/smr/ros2_self_driving_robot/install/my_nav2_behavior_tree/share/my_nav2_behavior_tree/behavior_trees/navigate_to_pose_w_replanning_and_recovery.xml
[0.413s] -- Up-to-date: /home/smr/ros2_self_driving_robot/install/my_nav2_behavior_tree/share/my_nav2_behavior_tree/behavior_trees/navigate_through_poses_w_replanning_and_recovery.xml
[0.413s] -- Up-to-date: /home/smr/ros2_self_driving_robot/install/my_nav2_behavior_tree/share/my_nav2_behavior_tree/environment/library_path.sh
[0.414s] -- Up-to-date: /home/smr/ros2_self_driving_robot/install/my_nav2_behavior_tree/share/my_nav2_behavior_tree/environment/library_path.dsv
[0.416s] -- Up-to-date: /home/smr/ros2_self_driving_robot/install/my_nav2_behavior_tree/share/ament_index/resource_index/package_run_dependencies/my_nav2_behavior_tree
[0.419s] -- Up-to-date: /home/smr/ros2_self_driving_robot/install/my_nav2_behavior_tree/share/ament_index/resource_index/parent_prefix_path/my_nav2_behavior_tree
[0.419s] -- Up-to-date: /home/smr/ros2_self_driving_robot/install/my_nav2_behavior_tree/share/my_nav2_behavior_tree/environment/ament_prefix_path.sh
[0.421s] -- Up-to-date: /home/smr/ros2_self_driving_robot/install/my_nav2_behavior_tree/share/my_nav2_behavior_tree/environment/ament_prefix_path.dsv
[0.422s] -- Up-to-date: /home/smr/ros2_self_driving_robot/install/my_nav2_behavior_tree/share/my_nav2_behavior_tree/environment/path.sh
[0.423s] -- Up-to-date: /home/smr/ros2_self_driving_robot/install/my_nav2_behavior_tree/share/my_nav2_behavior_tree/environment/path.dsv
[0.423s] -- Up-to-date: /home/smr/ros2_self_driving_robot/install/my_nav2_behavior_tree/share/my_nav2_behavior_tree/local_setup.bash
[0.424s] -- Up-to-date: /home/smr/ros2_self_driving_robot/install/my_nav2_behavior_tree/share/my_nav2_behavior_tree/local_setup.sh
[0.425s] -- Up-to-date: /home/smr/ros2_self_driving_robot/install/my_nav2_behavior_tree/share/my_nav2_behavior_tree/local_setup.zsh
[0.426s] -- Up-to-date: /home/smr/ros2_self_driving_robot/install/my_nav2_behavior_tree/share/my_nav2_behavior_tree/local_setup.dsv
[0.426s] -- Up-to-date: /home/smr/ros2_self_driving_robot/install/my_nav2_behavior_tree/share/my_nav2_behavior_tree/package.dsv
[0.428s] -- Up-to-date: /home/smr/ros2_self_driving_robot/install/my_nav2_behavior_tree/share/ament_index/resource_index/packages/my_nav2_behavior_tree
[0.429s] -- Up-to-date: /home/smr/ros2_self_driving_robot/install/my_nav2_behavior_tree/share/my_nav2_behavior_tree/cmake/ament_cmake_export_include_directories-extras.cmake
[0.429s] -- Up-to-date: /home/smr/ros2_self_driving_robot/install/my_nav2_behavior_tree/share/my_nav2_behavior_tree/cmake/ament_cmake_export_libraries-extras.cmake
[0.429s] -- Up-to-date: /home/smr/ros2_self_driving_robot/install/my_nav2_behavior_tree/share/my_nav2_behavior_tree/cmake/ament_cmake_export_dependencies-extras.cmake
[0.429s] -- Up-to-date: /home/smr/ros2_self_driving_robot/install/my_nav2_behavior_tree/share/my_nav2_behavior_tree/cmake/my_nav2_behavior_treeConfig.cmake
[0.429s] -- Up-to-date: /home/smr/ros2_self_driving_robot/install/my_nav2_behavior_tree/share/my_nav2_behavior_tree/cmake/my_nav2_behavior_treeConfig-version.cmake
[0.429s] -- Up-to-date: /home/smr/ros2_self_driving_robot/install/my_nav2_behavior_tree/share/my_nav2_behavior_tree/package.xml
[0.431s] Invoked command in '/home/smr/ros2_self_driving_robot/build/my_nav2_behavior_tree' returned '0': CMAKE_PREFIX_PATH=/home/smr/ros2_self_driving_robot/install/nav2_behavior_plugin:/home/smr/ros2_self_driving_robot/install/sllidar_ros2:/home/smr/ros2_self_driving_robot/install/robot_navigation:/home/smr/ros2_self_driving_robot/install/robot_description:/home/smr/ros2_self_driving_robot/install/robot_bringup:/home/smr/ros2_self_driving_robot/install/my_nav2_behavior_tree:/home/smr/ros2_self_driving_robot/install/micro_ros_setup:/home/smr/ros2_self_driving_robot/install/micro_ros_agent:/home/smr/ros2_self_driving_robot/install/micro_ros_msgs:/opt/ros/humble:/home/smr/ros2_self_driving_robot/install/python_pkg LD_LIBRARY_PATH=/home/smr/ros2_self_driving_robot/install/nav2_behavior_plugin/lib:/home/smr/ros2_self_driving_robot/install/my_nav2_behavior_tree/lib:/home/smr/ros2_self_driving_robot/install/micro_ros_agent/lib:/home/smr/ros2_self_driving_robot/install/micro_ros_msgs/lib:/opt/ros/humble/opt/rviz_ogre_vendor/lib:/opt/ros/humble/lib/aarch64-linux-gnu:/opt/ros/humble/lib /usr/bin/cmake --install /home/smr/ros2_self_driving_robot/build/my_nav2_behavior_tree
