-- Found ament_cmake: 1.3.8 (/opt/ros/humble/share/ament_cmake/cmake)
-- Override CMake install command with custom implementation using symlinks instead of copying resources
-- Found urdf: 2.6.0 (/opt/ros/humble/share/urdf/cmake)
-- Found TinyXML2 via Config file: /usr/local/lib/cmake/tinyxml2
-- Found ament_lint_auto: 0.12.10 (/opt/ros/humble/share/ament_lint_auto/cmake)
-- Added test 'cppcheck' to perform static code analysis on C / C++ code
-- Configured cppcheck include dirs: 
-- Configured cppcheck exclude dirs and/or files: 
-- Added test 'flake8' to check Python code syntax and style conventions
-- Added test 'lint_cmake' to check CMake code style
-- Added test 'pep257' to check Python code against some of the docstring style conventions in PEP 257
-- Added test 'uncrustify' to check C / C++ code style
-- Configured uncrustify additional arguments: 
-- Added test 'xmllint' to check XML markup files
-- Configuring done
-- Generating done
-- Build files have been written to: /home/smr/ros2_self_driving_robot/src/build/robot_description
-- Install configuration: ""
-- Execute custom install script
-- Symlinking: /home/smr/ros2_self_driving_robot/src/install/robot_description/share/robot_description/launch/display.launch.py
-- Symlinking: /home/smr/ros2_self_driving_robot/src/install/robot_description/share/robot_description/urdf/bb_bot.urdf.xacro
-- Symlinking: /home/smr/ros2_self_driving_robot/src/install/robot_description/share/robot_description/rviz/display.rviz
-- Symlinking: /home/smr/ros2_self_driving_robot/src/install/robot_description/share/ament_index/resource_index/package_run_dependencies/robot_description
-- Symlinking: /home/smr/ros2_self_driving_robot/src/install/robot_description/share/ament_index/resource_index/parent_prefix_path/robot_description
-- Symlinking: /home/smr/ros2_self_driving_robot/src/install/robot_description/share/robot_description/environment/ament_prefix_path.sh
-- Symlinking: /home/smr/ros2_self_driving_robot/src/install/robot_description/share/robot_description/environment/ament_prefix_path.dsv
-- Symlinking: /home/smr/ros2_self_driving_robot/src/install/robot_description/share/robot_description/environment/path.sh
-- Symlinking: /home/smr/ros2_self_driving_robot/src/install/robot_description/share/robot_description/environment/path.dsv
-- Symlinking: /home/smr/ros2_self_driving_robot/src/install/robot_description/share/robot_description/local_setup.bash
-- Symlinking: /home/smr/ros2_self_driving_robot/src/install/robot_description/share/robot_description/local_setup.sh
-- Symlinking: /home/smr/ros2_self_driving_robot/src/install/robot_description/share/robot_description/local_setup.zsh
-- Symlinking: /home/smr/ros2_self_driving_robot/src/install/robot_description/share/robot_description/local_setup.dsv
-- Symlinking: /home/smr/ros2_self_driving_robot/src/install/robot_description/share/robot_description/package.dsv
-- Symlinking: /home/smr/ros2_self_driving_robot/src/install/robot_description/share/ament_index/resource_index/packages/robot_description
-- Symlinking: /home/smr/ros2_self_driving_robot/src/install/robot_description/share/robot_description/cmake/robot_descriptionConfig.cmake
-- Symlinking: /home/smr/ros2_self_driving_robot/src/install/robot_description/share/robot_description/cmake/robot_descriptionConfig-version.cmake
-- Symlinking: /home/smr/ros2_self_driving_robot/src/install/robot_description/share/robot_description/package.xml
