[0.023s] Invoking command in '/home/smr/ros2_self_driving_robot/src/build/robot_description': CMAKE_PREFIX_PATH=${CMAKE_PREFIX_PATH}:/opt/ros/humble /usr/bin/cmake /home/smr/ros2_self_driving_robot/src/robot_description -DAMENT_CMAKE_SYMLINK_INSTALL=1 -DCMAKE_INSTALL_PREFIX=/home/smr/ros2_self_driving_robot/src/install/robot_description
[0.041s] -- Found ament_cmake: 1.3.8 (/opt/ros/humble/share/ament_cmake/cmake)
[0.294s] -- Override CMake install command with custom implementation using symlinks instead of copying resources
[0.303s] -- Found urdf: 2.6.0 (/opt/ros/humble/share/urdf/cmake)
[0.334s] -- Found TinyXML2 via Config file: /usr/local/lib/cmake/tinyxml2
[0.341s] -- Found ament_lint_auto: 0.12.10 (/opt/ros/humble/share/ament_lint_auto/cmake)
[0.451s] -- Added test 'cppcheck' to perform static code analysis on C / C++ code
[0.452s] -- Configured cppcheck include dirs: 
[0.452s] -- Configured cppcheck exclude dirs and/or files: 
[0.453s] -- Added test 'flake8' to check Python code syntax and style conventions
[0.457s] -- Added test 'lint_cmake' to check CMake code style
[0.458s] -- Added test 'pep257' to check Python code against some of the docstring style conventions in PEP 257
[0.468s] -- Added test 'uncrustify' to check C / C++ code style
[0.468s] -- Configured uncrustify additional arguments: 
[0.470s] -- Added test 'xmllint' to check XML markup files
[0.471s] -- Configuring done
[0.476s] -- Generating done
[0.478s] -- Build files have been written to: /home/smr/ros2_self_driving_robot/src/build/robot_description
[0.486s] Invoked command in '/home/smr/ros2_self_driving_robot/src/build/robot_description' returned '0': CMAKE_PREFIX_PATH=${CMAKE_PREFIX_PATH}:/opt/ros/humble /usr/bin/cmake /home/smr/ros2_self_driving_robot/src/robot_description -DAMENT_CMAKE_SYMLINK_INSTALL=1 -DCMAKE_INSTALL_PREFIX=/home/smr/ros2_self_driving_robot/src/install/robot_description
[0.490s] Invoking command in '/home/smr/ros2_self_driving_robot/src/build/robot_description': CMAKE_PREFIX_PATH=${CMAKE_PREFIX_PATH}:/opt/ros/humble /usr/bin/cmake --build /home/smr/ros2_self_driving_robot/src/build/robot_description -- -j8 -l8
[0.604s] Invoked command in '/home/smr/ros2_self_driving_robot/src/build/robot_description' returned '0': CMAKE_PREFIX_PATH=${CMAKE_PREFIX_PATH}:/opt/ros/humble /usr/bin/cmake --build /home/smr/ros2_self_driving_robot/src/build/robot_description -- -j8 -l8
[0.684s] Invoking command in '/home/smr/ros2_self_driving_robot/src/build/robot_description': CMAKE_PREFIX_PATH=${CMAKE_PREFIX_PATH}:/opt/ros/humble /usr/bin/cmake --install /home/smr/ros2_self_driving_robot/src/build/robot_description
[0.706s] -- Install configuration: ""
[0.708s] -- Execute custom install script
[0.709s] -- Symlinking: /home/smr/ros2_self_driving_robot/src/install/robot_description/share/robot_description/launch/display.launch.py
[0.736s] -- Symlinking: /home/smr/ros2_self_driving_robot/src/install/robot_description/share/robot_description/urdf/bb_bot.urdf.xacro
[0.765s] -- Symlinking: /home/smr/ros2_self_driving_robot/src/install/robot_description/share/robot_description/rviz/display.rviz
[0.792s] -- Symlinking: /home/smr/ros2_self_driving_robot/src/install/robot_description/share/ament_index/resource_index/package_run_dependencies/robot_description
[0.819s] -- Symlinking: /home/smr/ros2_self_driving_robot/src/install/robot_description/share/ament_index/resource_index/parent_prefix_path/robot_description
[0.847s] -- Symlinking: /home/smr/ros2_self_driving_robot/src/install/robot_description/share/robot_description/environment/ament_prefix_path.sh
[0.861s] -- Symlinking: /home/smr/ros2_self_driving_robot/src/install/robot_description/share/robot_description/environment/ament_prefix_path.dsv
[0.892s] -- Symlinking: /home/smr/ros2_self_driving_robot/src/install/robot_description/share/robot_description/environment/path.sh
[0.919s] -- Symlinking: /home/smr/ros2_self_driving_robot/src/install/robot_description/share/robot_description/environment/path.dsv
[0.929s] -- Symlinking: /home/smr/ros2_self_driving_robot/src/install/robot_description/share/robot_description/local_setup.bash
[0.939s] -- Symlinking: /home/smr/ros2_self_driving_robot/src/install/robot_description/share/robot_description/local_setup.sh
[0.968s] -- Symlinking: /home/smr/ros2_self_driving_robot/src/install/robot_description/share/robot_description/local_setup.zsh
[0.978s] -- Symlinking: /home/smr/ros2_self_driving_robot/src/install/robot_description/share/robot_description/local_setup.dsv
[1.004s] -- Symlinking: /home/smr/ros2_self_driving_robot/src/install/robot_description/share/robot_description/package.dsv
[1.016s] -- Symlinking: /home/smr/ros2_self_driving_robot/src/install/robot_description/share/ament_index/resource_index/packages/robot_description
[1.028s] -- Symlinking: /home/smr/ros2_self_driving_robot/src/install/robot_description/share/robot_description/cmake/robot_descriptionConfig.cmake
[1.039s] -- Symlinking: /home/smr/ros2_self_driving_robot/src/install/robot_description/share/robot_description/cmake/robot_descriptionConfig-version.cmake
[1.068s] -- Symlinking: /home/smr/ros2_self_driving_robot/src/install/robot_description/share/robot_description/package.xml
[1.098s] Invoked command in '/home/smr/ros2_self_driving_robot/src/build/robot_description' returned '0': CMAKE_PREFIX_PATH=${CMAKE_PREFIX_PATH}:/opt/ros/humble /usr/bin/cmake --install /home/smr/ros2_self_driving_robot/src/build/robot_description
