[0.022s] Invoking command in '/home/smr/ros2_self_driving_robot/src/build/sllidar_ros2': CMAKE_PREFIX_PATH=${CMAKE_PREFIX_PATH}:/opt/ros/humble /usr/bin/cmake /home/smr/ros2_self_driving_robot/src/sllidar_ros2 -DAMENT_CMAKE_SYMLINK_INSTALL=1 -DCMAKE_INSTALL_PREFIX=/home/smr/ros2_self_driving_robot/src/install/sllidar_ros2
[0.035s] -- Found ament_cmake: 1.3.8 (/opt/ros/humble/share/ament_cmake/cmake)
[0.260s] -- Override CMake install command with custom implementation using symlinks instead of copying resources
[0.277s] -- Found rclcpp: 16.0.8 (/opt/ros/humble/share/rclcpp/cmake)
[0.319s] -- Found rosidl_generator_c: 3.1.5 (/opt/ros/humble/share/rosidl_generator_c/cmake)
[0.323s] -- Found rosidl_adapter: 3.1.5 (/opt/ros/humble/share/rosidl_adapter/cmake)
[0.331s] -- Found rosidl_generator_cpp: 3.1.5 (/opt/ros/humble/share/rosidl_generator_cpp/cmake)
[0.350s] -- Using all available rosidl_typesupport_c: rosidl_typesupport_fastrtps_c;rosidl_typesupport_introspection_c
[0.372s] -- Using all available rosidl_typesupport_cpp: rosidl_typesupport_fastrtps_cpp;rosidl_typesupport_introspection_cpp
[0.459s] -- Found rmw_implementation_cmake: 6.1.1 (/opt/ros/humble/share/rmw_implementation_cmake/cmake)
[0.460s] -- Found rmw_fastrtps_cpp: 6.2.6 (/opt/ros/humble/share/rmw_fastrtps_cpp/cmake)
[0.591s] -- Using RMW implementation 'rmw_fastrtps_cpp' as default
[0.829s] -- Found sensor_msgs: 4.2.3 (/opt/ros/humble/share/sensor_msgs/cmake)
[1.019s] -- Found std_srvs: 4.2.3 (/opt/ros/humble/share/std_srvs/cmake)
[1.175s] -- Configuring done
[1.199s] -- Generating done
[1.202s] -- Build files have been written to: /home/smr/ros2_self_driving_robot/src/build/sllidar_ros2
[1.217s] Invoked command in '/home/smr/ros2_self_driving_robot/src/build/sllidar_ros2' returned '0': CMAKE_PREFIX_PATH=${CMAKE_PREFIX_PATH}:/opt/ros/humble /usr/bin/cmake /home/smr/ros2_self_driving_robot/src/sllidar_ros2 -DAMENT_CMAKE_SYMLINK_INSTALL=1 -DCMAKE_INSTALL_PREFIX=/home/smr/ros2_self_driving_robot/src/install/sllidar_ros2
[1.220s] Invoking command in '/home/smr/ros2_self_driving_robot/src/build/sllidar_ros2': CMAKE_PREFIX_PATH=${CMAKE_PREFIX_PATH}:/opt/ros/humble /usr/bin/cmake --build /home/smr/ros2_self_driving_robot/src/build/sllidar_ros2 -- -j8 -l8
[1.333s] [35m[1mConsolidate compiler generated dependencies of target sllidar_client[0m
[1.363s] [35m[1mConsolidate compiler generated dependencies of target sllidar_node[0m
[1.374s] [  5%] [32m[1mLinking CXX executable sllidar_client[0m
[1.454s] [ 10%] [32m[1mLinking CXX executable sllidar_node[0m
[2.075s] [ 95%] Built target sllidar_node
[2.241s] [100%] Built target sllidar_client
[2.278s] Invoked command in '/home/smr/ros2_self_driving_robot/src/build/sllidar_ros2' returned '0': CMAKE_PREFIX_PATH=${CMAKE_PREFIX_PATH}:/opt/ros/humble /usr/bin/cmake --build /home/smr/ros2_self_driving_robot/src/build/sllidar_ros2 -- -j8 -l8
[2.477s] Invoking command in '/home/smr/ros2_self_driving_robot/src/build/sllidar_ros2': CMAKE_PREFIX_PATH=${CMAKE_PREFIX_PATH}:/opt/ros/humble /usr/bin/cmake --install /home/smr/ros2_self_driving_robot/src/build/sllidar_ros2
[2.501s] -- Install configuration: ""
[2.503s] -- Execute custom install script
[2.505s] -- Symlinking: /home/smr/ros2_self_driving_robot/src/install/sllidar_ros2/share/sllidar_ros2/launch/sllidar_a1_launch.py
[2.537s] -- Symlinking: /home/smr/ros2_self_driving_robot/src/install/sllidar_ros2/share/sllidar_ros2/launch/sllidar_a2m12_launch .py
[2.550s] -- Symlinking: /home/smr/ros2_self_driving_robot/src/install/sllidar_ros2/share/sllidar_ros2/launch/sllidar_a2m7_launch.py
[2.567s] -- Symlinking: /home/smr/ros2_self_driving_robot/src/install/sllidar_ros2/share/sllidar_ros2/launch/sllidar_a2m8_launch.py
[2.579s] -- Symlinking: /home/smr/ros2_self_driving_robot/src/install/sllidar_ros2/share/sllidar_ros2/launch/sllidar_a3_launch.py
[2.607s] -- Symlinking: /home/smr/ros2_self_driving_robot/src/install/sllidar_ros2/share/sllidar_ros2/launch/sllidar_c1_launch.py
[2.641s] -- Symlinking: /home/smr/ros2_self_driving_robot/src/install/sllidar_ros2/share/sllidar_ros2/launch/sllidar_s1_launch.py
[2.675s] -- Symlinking: /home/smr/ros2_self_driving_robot/src/install/sllidar_ros2/share/sllidar_ros2/launch/sllidar_s1_tcp_launch.py
[2.703s] -- Symlinking: /home/smr/ros2_self_driving_robot/src/install/sllidar_ros2/share/sllidar_ros2/launch/sllidar_s2_launch.py
[2.733s] -- Symlinking: /home/smr/ros2_self_driving_robot/src/install/sllidar_ros2/share/sllidar_ros2/launch/sllidar_s2e_launch.py
[2.761s] -- Symlinking: /home/smr/ros2_self_driving_robot/src/install/sllidar_ros2/share/sllidar_ros2/launch/sllidar_s3_launch.py
[2.776s] -- Symlinking: /home/smr/ros2_self_driving_robot/src/install/sllidar_ros2/share/sllidar_ros2/launch/sllidar_t1_launch.py
[2.804s] -- Symlinking: /home/smr/ros2_self_driving_robot/src/install/sllidar_ros2/share/sllidar_ros2/launch/view_sllidar_a1_launch.py
[2.816s] -- Symlinking: /home/smr/ros2_self_driving_robot/src/install/sllidar_ros2/share/sllidar_ros2/launch/view_sllidar_a2m12_launch.py
[2.833s] -- Symlinking: /home/smr/ros2_self_driving_robot/src/install/sllidar_ros2/share/sllidar_ros2/launch/view_sllidar_a2m7_launch.py
[2.846s] -- Symlinking: /home/smr/ros2_self_driving_robot/src/install/sllidar_ros2/share/sllidar_ros2/launch/view_sllidar_a2m8_launch.py
[2.859s] -- Symlinking: /home/smr/ros2_self_driving_robot/src/install/sllidar_ros2/share/sllidar_ros2/launch/view_sllidar_a3_launch.py
[2.874s] -- Symlinking: /home/smr/ros2_self_driving_robot/src/install/sllidar_ros2/share/sllidar_ros2/launch/view_sllidar_c1_launch.py
[2.899s] -- Symlinking: /home/smr/ros2_self_driving_robot/src/install/sllidar_ros2/share/sllidar_ros2/launch/view_sllidar_s1_launch.py
[2.909s] -- Symlinking: /home/smr/ros2_self_driving_robot/src/install/sllidar_ros2/share/sllidar_ros2/launch/view_sllidar_s1_tcp_launch.py
[2.948s] -- Symlinking: /home/smr/ros2_self_driving_robot/src/install/sllidar_ros2/share/sllidar_ros2/launch/view_sllidar_s2_launch.py
[2.959s] -- Symlinking: /home/smr/ros2_self_driving_robot/src/install/sllidar_ros2/share/sllidar_ros2/launch/view_sllidar_s2e_launch.py
[2.966s] -- Symlinking: /home/smr/ros2_self_driving_robot/src/install/sllidar_ros2/share/sllidar_ros2/launch/view_sllidar_s3_launch.py
[2.977s] -- Symlinking: /home/smr/ros2_self_driving_robot/src/install/sllidar_ros2/share/sllidar_ros2/launch/view_sllidar_t1_launch.py
[2.989s] -- Symlinking: /home/smr/ros2_self_driving_robot/src/install/sllidar_ros2/share/sllidar_ros2/rviz/sllidar_ros2.rviz
[3.000s] -- Symlinking: /home/smr/ros2_self_driving_robot/src/install/sllidar_ros2/lib/sllidar_ros2/sllidar_node
[3.013s] -- Symlinking: /home/smr/ros2_self_driving_robot/src/install/sllidar_ros2/lib/sllidar_ros2/sllidar_client
[3.025s] -- Symlinking: /home/smr/ros2_self_driving_robot/src/install/sllidar_ros2/share/ament_index/resource_index/package_run_dependencies/sllidar_ros2
[3.054s] -- Symlinking: /home/smr/ros2_self_driving_robot/src/install/sllidar_ros2/share/ament_index/resource_index/parent_prefix_path/sllidar_ros2
[3.065s] -- Symlinking: /home/smr/ros2_self_driving_robot/src/install/sllidar_ros2/share/sllidar_ros2/environment/ament_prefix_path.sh
[3.086s] -- Symlinking: /home/smr/ros2_self_driving_robot/src/install/sllidar_ros2/share/sllidar_ros2/environment/ament_prefix_path.dsv
[3.105s] -- Symlinking: /home/smr/ros2_self_driving_robot/src/install/sllidar_ros2/share/sllidar_ros2/environment/path.sh
[3.129s] -- Symlinking: /home/smr/ros2_self_driving_robot/src/install/sllidar_ros2/share/sllidar_ros2/environment/path.dsv
[3.140s] -- Symlinking: /home/smr/ros2_self_driving_robot/src/install/sllidar_ros2/share/sllidar_ros2/local_setup.bash
[3.163s] -- Symlinking: /home/smr/ros2_self_driving_robot/src/install/sllidar_ros2/share/sllidar_ros2/local_setup.sh
[3.180s] -- Symlinking: /home/smr/ros2_self_driving_robot/src/install/sllidar_ros2/share/sllidar_ros2/local_setup.zsh
[3.205s] -- Symlinking: /home/smr/ros2_self_driving_robot/src/install/sllidar_ros2/share/sllidar_ros2/local_setup.dsv
[3.232s] -- Symlinking: /home/smr/ros2_self_driving_robot/src/install/sllidar_ros2/share/sllidar_ros2/package.dsv
[3.243s] -- Symlinking: /home/smr/ros2_self_driving_robot/src/install/sllidar_ros2/share/ament_index/resource_index/packages/sllidar_ros2
[3.271s] -- Symlinking: /home/smr/ros2_self_driving_robot/src/install/sllidar_ros2/share/sllidar_ros2/cmake/ament_cmake_export_dependencies-extras.cmake
[3.297s] -- Symlinking: /home/smr/ros2_self_driving_robot/src/install/sllidar_ros2/share/sllidar_ros2/cmake/ament_cmake_export_include_directories-extras.cmake
[3.323s] -- Symlinking: /home/smr/ros2_self_driving_robot/src/install/sllidar_ros2/share/sllidar_ros2/cmake/sllidar_ros2Config.cmake
[3.356s] -- Symlinking: /home/smr/ros2_self_driving_robot/src/install/sllidar_ros2/share/sllidar_ros2/cmake/sllidar_ros2Config-version.cmake
[3.375s] -- Symlinking: /home/smr/ros2_self_driving_robot/src/install/sllidar_ros2/share/sllidar_ros2/package.xml
[3.400s] Invoked command in '/home/smr/ros2_self_driving_robot/src/build/sllidar_ros2' returned '0': CMAKE_PREFIX_PATH=${CMAKE_PREFIX_PATH}:/opt/ros/humble /usr/bin/cmake --install /home/smr/ros2_self_driving_robot/src/build/sllidar_ros2
