[0.033s] Invoking command in '/home/smr/ros2_self_driving_robot/build/robot_bringup': CMAKE_PREFIX_PATH=/home/smr/ros2_self_driving_robot/install/micro_ros_agent:/home/smr/ros2_self_driving_robot/install/micro_ros_msgs:/home/smr/ros2_self_driving_robot/install/sllidar_ros2:/home/smr/ros2_self_driving_robot/install/robot_navigation:/home/smr/ros2_self_driving_robot/install/robot_description:/home/smr/ros2_self_driving_robot/install/robot_bringup:/home/smr/ros2_self_driving_robot/install/micro_ros_setup:/opt/ros/humble /usr/bin/cmake --build /home/smr/ros2_self_driving_robot/build/robot_bringup -- -j8 -l8
[0.158s] Invoked command in '/home/smr/ros2_self_driving_robot/build/robot_bringup' returned '0': CMAKE_PREFIX_PATH=/home/smr/ros2_self_driving_robot/install/micro_ros_agent:/home/smr/ros2_self_driving_robot/install/micro_ros_msgs:/home/smr/ros2_self_driving_robot/install/sllidar_ros2:/home/smr/ros2_self_driving_robot/install/robot_navigation:/home/smr/ros2_self_driving_robot/install/robot_description:/home/smr/ros2_self_driving_robot/install/robot_bringup:/home/smr/ros2_self_driving_robot/install/micro_ros_setup:/opt/ros/humble /usr/bin/cmake --build /home/smr/ros2_self_driving_robot/build/robot_bringup -- -j8 -l8
[0.244s] Invoking command in '/home/smr/ros2_self_driving_robot/build/robot_bringup': CMAKE_PREFIX_PATH=/home/smr/ros2_self_driving_robot/install/micro_ros_agent:/home/smr/ros2_self_driving_robot/install/micro_ros_msgs:/home/smr/ros2_self_driving_robot/install/sllidar_ros2:/home/smr/ros2_self_driving_robot/install/robot_navigation:/home/smr/ros2_self_driving_robot/install/robot_description:/home/smr/ros2_self_driving_robot/install/robot_bringup:/home/smr/ros2_self_driving_robot/install/micro_ros_setup:/opt/ros/humble /usr/bin/cmake --install /home/smr/ros2_self_driving_robot/build/robot_bringup
[0.269s] -- Install configuration: ""
[0.270s] -- Up-to-date: /home/smr/ros2_self_driving_robot/install/robot_bringup/share/robot_bringup/launch
[0.270s] -- Up-to-date: /home/smr/ros2_self_driving_robot/install/robot_bringup/share/robot_bringup/launch/bringup.launch.py
[0.271s] -- Up-to-date: /home/smr/ros2_self_driving_robot/install/robot_bringup/share/robot_bringup/launch/micro_ros.launch.py
[0.271s] -- Up-to-date: /home/smr/ros2_self_driving_robot/install/robot_bringup/share/robot_bringup/config
[0.272s] -- Up-to-date: /home/smr/ros2_self_driving_robot/install/robot_bringup/share/robot_bringup/config/ekf.yaml
[0.273s] -- Up-to-date: /home/smr/ros2_self_driving_robot/install/robot_bringup/share/ament_index/resource_index/package_run_dependencies/robot_bringup
[0.275s] -- Up-to-date: /home/smr/ros2_self_driving_robot/install/robot_bringup/share/ament_index/resource_index/parent_prefix_path/robot_bringup
[0.275s] -- Up-to-date: /home/smr/ros2_self_driving_robot/install/robot_bringup/share/robot_bringup/environment/ament_prefix_path.sh
[0.275s] -- Up-to-date: /home/smr/ros2_self_driving_robot/install/robot_bringup/share/robot_bringup/environment/ament_prefix_path.dsv
[0.276s] -- Up-to-date: /home/smr/ros2_self_driving_robot/install/robot_bringup/share/robot_bringup/environment/path.sh
[0.276s] -- Up-to-date: /home/smr/ros2_self_driving_robot/install/robot_bringup/share/robot_bringup/environment/path.dsv
[0.277s] -- Up-to-date: /home/smr/ros2_self_driving_robot/install/robot_bringup/share/robot_bringup/local_setup.bash
[0.277s] -- Up-to-date: /home/smr/ros2_self_driving_robot/install/robot_bringup/share/robot_bringup/local_setup.sh
[0.278s] -- Up-to-date: /home/smr/ros2_self_driving_robot/install/robot_bringup/share/robot_bringup/local_setup.zsh
[0.278s] -- Up-to-date: /home/smr/ros2_self_driving_robot/install/robot_bringup/share/robot_bringup/local_setup.dsv
[0.281s] -- Installing: /home/smr/ros2_self_driving_robot/install/robot_bringup/share/robot_bringup/package.dsv
[0.283s] -- Up-to-date: /home/smr/ros2_self_driving_robot/install/robot_bringup/share/ament_index/resource_index/packages/robot_bringup
[0.283s] -- Up-to-date: /home/smr/ros2_self_driving_robot/install/robot_bringup/share/robot_bringup/cmake/robot_bringupConfig.cmake
[0.284s] -- Up-to-date: /home/smr/ros2_self_driving_robot/install/robot_bringup/share/robot_bringup/cmake/robot_bringupConfig-version.cmake
[0.285s] -- Up-to-date: /home/smr/ros2_self_driving_robot/install/robot_bringup/share/robot_bringup/package.xml
[0.286s] Invoked command in '/home/smr/ros2_self_driving_robot/build/robot_bringup' returned '0': CMAKE_PREFIX_PATH=/home/smr/ros2_self_driving_robot/install/micro_ros_agent:/home/smr/ros2_self_driving_robot/install/micro_ros_msgs:/home/smr/ros2_self_driving_robot/install/sllidar_ros2:/home/smr/ros2_self_driving_robot/install/robot_navigation:/home/smr/ros2_self_driving_robot/install/robot_description:/home/smr/ros2_self_driving_robot/install/robot_bringup:/home/smr/ros2_self_driving_robot/install/micro_ros_setup:/opt/ros/humble /usr/bin/cmake --install /home/smr/ros2_self_driving_robot/build/robot_bringup
