[0.012s] Invoking command in '/home/p_rawicht/bb_ws/build/robot_description': CMAKE_PREFIX_PATH=${CMAKE_PREFIX_PATH}:/opt/ros/humble /usr/bin/cmake --build /home/p_rawicht/bb_ws/build/robot_description -- -j20 -l20
[0.048s] -- Found ament_cmake: 1.3.8 (/opt/ros/humble/share/ament_cmake/cmake)
[0.157s] -- Found urdf: 2.6.0 (/opt/ros/humble/share/urdf/cmake)
[0.338s] -- Found TinyXML2 via Config file: /usr/local/lib/cmake/tinyxml2
[0.346s] -- Found ament_lint_auto: 0.12.10 (/opt/ros/humble/share/ament_lint_auto/cmake)
[0.400s] -- Added test 'flake8' to check Python code syntax and style conventions
[0.400s] -- Added test 'lint_cmake' to check CMake code style
[0.401s] -- Added test 'pep257' to check Python code against some of the docstring style conventions in PEP 257
[0.402s] -- Added test 'xmllint' to check XML markup files
[0.403s] -- Configuring done
[0.409s] -- Generating done
[0.409s] -- Build files have been written to: /home/p_rawicht/bb_ws/build/robot_description
[0.421s] Invoked command in '/home/p_rawicht/bb_ws/build/robot_description' returned '0': CMAKE_PREFIX_PATH=${CMAKE_PREFIX_PATH}:/opt/ros/humble /usr/bin/cmake --build /home/p_rawicht/bb_ws/build/robot_description -- -j20 -l20
[0.431s] Invoking command in '/home/p_rawicht/bb_ws/build/robot_description': CMAKE_PREFIX_PATH=${CMAKE_PREFIX_PATH}:/opt/ros/humble /usr/bin/cmake --install /home/p_rawicht/bb_ws/build/robot_description
[0.434s] -- Install configuration: ""
[0.434s] -- Installing: /home/p_rawicht/bb_ws/install/robot_description/share/robot_description/launch
[0.435s] -- Installing: /home/p_rawicht/bb_ws/install/robot_description/share/robot_description/launch/display.launch.py
[0.435s] -- Installing: /home/p_rawicht/bb_ws/install/robot_description/share/robot_description/urdf
[0.435s] -- Installing: /home/p_rawicht/bb_ws/install/robot_description/share/robot_description/urdf/bb_bot.urdf.xacro
[0.435s] -- Installing: /home/p_rawicht/bb_ws/install/robot_description/share/robot_description/rviz
[0.435s] -- Installing: /home/p_rawicht/bb_ws/install/robot_description/share/ament_index/resource_index/package_run_dependencies/robot_description
[0.436s] -- Installing: /home/p_rawicht/bb_ws/install/robot_description/share/ament_index/resource_index/parent_prefix_path/robot_description
[0.436s] -- Up-to-date: /home/p_rawicht/bb_ws/install/robot_description/share/robot_description/environment/ament_prefix_path.sh
[0.436s] -- Installing: /home/p_rawicht/bb_ws/install/robot_description/share/robot_description/environment/ament_prefix_path.dsv
[0.436s] -- Up-to-date: /home/p_rawicht/bb_ws/install/robot_description/share/robot_description/environment/path.sh
[0.436s] -- Installing: /home/p_rawicht/bb_ws/install/robot_description/share/robot_description/environment/path.dsv
[0.436s] -- Up-to-date: /home/p_rawicht/bb_ws/install/robot_description/share/robot_description/local_setup.bash
[0.436s] -- Up-to-date: /home/p_rawicht/bb_ws/install/robot_description/share/robot_description/local_setup.sh
[0.436s] -- Up-to-date: /home/p_rawicht/bb_ws/install/robot_description/share/robot_description/local_setup.zsh
[0.436s] -- Installing: /home/p_rawicht/bb_ws/install/robot_description/share/robot_description/local_setup.dsv
[0.436s] -- Installing: /home/p_rawicht/bb_ws/install/robot_description/share/robot_description/package.dsv
[0.436s] -- Up-to-date: /home/p_rawicht/bb_ws/install/robot_description/share/ament_index/resource_index/packages/robot_description
[0.436s] -- Up-to-date: /home/p_rawicht/bb_ws/install/robot_description/share/robot_description/cmake/robot_descriptionConfig.cmake
[0.437s] -- Up-to-date: /home/p_rawicht/bb_ws/install/robot_description/share/robot_description/cmake/robot_descriptionConfig-version.cmake
[0.437s] -- Installing: /home/p_rawicht/bb_ws/install/robot_description/share/robot_description/package.xml
[0.438s] Invoked command in '/home/p_rawicht/bb_ws/build/robot_description' returned '0': CMAKE_PREFIX_PATH=${CMAKE_PREFIX_PATH}:/opt/ros/humble /usr/bin/cmake --install /home/p_rawicht/bb_ws/build/robot_description
