[0mCMake Error: Parse error in cache file /home/p_rawicht/bb_ws/build/robot_description/CMakeCache.txt on line 235. Offending entry: <<<<<<< HEAD[0m
[0mCMake Error: Parse error in cache file /home/p_rawicht/bb_ws/build/robot_description/CMakeCache.txt on line 267. Offending entry: >>>>>>> 267328f (Initial commit)[0m
[0mCMake Error: Parse error in cache file /home/p_rawicht/bb_ws/build/robot_description/CMakeCache.txt on line 278. Offending entry: <<<<<<< HEAD[0m
[0mCMake Error: Parse error in cache file /home/p_rawicht/bb_ws/build/robot_description/CMakeCache.txt on line 282. Offending entry: >>>>>>> 267328f (Initial commit)[0m
[0mCMake Error: Parse error in cache file /home/p_rawicht/bb_ws/build/robot_description/CMakeCache.txt on line 351. Offending entry: <<<<<<< HEAD[0m
[0mCMake Error: Parse error in cache file /home/p_rawicht/bb_ws/build/robot_description/CMakeCache.txt on line 356. Offending entry: >>>>>>> 267328f (Initial commit)[0m
[0mCMake Error: Parse error in cache file /home/p_rawicht/bb_ws/build/robot_description/CMakeCache.txt on line 375. Offending entry: <<<<<<< HEAD[0m
[0mCMake Error: Parse error in cache file /home/p_rawicht/bb_ws/build/robot_description/CMakeCache.txt on line 387. Offending entry: >>>>>>> 267328f (Initial commit)[0m
[0mCMake Error: Parse error in cache file /home/p_rawicht/bb_ws/build/robot_description/CMakeCache.txt on line 394. Offending entry: <<<<<<< HEAD[0m
[0mCMake Error: Parse error in cache file /home/p_rawicht/bb_ws/build/robot_description/CMakeCache.txt on line 417. Offending entry: >>>>>>> 267328f (Initial commit)[0m
[0mCMake Error: Parse error in cache file /home/p_rawicht/bb_ws/build/robot_description/CMakeCache.txt on line 424. Offending entry: <<<<<<< HEAD[0m
[0mCMake Error: Parse error in cache file /home/p_rawicht/bb_ws/build/robot_description/CMakeCache.txt on line 456. Offending entry: >>>>>>> 267328f (Initial commit)[0m
[0mCMake Error: Parse error in cache file /home/p_rawicht/bb_ws/build/robot_description/CMakeCache.txt on line 463. Offending entry: <<<<<<< HEAD[0m
[0mCMake Error: Parse error in cache file /home/p_rawicht/bb_ws/build/robot_description/CMakeCache.txt on line 483. Offending entry: >>>>>>> 267328f (Initial commit)[0m
[0mCMake Error: Parse error in cache file /home/p_rawicht/bb_ws/build/robot_description/CMakeCache.txt on line 493. Offending entry: <<<<<<< HEAD[0m
[0mCMake Error: Parse error in cache file /home/p_rawicht/bb_ws/build/robot_description/CMakeCache.txt on line 561. Offending entry: >>>>>>> 267328f (Initial commit)[0m
[0mCMake Error: Parse error in cache file /home/p_rawicht/bb_ws/build/robot_description/CMakeCache.txt on line 577. Offending entry: <<<<<<< HEAD[0m
[0mCMake Error: Parse error in cache file /home/p_rawicht/bb_ws/build/robot_description/CMakeCache.txt on line 582. Offending entry: >>>>>>> 267328f (Initial commit)[0m
[0mCMake Error: Parse error in cache file /home/p_rawicht/bb_ws/build/robot_description/CMakeCache.txt on line 666. Offending entry: <<<<<<< HEAD[0m
[0mCMake Error: Parse error in cache file /home/p_rawicht/bb_ws/build/robot_description/CMakeCache.txt on line 672. Offending entry: >>>>>>> 267328f (Initial commit)[0m
[0mCMake Error: Parse error in cache file /home/p_rawicht/bb_ws/build/robot_description/CMakeCache.txt on line 738. Offending entry: <<<<<<< HEAD[0m
[0mCMake Error: Parse error in cache file /home/p_rawicht/bb_ws/build/robot_description/CMakeCache.txt on line 795. Offending entry: >>>>>>> 267328f (Initial commit)[0m
[0mCMake Error: Parse error in cache file /home/p_rawicht/bb_ws/build/robot_description/CMakeCache.txt on line 800. Offending entry: <<<<<<< HEAD[0m
[0mCMake Error: Parse error in cache file /home/p_rawicht/bb_ws/build/robot_description/CMakeCache.txt on line 809. Offending entry: >>>>>>> 267328f (Initial commit)[0m
[0mCMake Error: Parse error in cache file /home/p_rawicht/bb_ws/build/robot_description/CMakeCache.txt on line 235. Offending entry: <<<<<<< HEAD[0m
[0mCMake Error: Parse error in cache file /home/p_rawicht/bb_ws/build/robot_description/CMakeCache.txt on line 267. Offending entry: >>>>>>> 267328f (Initial commit)[0m
[0mCMake Error: Parse error in cache file /home/p_rawicht/bb_ws/build/robot_description/CMakeCache.txt on line 278. Offending entry: <<<<<<< HEAD[0m
[0mCMake Error: Parse error in cache file /home/p_rawicht/bb_ws/build/robot_description/CMakeCache.txt on line 282. Offending entry: >>>>>>> 267328f (Initial commit)[0m
[0mCMake Error: Parse error in cache file /home/p_rawicht/bb_ws/build/robot_description/CMakeCache.txt on line 351. Offending entry: <<<<<<< HEAD[0m
[0mCMake Error: Parse error in cache file /home/p_rawicht/bb_ws/build/robot_description/CMakeCache.txt on line 356. Offending entry: >>>>>>> 267328f (Initial commit)[0m
[0mCMake Error: Parse error in cache file /home/p_rawicht/bb_ws/build/robot_description/CMakeCache.txt on line 375. Offending entry: <<<<<<< HEAD[0m
[0mCMake Error: Parse error in cache file /home/p_rawicht/bb_ws/build/robot_description/CMakeCache.txt on line 387. Offending entry: >>>>>>> 267328f (Initial commit)[0m
[0mCMake Error: Parse error in cache file /home/p_rawicht/bb_ws/build/robot_description/CMakeCache.txt on line 394. Offending entry: <<<<<<< HEAD[0m
[0mCMake Error: Parse error in cache file /home/p_rawicht/bb_ws/build/robot_description/CMakeCache.txt on line 417. Offending entry: >>>>>>> 267328f (Initial commit)[0m
[0mCMake Error: Parse error in cache file /home/p_rawicht/bb_ws/build/robot_description/CMakeCache.txt on line 424. Offending entry: <<<<<<< HEAD[0m
[0mCMake Error: Parse error in cache file /home/p_rawicht/bb_ws/build/robot_description/CMakeCache.txt on line 456. Offending entry: >>>>>>> 267328f (Initial commit)[0m
[0mCMake Error: Parse error in cache file /home/p_rawicht/bb_ws/build/robot_description/CMakeCache.txt on line 463. Offending entry: <<<<<<< HEAD[0m
[0mCMake Error: Parse error in cache file /home/p_rawicht/bb_ws/build/robot_description/CMakeCache.txt on line 483. Offending entry: >>>>>>> 267328f (Initial commit)[0m
[0mCMake Error: Parse error in cache file /home/p_rawicht/bb_ws/build/robot_description/CMakeCache.txt on line 493. Offending entry: <<<<<<< HEAD[0m
[0mCMake Error: Parse error in cache file /home/p_rawicht/bb_ws/build/robot_description/CMakeCache.txt on line 561. Offending entry: >>>>>>> 267328f (Initial commit)[0m
[0mCMake Error: Parse error in cache file /home/p_rawicht/bb_ws/build/robot_description/CMakeCache.txt on line 577. Offending entry: <<<<<<< HEAD[0m
[0mCMake Error: Parse error in cache file /home/p_rawicht/bb_ws/build/robot_description/CMakeCache.txt on line 582. Offending entry: >>>>>>> 267328f (Initial commit)[0m
[0mCMake Error: Parse error in cache file /home/p_rawicht/bb_ws/build/robot_description/CMakeCache.txt on line 666. Offending entry: <<<<<<< HEAD[0m
[0mCMake Error: Parse error in cache file /home/p_rawicht/bb_ws/build/robot_description/CMakeCache.txt on line 672. Offending entry: >>>>>>> 267328f (Initial commit)[0m
[0mCMake Error: Parse error in cache file /home/p_rawicht/bb_ws/build/robot_description/CMakeCache.txt on line 738. Offending entry: <<<<<<< HEAD[0m
[0mCMake Error: Parse error in cache file /home/p_rawicht/bb_ws/build/robot_description/CMakeCache.txt on line 795. Offending entry: >>>>>>> 267328f (Initial commit)[0m
[0mCMake Error: Parse error in cache file /home/p_rawicht/bb_ws/build/robot_description/CMakeCache.txt on line 800. Offending entry: <<<<<<< HEAD[0m
[0mCMake Error: Parse error in cache file /home/p_rawicht/bb_ws/build/robot_description/CMakeCache.txt on line 809. Offending entry: >>>>>>> 267328f (Initial commit)[0m
[31mCMake Error at CMakeLists.txt:11:
  Parse error.  Expected a command name, got unquoted argument with text
  "<<<<<<<".

[0m
-- Configuring incomplete, errors occurred!
See also "/home/p_rawicht/bb_ws/build/robot_description/CMakeFiles/CMakeOutput.log".
gmake: *** [Makefile:226: cmake_check_build_system] Error 1
