[0.013s] Invoking command in '/home/p_rawicht/bb_ws/build/robot_description': /usr/bin/cmake --build /home/p_rawicht/bb_ws/build/robot_description -- -j20 -l20
[0.015s] [0mCMake Error: Parse error in cache file /home/p_rawicht/bb_ws/build/robot_description/CMakeCache.txt on line 235. Offending entry: <<<<<<< HEAD[0m
[0.015s] [0mCMake Error: Parse error in cache file /home/p_rawicht/bb_ws/build/robot_description/CMakeCache.txt on line 267. Offending entry: >>>>>>> 267328f (Initial commit)[0m
[0.015s] [0mCMake Error: Parse error in cache file /home/p_rawicht/bb_ws/build/robot_description/CMakeCache.txt on line 278. Offending entry: <<<<<<< HEAD[0m
[0.015s] [0mCMake Error: Parse error in cache file /home/p_rawicht/bb_ws/build/robot_description/CMakeCache.txt on line 282. Offending entry: >>>>>>> 267328f (Initial commit)[0m
[0.015s] [0mCMake Error: Parse error in cache file /home/p_rawicht/bb_ws/build/robot_description/CMakeCache.txt on line 351. Offending entry: <<<<<<< HEAD[0m
[0.015s] [0mCMake Error: Parse error in cache file /home/p_rawicht/bb_ws/build/robot_description/CMakeCache.txt on line 356. Offending entry: >>>>>>> 267328f (Initial commit)[0m
[0.016s] [0mCMake Error: Parse error in cache file /home/p_rawicht/bb_ws/build/robot_description/CMakeCache.txt on line 375. Offending entry: <<<<<<< HEAD[0m
[0.016s] [0mCMake Error: Parse error in cache file /home/p_rawicht/bb_ws/build/robot_description/CMakeCache.txt on line 387. Offending entry: >>>>>>> 267328f (Initial commit)[0m
[0.016s] [0mCMake Error: Parse error in cache file /home/p_rawicht/bb_ws/build/robot_description/CMakeCache.txt on line 394. Offending entry: <<<<<<< HEAD[0m
[0.016s] [0mCMake Error: Parse error in cache file /home/p_rawicht/bb_ws/build/robot_description/CMakeCache.txt on line 417. Offending entry: >>>>>>> 267328f (Initial commit)[0m
[0.016s] [0mCMake Error: Parse error in cache file /home/p_rawicht/bb_ws/build/robot_description/CMakeCache.txt on line 424. Offending entry: <<<<<<< HEAD[0m
[0.016s] [0mCMake Error: Parse error in cache file /home/p_rawicht/bb_ws/build/robot_description/CMakeCache.txt on line 456. Offending entry: >>>>>>> 267328f (Initial commit)[0m
[0.016s] [0mCMake Error: Parse error in cache file /home/p_rawicht/bb_ws/build/robot_description/CMakeCache.txt on line 463. Offending entry: <<<<<<< HEAD[0m
[0.016s] [0mCMake Error: Parse error in cache file /home/p_rawicht/bb_ws/build/robot_description/CMakeCache.txt on line 483. Offending entry: >>>>>>> 267328f (Initial commit)[0m
[0.016s] [0mCMake Error: Parse error in cache file /home/p_rawicht/bb_ws/build/robot_description/CMakeCache.txt on line 493. Offending entry: <<<<<<< HEAD[0m
[0.016s] [0mCMake Error: Parse error in cache file /home/p_rawicht/bb_ws/build/robot_description/CMakeCache.txt on line 561. Offending entry: >>>>>>> 267328f (Initial commit)[0m
[0.016s] [0mCMake Error: Parse error in cache file /home/p_rawicht/bb_ws/build/robot_description/CMakeCache.txt on line 577. Offending entry: <<<<<<< HEAD[0m
[0.016s] [0mCMake Error: Parse error in cache file /home/p_rawicht/bb_ws/build/robot_description/CMakeCache.txt on line 582. Offending entry: >>>>>>> 267328f (Initial commit)[0m
[0.016s] [0mCMake Error: Parse error in cache file /home/p_rawicht/bb_ws/build/robot_description/CMakeCache.txt on line 666. Offending entry: <<<<<<< HEAD[0m
[0.016s] [0mCMake Error: Parse error in cache file /home/p_rawicht/bb_ws/build/robot_description/CMakeCache.txt on line 672. Offending entry: >>>>>>> 267328f (Initial commit)[0m
[0.016s] [0mCMake Error: Parse error in cache file /home/p_rawicht/bb_ws/build/robot_description/CMakeCache.txt on line 738. Offending entry: <<<<<<< HEAD[0m
[0.016s] [0mCMake Error: Parse error in cache file /home/p_rawicht/bb_ws/build/robot_description/CMakeCache.txt on line 795. Offending entry: >>>>>>> 267328f (Initial commit)[0m
[0.016s] [0mCMake Error: Parse error in cache file /home/p_rawicht/bb_ws/build/robot_description/CMakeCache.txt on line 800. Offending entry: <<<<<<< HEAD[0m
[0.016s] [0mCMake Error: Parse error in cache file /home/p_rawicht/bb_ws/build/robot_description/CMakeCache.txt on line 809. Offending entry: >>>>>>> 267328f (Initial commit)[0m
[0.020s] [0mCMake Error: Parse error in cache file /home/p_rawicht/bb_ws/build/robot_description/CMakeCache.txt on line 235. Offending entry: <<<<<<< HEAD[0m
[0.021s] [0mCMake Error: Parse error in cache file /home/p_rawicht/bb_ws/build/robot_description/CMakeCache.txt on line 267. Offending entry: >>>>>>> 267328f (Initial commit)[0m
[0.021s] [0mCMake Error: Parse error in cache file /home/p_rawicht/bb_ws/build/robot_description/CMakeCache.txt on line 278. Offending entry: <<<<<<< HEAD[0m
[0.021s] [0mCMake Error: Parse error in cache file /home/p_rawicht/bb_ws/build/robot_description/CMakeCache.txt on line 282. Offending entry: >>>>>>> 267328f (Initial commit)[0m
[0.021s] [0mCMake Error: Parse error in cache file /home/p_rawicht/bb_ws/build/robot_description/CMakeCache.txt on line 351. Offending entry: <<<<<<< HEAD[0m
[0.021s] [0mCMake Error: Parse error in cache file /home/p_rawicht/bb_ws/build/robot_description/CMakeCache.txt on line 356. Offending entry: >>>>>>> 267328f (Initial commit)[0m
[0.021s] [0mCMake Error: Parse error in cache file /home/p_rawicht/bb_ws/build/robot_description/CMakeCache.txt on line 375. Offending entry: <<<<<<< HEAD[0m
[0.021s] [0mCMake Error: Parse error in cache file /home/p_rawicht/bb_ws/build/robot_description/CMakeCache.txt on line 387. Offending entry: >>>>>>> 267328f (Initial commit)[0m
[0.021s] [0mCMake Error: Parse error in cache file /home/p_rawicht/bb_ws/build/robot_description/CMakeCache.txt on line 394. Offending entry: <<<<<<< HEAD[0m
[0.021s] [0mCMake Error: Parse error in cache file /home/p_rawicht/bb_ws/build/robot_description/CMakeCache.txt on line 417. Offending entry: >>>>>>> 267328f (Initial commit)[0m
[0.021s] [0mCMake Error: Parse error in cache file /home/p_rawicht/bb_ws/build/robot_description/CMakeCache.txt on line 424. Offending entry: <<<<<<< HEAD[0m
[0.021s] [0mCMake Error: Parse error in cache file /home/p_rawicht/bb_ws/build/robot_description/CMakeCache.txt on line 456. Offending entry: >>>>>>> 267328f (Initial commit)[0m
[0.021s] [0mCMake Error: Parse error in cache file /home/p_rawicht/bb_ws/build/robot_description/CMakeCache.txt on line 463. Offending entry: <<<<<<< HEAD[0m
[0.021s] [0mCMake Error: Parse error in cache file /home/p_rawicht/bb_ws/build/robot_description/CMakeCache.txt on line 483. Offending entry: >>>>>>> 267328f (Initial commit)[0m
[0.021s] [0mCMake Error: Parse error in cache file /home/p_rawicht/bb_ws/build/robot_description/CMakeCache.txt on line 493. Offending entry: <<<<<<< HEAD[0m
[0.021s] [0mCMake Error: Parse error in cache file /home/p_rawicht/bb_ws/build/robot_description/CMakeCache.txt on line 561. Offending entry: >>>>>>> 267328f (Initial commit)[0m
[0.021s] [0mCMake Error: Parse error in cache file /home/p_rawicht/bb_ws/build/robot_description/CMakeCache.txt on line 577. Offending entry: <<<<<<< HEAD[0m
[0.021s] [0mCMake Error: Parse error in cache file /home/p_rawicht/bb_ws/build/robot_description/CMakeCache.txt on line 582. Offending entry: >>>>>>> 267328f (Initial commit)[0m
[0.021s] [0mCMake Error: Parse error in cache file /home/p_rawicht/bb_ws/build/robot_description/CMakeCache.txt on line 666. Offending entry: <<<<<<< HEAD[0m
[0.021s] [0mCMake Error: Parse error in cache file /home/p_rawicht/bb_ws/build/robot_description/CMakeCache.txt on line 672. Offending entry: >>>>>>> 267328f (Initial commit)[0m
[0.021s] [0mCMake Error: Parse error in cache file /home/p_rawicht/bb_ws/build/robot_description/CMakeCache.txt on line 738. Offending entry: <<<<<<< HEAD[0m
[0.021s] [0mCMake Error: Parse error in cache file /home/p_rawicht/bb_ws/build/robot_description/CMakeCache.txt on line 795. Offending entry: >>>>>>> 267328f (Initial commit)[0m
[0.021s] [0mCMake Error: Parse error in cache file /home/p_rawicht/bb_ws/build/robot_description/CMakeCache.txt on line 800. Offending entry: <<<<<<< HEAD[0m
[0.022s] [0mCMake Error: Parse error in cache file /home/p_rawicht/bb_ws/build/robot_description/CMakeCache.txt on line 809. Offending entry: >>>>>>> 267328f (Initial commit)[0m
[0.022s] [31mCMake Error at CMakeLists.txt:11:
[0.022s]   Parse error.  Expected a command name, got unquoted argument with text
[0.022s]   "<<<<<<<".
[0.022s] 
[0.022s] [0m
[0.023s] -- Configuring incomplete, errors occurred!
[0.023s] See also "/home/p_rawicht/bb_ws/build/robot_description/CMakeFiles/CMakeOutput.log".
[0.024s] gmake: *** [Makefile:226: cmake_check_build_system] Error 1
[0.025s] Invoked command in '/home/p_rawicht/bb_ws/build/robot_description' returned '2': /usr/bin/cmake --build /home/p_rawicht/bb_ws/build/robot_description -- -j20 -l20
