[0.025s] Invoking command in '/home/smr/ros2_self_driving_robot/build/my_nav2_behavior_tree': CMAKE_PREFIX_PATH=/home/smr/ros2_self_driving_robot/install/nav2_behavior_plugin:/home/smr/ros2_self_driving_robot/install/sllidar_ros2:/home/smr/ros2_self_driving_robot/install/robot_navigation:/home/smr/ros2_self_driving_robot/install/robot_description:/home/smr/ros2_self_driving_robot/install/robot_bringup:/home/smr/ros2_self_driving_robot/install/nav2_behavior_tree:/home/smr/ros2_self_driving_robot/install/micro_ros_setup:/home/smr/ros2_self_driving_robot/install/micro_ros_agent:/home/smr/ros2_self_driving_robot/install/micro_ros_msgs:/opt/ros/humble:/home/smr/ros2_self_driving_robot/install/python_pkg LD_LIBRARY_PATH=/home/smr/ros2_self_driving_robot/install/nav2_behavior_plugin/lib:/home/smr/ros2_self_driving_robot/install/nav2_behavior_tree/lib:/home/smr/ros2_self_driving_robot/install/micro_ros_agent/lib:/home/smr/ros2_self_driving_robot/install/micro_ros_msgs/lib:/opt/ros/humble/opt/rviz_ogre_vendor/lib:/opt/ros/humble/lib/aarch64-linux-gnu:/opt/ros/humble/lib /usr/bin/cmake --build /home/smr/ros2_self_driving_robot/build/my_nav2_behavior_tree -- -j8 -l8
[0.177s] [35m[1mConsolidate compiler generated dependencies of target nav2_obstacle_warning_action_bt_node[0m
[0.258s] [ 50%] [32mBuilding CXX object CMakeFiles/nav2_obstacle_warning_action_bt_node.dir/src/obstacle_warning_action.cpp.o[0m
[4.074s] In file included from [01m[K/home/smr/ros2_self_driving_robot/src/my_nav2_behavior_tree/src/obstacle_warning_action.cpp:19[m[K:
[4.075s] [01m[K/home/smr/ros2_self_driving_robot/src/my_nav2_behavior_tree/include/my_nav2_behavior_tree/obstacle_warning_action.hpp:30:24:[m[K [01;31m[Kerror: [m[Kexpected template-name before ‘[01m[K<[m[K’ token
[4.075s]    30 |   : public BtActionNode[01;31m[K<[m[K
[4.075s]       |                        [01;31m[K^[m[K
[4.076s] [01m[K/home/smr/ros2_self_driving_robot/src/my_nav2_behavior_tree/include/my_nav2_behavior_tree/obstacle_warning_action.hpp:30:24:[m[K [01;31m[Kerror: [m[Kexpected ‘[01m[K{[m[K’ before ‘[01m[K<[m[K’ token
[4.076s] [01m[K/home/smr/ros2_self_driving_robot/src/my_nav2_behavior_tree/include/my_nav2_behavior_tree/obstacle_warning_action.hpp:30:24:[m[K [01;31m[Kerror: [m[Kexpected unqualified-id before ‘[01m[K<[m[K’ token
[4.077s] [01m[K/home/smr/ros2_self_driving_robot/src/my_nav2_behavior_tree/src/obstacle_warning_action.cpp:27:37:[m[K [01;31m[Kerror: [m[Kinvalid use of incomplete type ‘[01m[Kclass my_nav2_behavior_tree::NotifyAction[m[K’
[4.077s]    27 |   const BT::NodeConfiguration & conf[01;31m[K)[m[K
[4.077s]       |                                     [01;31m[K^[m[K
[4.078s] In file included from [01m[K/home/smr/ros2_self_driving_robot/src/my_nav2_behavior_tree/src/obstacle_warning_action.cpp:19[m[K:
[4.078s] [01m[K/home/smr/ros2_self_driving_robot/src/my_nav2_behavior_tree/include/my_nav2_behavior_tree/obstacle_warning_action.hpp:29:7:[m[K [01;36m[Knote: [m[Kforward declaration of ‘[01m[Kclass my_nav2_behavior_tree::NotifyAction[m[K’
[4.078s]    29 | class [01;36m[KNotifyAction[m[K
[4.079s]       |       [01;36m[K^~~~~~~~~~~~[m[K
[4.079s] [01m[K/home/smr/ros2_self_driving_robot/src/my_nav2_behavior_tree/src/obstacle_warning_action.cpp:33:31:[m[K [01;31m[Kerror: [m[Kinvalid use of incomplete type ‘[01m[Kclass my_nav2_behavior_tree::NotifyAction[m[K’
[4.080s]    33 | void NotifyAction::initialize([01;31m[K)[m[K
[4.080s]       |                               [01;31m[K^[m[K
[4.080s] In file included from [01m[K/home/smr/ros2_self_driving_robot/src/my_nav2_behavior_tree/src/obstacle_warning_action.cpp:19[m[K:
[4.081s] [01m[K/home/smr/ros2_self_driving_robot/src/my_nav2_behavior_tree/include/my_nav2_behavior_tree/obstacle_warning_action.hpp:29:7:[m[K [01;36m[Knote: [m[Kforward declaration of ‘[01m[Kclass my_nav2_behavior_tree::NotifyAction[m[K’
[4.082s]    29 | class [01;36m[KNotifyAction[m[K
[4.082s]       |       [01;36m[K^~~~~~~~~~~~[m[K
[4.083s] [01m[K/home/smr/ros2_self_driving_robot/src/my_nav2_behavior_tree/src/obstacle_warning_action.cpp:48:28:[m[K [01;31m[Kerror: [m[Kinvalid use of incomplete type ‘[01m[Kclass my_nav2_behavior_tree::NotifyAction[m[K’
[4.083s]    48 | void NotifyAction::on_tick([01;31m[K)[m[K
[4.083s]       |                            [01;31m[K^[m[K
[4.084s] In file included from [01m[K/home/smr/ros2_self_driving_robot/src/my_nav2_behavior_tree/src/obstacle_warning_action.cpp:19[m[K:
[4.084s] [01m[K/home/smr/ros2_self_driving_robot/src/my_nav2_behavior_tree/include/my_nav2_behavior_tree/obstacle_warning_action.hpp:29:7:[m[K [01;36m[Knote: [m[Kforward declaration of ‘[01m[Kclass my_nav2_behavior_tree::NotifyAction[m[K’
[4.085s]    29 | class [01;36m[KNotifyAction[m[K
[4.085s]       |       [01;36m[K^~~~~~~~~~~~[m[K
[4.167s] [01m[K/home/smr/ros2_self_driving_robot/src/my_nav2_behavior_tree/src/obstacle_warning_action.cpp:[m[K In function ‘[01m[Kvoid BT_RegisterNodesFromPlugin(BT::BehaviorTreeFactory&)[m[K’:
[4.167s] [01m[K/home/smr/ros2_self_driving_robot/src/my_nav2_behavior_tree/src/obstacle_warning_action.cpp:66:5:[m[K [01;31m[Kerror: [m[Kconversion from ‘[01m[KBT_RegisterNodesFromPlugin(BT::BehaviorTreeFactory&)::<lambda(const string&, const BT::NodeConfiguration&)>[m[K’ to non-scalar type ‘[01m[KBT::NodeBuilder[m[K’ {aka ‘[01m[Kstd::function<std::unique_ptr<BT::TreeNode>(const std::__cxx11::basic_string<char>&, const BT::NodeConfiguration&)>[m[K’} requested
[4.168s]    66 |     [01;31m[K}[m[K;
[4.168s]       |     [01;31m[K^[m[K
[4.309s] In file included from [01m[K/usr/include/c++/11/memory:76[m[K,
[4.310s]                  from [01m[K/home/smr/ros2_self_driving_robot/src/my_nav2_behavior_tree/src/obstacle_warning_action.cpp:16[m[K:
[4.310s] /usr/include/c++/11/bits/unique_ptr.h: In instantiation of ‘[01m[Ktypename std::_MakeUniq<_Tp>::__single_object std::make_unique(_Args&& ...) [with _Tp = my_nav2_behavior_tree::NotifyAction; _Args = {const std::__cxx11::basic_string<char, std::char_traits<char>, std::allocator<char> >&, const char (&)[7], const BT::NodeConfiguration&}; typename std::_MakeUniq<_Tp>::__single_object = std::unique_ptr<my_nav2_behavior_tree::NotifyAction, std::default_delete<my_nav2_behavior_tree::NotifyAction> >][m[K’:
[4.310s] [01m[K/home/smr/ros2_self_driving_robot/src/my_nav2_behavior_tree/src/obstacle_warning_action.cpp:65:67:[m[K   required from here
[4.311s] [01m[K/usr/include/c++/11/bits/unique_ptr.h:962:30:[m[K [01;31m[Kerror: [m[Kinvalid use of incomplete type ‘[01m[Kclass my_nav2_behavior_tree::NotifyAction[m[K’
[4.311s]   962 |     { return unique_ptr<_Tp>([01;31m[Knew _Tp(std::forward<_Args>(__args)...)[m[K); }
[4.312s]       |                              [01;31m[K^~~~~~~~~~~~~~~~~~~~~~~~~~~~~~~~~~~~~~~[m[K
[4.312s] In file included from [01m[K/home/smr/ros2_self_driving_robot/src/my_nav2_behavior_tree/src/obstacle_warning_action.cpp:19[m[K:
[4.312s] [01m[K/home/smr/ros2_self_driving_robot/src/my_nav2_behavior_tree/include/my_nav2_behavior_tree/obstacle_warning_action.hpp:29:7:[m[K [01;36m[Knote: [m[Kforward declaration of ‘[01m[Kclass my_nav2_behavior_tree::NotifyAction[m[K’
[4.313s]    29 | class [01;36m[KNotifyAction[m[K
[4.313s]       |       [01;36m[K^~~~~~~~~~~~[m[K
[4.481s] In file included from [01m[K/usr/include/c++/11/memory:76[m[K,
[4.481s]                  from [01m[K/home/smr/ros2_self_driving_robot/src/my_nav2_behavior_tree/src/obstacle_warning_action.cpp:16[m[K:
[4.481s] /usr/include/c++/11/bits/unique_ptr.h: In instantiation of ‘[01m[Kvoid std::default_delete<_Tp>::operator()(_Tp*) const [with _Tp = my_nav2_behavior_tree::NotifyAction][m[K’:
[4.481s] [01m[K/usr/include/c++/11/bits/unique_ptr.h:361:17:[m[K   required from ‘[01m[Kstd::unique_ptr<_Tp, _Dp>::~unique_ptr() [with _Tp = my_nav2_behavior_tree::NotifyAction; _Dp = std::default_delete<my_nav2_behavior_tree::NotifyAction>][m[K’
[4.481s] [01m[K/home/smr/ros2_self_driving_robot/src/my_nav2_behavior_tree/src/obstacle_warning_action.cpp:65:67:[m[K   required from here
[4.482s] [01m[K/usr/include/c++/11/bits/unique_ptr.h:83:23:[m[K [01;31m[Kerror: [m[Kinvalid application of ‘[01m[Ksizeof[m[K’ to incomplete type ‘[01m[Kmy_nav2_behavior_tree::NotifyAction[m[K’
[4.482s]    83 |         static_assert([01;31m[Ksizeof(_Tp)[m[K>0,
[4.482s]       |                       [01;31m[K^~~~~~~~~~~[m[K
[5.136s] In file included from [01m[K/usr/include/c++/11/bits/move.h:57[m[K,
[5.136s]                  from [01m[K/usr/include/c++/11/bits/stl_pair.h:59[m[K,
[5.137s]                  from [01m[K/usr/include/c++/11/bits/stl_algobase.h:64[m[K,
[5.137s]                  from [01m[K/usr/include/c++/11/bits/char_traits.h:39[m[K,
[5.138s]                  from [01m[K/usr/include/c++/11/string:40[m[K,
[5.138s]                  from [01m[K/home/smr/ros2_self_driving_robot/src/my_nav2_behavior_tree/src/obstacle_warning_action.cpp:15[m[K:
[5.139s] /usr/include/c++/11/type_traits: In instantiation of ‘[01m[Kstruct std::is_base_of<BT::ActionNodeBase, my_nav2_behavior_tree::NotifyAction>[m[K’:
[5.139s] [01m[K/opt/ros/humble/include/behaviortree_cpp_v3/behavior_tree.h:83:45:[m[K   required from ‘[01m[KBT::NodeType BT::getType() [with T = my_nav2_behavior_tree::NotifyAction][m[K’
[5.139s] [01m[K/opt/ros/humble/include/behaviortree_cpp_v3/bt_factory.h:81:21:[m[K   required from ‘[01m[KBT::TreeNodeManifest BT::CreateManifest(const string&, BT::PortsList) [with T = my_nav2_behavior_tree::NotifyAction; std::string = std::__cxx11::basic_string<char>; BT::PortsList = std::unordered_map<std::__cxx11::basic_string<char>, BT::PortInfo>][m[K’
[5.139s] [01m[K/opt/ros/humble/include/behaviortree_cpp_v3/bt_factory.h:269:38:[m[K   required from ‘[01m[Kvoid BT::BehaviorTreeFactory::registerBuilder(const string&, const NodeBuilder&) [with T = my_nav2_behavior_tree::NotifyAction; std::string = std::__cxx11::basic_string<char>; BT::NodeBuilder = std::function<std::unique_ptr<BT::TreeNode>(const std::__cxx11::basic_string<char>&, const BT::NodeConfiguration&)>][m[K’
[5.139s] [01m[K/home/smr/ros2_self_driving_robot/src/my_nav2_behavior_tree/src/obstacle_warning_action.cpp:68:63:[m[K   required from here
[5.139s] [01m[K/usr/include/c++/11/type_traits:1422:38:[m[K [01;31m[Kerror: [m[Kinvalid use of incomplete type ‘[01m[Kclass my_nav2_behavior_tree::NotifyAction[m[K’
[5.140s]  1422 |     : public integral_constant<bool, [01;31m[K__is_base_of(_Base, _Derived)[m[K>
[5.140s]       |                                      [01;31m[K^~~~~~~~~~~~~~~~~~~~~~~~~~~~~[m[K
[5.140s] In file included from [01m[K/home/smr/ros2_self_driving_robot/src/my_nav2_behavior_tree/src/obstacle_warning_action.cpp:19[m[K:
[5.140s] [01m[K/home/smr/ros2_self_driving_robot/src/my_nav2_behavior_tree/include/my_nav2_behavior_tree/obstacle_warning_action.hpp:29:7:[m[K [01;36m[Knote: [m[Kforward declaration of ‘[01m[Kclass my_nav2_behavior_tree::NotifyAction[m[K’
[5.140s]    29 | class [01;36m[KNotifyAction[m[K
[5.140s]       |       [01;36m[K^~~~~~~~~~~~[m[K
[5.140s] In file included from [01m[K/opt/ros/humble/include/nav2_behavior_tree/bt_conversions.hpp:21[m[K,
[5.140s]                  from [01m[K/opt/ros/humble/include/nav2_behavior_tree/bt_action_node.hpp:25[m[K,
[5.140s]                  from [01m[K/home/smr/ros2_self_driving_robot/src/my_nav2_behavior_tree/include/my_nav2_behavior_tree/obstacle_warning_action.hpp:20[m[K,
[5.140s]                  from [01m[K/home/smr/ros2_self_driving_robot/src/my_nav2_behavior_tree/src/obstacle_warning_action.cpp:19[m[K:
[5.140s] /opt/ros/humble/include/behaviortree_cpp_v3/behavior_tree.h: In instantiation of ‘[01m[KBT::NodeType BT::getType() [with T = my_nav2_behavior_tree::NotifyAction][m[K’:
[5.140s] [01m[K/opt/ros/humble/include/behaviortree_cpp_v3/bt_factory.h:81:21:[m[K   required from ‘[01m[KBT::TreeNodeManifest BT::CreateManifest(const string&, BT::PortsList) [with T = my_nav2_behavior_tree::NotifyAction; std::string = std::__cxx11::basic_string<char>; BT::PortsList = std::unordered_map<std::__cxx11::basic_string<char>, BT::PortInfo>][m[K’
[5.140s] [01m[K/opt/ros/humble/include/behaviortree_cpp_v3/bt_factory.h:269:38:[m[K   required from ‘[01m[Kvoid BT::BehaviorTreeFactory::registerBuilder(const string&, const NodeBuilder&) [with T = my_nav2_behavior_tree::NotifyAction; std::string = std::__cxx11::basic_string<char>; BT::NodeBuilder = std::function<std::unique_ptr<BT::TreeNode>(const std::__cxx11::basic_string<char>&, const BT::NodeConfiguration&)>][m[K’
[5.141s] [01m[K/home/smr/ros2_self_driving_robot/src/my_nav2_behavior_tree/src/obstacle_warning_action.cpp:68:63:[m[K   required from here
[5.141s] [01m[K/opt/ros/humble/include/behaviortree_cpp_v3/behavior_tree.h:83:45:[m[K [01;31m[Kerror: [m[K‘[01m[Kvalue[m[K’ is not a member of ‘[01m[Kstd::is_base_of<BT::ActionNodeBase, my_nav2_behavior_tree::NotifyAction>[m[K’
[5.141s]    83 |     if( std::is_base_of<ActionNodeBase, T>::[01;31m[Kvalue[m[K )        return NodeType::ACTION;
[5.141s]       |                                             [01;31m[K^~~~~[m[K
[5.141s] In file included from [01m[K/usr/include/c++/11/bits/move.h:57[m[K,
[5.141s]                  from [01m[K/usr/include/c++/11/bits/stl_pair.h:59[m[K,
[5.141s]                  from [01m[K/usr/include/c++/11/bits/stl_algobase.h:64[m[K,
[5.141s]                  from [01m[K/usr/include/c++/11/bits/char_traits.h:39[m[K,
[5.141s]                  from [01m[K/usr/include/c++/11/string:40[m[K,
[5.141s]                  from [01m[K/home/smr/ros2_self_driving_robot/src/my_nav2_behavior_tree/src/obstacle_warning_action.cpp:15[m[K:
[5.141s] /usr/include/c++/11/type_traits: In instantiation of ‘[01m[Kstruct std::is_base_of<BT::ConditionNode, my_nav2_behavior_tree::NotifyAction>[m[K’:
[5.141s] [01m[K/opt/ros/humble/include/behaviortree_cpp_v3/behavior_tree.h:84:44:[m[K   required from ‘[01m[KBT::NodeType BT::getType() [with T = my_nav2_behavior_tree::NotifyAction][m[K’
[5.141s] [01m[K/opt/ros/humble/include/behaviortree_cpp_v3/bt_factory.h:81:21:[m[K   required from ‘[01m[KBT::TreeNodeManifest BT::CreateManifest(const string&, BT::PortsList) [with T = my_nav2_behavior_tree::NotifyAction; std::string = std::__cxx11::basic_string<char>; BT::PortsList = std::unordered_map<std::__cxx11::basic_string<char>, BT::PortInfo>][m[K’
[5.142s] [01m[K/opt/ros/humble/include/behaviortree_cpp_v3/bt_factory.h:269:38:[m[K   required from ‘[01m[Kvoid BT::BehaviorTreeFactory::registerBuilder(const string&, const NodeBuilder&) [with T = my_nav2_behavior_tree::NotifyAction; std::string = std::__cxx11::basic_string<char>; BT::NodeBuilder = std::function<std::unique_ptr<BT::TreeNode>(const std::__cxx11::basic_string<char>&, const BT::NodeConfiguration&)>][m[K’
[5.142s] [01m[K/home/smr/ros2_self_driving_robot/src/my_nav2_behavior_tree/src/obstacle_warning_action.cpp:68:63:[m[K   required from here
[5.142s] [01m[K/usr/include/c++/11/type_traits:1422:38:[m[K [01;31m[Kerror: [m[Kinvalid use of incomplete type ‘[01m[Kclass my_nav2_behavior_tree::NotifyAction[m[K’
[5.142s]  1422 |     : public integral_constant<bool, [01;31m[K__is_base_of(_Base, _Derived)[m[K>
[5.142s]       |                                      [01;31m[K^~~~~~~~~~~~~~~~~~~~~~~~~~~~~[m[K
[5.142s] In file included from [01m[K/home/smr/ros2_self_driving_robot/src/my_nav2_behavior_tree/src/obstacle_warning_action.cpp:19[m[K:
[5.142s] [01m[K/home/smr/ros2_self_driving_robot/src/my_nav2_behavior_tree/include/my_nav2_behavior_tree/obstacle_warning_action.hpp:29:7:[m[K [01;36m[Knote: [m[Kforward declaration of ‘[01m[Kclass my_nav2_behavior_tree::NotifyAction[m[K’
[5.142s]    29 | class [01;36m[KNotifyAction[m[K
[5.142s]       |       [01;36m[K^~~~~~~~~~~~[m[K
[5.142s] In file included from [01m[K/opt/ros/humble/include/nav2_behavior_tree/bt_conversions.hpp:21[m[K,
[5.142s]                  from [01m[K/opt/ros/humble/include/nav2_behavior_tree/bt_action_node.hpp:25[m[K,
[5.142s]                  from [01m[K/home/smr/ros2_self_driving_robot/src/my_nav2_behavior_tree/include/my_nav2_behavior_tree/obstacle_warning_action.hpp:20[m[K,
[5.143s]                  from [01m[K/home/smr/ros2_self_driving_robot/src/my_nav2_behavior_tree/src/obstacle_warning_action.cpp:19[m[K:
[5.143s] /opt/ros/humble/include/behaviortree_cpp_v3/behavior_tree.h: In instantiation of ‘[01m[KBT::NodeType BT::getType() [with T = my_nav2_behavior_tree::NotifyAction][m[K’:
[5.143s] [01m[K/opt/ros/humble/include/behaviortree_cpp_v3/bt_factory.h:81:21:[m[K   required from ‘[01m[KBT::TreeNodeManifest BT::CreateManifest(const string&, BT::PortsList) [with T = my_nav2_behavior_tree::NotifyAction; std::string = std::__cxx11::basic_string<char>; BT::PortsList = std::unordered_map<std::__cxx11::basic_string<char>, BT::PortInfo>][m[K’
[5.143s] [01m[K/opt/ros/humble/include/behaviortree_cpp_v3/bt_factory.h:269:38:[m[K   required from ‘[01m[Kvoid BT::BehaviorTreeFactory::registerBuilder(const string&, const NodeBuilder&) [with T = my_nav2_behavior_tree::NotifyAction; std::string = std::__cxx11::basic_string<char>; BT::NodeBuilder = std::function<std::unique_ptr<BT::TreeNode>(const std::__cxx11::basic_string<char>&, const BT::NodeConfiguration&)>][m[K’
[5.143s] [01m[K/home/smr/ros2_self_driving_robot/src/my_nav2_behavior_tree/src/obstacle_warning_action.cpp:68:63:[m[K   required from here
[5.143s] [01m[K/opt/ros/humble/include/behaviortree_cpp_v3/behavior_tree.h:84:44:[m[K [01;31m[Kerror: [m[K‘[01m[Kvalue[m[K’ is not a member of ‘[01m[Kstd::is_base_of<BT::ConditionNode, my_nav2_behavior_tree::NotifyAction>[m[K’
[5.143s]    84 |     if( std::is_base_of<ConditionNode, T>::[01;31m[Kvalue[m[K )         return NodeType::CONDITION;
[5.143s]       |                                            [01;31m[K^~~~~[m[K
[5.143s] In file included from [01m[K/usr/include/c++/11/bits/move.h:57[m[K,
[5.143s]                  from [01m[K/usr/include/c++/11/bits/stl_pair.h:59[m[K,
[5.143s]                  from [01m[K/usr/include/c++/11/bits/stl_algobase.h:64[m[K,
[5.143s]                  from [01m[K/usr/include/c++/11/bits/char_traits.h:39[m[K,
[5.143s]                  from [01m[K/usr/include/c++/11/string:40[m[K,
[5.144s]                  from [01m[K/home/smr/ros2_self_driving_robot/src/my_nav2_behavior_tree/src/obstacle_warning_action.cpp:15[m[K:
[5.144s] /usr/include/c++/11/type_traits: In instantiation of ‘[01m[Kstruct std::is_base_of<BT::SubtreeNode, my_nav2_behavior_tree::NotifyAction>[m[K’:
[5.144s] [01m[K/opt/ros/humble/include/behaviortree_cpp_v3/behavior_tree.h:85:42:[m[K   required from ‘[01m[KBT::NodeType BT::getType() [with T = my_nav2_behavior_tree::NotifyAction][m[K’
[5.144s] [01m[K/opt/ros/humble/include/behaviortree_cpp_v3/bt_factory.h:81:21:[m[K   required from ‘[01m[KBT::TreeNodeManifest BT::CreateManifest(const string&, BT::PortsList) [with T = my_nav2_behavior_tree::NotifyAction; std::string = std::__cxx11::basic_string<char>; BT::PortsList = std::unordered_map<std::__cxx11::basic_string<char>, BT::PortInfo>][m[K’
[5.144s] [01m[K/opt/ros/humble/include/behaviortree_cpp_v3/bt_factory.h:269:38:[m[K   required from ‘[01m[Kvoid BT::BehaviorTreeFactory::registerBuilder(const string&, const NodeBuilder&) [with T = my_nav2_behavior_tree::NotifyAction; std::string = std::__cxx11::basic_string<char>; BT::NodeBuilder = std::function<std::unique_ptr<BT::TreeNode>(const std::__cxx11::basic_string<char>&, const BT::NodeConfiguration&)>][m[K’
[5.144s] [01m[K/home/smr/ros2_self_driving_robot/src/my_nav2_behavior_tree/src/obstacle_warning_action.cpp:68:63:[m[K   required from here
[5.144s] [01m[K/usr/include/c++/11/type_traits:1422:38:[m[K [01;31m[Kerror: [m[Kinvalid use of incomplete type ‘[01m[Kclass my_nav2_behavior_tree::NotifyAction[m[K’
[5.144s]  1422 |     : public integral_constant<bool, [01;31m[K__is_base_of(_Base, _Derived)[m[K>
[5.144s]       |                                      [01;31m[K^~~~~~~~~~~~~~~~~~~~~~~~~~~~~[m[K
[5.144s] In file included from [01m[K/home/smr/ros2_self_driving_robot/src/my_nav2_behavior_tree/src/obstacle_warning_action.cpp:19[m[K:
[5.144s] [01m[K/home/smr/ros2_self_driving_robot/src/my_nav2_behavior_tree/include/my_nav2_behavior_tree/obstacle_warning_action.hpp:29:7:[m[K [01;36m[Knote: [m[Kforward declaration of ‘[01m[Kclass my_nav2_behavior_tree::NotifyAction[m[K’
[5.144s]    29 | class [01;36m[KNotifyAction[m[K
[5.144s]       |       [01;36m[K^~~~~~~~~~~~[m[K
[5.145s] In file included from [01m[K/opt/ros/humble/include/nav2_behavior_tree/bt_conversions.hpp:21[m[K,
[5.145s]                  from [01m[K/opt/ros/humble/include/nav2_behavior_tree/bt_action_node.hpp:25[m[K,
[5.145s]                  from [01m[K/home/smr/ros2_self_driving_robot/src/my_nav2_behavior_tree/include/my_nav2_behavior_tree/obstacle_warning_action.hpp:20[m[K,
[5.145s]                  from [01m[K/home/smr/ros2_self_driving_robot/src/my_nav2_behavior_tree/src/obstacle_warning_action.cpp:19[m[K:
[5.145s] /opt/ros/humble/include/behaviortree_cpp_v3/behavior_tree.h: In instantiation of ‘[01m[KBT::NodeType BT::getType() [with T = my_nav2_behavior_tree::NotifyAction][m[K’:
[5.145s] [01m[K/opt/ros/humble/include/behaviortree_cpp_v3/bt_factory.h:81:21:[m[K   required from ‘[01m[KBT::TreeNodeManifest BT::CreateManifest(const string&, BT::PortsList) [with T = my_nav2_behavior_tree::NotifyAction; std::string = std::__cxx11::basic_string<char>; BT::PortsList = std::unordered_map<std::__cxx11::basic_string<char>, BT::PortInfo>][m[K’
[5.145s] [01m[K/opt/ros/humble/include/behaviortree_cpp_v3/bt_factory.h:269:38:[m[K   required from ‘[01m[Kvoid BT::BehaviorTreeFactory::registerBuilder(const string&, const NodeBuilder&) [with T = my_nav2_behavior_tree::NotifyAction; std::string = std::__cxx11::basic_string<char>; BT::NodeBuilder = std::function<std::unique_ptr<BT::TreeNode>(const std::__cxx11::basic_string<char>&, const BT::NodeConfiguration&)>][m[K’
[5.145s] [01m[K/home/smr/ros2_self_driving_robot/src/my_nav2_behavior_tree/src/obstacle_warning_action.cpp:68:63:[m[K   required from here
[5.145s] [01m[K/opt/ros/humble/include/behaviortree_cpp_v3/behavior_tree.h:85:42:[m[K [01;31m[Kerror: [m[K‘[01m[Kvalue[m[K’ is not a member of ‘[01m[Kstd::is_base_of<BT::SubtreeNode, my_nav2_behavior_tree::NotifyAction>[m[K’
[5.145s]    85 |     if( std::is_base_of<SubtreeNode, T>::[01;31m[Kvalue[m[K )           return NodeType::SUBTREE;
[5.145s]       |                                          [01;31m[K^~~~~[m[K
[5.145s] In file included from [01m[K/usr/include/c++/11/bits/move.h:57[m[K,
[5.146s]                  from [01m[K/usr/include/c++/11/bits/stl_pair.h:59[m[K,
[5.146s]                  from [01m[K/usr/include/c++/11/bits/stl_algobase.h:64[m[K,
[5.146s]                  from [01m[K/usr/include/c++/11/bits/char_traits.h:39[m[K,
[5.146s]                  from [01m[K/usr/include/c++/11/string:40[m[K,
[5.146s]                  from [01m[K/home/smr/ros2_self_driving_robot/src/my_nav2_behavior_tree/src/obstacle_warning_action.cpp:15[m[K:
[5.146s] /usr/include/c++/11/type_traits: In instantiation of ‘[01m[Kstruct std::is_base_of<BT::SubtreePlusNode, my_nav2_behavior_tree::NotifyAction>[m[K’:
[5.146s] [01m[K/opt/ros/humble/include/behaviortree_cpp_v3/behavior_tree.h:86:46:[m[K   required from ‘[01m[KBT::NodeType BT::getType() [with T = my_nav2_behavior_tree::NotifyAction][m[K’
[5.146s] [01m[K/opt/ros/humble/include/behaviortree_cpp_v3/bt_factory.h:81:21:[m[K   required from ‘[01m[KBT::TreeNodeManifest BT::CreateManifest(const string&, BT::PortsList) [with T = my_nav2_behavior_tree::NotifyAction; std::string = std::__cxx11::basic_string<char>; BT::PortsList = std::unordered_map<std::__cxx11::basic_string<char>, BT::PortInfo>][m[K’
[5.146s] [01m[K/opt/ros/humble/include/behaviortree_cpp_v3/bt_factory.h:269:38:[m[K   required from ‘[01m[Kvoid BT::BehaviorTreeFactory::registerBuilder(const string&, const NodeBuilder&) [with T = my_nav2_behavior_tree::NotifyAction; std::string = std::__cxx11::basic_string<char>; BT::NodeBuilder = std::function<std::unique_ptr<BT::TreeNode>(const std::__cxx11::basic_string<char>&, const BT::NodeConfiguration&)>][m[K’
[5.146s] [01m[K/home/smr/ros2_self_driving_robot/src/my_nav2_behavior_tree/src/obstacle_warning_action.cpp:68:63:[m[K   required from here
[5.146s] [01m[K/usr/include/c++/11/type_traits:1422:38:[m[K [01;31m[Kerror: [m[Kinvalid use of incomplete type ‘[01m[Kclass my_nav2_behavior_tree::NotifyAction[m[K’
[5.146s]  1422 |     : public integral_constant<bool, [01;31m[K__is_base_of(_Base, _Derived)[m[K>
[5.146s]       |                                      [01;31m[K^~~~~~~~~~~~~~~~~~~~~~~~~~~~~[m[K
[5.147s] In file included from [01m[K/home/smr/ros2_self_driving_robot/src/my_nav2_behavior_tree/src/obstacle_warning_action.cpp:19[m[K:
[5.147s] [01m[K/home/smr/ros2_self_driving_robot/src/my_nav2_behavior_tree/include/my_nav2_behavior_tree/obstacle_warning_action.hpp:29:7:[m[K [01;36m[Knote: [m[Kforward declaration of ‘[01m[Kclass my_nav2_behavior_tree::NotifyAction[m[K’
[5.147s]    29 | class [01;36m[KNotifyAction[m[K
[5.147s]       |       [01;36m[K^~~~~~~~~~~~[m[K
[5.147s] In file included from [01m[K/opt/ros/humble/include/nav2_behavior_tree/bt_conversions.hpp:21[m[K,
[5.147s]                  from [01m[K/opt/ros/humble/include/nav2_behavior_tree/bt_action_node.hpp:25[m[K,
[5.147s]                  from [01m[K/home/smr/ros2_self_driving_robot/src/my_nav2_behavior_tree/include/my_nav2_behavior_tree/obstacle_warning_action.hpp:20[m[K,
[5.147s]                  from [01m[K/home/smr/ros2_self_driving_robot/src/my_nav2_behavior_tree/src/obstacle_warning_action.cpp:19[m[K:
[5.147s] /opt/ros/humble/include/behaviortree_cpp_v3/behavior_tree.h: In instantiation of ‘[01m[KBT::NodeType BT::getType() [with T = my_nav2_behavior_tree::NotifyAction][m[K’:
[5.147s] [01m[K/opt/ros/humble/include/behaviortree_cpp_v3/bt_factory.h:81:21:[m[K   required from ‘[01m[KBT::TreeNodeManifest BT::CreateManifest(const string&, BT::PortsList) [with T = my_nav2_behavior_tree::NotifyAction; std::string = std::__cxx11::basic_string<char>; BT::PortsList = std::unordered_map<std::__cxx11::basic_string<char>, BT::PortInfo>][m[K’
[5.147s] [01m[K/opt/ros/humble/include/behaviortree_cpp_v3/bt_factory.h:269:38:[m[K   required from ‘[01m[Kvoid BT::BehaviorTreeFactory::registerBuilder(const string&, const NodeBuilder&) [with T = my_nav2_behavior_tree::NotifyAction; std::string = std::__cxx11::basic_string<char>; BT::NodeBuilder = std::function<std::unique_ptr<BT::TreeNode>(const std::__cxx11::basic_string<char>&, const BT::NodeConfiguration&)>][m[K’
[5.147s] [01m[K/home/smr/ros2_self_driving_robot/src/my_nav2_behavior_tree/src/obstacle_warning_action.cpp:68:63:[m[K   required from here
[5.147s] [01m[K/opt/ros/humble/include/behaviortree_cpp_v3/behavior_tree.h:86:46:[m[K [01;31m[Kerror: [m[K‘[01m[Kvalue[m[K’ is not a member of ‘[01m[Kstd::is_base_of<BT::SubtreePlusNode, my_nav2_behavior_tree::NotifyAction>[m[K’
[5.148s]    86 |     if( std::is_base_of<SubtreePlusNode, T>::[01;31m[Kvalue[m[K )       return NodeType::SUBTREE;
[5.148s]       |                                              [01;31m[K^~~~~[m[K
[5.148s] In file included from [01m[K/usr/include/c++/11/bits/move.h:57[m[K,
[5.148s]                  from [01m[K/usr/include/c++/11/bits/stl_pair.h:59[m[K,
[5.148s]                  from [01m[K/usr/include/c++/11/bits/stl_algobase.h:64[m[K,
[5.148s]                  from [01m[K/usr/include/c++/11/bits/char_traits.h:39[m[K,
[5.148s]                  from [01m[K/usr/include/c++/11/string:40[m[K,
[5.148s]                  from [01m[K/home/smr/ros2_self_driving_robot/src/my_nav2_behavior_tree/src/obstacle_warning_action.cpp:15[m[K:
[5.148s] /usr/include/c++/11/type_traits: In instantiation of ‘[01m[Kstruct std::is_base_of<BT::DecoratorNode, my_nav2_behavior_tree::NotifyAction>[m[K’:
[5.148s] [01m[K/opt/ros/humble/include/behaviortree_cpp_v3/behavior_tree.h:87:44:[m[K   required from ‘[01m[KBT::NodeType BT::getType() [with T = my_nav2_behavior_tree::NotifyAction][m[K’
[5.148s] [01m[K/opt/ros/humble/include/behaviortree_cpp_v3/bt_factory.h:81:21:[m[K   required from ‘[01m[KBT::TreeNodeManifest BT::CreateManifest(const string&, BT::PortsList) [with T = my_nav2_behavior_tree::NotifyAction; std::string = std::__cxx11::basic_string<char>; BT::PortsList = std::unordered_map<std::__cxx11::basic_string<char>, BT::PortInfo>][m[K’
[5.148s] [01m[K/opt/ros/humble/include/behaviortree_cpp_v3/bt_factory.h:269:38:[m[K   required from ‘[01m[Kvoid BT::BehaviorTreeFactory::registerBuilder(const string&, const NodeBuilder&) [with T = my_nav2_behavior_tree::NotifyAction; std::string = std::__cxx11::basic_string<char>; BT::NodeBuilder = std::function<std::unique_ptr<BT::TreeNode>(const std::__cxx11::basic_string<char>&, const BT::NodeConfiguration&)>][m[K’
[5.148s] [01m[K/home/smr/ros2_self_driving_robot/src/my_nav2_behavior_tree/src/obstacle_warning_action.cpp:68:63:[m[K   required from here
[5.149s] [01m[K/usr/include/c++/11/type_traits:1422:38:[m[K [01;31m[Kerror: [m[Kinvalid use of incomplete type ‘[01m[Kclass my_nav2_behavior_tree::NotifyAction[m[K’
[5.149s]  1422 |     : public integral_constant<bool, [01;31m[K__is_base_of(_Base, _Derived)[m[K>
[5.149s]       |                                      [01;31m[K^~~~~~~~~~~~~~~~~~~~~~~~~~~~~[m[K
[5.149s] In file included from [01m[K/home/smr/ros2_self_driving_robot/src/my_nav2_behavior_tree/src/obstacle_warning_action.cpp:19[m[K:
[5.149s] [01m[K/home/smr/ros2_self_driving_robot/src/my_nav2_behavior_tree/include/my_nav2_behavior_tree/obstacle_warning_action.hpp:29:7:[m[K [01;36m[Knote: [m[Kforward declaration of ‘[01m[Kclass my_nav2_behavior_tree::NotifyAction[m[K’
[5.149s]    29 | class [01;36m[KNotifyAction[m[K
[5.149s]       |       [01;36m[K^~~~~~~~~~~~[m[K
[5.149s] In file included from [01m[K/opt/ros/humble/include/nav2_behavior_tree/bt_conversions.hpp:21[m[K,
[5.149s]                  from [01m[K/opt/ros/humble/include/nav2_behavior_tree/bt_action_node.hpp:25[m[K,
[5.149s]                  from [01m[K/home/smr/ros2_self_driving_robot/src/my_nav2_behavior_tree/include/my_nav2_behavior_tree/obstacle_warning_action.hpp:20[m[K,
[5.149s]                  from [01m[K/home/smr/ros2_self_driving_robot/src/my_nav2_behavior_tree/src/obstacle_warning_action.cpp:19[m[K:
[5.149s] /opt/ros/humble/include/behaviortree_cpp_v3/behavior_tree.h: In instantiation of ‘[01m[KBT::NodeType BT::getType() [with T = my_nav2_behavior_tree::NotifyAction][m[K’:
[5.149s] [01m[K/opt/ros/humble/include/behaviortree_cpp_v3/bt_factory.h:81:21:[m[K   required from ‘[01m[KBT::TreeNodeManifest BT::CreateManifest(const string&, BT::PortsList) [with T = my_nav2_behavior_tree::NotifyAction; std::string = std::__cxx11::basic_string<char>; BT::PortsList = std::unordered_map<std::__cxx11::basic_string<char>, BT::PortInfo>][m[K’
[5.150s] [01m[K/opt/ros/humble/include/behaviortree_cpp_v3/bt_factory.h:269:38:[m[K   required from ‘[01m[Kvoid BT::BehaviorTreeFactory::registerBuilder(const string&, const NodeBuilder&) [with T = my_nav2_behavior_tree::NotifyAction; std::string = std::__cxx11::basic_string<char>; BT::NodeBuilder = std::function<std::unique_ptr<BT::TreeNode>(const std::__cxx11::basic_string<char>&, const BT::NodeConfiguration&)>][m[K’
[5.150s] [01m[K/home/smr/ros2_self_driving_robot/src/my_nav2_behavior_tree/src/obstacle_warning_action.cpp:68:63:[m[K   required from here
[5.150s] [01m[K/opt/ros/humble/include/behaviortree_cpp_v3/behavior_tree.h:87:44:[m[K [01;31m[Kerror: [m[K‘[01m[Kvalue[m[K’ is not a member of ‘[01m[Kstd::is_base_of<BT::DecoratorNode, my_nav2_behavior_tree::NotifyAction>[m[K’
[5.150s]    87 |     if( std::is_base_of<DecoratorNode, T>::[01;31m[Kvalue[m[K )         return NodeType::DECORATOR;
[5.150s]       |                                            [01;31m[K^~~~~[m[K
[5.150s] In file included from [01m[K/usr/include/c++/11/bits/move.h:57[m[K,
[5.150s]                  from [01m[K/usr/include/c++/11/bits/stl_pair.h:59[m[K,
[5.150s]                  from [01m[K/usr/include/c++/11/bits/stl_algobase.h:64[m[K,
[5.150s]                  from [01m[K/usr/include/c++/11/bits/char_traits.h:39[m[K,
[5.150s]                  from [01m[K/usr/include/c++/11/string:40[m[K,
[5.150s]                  from [01m[K/home/smr/ros2_self_driving_robot/src/my_nav2_behavior_tree/src/obstacle_warning_action.cpp:15[m[K:
[5.150s] /usr/include/c++/11/type_traits: In instantiation of ‘[01m[Kstruct std::is_base_of<BT::ControlNode, my_nav2_behavior_tree::NotifyAction>[m[K’:
[5.151s] [01m[K/opt/ros/humble/include/behaviortree_cpp_v3/behavior_tree.h:88:42:[m[K   required from ‘[01m[KBT::NodeType BT::getType() [with T = my_nav2_behavior_tree::NotifyAction][m[K’
[5.151s] [01m[K/opt/ros/humble/include/behaviortree_cpp_v3/bt_factory.h:81:21:[m[K   required from ‘[01m[KBT::TreeNodeManifest BT::CreateManifest(const string&, BT::PortsList) [with T = my_nav2_behavior_tree::NotifyAction; std::string = std::__cxx11::basic_string<char>; BT::PortsList = std::unordered_map<std::__cxx11::basic_string<char>, BT::PortInfo>][m[K’
[5.151s] [01m[K/opt/ros/humble/include/behaviortree_cpp_v3/bt_factory.h:269:38:[m[K   required from ‘[01m[Kvoid BT::BehaviorTreeFactory::registerBuilder(const string&, const NodeBuilder&) [with T = my_nav2_behavior_tree::NotifyAction; std::string = std::__cxx11::basic_string<char>; BT::NodeBuilder = std::function<std::unique_ptr<BT::TreeNode>(const std::__cxx11::basic_string<char>&, const BT::NodeConfiguration&)>][m[K’
[5.151s] [01m[K/home/smr/ros2_self_driving_robot/src/my_nav2_behavior_tree/src/obstacle_warning_action.cpp:68:63:[m[K   required from here
[5.151s] [01m[K/usr/include/c++/11/type_traits:1422:38:[m[K [01;31m[Kerror: [m[Kinvalid use of incomplete type ‘[01m[Kclass my_nav2_behavior_tree::NotifyAction[m[K’
[5.151s]  1422 |     : public integral_constant<bool, [01;31m[K__is_base_of(_Base, _Derived)[m[K>
[5.151s]       |                                      [01;31m[K^~~~~~~~~~~~~~~~~~~~~~~~~~~~~[m[K
[5.151s] In file included from [01m[K/home/smr/ros2_self_driving_robot/src/my_nav2_behavior_tree/src/obstacle_warning_action.cpp:19[m[K:
[5.151s] [01m[K/home/smr/ros2_self_driving_robot/src/my_nav2_behavior_tree/include/my_nav2_behavior_tree/obstacle_warning_action.hpp:29:7:[m[K [01;36m[Knote: [m[Kforward declaration of ‘[01m[Kclass my_nav2_behavior_tree::NotifyAction[m[K’
[5.151s]    29 | class [01;36m[KNotifyAction[m[K
[5.151s]       |       [01;36m[K^~~~~~~~~~~~[m[K
[5.151s] In file included from [01m[K/opt/ros/humble/include/nav2_behavior_tree/bt_conversions.hpp:21[m[K,
[5.151s]                  from [01m[K/opt/ros/humble/include/nav2_behavior_tree/bt_action_node.hpp:25[m[K,
[5.152s]                  from [01m[K/home/smr/ros2_self_driving_robot/src/my_nav2_behavior_tree/include/my_nav2_behavior_tree/obstacle_warning_action.hpp:20[m[K,
[5.152s]                  from [01m[K/home/smr/ros2_self_driving_robot/src/my_nav2_behavior_tree/src/obstacle_warning_action.cpp:19[m[K:
[5.152s] /opt/ros/humble/include/behaviortree_cpp_v3/behavior_tree.h: In instantiation of ‘[01m[KBT::NodeType BT::getType() [with T = my_nav2_behavior_tree::NotifyAction][m[K’:
[5.152s] [01m[K/opt/ros/humble/include/behaviortree_cpp_v3/bt_factory.h:81:21:[m[K   required from ‘[01m[KBT::TreeNodeManifest BT::CreateManifest(const string&, BT::PortsList) [with T = my_nav2_behavior_tree::NotifyAction; std::string = std::__cxx11::basic_string<char>; BT::PortsList = std::unordered_map<std::__cxx11::basic_string<char>, BT::PortInfo>][m[K’
[5.152s] [01m[K/opt/ros/humble/include/behaviortree_cpp_v3/bt_factory.h:269:38:[m[K   required from ‘[01m[Kvoid BT::BehaviorTreeFactory::registerBuilder(const string&, const NodeBuilder&) [with T = my_nav2_behavior_tree::NotifyAction; std::string = std::__cxx11::basic_string<char>; BT::NodeBuilder = std::function<std::unique_ptr<BT::TreeNode>(const std::__cxx11::basic_string<char>&, const BT::NodeConfiguration&)>][m[K’
[5.152s] [01m[K/home/smr/ros2_self_driving_robot/src/my_nav2_behavior_tree/src/obstacle_warning_action.cpp:68:63:[m[K   required from here
[5.152s] [01m[K/opt/ros/humble/include/behaviortree_cpp_v3/behavior_tree.h:88:42:[m[K [01;31m[Kerror: [m[K‘[01m[Kvalue[m[K’ is not a member of ‘[01m[Kstd::is_base_of<BT::ControlNode, my_nav2_behavior_tree::NotifyAction>[m[K’
[5.152s]    88 |     if( std::is_base_of<ControlNode, T>::[01;31m[Kvalue[m[K )           return NodeType::CONTROL;
[5.152s]       |                                          [01;31m[K^~~~~[m[K
[5.606s] gmake[2]: *** [CMakeFiles/nav2_obstacle_warning_action_bt_node.dir/build.make:76: CMakeFiles/nav2_obstacle_warning_action_bt_node.dir/src/obstacle_warning_action.cpp.o] Error 1
[5.606s] gmake[1]: *** [CMakeFiles/Makefile2:137: CMakeFiles/nav2_obstacle_warning_action_bt_node.dir/all] Error 2
[5.607s] gmake: *** [Makefile:146: all] Error 2
[5.610s] Invoked command in '/home/smr/ros2_self_driving_robot/build/my_nav2_behavior_tree' returned '2': CMAKE_PREFIX_PATH=/home/smr/ros2_self_driving_robot/install/nav2_behavior_plugin:/home/smr/ros2_self_driving_robot/install/sllidar_ros2:/home/smr/ros2_self_driving_robot/install/robot_navigation:/home/smr/ros2_self_driving_robot/install/robot_description:/home/smr/ros2_self_driving_robot/install/robot_bringup:/home/smr/ros2_self_driving_robot/install/nav2_behavior_tree:/home/smr/ros2_self_driving_robot/install/micro_ros_setup:/home/smr/ros2_self_driving_robot/install/micro_ros_agent:/home/smr/ros2_self_driving_robot/install/micro_ros_msgs:/opt/ros/humble:/home/smr/ros2_self_driving_robot/install/python_pkg LD_LIBRARY_PATH=/home/smr/ros2_self_driving_robot/install/nav2_behavior_plugin/lib:/home/smr/ros2_self_driving_robot/install/nav2_behavior_tree/lib:/home/smr/ros2_self_driving_robot/install/micro_ros_agent/lib:/home/smr/ros2_self_driving_robot/install/micro_ros_msgs/lib:/opt/ros/humble/opt/rviz_ogre_vendor/lib:/opt/ros/humble/lib/aarch64-linux-gnu:/opt/ros/humble/lib /usr/bin/cmake --build /home/smr/ros2_self_driving_robot/build/my_nav2_behavior_tree -- -j8 -l8
