[0.027s] Invoking command in '/home/smr/ros2_self_driving_robot/build/robot_description': CMAKE_PREFIX_PATH=${CMAKE_PREFIX_PATH}:/opt/ros/humble /usr/bin/cmake /home/smr/ros2_self_driving_robot/src/robot_description -DCMAKE_INSTALL_PREFIX=/home/smr/ros2_self_driving_robot/install/robot_description
[0.303s] -- The C compiler identification is GNU 11.4.0
[0.539s] -- The CXX compiler identification is GNU 11.4.0
[0.553s] -- Detecting C compiler ABI info
[0.740s] -- Detecting C compiler ABI info - done
[0.755s] -- Check for working C compiler: /usr/bin/cc - skipped
[0.756s] -- Detecting C compile features
[0.756s] -- Detecting C compile features - done
[0.761s] -- Detecting CXX compiler ABI info
[0.932s] -- Detecting CXX compiler ABI info - done
[0.943s] -- Check for working CXX compiler: /usr/bin/c++ - skipped
[0.943s] -- Detecting CXX compile features
[0.944s] -- Detecting CXX compile features - done
[0.967s] -- Found ament_cmake: 1.3.8 (/opt/ros/humble/share/ament_cmake/cmake)
[1.280s] -- Found Python3: /usr/bin/python3 (found version "3.10.12") found components: Interpreter 
[1.469s] -- Found urdf: 2.6.0 (/opt/ros/humble/share/urdf/cmake)
[1.551s] -- Found TinyXML2 via Config file: /usr/local/lib/cmake/tinyxml2
[1.569s] -- Found ament_lint_auto: 0.12.10 (/opt/ros/humble/share/ament_lint_auto/cmake)
[1.731s] -- Added test 'cppcheck' to perform static code analysis on C / C++ code
[1.731s] -- Configured cppcheck include dirs: 
[1.732s] -- Configured cppcheck exclude dirs and/or files: 
[1.733s] -- Added test 'flake8' to check Python code syntax and style conventions
[1.736s] -- Added test 'lint_cmake' to check CMake code style
[1.738s] -- Added test 'pep257' to check Python code against some of the docstring style conventions in PEP 257
[1.750s] -- Added test 'uncrustify' to check C / C++ code style
[1.751s] -- Configured uncrustify additional arguments: 
[1.752s] -- Added test 'xmllint' to check XML markup files
[1.756s] -- Configuring done
[1.764s] -- Generating done
[1.773s] -- Build files have been written to: /home/smr/ros2_self_driving_robot/build/robot_description
[1.780s] Invoked command in '/home/smr/ros2_self_driving_robot/build/robot_description' returned '0': CMAKE_PREFIX_PATH=${CMAKE_PREFIX_PATH}:/opt/ros/humble /usr/bin/cmake /home/smr/ros2_self_driving_robot/src/robot_description -DCMAKE_INSTALL_PREFIX=/home/smr/ros2_self_driving_robot/install/robot_description
[1.783s] Invoking command in '/home/smr/ros2_self_driving_robot/build/robot_description': CMAKE_PREFIX_PATH=${CMAKE_PREFIX_PATH}:/opt/ros/humble /usr/bin/cmake --build /home/smr/ros2_self_driving_robot/build/robot_description -- -j8 -l8
[1.883s] Invoked command in '/home/smr/ros2_self_driving_robot/build/robot_description' returned '0': CMAKE_PREFIX_PATH=${CMAKE_PREFIX_PATH}:/opt/ros/humble /usr/bin/cmake --build /home/smr/ros2_self_driving_robot/build/robot_description -- -j8 -l8
[1.952s] Invoking command in '/home/smr/ros2_self_driving_robot/build/robot_description': CMAKE_PREFIX_PATH=${CMAKE_PREFIX_PATH}:/opt/ros/humble /usr/bin/cmake --install /home/smr/ros2_self_driving_robot/build/robot_description
[1.976s] -- Install configuration: ""
[1.977s] -- Up-to-date: /home/smr/ros2_self_driving_robot/install/robot_description/share/robot_description/launch
[1.977s] -- Up-to-date: /home/smr/ros2_self_driving_robot/install/robot_description/share/robot_description/urdf
[1.977s] -- Up-to-date: /home/smr/ros2_self_driving_robot/install/robot_description/share/robot_description/rviz
[1.979s] -- Installing: /home/smr/ros2_self_driving_robot/install/robot_description/share/robot_description/package.dsv
[1.985s] Invoked command in '/home/smr/ros2_self_driving_robot/build/robot_description' returned '0': CMAKE_PREFIX_PATH=${CMAKE_PREFIX_PATH}:/opt/ros/humble /usr/bin/cmake --install /home/smr/ros2_self_driving_robot/build/robot_description
