[0.008s] Invoking command in '/home/p_rawicht/bb_ws/build/robot_description': CMAKE_PREFIX_PATH=${CMAKE_PREFIX_PATH}:/opt/ros/humble /usr/bin/cmake --build /home/p_rawicht/bb_ws/build/robot_description -- -j20 -l20
[0.023s] -- Found ament_cmake: 1.3.8 (/opt/ros/humble/share/ament_cmake/cmake)
[0.111s] -- Found urdf: 2.6.0 (/opt/ros/humble/share/urdf/cmake)
[0.288s] -- Found TinyXML2 via Config file: /usr/local/lib/cmake/tinyxml2
[0.292s] -- Found ament_lint_auto: 0.12.10 (/opt/ros/humble/share/ament_lint_auto/cmake)
[0.345s] -- Added test 'cppcheck' to perform static code analysis on C / C++ code
[0.345s] -- Configured cppcheck include dirs: 
[0.345s] -- Configured cppcheck exclude dirs and/or files: 
[0.346s] -- Added test 'flake8' to check Python code syntax and style conventions
[0.347s] -- Added test 'lint_cmake' to check CMake code style
[0.347s] -- Added test 'pep257' to check Python code against some of the docstring style conventions in PEP 257
[0.351s] -- Added test 'uncrustify' to check C / C++ code style
[0.351s] -- Configured uncrustify additional arguments: 
[0.352s] -- Added test 'xmllint' to check XML markup files
[0.353s] -- Configuring done
[0.356s] -- Generating done
[0.357s] -- Build files have been written to: /home/p_rawicht/bb_ws/build/robot_description
[0.371s] Invoked command in '/home/p_rawicht/bb_ws/build/robot_description' returned '0': CMAKE_PREFIX_PATH=${CMAKE_PREFIX_PATH}:/opt/ros/humble /usr/bin/cmake --build /home/p_rawicht/bb_ws/build/robot_description -- -j20 -l20
[0.383s] Invoking command in '/home/p_rawicht/bb_ws/build/robot_description': CMAKE_PREFIX_PATH=${CMAKE_PREFIX_PATH}:/opt/ros/humble /usr/bin/cmake --install /home/p_rawicht/bb_ws/build/robot_description
[0.386s] -- Install configuration: ""
[0.386s] -- Up-to-date: /home/p_rawicht/bb_ws/install/robot_description/share/robot_description/launch
[0.386s] -- Installing: /home/p_rawicht/bb_ws/install/robot_description/share/robot_description/launch/display.launch.py
[0.386s] -- Up-to-date: /home/p_rawicht/bb_ws/install/robot_description/share/robot_description/urdf
[0.387s] -- Installing: /home/p_rawicht/bb_ws/install/robot_description/share/robot_description/urdf/bb_bot.urdf.xacro
[0.387s] -- Up-to-date: /home/p_rawicht/bb_ws/install/robot_description/share/robot_description/rviz
[0.387s] -- Installing: /home/p_rawicht/bb_ws/install/robot_description/share/robot_description/rviz/display.rviz
[0.387s] -- Installing: /home/p_rawicht/bb_ws/install/robot_description/share/ament_index/resource_index/package_run_dependencies/robot_description
[0.387s] -- Installing: /home/p_rawicht/bb_ws/install/robot_description/share/ament_index/resource_index/parent_prefix_path/robot_description
[0.387s] -- Up-to-date: /home/p_rawicht/bb_ws/install/robot_description/share/robot_description/environment/ament_prefix_path.sh
[0.387s] -- Installing: /home/p_rawicht/bb_ws/install/robot_description/share/robot_description/environment/ament_prefix_path.dsv
[0.387s] -- Up-to-date: /home/p_rawicht/bb_ws/install/robot_description/share/robot_description/environment/path.sh
[0.387s] -- Installing: /home/p_rawicht/bb_ws/install/robot_description/share/robot_description/environment/path.dsv
[0.387s] -- Up-to-date: /home/p_rawicht/bb_ws/install/robot_description/share/robot_description/local_setup.bash
[0.387s] -- Up-to-date: /home/p_rawicht/bb_ws/install/robot_description/share/robot_description/local_setup.sh
[0.387s] -- Up-to-date: /home/p_rawicht/bb_ws/install/robot_description/share/robot_description/local_setup.zsh
[0.388s] -- Installing: /home/p_rawicht/bb_ws/install/robot_description/share/robot_description/local_setup.dsv
[0.388s] -- Installing: /home/p_rawicht/bb_ws/install/robot_description/share/robot_description/package.dsv
[0.388s] -- Up-to-date: /home/p_rawicht/bb_ws/install/robot_description/share/ament_index/resource_index/packages/robot_description
[0.388s] -- Up-to-date: /home/p_rawicht/bb_ws/install/robot_description/share/robot_description/cmake/robot_descriptionConfig.cmake
[0.388s] -- Up-to-date: /home/p_rawicht/bb_ws/install/robot_description/share/robot_description/cmake/robot_descriptionConfig-version.cmake
[0.388s] -- Installing: /home/p_rawicht/bb_ws/install/robot_description/share/robot_description/package.xml
[0.389s] Invoked command in '/home/p_rawicht/bb_ws/build/robot_description' returned '0': CMAKE_PREFIX_PATH=${CMAKE_PREFIX_PATH}:/opt/ros/humble /usr/bin/cmake --install /home/p_rawicht/bb_ws/build/robot_description
