[0.513s] Invoking command in '/home/smr/ros2_self_driving_robot/build/robot_description': CMAKE_PREFIX_PATH=${CMAKE_PREFIX_PATH}:/home/smr/ros2_self_driving_robot/install/python_pkg /usr/bin/cmake /home/smr/ros2_self_driving_robot/src/robot_description -DCMAKE_INSTALL_PREFIX=/home/smr/ros2_self_driving_robot/install/robot_description
[0.612s] -- The C compiler identification is GNU 11.4.0
[0.796s] -- The CXX compiler identification is GNU 11.4.0
[0.917s] -- Detecting C compiler ABI info
[1.248s] -- Detecting C compiler ABI info - done
[1.292s] -- Check for working C compiler: /usr/bin/cc - skipped
[1.293s] -- Detecting C compile features
[1.296s] -- Detecting C compile features - done
[1.309s] -- Detecting CXX compiler ABI info
[1.600s] -- Detecting CXX compiler ABI info - done
[1.605s] -- Check for working CXX compiler: /usr/bin/c++ - skipped
[1.606s] -- Detecting CXX compile features
[1.609s] -- Detecting CXX compile features - done
[1.614s] -- Found ament_cmake: 1.3.8 (/opt/ros/humble/share/ament_cmake/cmake)
[1.951s] -- Found Python3: /usr/bin/python3 (found version "3.10.12") found components: Interpreter 
[2.287s] -- Found urdf: 2.6.0 (/opt/ros/humble/share/urdf/cmake)
[2.424s] -- Found TinyXML2 via Config file: /usr/local/lib/cmake/tinyxml2
[2.439s] -- Found ament_lint_auto: 0.12.10 (/opt/ros/humble/share/ament_lint_auto/cmake)
[2.652s] -- Added test 'cppcheck' to perform static code analysis on C / C++ code
[2.653s] -- Configured cppcheck include dirs: 
[2.653s] -- Configured cppcheck exclude dirs and/or files: 
[2.654s] -- Added test 'flake8' to check Python code syntax and style conventions
[2.658s] -- Added test 'lint_cmake' to check CMake code style
[2.660s] -- Added test 'pep257' to check Python code against some of the docstring style conventions in PEP 257
[2.671s] -- Added test 'uncrustify' to check C / C++ code style
[2.671s] -- Configured uncrustify additional arguments: 
[2.673s] -- Added test 'xmllint' to check XML markup files
[2.676s] -- Configuring done
[2.679s] -- Generating done
[2.681s] -- Build files have been written to: /home/smr/ros2_self_driving_robot/build/robot_description
[2.717s] Invoked command in '/home/smr/ros2_self_driving_robot/build/robot_description' returned '0': CMAKE_PREFIX_PATH=${CMAKE_PREFIX_PATH}:/home/smr/ros2_self_driving_robot/install/python_pkg /usr/bin/cmake /home/smr/ros2_self_driving_robot/src/robot_description -DCMAKE_INSTALL_PREFIX=/home/smr/ros2_self_driving_robot/install/robot_description
[2.720s] Invoking command in '/home/smr/ros2_self_driving_robot/build/robot_description': CMAKE_PREFIX_PATH=${CMAKE_PREFIX_PATH}:/home/smr/ros2_self_driving_robot/install/python_pkg /usr/bin/cmake --build /home/smr/ros2_self_driving_robot/build/robot_description -- -j8 -l8
[2.817s] Invoked command in '/home/smr/ros2_self_driving_robot/build/robot_description' returned '0': CMAKE_PREFIX_PATH=${CMAKE_PREFIX_PATH}:/home/smr/ros2_self_driving_robot/install/python_pkg /usr/bin/cmake --build /home/smr/ros2_self_driving_robot/build/robot_description -- -j8 -l8
[2.924s] Invoking command in '/home/smr/ros2_self_driving_robot/build/robot_description': CMAKE_PREFIX_PATH=${CMAKE_PREFIX_PATH}:/home/smr/ros2_self_driving_robot/install/python_pkg /usr/bin/cmake --install /home/smr/ros2_self_driving_robot/build/robot_description
[2.936s] -- Install configuration: ""
[2.936s] -- Installing: /home/smr/ros2_self_driving_robot/install/robot_description/share/robot_description/launch
[2.936s] -- Installing: /home/smr/ros2_self_driving_robot/install/robot_description/share/robot_description/launch/display.launch.py
[2.939s] -- Installing: /home/smr/ros2_self_driving_robot/install/robot_description/share/robot_description/urdf
[2.939s] -- Installing: /home/smr/ros2_self_driving_robot/install/robot_description/share/robot_description/urdf/bb_bot.urdf.xacro
[2.939s] -- Installing: /home/smr/ros2_self_driving_robot/install/robot_description/share/robot_description/rviz
[2.940s] -- Installing: /home/smr/ros2_self_driving_robot/install/robot_description/share/robot_description/rviz/display.rviz
[2.941s] -- Installing: /home/smr/ros2_self_driving_robot/install/robot_description/share/ament_index/resource_index/package_run_dependencies/robot_description
[2.941s] -- Installing: /home/smr/ros2_self_driving_robot/install/robot_description/share/ament_index/resource_index/parent_prefix_path/robot_description
[2.941s] -- Installing: /home/smr/ros2_self_driving_robot/install/robot_description/share/robot_description/environment/ament_prefix_path.sh
[2.941s] -- Installing: /home/smr/ros2_self_driving_robot/install/robot_description/share/robot_description/environment/ament_prefix_path.dsv
[2.941s] -- Installing: /home/smr/ros2_self_driving_robot/install/robot_description/share/robot_description/environment/path.sh
[2.941s] -- Installing: /home/smr/ros2_self_driving_robot/install/robot_description/share/robot_description/environment/path.dsv
[2.941s] -- Installing: /home/smr/ros2_self_driving_robot/install/robot_description/share/robot_description/local_setup.bash
[2.942s] -- Installing: /home/smr/ros2_self_driving_robot/install/robot_description/share/robot_description/local_setup.sh
[2.942s] -- Installing: /home/smr/ros2_self_driving_robot/install/robot_description/share/robot_description/local_setup.zsh
[2.942s] -- Installing: /home/smr/ros2_self_driving_robot/install/robot_description/share/robot_description/local_setup.dsv
[2.942s] -- Installing: /home/smr/ros2_self_driving_robot/install/robot_description/share/robot_description/package.dsv
[2.942s] -- Installing: /home/smr/ros2_self_driving_robot/install/robot_description/share/ament_index/resource_index/packages/robot_description
[2.942s] -- Installing: /home/smr/ros2_self_driving_robot/install/robot_description/share/robot_description/cmake/robot_descriptionConfig.cmake
[2.942s] -- Installing: /home/smr/ros2_self_driving_robot/install/robot_description/share/robot_description/cmake/robot_descriptionConfig-version.cmake
[2.942s] -- Installing: /home/smr/ros2_self_driving_robot/install/robot_description/share/robot_description/package.xml
[2.950s] Invoked command in '/home/smr/ros2_self_driving_robot/build/robot_description' returned '0': CMAKE_PREFIX_PATH=${CMAKE_PREFIX_PATH}:/home/smr/ros2_self_driving_robot/install/python_pkg /usr/bin/cmake --install /home/smr/ros2_self_driving_robot/build/robot_description
