[0.024s] Invoking command in '/home/smr/ros2_self_driving_robot/build/robot_bringup': AMENT_PREFIX_PATH=/home/smr/ros2_self_driving_robot/install/micro_ros_agent:/home/smr/ros2_self_driving_robot/install/micro_ros_msgs:${AMENT_PREFIX_PATH} CMAKE_PREFIX_PATH=/home/smr/ros2_self_driving_robot/install/micro_ros_agent:/home/smr/ros2_self_driving_robot/install/micro_ros_msgs:/opt/ros/humble LD_LIBRARY_PATH=/home/smr/ros2_self_driving_robot/install/micro_ros_agent/lib:/home/smr/ros2_self_driving_robot/install/micro_ros_msgs/lib:${LD_LIBRARY_PATH} PYTHONPATH=/home/smr/ros2_self_driving_robot/install/micro_ros_msgs/local/lib/python3.10/dist-packages:${PYTHONPATH} /usr/bin/cmake --build /home/smr/ros2_self_driving_robot/build/robot_bringup -- -j8 -l8
[0.168s] Invoked command in '/home/smr/ros2_self_driving_robot/build/robot_bringup' returned '0': AMENT_PREFIX_PATH=/home/smr/ros2_self_driving_robot/install/micro_ros_agent:/home/smr/ros2_self_driving_robot/install/micro_ros_msgs:${AMENT_PREFIX_PATH} CMAKE_PREFIX_PATH=/home/smr/ros2_self_driving_robot/install/micro_ros_agent:/home/smr/ros2_self_driving_robot/install/micro_ros_msgs:/opt/ros/humble LD_LIBRARY_PATH=/home/smr/ros2_self_driving_robot/install/micro_ros_agent/lib:/home/smr/ros2_self_driving_robot/install/micro_ros_msgs/lib:${LD_LIBRARY_PATH} PYTHONPATH=/home/smr/ros2_self_driving_robot/install/micro_ros_msgs/local/lib/python3.10/dist-packages:${PYTHONPATH} /usr/bin/cmake --build /home/smr/ros2_self_driving_robot/build/robot_bringup -- -j8 -l8
[0.233s] Invoking command in '/home/smr/ros2_self_driving_robot/build/robot_bringup': AMENT_PREFIX_PATH=/home/smr/ros2_self_driving_robot/install/micro_ros_agent:/home/smr/ros2_self_driving_robot/install/micro_ros_msgs:${AMENT_PREFIX_PATH} CMAKE_PREFIX_PATH=/home/smr/ros2_self_driving_robot/install/micro_ros_agent:/home/smr/ros2_self_driving_robot/install/micro_ros_msgs:/opt/ros/humble LD_LIBRARY_PATH=/home/smr/ros2_self_driving_robot/install/micro_ros_agent/lib:/home/smr/ros2_self_driving_robot/install/micro_ros_msgs/lib:${LD_LIBRARY_PATH} PYTHONPATH=/home/smr/ros2_self_driving_robot/install/micro_ros_msgs/local/lib/python3.10/dist-packages:${PYTHONPATH} /usr/bin/cmake --install /home/smr/ros2_self_driving_robot/build/robot_bringup
[0.263s] -- Install configuration: ""
[0.264s] -- Up-to-date: /home/smr/ros2_self_driving_robot/install/robot_bringup/share/robot_bringup/launch
[0.264s] -- Up-to-date: /home/smr/ros2_self_driving_robot/install/robot_bringup/share/robot_bringup/launch/bringup.launch.py
[0.265s] -- Up-to-date: /home/smr/ros2_self_driving_robot/install/robot_bringup/share/robot_bringup/launch/micro_ros.launch.py
[0.281s] -- Up-to-date: /home/smr/ros2_self_driving_robot/install/robot_bringup/share/robot_bringup/config
[0.281s] -- Up-to-date: /home/smr/ros2_self_driving_robot/install/robot_bringup/share/robot_bringup/config/ekf.yaml
[0.282s] -- Up-to-date: /home/smr/ros2_self_driving_robot/install/robot_bringup/share/ament_index/resource_index/package_run_dependencies/robot_bringup
[0.283s] -- Up-to-date: /home/smr/ros2_self_driving_robot/install/robot_bringup/share/ament_index/resource_index/parent_prefix_path/robot_bringup
[0.284s] -- Up-to-date: /home/smr/ros2_self_driving_robot/install/robot_bringup/share/robot_bringup/environment/ament_prefix_path.sh
[0.286s] -- Up-to-date: /home/smr/ros2_self_driving_robot/install/robot_bringup/share/robot_bringup/environment/ament_prefix_path.dsv
[0.286s] -- Up-to-date: /home/smr/ros2_self_driving_robot/install/robot_bringup/share/robot_bringup/environment/path.sh
[0.287s] -- Up-to-date: /home/smr/ros2_self_driving_robot/install/robot_bringup/share/robot_bringup/environment/path.dsv
[0.288s] -- Up-to-date: /home/smr/ros2_self_driving_robot/install/robot_bringup/share/robot_bringup/local_setup.bash
[0.289s] -- Up-to-date: /home/smr/ros2_self_driving_robot/install/robot_bringup/share/robot_bringup/local_setup.sh
[0.290s] -- Up-to-date: /home/smr/ros2_self_driving_robot/install/robot_bringup/share/robot_bringup/local_setup.zsh
[0.291s] -- Up-to-date: /home/smr/ros2_self_driving_robot/install/robot_bringup/share/robot_bringup/local_setup.dsv
[0.291s] -- Installing: /home/smr/ros2_self_driving_robot/install/robot_bringup/share/robot_bringup/package.dsv
[0.292s] -- Up-to-date: /home/smr/ros2_self_driving_robot/install/robot_bringup/share/ament_index/resource_index/packages/robot_bringup
[0.293s] -- Up-to-date: /home/smr/ros2_self_driving_robot/install/robot_bringup/share/robot_bringup/cmake/robot_bringupConfig.cmake
[0.294s] -- Up-to-date: /home/smr/ros2_self_driving_robot/install/robot_bringup/share/robot_bringup/cmake/robot_bringupConfig-version.cmake
[0.295s] -- Up-to-date: /home/smr/ros2_self_driving_robot/install/robot_bringup/share/robot_bringup/package.xml
[0.296s] Invoked command in '/home/smr/ros2_self_driving_robot/build/robot_bringup' returned '0': AMENT_PREFIX_PATH=/home/smr/ros2_self_driving_robot/install/micro_ros_agent:/home/smr/ros2_self_driving_robot/install/micro_ros_msgs:${AMENT_PREFIX_PATH} CMAKE_PREFIX_PATH=/home/smr/ros2_self_driving_robot/install/micro_ros_agent:/home/smr/ros2_self_driving_robot/install/micro_ros_msgs:/opt/ros/humble LD_LIBRARY_PATH=/home/smr/ros2_self_driving_robot/install/micro_ros_agent/lib:/home/smr/ros2_self_driving_robot/install/micro_ros_msgs/lib:${LD_LIBRARY_PATH} PYTHONPATH=/home/smr/ros2_self_driving_robot/install/micro_ros_msgs/local/lib/python3.10/dist-packages:${PYTHONPATH} /usr/bin/cmake --install /home/smr/ros2_self_driving_robot/build/robot_bringup
