[  3%] [34m[1mGenerating C code for ROS interfaces[0m
[  3%] Built target ament_cmake_python_copy_nav2_behavior_plugin
[  6%] [34m[1mGenerating C++ code for ROS interfaces[0m
[  6%] Built target nav2_behavior_plugin__cpp
running egg_info
creating nav2_behavior_plugin.egg-info
writing nav2_behavior_plugin.egg-info/PKG-INFO
writing dependency_links to nav2_behavior_plugin.egg-info/dependency_links.txt
writing top-level names to nav2_behavior_plugin.egg-info/top_level.txt
writing manifest file 'nav2_behavior_plugin.egg-info/SOURCES.txt'
[  9%] [32mBuilding C object CMakeFiles/nav2_behavior_plugin__rosidl_generator_c.dir/rosidl_generator_c/nav2_behavior_plugin/action/detail/obstacle_warning__functions.c.o[0m
reading manifest file 'nav2_behavior_plugin.egg-info/SOURCES.txt'
writing manifest file 'nav2_behavior_plugin.egg-info/SOURCES.txt'
[ 12%] [34m[1mGenerating C++ type support dispatch for ROS interfaces[0m
[ 15%] [34m[1mGenerating C++ type support for eProsima Fast-RTPS[0m
[ 18%] [34m[1mGenerating C++ introspection for ROS interfaces[0m
[ 18%] Built target ament_cmake_python_build_nav2_behavior_plugin_egg
[ 21%] [32m[1mLinking C shared library libnav2_behavior_plugin__rosidl_generator_c.so[0m
[ 21%] Built target nav2_behavior_plugin__rosidl_generator_c
[ 24%] [34m[1mGenerating C type support dispatch for ROS interfaces[0m
[ 30%] [34m[1mGenerating C introspection for ROS interfaces[0m
[ 30%] [34m[1mGenerating C type support for eProsima Fast-RTPS[0m
[ 33%] [32mBuilding CXX object CMakeFiles/nav2_behavior_plugin__rosidl_typesupport_cpp.dir/rosidl_typesupport_cpp/nav2_behavior_plugin/action/obstacle_warning__type_support.cpp.o[0m
[ 36%] [32mBuilding CXX object CMakeFiles/nav2_behavior_plugin__rosidl_typesupport_introspection_cpp.dir/rosidl_typesupport_introspection_cpp/nav2_behavior_plugin/action/detail/obstacle_warning__type_support.cpp.o[0m
[ 39%] [32mBuilding CXX object CMakeFiles/nav2_behavior_plugin__rosidl_typesupport_fastrtps_cpp.dir/rosidl_typesupport_fastrtps_cpp/nav2_behavior_plugin/action/detail/dds_fastrtps/obstacle_warning__type_support.cpp.o[0m
[ 42%] [32mBuilding C object CMakeFiles/nav2_behavior_plugin__rosidl_typesupport_introspection_c.dir/rosidl_typesupport_introspection_c/nav2_behavior_plugin/action/detail/obstacle_warning__type_support.c.o[0m
[ 45%] [32m[1mLinking CXX shared library libnav2_behavior_plugin__rosidl_typesupport_cpp.so[0m
[ 48%] [32m[1mLinking C shared library libnav2_behavior_plugin__rosidl_typesupport_introspection_c.so[0m
[ 48%] Built target nav2_behavior_plugin__rosidl_typesupport_cpp
[ 48%] Built target nav2_behavior_plugin__rosidl_typesupport_introspection_c
[ 51%] [32mBuilding CXX object CMakeFiles/nav2_behavior_plugin__rosidl_typesupport_c.dir/rosidl_typesupport_c/nav2_behavior_plugin/action/obstacle_warning__type_support.cpp.o[0m
[ 54%] [32mBuilding CXX object CMakeFiles/nav2_behavior_plugin_.dir/src/obstacle_warning.cpp.o[0m
[ 57%] [32m[1mLinking CXX shared library libnav2_behavior_plugin__rosidl_typesupport_fastrtps_cpp.so[0m
[ 60%] [32m[1mLinking CXX shared library libnav2_behavior_plugin__rosidl_typesupport_introspection_cpp.so[0m
[ 60%] Built target nav2_behavior_plugin__rosidl_typesupport_fastrtps_cpp
[ 60%] Built target nav2_behavior_plugin__rosidl_typesupport_introspection_cpp
[ 63%] [32m[1mLinking CXX shared library libnav2_behavior_plugin__rosidl_typesupport_c.so[0m
[ 63%] Built target nav2_behavior_plugin__rosidl_typesupport_c
[ 66%] [32mBuilding CXX object CMakeFiles/nav2_behavior_plugin__rosidl_typesupport_fastrtps_c.dir/rosidl_typesupport_fastrtps_c/nav2_behavior_plugin/action/detail/obstacle_warning__type_support_c.cpp.o[0m
[ 69%] [32m[1mLinking CXX shared library libnav2_behavior_plugin__rosidl_typesupport_fastrtps_c.so[0m
[ 69%] Built target nav2_behavior_plugin__rosidl_typesupport_fastrtps_c
[ 69%] Built target nav2_behavior_plugin
[ 72%] [34m[1mGenerating Python code for ROS interfaces[0m
[ 72%] Built target nav2_behavior_plugin__py
[ 75%] [32mBuilding C object CMakeFiles/nav2_behavior_plugin__rosidl_generator_py.dir/rosidl_generator_py/nav2_behavior_plugin/action/_obstacle_warning_s.c.o[0m
[ 78%] [32m[1mLinking C shared library rosidl_generator_py/nav2_behavior_plugin/libnav2_behavior_plugin__rosidl_generator_py.so[0m
[ 78%] Built target nav2_behavior_plugin__rosidl_generator_py
[ 81%] [32mBuilding C object CMakeFiles/nav2_behavior_plugin__rosidl_typesupport_introspection_c__pyext.dir/rosidl_generator_py/nav2_behavior_plugin/_nav2_behavior_plugin_s.ep.rosidl_typesupport_introspection_c.c.o[0m
[ 84%] [32mBuilding C object CMakeFiles/nav2_behavior_plugin__rosidl_typesupport_fastrtps_c__pyext.dir/rosidl_generator_py/nav2_behavior_plugin/_nav2_behavior_plugin_s.ep.rosidl_typesupport_fastrtps_c.c.o[0m
[ 87%] [32mBuilding C object CMakeFiles/nav2_behavior_plugin__rosidl_typesupport_c__pyext.dir/rosidl_generator_py/nav2_behavior_plugin/_nav2_behavior_plugin_s.ep.rosidl_typesupport_c.c.o[0m
[ 90%] [32m[1mLinking C shared library rosidl_generator_py/nav2_behavior_plugin/nav2_behavior_plugin_s__rosidl_typesupport_introspection_c.cpython-310-aarch64-linux-gnu.so[0m
[ 93%] [32m[1mLinking C shared library rosidl_generator_py/nav2_behavior_plugin/nav2_behavior_plugin_s__rosidl_typesupport_c.cpython-310-aarch64-linux-gnu.so[0m
[ 96%] [32m[1mLinking C shared library rosidl_generator_py/nav2_behavior_plugin/nav2_behavior_plugin_s__rosidl_typesupport_fastrtps_c.cpython-310-aarch64-linux-gnu.so[0m
[ 96%] Built target nav2_behavior_plugin__rosidl_typesupport_c__pyext
[ 96%] Built target nav2_behavior_plugin__rosidl_typesupport_introspection_c__pyext
[ 96%] Built target nav2_behavior_plugin__rosidl_typesupport_fastrtps_c__pyext
[100%] [32m[1mLinking CXX shared library libnav2_behavior_plugin_.so[0m
[100%] Built target nav2_behavior_plugin_
-- Install configuration: ""
-- Installing: /home/smr/ros2_self_driving_robot/install/nav2_behavior_plugin/share/ament_index/resource_index/rosidl_interfaces/nav2_behavior_plugin
-- Installing: /home/smr/ros2_self_driving_robot/install/nav2_behavior_plugin/include/nav2_behavior_plugin/nav2_behavior_plugin
-- Installing: /home/smr/ros2_self_driving_robot/install/nav2_behavior_plugin/include/nav2_behavior_plugin/nav2_behavior_plugin/msg
-- Installing: /home/smr/ros2_self_driving_robot/install/nav2_behavior_plugin/include/nav2_behavior_plugin/nav2_behavior_plugin/msg/rosidl_generator_c__visibility_control.h
-- Installing: /home/smr/ros2_self_driving_robot/install/nav2_behavior_plugin/include/nav2_behavior_plugin/nav2_behavior_plugin/action
-- Installing: /home/smr/ros2_self_driving_robot/install/nav2_behavior_plugin/include/nav2_behavior_plugin/nav2_behavior_plugin/action/obstacle_warning.h
-- Installing: /home/smr/ros2_self_driving_robot/install/nav2_behavior_plugin/include/nav2_behavior_plugin/nav2_behavior_plugin/action/detail
-- Installing: /home/smr/ros2_self_driving_robot/install/nav2_behavior_plugin/include/nav2_behavior_plugin/nav2_behavior_plugin/action/detail/obstacle_warning__struct.h
-- Installing: /home/smr/ros2_self_driving_robot/install/nav2_behavior_plugin/include/nav2_behavior_plugin/nav2_behavior_plugin/action/detail/obstacle_warning__functions.c
-- Installing: /home/smr/ros2_self_driving_robot/install/nav2_behavior_plugin/include/nav2_behavior_plugin/nav2_behavior_plugin/action/detail/obstacle_warning__functions.h
-- Installing: /home/smr/ros2_self_driving_robot/install/nav2_behavior_plugin/include/nav2_behavior_plugin/nav2_behavior_plugin/action/detail/obstacle_warning__type_support.h
-- Installing: /home/smr/ros2_self_driving_robot/install/nav2_behavior_plugin/share/nav2_behavior_plugin/environment/library_path.sh
-- Installing: /home/smr/ros2_self_driving_robot/install/nav2_behavior_plugin/share/nav2_behavior_plugin/environment/library_path.dsv
-- Installing: /home/smr/ros2_self_driving_robot/install/nav2_behavior_plugin/lib/libnav2_behavior_plugin__rosidl_generator_c.so
-- Set runtime path of "/home/smr/ros2_self_driving_robot/install/nav2_behavior_plugin/lib/libnav2_behavior_plugin__rosidl_generator_c.so" to ""
-- Up-to-date: /home/smr/ros2_self_driving_robot/install/nav2_behavior_plugin/include/nav2_behavior_plugin/nav2_behavior_plugin
-- Up-to-date: /home/smr/ros2_self_driving_robot/install/nav2_behavior_plugin/include/nav2_behavior_plugin/nav2_behavior_plugin/msg
-- Installing: /home/smr/ros2_self_driving_robot/install/nav2_behavior_plugin/include/nav2_behavior_plugin/nav2_behavior_plugin/msg/rosidl_typesupport_fastrtps_c__visibility_control.h
-- Up-to-date: /home/smr/ros2_self_driving_robot/install/nav2_behavior_plugin/include/nav2_behavior_plugin/nav2_behavior_plugin/action
-- Up-to-date: /home/smr/ros2_self_driving_robot/install/nav2_behavior_plugin/include/nav2_behavior_plugin/nav2_behavior_plugin/action/detail
-- Installing: /home/smr/ros2_self_driving_robot/install/nav2_behavior_plugin/include/nav2_behavior_plugin/nav2_behavior_plugin/action/detail/obstacle_warning__rosidl_typesupport_fastrtps_c.h
-- Installing: /home/smr/ros2_self_driving_robot/install/nav2_behavior_plugin/lib/libnav2_behavior_plugin__rosidl_typesupport_fastrtps_c.so
-- Set runtime path of "/home/smr/ros2_self_driving_robot/install/nav2_behavior_plugin/lib/libnav2_behavior_plugin__rosidl_typesupport_fastrtps_c.so" to ""
-- Up-to-date: /home/smr/ros2_self_driving_robot/install/nav2_behavior_plugin/include/nav2_behavior_plugin/nav2_behavior_plugin
-- Up-to-date: /home/smr/ros2_self_driving_robot/install/nav2_behavior_plugin/include/nav2_behavior_plugin/nav2_behavior_plugin/action
-- Installing: /home/smr/ros2_self_driving_robot/install/nav2_behavior_plugin/include/nav2_behavior_plugin/nav2_behavior_plugin/action/obstacle_warning.hpp
-- Up-to-date: /home/smr/ros2_self_driving_robot/install/nav2_behavior_plugin/include/nav2_behavior_plugin/nav2_behavior_plugin/action/detail
-- Installing: /home/smr/ros2_self_driving_robot/install/nav2_behavior_plugin/include/nav2_behavior_plugin/nav2_behavior_plugin/action/detail/obstacle_warning__builder.hpp
-- Installing: /home/smr/ros2_self_driving_robot/install/nav2_behavior_plugin/include/nav2_behavior_plugin/nav2_behavior_plugin/action/detail/obstacle_warning__traits.hpp
-- Installing: /home/smr/ros2_self_driving_robot/install/nav2_behavior_plugin/include/nav2_behavior_plugin/nav2_behavior_plugin/action/detail/obstacle_warning__struct.hpp
-- Up-to-date: /home/smr/ros2_self_driving_robot/install/nav2_behavior_plugin/include/nav2_behavior_plugin/nav2_behavior_plugin
-- Up-to-date: /home/smr/ros2_self_driving_robot/install/nav2_behavior_plugin/include/nav2_behavior_plugin/nav2_behavior_plugin/msg
-- Installing: /home/smr/ros2_self_driving_robot/install/nav2_behavior_plugin/include/nav2_behavior_plugin/nav2_behavior_plugin/msg/rosidl_typesupport_fastrtps_cpp__visibility_control.h
-- Up-to-date: /home/smr/ros2_self_driving_robot/install/nav2_behavior_plugin/include/nav2_behavior_plugin/nav2_behavior_plugin/action
-- Up-to-date: /home/smr/ros2_self_driving_robot/install/nav2_behavior_plugin/include/nav2_behavior_plugin/nav2_behavior_plugin/action/detail
-- Installing: /home/smr/ros2_self_driving_robot/install/nav2_behavior_plugin/include/nav2_behavior_plugin/nav2_behavior_plugin/action/detail/obstacle_warning__rosidl_typesupport_fastrtps_cpp.hpp
-- Installing: /home/smr/ros2_self_driving_robot/install/nav2_behavior_plugin/include/nav2_behavior_plugin/nav2_behavior_plugin/action/detail/dds_fastrtps
-- Installing: /home/smr/ros2_self_driving_robot/install/nav2_behavior_plugin/lib/libnav2_behavior_plugin__rosidl_typesupport_fastrtps_cpp.so
-- Set runtime path of "/home/smr/ros2_self_driving_robot/install/nav2_behavior_plugin/lib/libnav2_behavior_plugin__rosidl_typesupport_fastrtps_cpp.so" to ""
-- Up-to-date: /home/smr/ros2_self_driving_robot/install/nav2_behavior_plugin/include/nav2_behavior_plugin/nav2_behavior_plugin
-- Up-to-date: /home/smr/ros2_self_driving_robot/install/nav2_behavior_plugin/include/nav2_behavior_plugin/nav2_behavior_plugin/msg
-- Installing: /home/smr/ros2_self_driving_robot/install/nav2_behavior_plugin/include/nav2_behavior_plugin/nav2_behavior_plugin/msg/rosidl_typesupport_introspection_c__visibility_control.h
-- Up-to-date: /home/smr/ros2_self_driving_robot/install/nav2_behavior_plugin/include/nav2_behavior_plugin/nav2_behavior_plugin/action
-- Up-to-date: /home/smr/ros2_self_driving_robot/install/nav2_behavior_plugin/include/nav2_behavior_plugin/nav2_behavior_plugin/action/detail
-- Installing: /home/smr/ros2_self_driving_robot/install/nav2_behavior_plugin/include/nav2_behavior_plugin/nav2_behavior_plugin/action/detail/obstacle_warning__type_support.c
-- Installing: /home/smr/ros2_self_driving_robot/install/nav2_behavior_plugin/include/nav2_behavior_plugin/nav2_behavior_plugin/action/detail/obstacle_warning__rosidl_typesupport_introspection_c.h
-- Installing: /home/smr/ros2_self_driving_robot/install/nav2_behavior_plugin/lib/libnav2_behavior_plugin__rosidl_typesupport_introspection_c.so
-- Set runtime path of "/home/smr/ros2_self_driving_robot/install/nav2_behavior_plugin/lib/libnav2_behavior_plugin__rosidl_typesupport_introspection_c.so" to ""
-- Installing: /home/smr/ros2_self_driving_robot/install/nav2_behavior_plugin/lib/libnav2_behavior_plugin__rosidl_typesupport_c.so
-- Set runtime path of "/home/smr/ros2_self_driving_robot/install/nav2_behavior_plugin/lib/libnav2_behavior_plugin__rosidl_typesupport_c.so" to ""
-- Up-to-date: /home/smr/ros2_self_driving_robot/install/nav2_behavior_plugin/include/nav2_behavior_plugin/nav2_behavior_plugin
-- Up-to-date: /home/smr/ros2_self_driving_robot/install/nav2_behavior_plugin/include/nav2_behavior_plugin/nav2_behavior_plugin/action
-- Up-to-date: /home/smr/ros2_self_driving_robot/install/nav2_behavior_plugin/include/nav2_behavior_plugin/nav2_behavior_plugin/action/detail
-- Installing: /home/smr/ros2_self_driving_robot/install/nav2_behavior_plugin/include/nav2_behavior_plugin/nav2_behavior_plugin/action/detail/obstacle_warning__rosidl_typesupport_introspection_cpp.hpp
-- Installing: /home/smr/ros2_self_driving_robot/install/nav2_behavior_plugin/include/nav2_behavior_plugin/nav2_behavior_plugin/action/detail/obstacle_warning__type_support.cpp
-- Installing: /home/smr/ros2_self_driving_robot/install/nav2_behavior_plugin/lib/libnav2_behavior_plugin__rosidl_typesupport_introspection_cpp.so
-- Set runtime path of "/home/smr/ros2_self_driving_robot/install/nav2_behavior_plugin/lib/libnav2_behavior_plugin__rosidl_typesupport_introspection_cpp.so" to ""
-- Installing: /home/smr/ros2_self_driving_robot/install/nav2_behavior_plugin/lib/libnav2_behavior_plugin__rosidl_typesupport_cpp.so
-- Set runtime path of "/home/smr/ros2_self_driving_robot/install/nav2_behavior_plugin/lib/libnav2_behavior_plugin__rosidl_typesupport_cpp.so" to ""
-- Installing: /home/smr/ros2_self_driving_robot/install/nav2_behavior_plugin/share/nav2_behavior_plugin/environment/pythonpath.sh
-- Installing: /home/smr/ros2_self_driving_robot/install/nav2_behavior_plugin/share/nav2_behavior_plugin/environment/pythonpath.dsv
-- Installing: /home/smr/ros2_self_driving_robot/install/nav2_behavior_plugin/local/lib/python3.10/dist-packages/nav2_behavior_plugin-0.0.0-py3.10.egg-info
-- Installing: /home/smr/ros2_self_driving_robot/install/nav2_behavior_plugin/local/lib/python3.10/dist-packages/nav2_behavior_plugin-0.0.0-py3.10.egg-info/SOURCES.txt
-- Installing: /home/smr/ros2_self_driving_robot/install/nav2_behavior_plugin/local/lib/python3.10/dist-packages/nav2_behavior_plugin-0.0.0-py3.10.egg-info/PKG-INFO
-- Installing: /home/smr/ros2_self_driving_robot/install/nav2_behavior_plugin/local/lib/python3.10/dist-packages/nav2_behavior_plugin-0.0.0-py3.10.egg-info/top_level.txt
-- Installing: /home/smr/ros2_self_driving_robot/install/nav2_behavior_plugin/local/lib/python3.10/dist-packages/nav2_behavior_plugin-0.0.0-py3.10.egg-info/dependency_links.txt
-- Installing: /home/smr/ros2_self_driving_robot/install/nav2_behavior_plugin/local/lib/python3.10/dist-packages/nav2_behavior_plugin
-- Installing: /home/smr/ros2_self_driving_robot/install/nav2_behavior_plugin/local/lib/python3.10/dist-packages/nav2_behavior_plugin/nav2_behavior_plugin_s__rosidl_typesupport_introspection_c.cpython-310-aarch64-linux-gnu.so
-- Installing: /home/smr/ros2_self_driving_robot/install/nav2_behavior_plugin/local/lib/python3.10/dist-packages/nav2_behavior_plugin/nav2_behavior_plugin_s__rosidl_typesupport_fastrtps_c.cpython-310-aarch64-linux-gnu.so
-- Installing: /home/smr/ros2_self_driving_robot/install/nav2_behavior_plugin/local/lib/python3.10/dist-packages/nav2_behavior_plugin/_nav2_behavior_plugin_s.ep.rosidl_typesupport_introspection_c.c
-- Installing: /home/smr/ros2_self_driving_robot/install/nav2_behavior_plugin/local/lib/python3.10/dist-packages/nav2_behavior_plugin/nav2_behavior_plugin_s__rosidl_typesupport_c.cpython-310-aarch64-linux-gnu.so
-- Installing: /home/smr/ros2_self_driving_robot/install/nav2_behavior_plugin/local/lib/python3.10/dist-packages/nav2_behavior_plugin/_nav2_behavior_plugin_s.ep.rosidl_typesupport_fastrtps_c.c
-- Installing: /home/smr/ros2_self_driving_robot/install/nav2_behavior_plugin/local/lib/python3.10/dist-packages/nav2_behavior_plugin/action
-- Installing: /home/smr/ros2_self_driving_robot/install/nav2_behavior_plugin/local/lib/python3.10/dist-packages/nav2_behavior_plugin/action/_obstacle_warning.py
-- Installing: /home/smr/ros2_self_driving_robot/install/nav2_behavior_plugin/local/lib/python3.10/dist-packages/nav2_behavior_plugin/action/_obstacle_warning_s.c
-- Installing: /home/smr/ros2_self_driving_robot/install/nav2_behavior_plugin/local/lib/python3.10/dist-packages/nav2_behavior_plugin/action/__init__.py
-- Installing: /home/smr/ros2_self_driving_robot/install/nav2_behavior_plugin/local/lib/python3.10/dist-packages/nav2_behavior_plugin/libnav2_behavior_plugin__rosidl_generator_py.so
-- Installing: /home/smr/ros2_self_driving_robot/install/nav2_behavior_plugin/local/lib/python3.10/dist-packages/nav2_behavior_plugin/_nav2_behavior_plugin_s.ep.rosidl_typesupport_c.c
-- Installing: /home/smr/ros2_self_driving_robot/install/nav2_behavior_plugin/local/lib/python3.10/dist-packages/nav2_behavior_plugin/__init__.py
Listing '/home/smr/ros2_self_driving_robot/install/nav2_behavior_plugin/local/lib/python3.10/dist-packages/nav2_behavior_plugin'...
Compiling '/home/smr/ros2_self_driving_robot/install/nav2_behavior_plugin/local/lib/python3.10/dist-packages/nav2_behavior_plugin/__init__.py'...
Listing '/home/smr/ros2_self_driving_robot/install/nav2_behavior_plugin/local/lib/python3.10/dist-packages/nav2_behavior_plugin/action'...
Compiling '/home/smr/ros2_self_driving_robot/install/nav2_behavior_plugin/local/lib/python3.10/dist-packages/nav2_behavior_plugin/action/__init__.py'...
Compiling '/home/smr/ros2_self_driving_robot/install/nav2_behavior_plugin/local/lib/python3.10/dist-packages/nav2_behavior_plugin/action/_obstacle_warning.py'...
-- Installing: /home/smr/ros2_self_driving_robot/install/nav2_behavior_plugin/local/lib/python3.10/dist-packages/nav2_behavior_plugin/nav2_behavior_plugin_s__rosidl_typesupport_fastrtps_c.cpython-310-aarch64-linux-gnu.so
-- Set runtime path of "/home/smr/ros2_self_driving_robot/install/nav2_behavior_plugin/local/lib/python3.10/dist-packages/nav2_behavior_plugin/nav2_behavior_plugin_s__rosidl_typesupport_fastrtps_c.cpython-310-aarch64-linux-gnu.so" to ""
-- Installing: /home/smr/ros2_self_driving_robot/install/nav2_behavior_plugin/local/lib/python3.10/dist-packages/nav2_behavior_plugin/nav2_behavior_plugin_s__rosidl_typesupport_introspection_c.cpython-310-aarch64-linux-gnu.so
-- Set runtime path of "/home/smr/ros2_self_driving_robot/install/nav2_behavior_plugin/local/lib/python3.10/dist-packages/nav2_behavior_plugin/nav2_behavior_plugin_s__rosidl_typesupport_introspection_c.cpython-310-aarch64-linux-gnu.so" to ""
-- Installing: /home/smr/ros2_self_driving_robot/install/nav2_behavior_plugin/local/lib/python3.10/dist-packages/nav2_behavior_plugin/nav2_behavior_plugin_s__rosidl_typesupport_c.cpython-310-aarch64-linux-gnu.so
-- Set runtime path of "/home/smr/ros2_self_driving_robot/install/nav2_behavior_plugin/local/lib/python3.10/dist-packages/nav2_behavior_plugin/nav2_behavior_plugin_s__rosidl_typesupport_c.cpython-310-aarch64-linux-gnu.so" to ""
-- Installing: /home/smr/ros2_self_driving_robot/install/nav2_behavior_plugin/lib/libnav2_behavior_plugin__rosidl_generator_py.so
-- Set runtime path of "/home/smr/ros2_self_driving_robot/install/nav2_behavior_plugin/lib/libnav2_behavior_plugin__rosidl_generator_py.so" to ""
-- Installing: /home/smr/ros2_self_driving_robot/install/nav2_behavior_plugin/share/nav2_behavior_plugin/action/ObstacleWarning.idl
-- Installing: /home/smr/ros2_self_driving_robot/install/nav2_behavior_plugin/share/nav2_behavior_plugin/action/ObstacleWarning.action
-- Installing: /home/smr/ros2_self_driving_robot/install/nav2_behavior_plugin/share/nav2_behavior_plugin/behavior_plugin.xml
-- Installing: /home/smr/ros2_self_driving_robot/install/nav2_behavior_plugin/lib/libnav2_behavior_plugin_.so
-- Set runtime path of "/home/smr/ros2_self_driving_robot/install/nav2_behavior_plugin/lib/libnav2_behavior_plugin_.so" to ""
-- Up-to-date: /home/smr/ros2_self_driving_robot/install/nav2_behavior_plugin/include/
-- Up-to-date: /home/smr/ros2_self_driving_robot/install/nav2_behavior_plugin/include//nav2_behavior_plugin
-- Installing: /home/smr/ros2_self_driving_robot/install/nav2_behavior_plugin/include//nav2_behavior_plugin/obstacle_warning.hpp
-- Up-to-date: /home/smr/ros2_self_driving_robot/install/nav2_behavior_plugin/share/nav2_behavior_plugin/behavior_plugin.xml
-- Installing: /home/smr/ros2_self_driving_robot/install/nav2_behavior_plugin/share/ament_index/resource_index/package_run_dependencies/nav2_behavior_plugin
-- Installing: /home/smr/ros2_self_driving_robot/install/nav2_behavior_plugin/share/ament_index/resource_index/parent_prefix_path/nav2_behavior_plugin
-- Installing: /home/smr/ros2_self_driving_robot/install/nav2_behavior_plugin/share/nav2_behavior_plugin/environment/ament_prefix_path.sh
-- Installing: /home/smr/ros2_self_driving_robot/install/nav2_behavior_plugin/share/nav2_behavior_plugin/environment/ament_prefix_path.dsv
-- Installing: /home/smr/ros2_self_driving_robot/install/nav2_behavior_plugin/share/nav2_behavior_plugin/environment/path.sh
-- Installing: /home/smr/ros2_self_driving_robot/install/nav2_behavior_plugin/share/nav2_behavior_plugin/environment/path.dsv
-- Installing: /home/smr/ros2_self_driving_robot/install/nav2_behavior_plugin/share/nav2_behavior_plugin/local_setup.bash
-- Installing: /home/smr/ros2_self_driving_robot/install/nav2_behavior_plugin/share/nav2_behavior_plugin/local_setup.sh
-- Installing: /home/smr/ros2_self_driving_robot/install/nav2_behavior_plugin/share/nav2_behavior_plugin/local_setup.zsh
-- Installing: /home/smr/ros2_self_driving_robot/install/nav2_behavior_plugin/share/nav2_behavior_plugin/local_setup.dsv
-- Installing: /home/smr/ros2_self_driving_robot/install/nav2_behavior_plugin/share/nav2_behavior_plugin/package.dsv
-- Installing: /home/smr/ros2_self_driving_robot/install/nav2_behavior_plugin/share/ament_index/resource_index/packages/nav2_behavior_plugin
-- Installing: /home/smr/ros2_self_driving_robot/install/nav2_behavior_plugin/share/ament_index/resource_index/nav2_core__pluginlib__plugin/nav2_behavior_plugin
-- Installing: /home/smr/ros2_self_driving_robot/install/nav2_behavior_plugin/share/nav2_behavior_plugin/cmake/export_nav2_behavior_plugin__rosidl_generator_cExport.cmake
-- Installing: /home/smr/ros2_self_driving_robot/install/nav2_behavior_plugin/share/nav2_behavior_plugin/cmake/export_nav2_behavior_plugin__rosidl_generator_cExport-noconfig.cmake
-- Installing: /home/smr/ros2_self_driving_robot/install/nav2_behavior_plugin/share/nav2_behavior_plugin/cmake/export_nav2_behavior_plugin__rosidl_typesupport_fastrtps_cExport.cmake
-- Installing: /home/smr/ros2_self_driving_robot/install/nav2_behavior_plugin/share/nav2_behavior_plugin/cmake/export_nav2_behavior_plugin__rosidl_typesupport_fastrtps_cExport-noconfig.cmake
-- Installing: /home/smr/ros2_self_driving_robot/install/nav2_behavior_plugin/share/nav2_behavior_plugin/cmake/export_nav2_behavior_plugin__rosidl_generator_cppExport.cmake
-- Installing: /home/smr/ros2_self_driving_robot/install/nav2_behavior_plugin/share/nav2_behavior_plugin/cmake/export_nav2_behavior_plugin__rosidl_typesupport_fastrtps_cppExport.cmake
-- Installing: /home/smr/ros2_self_driving_robot/install/nav2_behavior_plugin/share/nav2_behavior_plugin/cmake/export_nav2_behavior_plugin__rosidl_typesupport_fastrtps_cppExport-noconfig.cmake
-- Installing: /home/smr/ros2_self_driving_robot/install/nav2_behavior_plugin/share/nav2_behavior_plugin/cmake/nav2_behavior_plugin__rosidl_typesupport_introspection_cExport.cmake
-- Installing: /home/smr/ros2_self_driving_robot/install/nav2_behavior_plugin/share/nav2_behavior_plugin/cmake/nav2_behavior_plugin__rosidl_typesupport_introspection_cExport-noconfig.cmake
-- Installing: /home/smr/ros2_self_driving_robot/install/nav2_behavior_plugin/share/nav2_behavior_plugin/cmake/nav2_behavior_plugin__rosidl_typesupport_cExport.cmake
-- Installing: /home/smr/ros2_self_driving_robot/install/nav2_behavior_plugin/share/nav2_behavior_plugin/cmake/nav2_behavior_plugin__rosidl_typesupport_cExport-noconfig.cmake
-- Installing: /home/smr/ros2_self_driving_robot/install/nav2_behavior_plugin/share/nav2_behavior_plugin/cmake/nav2_behavior_plugin__rosidl_typesupport_introspection_cppExport.cmake
-- Installing: /home/smr/ros2_self_driving_robot/install/nav2_behavior_plugin/share/nav2_behavior_plugin/cmake/nav2_behavior_plugin__rosidl_typesupport_introspection_cppExport-noconfig.cmake
-- Installing: /home/smr/ros2_self_driving_robot/install/nav2_behavior_plugin/share/nav2_behavior_plugin/cmake/nav2_behavior_plugin__rosidl_typesupport_cppExport.cmake
-- Installing: /home/smr/ros2_self_driving_robot/install/nav2_behavior_plugin/share/nav2_behavior_plugin/cmake/nav2_behavior_plugin__rosidl_typesupport_cppExport-noconfig.cmake
-- Installing: /home/smr/ros2_self_driving_robot/install/nav2_behavior_plugin/share/nav2_behavior_plugin/cmake/export_nav2_behavior_plugin__rosidl_generator_pyExport.cmake
-- Installing: /home/smr/ros2_self_driving_robot/install/nav2_behavior_plugin/share/nav2_behavior_plugin/cmake/export_nav2_behavior_plugin__rosidl_generator_pyExport-noconfig.cmake
-- Installing: /home/smr/ros2_self_driving_robot/install/nav2_behavior_plugin/share/nav2_behavior_plugin/cmake/rosidl_cmake-extras.cmake
-- Installing: /home/smr/ros2_self_driving_robot/install/nav2_behavior_plugin/share/nav2_behavior_plugin/cmake/ament_cmake_export_dependencies-extras.cmake
-- Installing: /home/smr/ros2_self_driving_robot/install/nav2_behavior_plugin/share/nav2_behavior_plugin/cmake/ament_cmake_export_include_directories-extras.cmake
-- Installing: /home/smr/ros2_self_driving_robot/install/nav2_behavior_plugin/share/nav2_behavior_plugin/cmake/ament_cmake_export_libraries-extras.cmake
-- Installing: /home/smr/ros2_self_driving_robot/install/nav2_behavior_plugin/share/nav2_behavior_plugin/cmake/ament_cmake_export_targets-extras.cmake
-- Installing: /home/smr/ros2_self_driving_robot/install/nav2_behavior_plugin/share/nav2_behavior_plugin/cmake/rosidl_cmake_export_typesupport_targets-extras.cmake
-- Installing: /home/smr/ros2_self_driving_robot/install/nav2_behavior_plugin/share/nav2_behavior_plugin/cmake/rosidl_cmake_export_typesupport_libraries-extras.cmake
-- Installing: /home/smr/ros2_self_driving_robot/install/nav2_behavior_plugin/share/nav2_behavior_plugin/cmake/nav2_behavior_pluginConfig.cmake
-- Installing: /home/smr/ros2_self_driving_robot/install/nav2_behavior_plugin/share/nav2_behavior_plugin/cmake/nav2_behavior_pluginConfig-version.cmake
-- Installing: /home/smr/ros2_self_driving_robot/install/nav2_behavior_plugin/share/nav2_behavior_plugin/package.xml
