[0.332s] DEBUG:colcon:Command line arguments: ['/usr/local/bin/colcon', 'build']
[0.332s] DEBUG:colcon:Parsed command line arguments: Namespace(log_base=None, log_level=None, verb_name='build', build_base='build', install_base='install', merge_install=False, symlink_install=False, test_result_base=None, continue_on_error=False, executor='parallel', parallel_workers=8, event_handlers=None, ignore_user_meta=False, metas=['./colcon.meta'], base_paths=['.'], packages_ignore=None, packages_ignore_regex=None, paths=None, packages_up_to=None, packages_up_to_regex=None, packages_above=None, packages_above_and_dependencies=None, packages_above_depth=None, packages_select_by_dep=None, packages_skip_by_dep=None, packages_skip_up_to=None, packages_select_build_failed=False, packages_skip_build_finished=False, packages_select_test_failures=False, packages_skip_test_passed=False, packages_select=None, packages_skip=None, packages_select_regex=None, packages_skip_regex=None, packages_start=None, packages_end=None, allow_overriding=[], cmake_args=None, cmake_target=None, cmake_target_skip_unavailable=False, cmake_clean_cache=False, cmake_clean_first=False, cmake_force_configure=False, ament_cmake_args=None, catkin_cmake_args=None, catkin_skip_building_tests=False, verb_parser=<colcon_defaults.argument_parser.defaults.DefaultArgumentsDecorator object at 0xffffa523af50>, verb_extension=<colcon_core.verb.build.BuildVerb object at 0xffffa5239f60>, main=<bound method BuildVerb.main of <colcon_core.verb.build.BuildVerb object at 0xffffa5239f60>>)
[0.592s] Level 1:colcon.colcon_core.package_discovery:discover_packages(colcon_meta) check parameters
[0.592s] Level 1:colcon.colcon_core.package_discovery:discover_packages(recursive) check parameters
[0.592s] Level 1:colcon.colcon_core.package_discovery:discover_packages(ignore) check parameters
[0.592s] Level 1:colcon.colcon_core.package_discovery:discover_packages(path) check parameters
[0.592s] Level 1:colcon.colcon_core.package_discovery:discover_packages(colcon_meta) discover
[0.592s] Level 1:colcon.colcon_core.package_discovery:discover_packages(recursive) discover
[0.592s] INFO:colcon.colcon_core.package_discovery:Crawling recursively for packages in '/home/smr/ros2_self_driving_robot/src'
[0.592s] Level 1:colcon.colcon_core.package_identification:_identify(.) by extensions ['ignore', 'ignore_ament_install']
[0.592s] Level 1:colcon.colcon_core.package_identification:_identify(.) by extension 'ignore'
[0.592s] Level 1:colcon.colcon_core.package_identification:_identify(.) by extension 'ignore_ament_install'
[0.593s] Level 1:colcon.colcon_core.package_identification:_identify(.) by extensions ['colcon_pkg']
[0.593s] Level 1:colcon.colcon_core.package_identification:_identify(.) by extension 'colcon_pkg'
[0.593s] Level 1:colcon.colcon_core.package_identification:_identify(.) by extensions ['colcon_meta']
[0.593s] Level 1:colcon.colcon_core.package_identification:_identify(.) by extension 'colcon_meta'
[0.593s] Level 1:colcon.colcon_core.package_identification:_identify(.) by extensions ['ros']
[0.593s] Level 1:colcon.colcon_core.package_identification:_identify(.) by extension 'ros'
[0.609s] Level 1:colcon.colcon_core.package_identification:_identify(.) by extensions ['cmake', 'python']
[0.609s] Level 1:colcon.colcon_core.package_identification:_identify(.) by extension 'cmake'
[0.609s] Level 1:colcon.colcon_core.package_identification:_identify(.) by extension 'python'
[0.609s] Level 1:colcon.colcon_core.package_identification:_identify(.) by extensions ['python_setup_py']
[0.609s] Level 1:colcon.colcon_core.package_identification:_identify(.) by extension 'python_setup_py'
[0.609s] Level 1:colcon.colcon_core.package_identification:_identify(build) by extensions ['ignore', 'ignore_ament_install']
[0.609s] Level 1:colcon.colcon_core.package_identification:_identify(build) by extension 'ignore'
[0.609s] Level 1:colcon.colcon_core.package_identification:_identify(build) ignored
[0.609s] Level 1:colcon.colcon_core.package_identification:_identify(install) by extensions ['ignore', 'ignore_ament_install']
[0.610s] Level 1:colcon.colcon_core.package_identification:_identify(install) by extension 'ignore'
[0.610s] Level 1:colcon.colcon_core.package_identification:_identify(install) ignored
[0.610s] Level 1:colcon.colcon_core.package_identification:_identify(log) by extensions ['ignore', 'ignore_ament_install']
[0.610s] Level 1:colcon.colcon_core.package_identification:_identify(log) by extension 'ignore'
[0.610s] Level 1:colcon.colcon_core.package_identification:_identify(log) ignored
[0.610s] Level 1:colcon.colcon_core.package_identification:_identify(micro_ros_rpi2040) by extensions ['ignore', 'ignore_ament_install']
[0.610s] Level 1:colcon.colcon_core.package_identification:_identify(micro_ros_rpi2040) by extension 'ignore'
[0.610s] Level 1:colcon.colcon_core.package_identification:_identify(micro_ros_rpi2040) by extension 'ignore_ament_install'
[0.610s] Level 1:colcon.colcon_core.package_identification:_identify(micro_ros_rpi2040) by extensions ['colcon_pkg']
[0.610s] Level 1:colcon.colcon_core.package_identification:_identify(micro_ros_rpi2040) by extension 'colcon_pkg'
[0.610s] Level 1:colcon.colcon_core.package_identification:_identify(micro_ros_rpi2040) by extensions ['colcon_meta']
[0.610s] Level 1:colcon.colcon_core.package_identification:_identify(micro_ros_rpi2040) by extension 'colcon_meta'
[0.610s] Level 1:colcon.colcon_core.package_identification:_identify(micro_ros_rpi2040) by extensions ['ros']
[0.610s] Level 1:colcon.colcon_core.package_identification:_identify(micro_ros_rpi2040) by extension 'ros'
[0.611s] Level 1:colcon.colcon_core.package_identification:_identify(micro_ros_rpi2040) by extensions ['cmake', 'python']
[0.611s] Level 1:colcon.colcon_core.package_identification:_identify(micro_ros_rpi2040) by extension 'cmake'
[0.611s] Level 1:colcon.colcon_core.package_identification:_identify(micro_ros_rpi2040) by extension 'python'
[0.611s] Level 1:colcon.colcon_core.package_identification:_identify(micro_ros_rpi2040) by extensions ['python_setup_py']
[0.611s] Level 1:colcon.colcon_core.package_identification:_identify(micro_ros_rpi2040) by extension 'python_setup_py'
[0.611s] Level 1:colcon.colcon_core.package_identification:_identify(micro_ros_rpi2040/include) by extensions ['ignore', 'ignore_ament_install']
[0.611s] Level 1:colcon.colcon_core.package_identification:_identify(micro_ros_rpi2040/include) by extension 'ignore'
[0.611s] Level 1:colcon.colcon_core.package_identification:_identify(micro_ros_rpi2040/include) by extension 'ignore_ament_install'
[0.611s] Level 1:colcon.colcon_core.package_identification:_identify(micro_ros_rpi2040/include) by extensions ['colcon_pkg']
[0.611s] Level 1:colcon.colcon_core.package_identification:_identify(micro_ros_rpi2040/include) by extension 'colcon_pkg'
[0.611s] Level 1:colcon.colcon_core.package_identification:_identify(micro_ros_rpi2040/include) by extensions ['colcon_meta']
[0.611s] Level 1:colcon.colcon_core.package_identification:_identify(micro_ros_rpi2040/include) by extension 'colcon_meta'
[0.611s] Level 1:colcon.colcon_core.package_identification:_identify(micro_ros_rpi2040/include) by extensions ['ros']
[0.611s] Level 1:colcon.colcon_core.package_identification:_identify(micro_ros_rpi2040/include) by extension 'ros'
[0.611s] Level 1:colcon.colcon_core.package_identification:_identify(micro_ros_rpi2040/include) by extensions ['cmake', 'python']
[0.611s] Level 1:colcon.colcon_core.package_identification:_identify(micro_ros_rpi2040/include) by extension 'cmake'
[0.611s] Level 1:colcon.colcon_core.package_identification:_identify(micro_ros_rpi2040/include) by extension 'python'
[0.612s] Level 1:colcon.colcon_core.package_identification:_identify(micro_ros_rpi2040/include) by extensions ['python_setup_py']
[0.612s] Level 1:colcon.colcon_core.package_identification:_identify(micro_ros_rpi2040/include) by extension 'python_setup_py'
[0.612s] Level 1:colcon.colcon_core.package_identification:_identify(micro_ros_rpi2040/lib) by extensions ['ignore', 'ignore_ament_install']
[0.612s] Level 1:colcon.colcon_core.package_identification:_identify(micro_ros_rpi2040/lib) by extension 'ignore'
[0.612s] Level 1:colcon.colcon_core.package_identification:_identify(micro_ros_rpi2040/lib) by extension 'ignore_ament_install'
[0.612s] Level 1:colcon.colcon_core.package_identification:_identify(micro_ros_rpi2040/lib) by extensions ['colcon_pkg']
[0.612s] Level 1:colcon.colcon_core.package_identification:_identify(micro_ros_rpi2040/lib) by extension 'colcon_pkg'
[0.612s] Level 1:colcon.colcon_core.package_identification:_identify(micro_ros_rpi2040/lib) by extensions ['colcon_meta']
[0.612s] Level 1:colcon.colcon_core.package_identification:_identify(micro_ros_rpi2040/lib) by extension 'colcon_meta'
[0.612s] Level 1:colcon.colcon_core.package_identification:_identify(micro_ros_rpi2040/lib) by extensions ['ros']
[0.612s] Level 1:colcon.colcon_core.package_identification:_identify(micro_ros_rpi2040/lib) by extension 'ros'
[0.612s] Level 1:colcon.colcon_core.package_identification:_identify(micro_ros_rpi2040/lib) by extensions ['cmake', 'python']
[0.612s] Level 1:colcon.colcon_core.package_identification:_identify(micro_ros_rpi2040/lib) by extension 'cmake'
[0.612s] Level 1:colcon.colcon_core.package_identification:_identify(micro_ros_rpi2040/lib) by extension 'python'
[0.612s] Level 1:colcon.colcon_core.package_identification:_identify(micro_ros_rpi2040/lib) by extensions ['python_setup_py']
[0.612s] Level 1:colcon.colcon_core.package_identification:_identify(micro_ros_rpi2040/lib) by extension 'python_setup_py'
[0.613s] Level 1:colcon.colcon_core.package_identification:_identify(micro_ros_rpi2040/src) by extensions ['ignore', 'ignore_ament_install']
[0.613s] Level 1:colcon.colcon_core.package_identification:_identify(micro_ros_rpi2040/src) by extension 'ignore'
[0.613s] Level 1:colcon.colcon_core.package_identification:_identify(micro_ros_rpi2040/src) by extension 'ignore_ament_install'
[0.613s] Level 1:colcon.colcon_core.package_identification:_identify(micro_ros_rpi2040/src) by extensions ['colcon_pkg']
[0.613s] Level 1:colcon.colcon_core.package_identification:_identify(micro_ros_rpi2040/src) by extension 'colcon_pkg'
[0.613s] Level 1:colcon.colcon_core.package_identification:_identify(micro_ros_rpi2040/src) by extensions ['colcon_meta']
[0.613s] Level 1:colcon.colcon_core.package_identification:_identify(micro_ros_rpi2040/src) by extension 'colcon_meta'
[0.613s] Level 1:colcon.colcon_core.package_identification:_identify(micro_ros_rpi2040/src) by extensions ['ros']
[0.613s] Level 1:colcon.colcon_core.package_identification:_identify(micro_ros_rpi2040/src) by extension 'ros'
[0.613s] Level 1:colcon.colcon_core.package_identification:_identify(micro_ros_rpi2040/src) by extensions ['cmake', 'python']
[0.613s] Level 1:colcon.colcon_core.package_identification:_identify(micro_ros_rpi2040/src) by extension 'cmake'
[0.613s] Level 1:colcon.colcon_core.package_identification:_identify(micro_ros_rpi2040/src) by extension 'python'
[0.613s] Level 1:colcon.colcon_core.package_identification:_identify(micro_ros_rpi2040/src) by extensions ['python_setup_py']
[0.613s] Level 1:colcon.colcon_core.package_identification:_identify(micro_ros_rpi2040/src) by extension 'python_setup_py'
[0.614s] Level 1:colcon.colcon_core.package_identification:_identify(micro_ros_rpi2040/test) by extensions ['ignore', 'ignore_ament_install']
[0.614s] Level 1:colcon.colcon_core.package_identification:_identify(micro_ros_rpi2040/test) by extension 'ignore'
[0.614s] Level 1:colcon.colcon_core.package_identification:_identify(micro_ros_rpi2040/test) by extension 'ignore_ament_install'
[0.614s] Level 1:colcon.colcon_core.package_identification:_identify(micro_ros_rpi2040/test) by extensions ['colcon_pkg']
[0.614s] Level 1:colcon.colcon_core.package_identification:_identify(micro_ros_rpi2040/test) by extension 'colcon_pkg'
[0.614s] Level 1:colcon.colcon_core.package_identification:_identify(micro_ros_rpi2040/test) by extensions ['colcon_meta']
[0.614s] Level 1:colcon.colcon_core.package_identification:_identify(micro_ros_rpi2040/test) by extension 'colcon_meta'
[0.614s] Level 1:colcon.colcon_core.package_identification:_identify(micro_ros_rpi2040/test) by extensions ['ros']
[0.614s] Level 1:colcon.colcon_core.package_identification:_identify(micro_ros_rpi2040/test) by extension 'ros'
[0.614s] Level 1:colcon.colcon_core.package_identification:_identify(micro_ros_rpi2040/test) by extensions ['cmake', 'python']
[0.614s] Level 1:colcon.colcon_core.package_identification:_identify(micro_ros_rpi2040/test) by extension 'cmake'
[0.614s] Level 1:colcon.colcon_core.package_identification:_identify(micro_ros_rpi2040/test) by extension 'python'
[0.614s] Level 1:colcon.colcon_core.package_identification:_identify(micro_ros_rpi2040/test) by extensions ['python_setup_py']
[0.614s] Level 1:colcon.colcon_core.package_identification:_identify(micro_ros_rpi2040/test) by extension 'python_setup_py'
[0.615s] Level 1:colcon.colcon_core.package_identification:_identify(robot_bringup) by extensions ['ignore', 'ignore_ament_install']
[0.615s] Level 1:colcon.colcon_core.package_identification:_identify(robot_bringup) by extension 'ignore'
[0.615s] Level 1:colcon.colcon_core.package_identification:_identify(robot_bringup) by extension 'ignore_ament_install'
[0.615s] Level 1:colcon.colcon_core.package_identification:_identify(robot_bringup) by extensions ['colcon_pkg']
[0.615s] Level 1:colcon.colcon_core.package_identification:_identify(robot_bringup) by extension 'colcon_pkg'
[0.615s] Level 1:colcon.colcon_core.package_identification:_identify(robot_bringup) by extensions ['colcon_meta']
[0.615s] Level 1:colcon.colcon_core.package_identification:_identify(robot_bringup) by extension 'colcon_meta'
[0.615s] Level 1:colcon.colcon_core.package_identification:_identify(robot_bringup) by extensions ['ros']
[0.615s] Level 1:colcon.colcon_core.package_identification:_identify(robot_bringup) by extension 'ros'
[0.622s] DEBUG:colcon.colcon_core.package_identification:Package 'robot_bringup' with type 'ros.ament_cmake' and name 'robot_bringup'
[0.623s] Level 1:colcon.colcon_core.package_identification:_identify(robot_description) by extensions ['ignore', 'ignore_ament_install']
[0.623s] Level 1:colcon.colcon_core.package_identification:_identify(robot_description) by extension 'ignore'
[0.623s] Level 1:colcon.colcon_core.package_identification:_identify(robot_description) by extension 'ignore_ament_install'
[0.623s] Level 1:colcon.colcon_core.package_identification:_identify(robot_description) by extensions ['colcon_pkg']
[0.623s] Level 1:colcon.colcon_core.package_identification:_identify(robot_description) by extension 'colcon_pkg'
[0.623s] Level 1:colcon.colcon_core.package_identification:_identify(robot_description) by extensions ['colcon_meta']
[0.623s] Level 1:colcon.colcon_core.package_identification:_identify(robot_description) by extension 'colcon_meta'
[0.623s] Level 1:colcon.colcon_core.package_identification:_identify(robot_description) by extensions ['ros']
[0.623s] Level 1:colcon.colcon_core.package_identification:_identify(robot_description) by extension 'ros'
[0.628s] DEBUG:colcon.colcon_core.package_identification:Package 'robot_description' with type 'ros.ament_cmake' and name 'robot_description'
[0.628s] Level 1:colcon.colcon_core.package_identification:_identify(robot_navigation) by extensions ['ignore', 'ignore_ament_install']
[0.628s] Level 1:colcon.colcon_core.package_identification:_identify(robot_navigation) by extension 'ignore'
[0.628s] Level 1:colcon.colcon_core.package_identification:_identify(robot_navigation) by extension 'ignore_ament_install'
[0.628s] Level 1:colcon.colcon_core.package_identification:_identify(robot_navigation) by extensions ['colcon_pkg']
[0.628s] Level 1:colcon.colcon_core.package_identification:_identify(robot_navigation) by extension 'colcon_pkg'
[0.628s] Level 1:colcon.colcon_core.package_identification:_identify(robot_navigation) by extensions ['colcon_meta']
[0.628s] Level 1:colcon.colcon_core.package_identification:_identify(robot_navigation) by extension 'colcon_meta'
[0.629s] Level 1:colcon.colcon_core.package_identification:_identify(robot_navigation) by extensions ['ros']
[0.629s] Level 1:colcon.colcon_core.package_identification:_identify(robot_navigation) by extension 'ros'
[0.630s] DEBUG:colcon.colcon_core.package_identification:Package 'robot_navigation' with type 'ros.ament_cmake' and name 'robot_navigation'
[0.630s] Level 1:colcon.colcon_core.package_identification:_identify(sllidar_ros2) by extensions ['ignore', 'ignore_ament_install']
[0.630s] Level 1:colcon.colcon_core.package_identification:_identify(sllidar_ros2) by extension 'ignore'
[0.630s] Level 1:colcon.colcon_core.package_identification:_identify(sllidar_ros2) by extension 'ignore_ament_install'
[0.630s] Level 1:colcon.colcon_core.package_identification:_identify(sllidar_ros2) by extensions ['colcon_pkg']
[0.630s] Level 1:colcon.colcon_core.package_identification:_identify(sllidar_ros2) by extension 'colcon_pkg'
[0.630s] Level 1:colcon.colcon_core.package_identification:_identify(sllidar_ros2) by extensions ['colcon_meta']
[0.631s] Level 1:colcon.colcon_core.package_identification:_identify(sllidar_ros2) by extension 'colcon_meta'
[0.631s] Level 1:colcon.colcon_core.package_identification:_identify(sllidar_ros2) by extensions ['ros']
[0.631s] Level 1:colcon.colcon_core.package_identification:_identify(sllidar_ros2) by extension 'ros'
[0.632s] DEBUG:colcon.colcon_core.package_identification:Package 'sllidar_ros2' with type 'ros.ament_cmake' and name 'sllidar_ros2'
[0.632s] Level 1:colcon.colcon_core.package_identification:_identify(src) by extensions ['ignore', 'ignore_ament_install']
[0.632s] Level 1:colcon.colcon_core.package_identification:_identify(src) by extension 'ignore'
[0.632s] Level 1:colcon.colcon_core.package_identification:_identify(src) by extension 'ignore_ament_install'
[0.632s] Level 1:colcon.colcon_core.package_identification:_identify(src) by extensions ['colcon_pkg']
[0.632s] Level 1:colcon.colcon_core.package_identification:_identify(src) by extension 'colcon_pkg'
[0.632s] Level 1:colcon.colcon_core.package_identification:_identify(src) by extensions ['colcon_meta']
[0.632s] Level 1:colcon.colcon_core.package_identification:_identify(src) by extension 'colcon_meta'
[0.632s] Level 1:colcon.colcon_core.package_identification:_identify(src) by extensions ['ros']
[0.632s] Level 1:colcon.colcon_core.package_identification:_identify(src) by extension 'ros'
[0.632s] Level 1:colcon.colcon_core.package_identification:_identify(src) by extensions ['cmake', 'python']
[0.632s] Level 1:colcon.colcon_core.package_identification:_identify(src) by extension 'cmake'
[0.632s] Level 1:colcon.colcon_core.package_identification:_identify(src) by extension 'python'
[0.632s] Level 1:colcon.colcon_core.package_identification:_identify(src) by extensions ['python_setup_py']
[0.632s] Level 1:colcon.colcon_core.package_identification:_identify(src) by extension 'python_setup_py'
[0.633s] Level 1:colcon.colcon_core.package_identification:_identify(src/micro_ros_setup) by extensions ['ignore', 'ignore_ament_install']
[0.633s] Level 1:colcon.colcon_core.package_identification:_identify(src/micro_ros_setup) by extension 'ignore'
[0.633s] Level 1:colcon.colcon_core.package_identification:_identify(src/micro_ros_setup) by extension 'ignore_ament_install'
[0.633s] Level 1:colcon.colcon_core.package_identification:_identify(src/micro_ros_setup) by extensions ['colcon_pkg']
[0.633s] Level 1:colcon.colcon_core.package_identification:_identify(src/micro_ros_setup) by extension 'colcon_pkg'
[0.633s] Level 1:colcon.colcon_core.package_identification:_identify(src/micro_ros_setup) by extensions ['colcon_meta']
[0.633s] Level 1:colcon.colcon_core.package_identification:_identify(src/micro_ros_setup) by extension 'colcon_meta'
[0.633s] Level 1:colcon.colcon_core.package_identification:_identify(src/micro_ros_setup) by extensions ['ros']
[0.633s] Level 1:colcon.colcon_core.package_identification:_identify(src/micro_ros_setup) by extension 'ros'
[0.634s] DEBUG:colcon.colcon_core.package_identification:Package 'src/micro_ros_setup' with type 'ros.ament_cmake' and name 'micro_ros_setup'
[0.634s] Level 1:colcon.colcon_core.package_discovery:discover_packages(recursive) using defaults
[0.634s] Level 1:colcon.colcon_core.package_discovery:discover_packages(ignore) discover
[0.634s] Level 1:colcon.colcon_core.package_discovery:discover_packages(ignore) using defaults
[0.634s] Level 1:colcon.colcon_core.package_discovery:discover_packages(path) discover
[0.634s] Level 1:colcon.colcon_core.package_discovery:discover_packages(path) using defaults
[0.666s] Level 1:colcon.colcon_core.package_discovery:discover_packages(prefix_path) check parameters
[0.667s] Level 1:colcon.colcon_core.package_discovery:discover_packages(prefix_path) discover
[0.672s] DEBUG:colcon.colcon_installed_package_information.package_discovery:Found 367 installed packages in /opt/ros/humble
[0.695s] Level 1:colcon.colcon_core.package_discovery:discover_packages(prefix_path) using defaults
[0.761s] Level 5:colcon.colcon_core.verb:set package 'micro_ros_setup' build argument 'cmake_args' from command line to 'None'
[0.762s] Level 5:colcon.colcon_core.verb:set package 'micro_ros_setup' build argument 'cmake_target' from command line to 'None'
[0.762s] Level 5:colcon.colcon_core.verb:set package 'micro_ros_setup' build argument 'cmake_target_skip_unavailable' from command line to 'False'
[0.762s] Level 5:colcon.colcon_core.verb:set package 'micro_ros_setup' build argument 'cmake_clean_cache' from command line to 'False'
[0.762s] Level 5:colcon.colcon_core.verb:set package 'micro_ros_setup' build argument 'cmake_clean_first' from command line to 'False'
[0.762s] Level 5:colcon.colcon_core.verb:set package 'micro_ros_setup' build argument 'cmake_force_configure' from command line to 'False'
[0.762s] Level 5:colcon.colcon_core.verb:set package 'micro_ros_setup' build argument 'ament_cmake_args' from command line to 'None'
[0.762s] Level 5:colcon.colcon_core.verb:set package 'micro_ros_setup' build argument 'catkin_cmake_args' from command line to 'None'
[0.762s] Level 5:colcon.colcon_core.verb:set package 'micro_ros_setup' build argument 'catkin_skip_building_tests' from command line to 'False'
[0.762s] DEBUG:colcon.colcon_core.verb:Building package 'micro_ros_setup' with the following arguments: {'ament_cmake_args': None, 'build_base': '/home/smr/ros2_self_driving_robot/src/build/micro_ros_setup', 'catkin_cmake_args': None, 'catkin_skip_building_tests': False, 'cmake_args': None, 'cmake_clean_cache': False, 'cmake_clean_first': False, 'cmake_force_configure': False, 'cmake_target': None, 'cmake_target_skip_unavailable': False, 'install_base': '/home/smr/ros2_self_driving_robot/src/install/micro_ros_setup', 'merge_install': False, 'path': '/home/smr/ros2_self_driving_robot/src/src/micro_ros_setup', 'symlink_install': False, 'test_result_base': None}
[0.762s] Level 5:colcon.colcon_core.verb:set package 'robot_bringup' build argument 'cmake_args' from command line to 'None'
[0.762s] Level 5:colcon.colcon_core.verb:set package 'robot_bringup' build argument 'cmake_target' from command line to 'None'
[0.762s] Level 5:colcon.colcon_core.verb:set package 'robot_bringup' build argument 'cmake_target_skip_unavailable' from command line to 'False'
[0.762s] Level 5:colcon.colcon_core.verb:set package 'robot_bringup' build argument 'cmake_clean_cache' from command line to 'False'
[0.762s] Level 5:colcon.colcon_core.verb:set package 'robot_bringup' build argument 'cmake_clean_first' from command line to 'False'
[0.763s] Level 5:colcon.colcon_core.verb:set package 'robot_bringup' build argument 'cmake_force_configure' from command line to 'False'
[0.763s] Level 5:colcon.colcon_core.verb:set package 'robot_bringup' build argument 'ament_cmake_args' from command line to 'None'
[0.763s] Level 5:colcon.colcon_core.verb:set package 'robot_bringup' build argument 'catkin_cmake_args' from command line to 'None'
[0.763s] Level 5:colcon.colcon_core.verb:set package 'robot_bringup' build argument 'catkin_skip_building_tests' from command line to 'False'
[0.763s] DEBUG:colcon.colcon_core.verb:Building package 'robot_bringup' with the following arguments: {'ament_cmake_args': None, 'build_base': '/home/smr/ros2_self_driving_robot/src/build/robot_bringup', 'catkin_cmake_args': None, 'catkin_skip_building_tests': False, 'cmake_args': None, 'cmake_clean_cache': False, 'cmake_clean_first': False, 'cmake_force_configure': False, 'cmake_target': None, 'cmake_target_skip_unavailable': False, 'install_base': '/home/smr/ros2_self_driving_robot/src/install/robot_bringup', 'merge_install': False, 'path': '/home/smr/ros2_self_driving_robot/src/robot_bringup', 'symlink_install': False, 'test_result_base': None}
[0.763s] Level 5:colcon.colcon_core.verb:set package 'robot_description' build argument 'cmake_args' from command line to 'None'
[0.763s] Level 5:colcon.colcon_core.verb:set package 'robot_description' build argument 'cmake_target' from command line to 'None'
[0.763s] Level 5:colcon.colcon_core.verb:set package 'robot_description' build argument 'cmake_target_skip_unavailable' from command line to 'False'
[0.763s] Level 5:colcon.colcon_core.verb:set package 'robot_description' build argument 'cmake_clean_cache' from command line to 'False'
[0.763s] Level 5:colcon.colcon_core.verb:set package 'robot_description' build argument 'cmake_clean_first' from command line to 'False'
[0.763s] Level 5:colcon.colcon_core.verb:set package 'robot_description' build argument 'cmake_force_configure' from command line to 'False'
[0.763s] Level 5:colcon.colcon_core.verb:set package 'robot_description' build argument 'ament_cmake_args' from command line to 'None'
[0.763s] Level 5:colcon.colcon_core.verb:set package 'robot_description' build argument 'catkin_cmake_args' from command line to 'None'
[0.763s] Level 5:colcon.colcon_core.verb:set package 'robot_description' build argument 'catkin_skip_building_tests' from command line to 'False'
[0.763s] DEBUG:colcon.colcon_core.verb:Building package 'robot_description' with the following arguments: {'ament_cmake_args': None, 'build_base': '/home/smr/ros2_self_driving_robot/src/build/robot_description', 'catkin_cmake_args': None, 'catkin_skip_building_tests': False, 'cmake_args': None, 'cmake_clean_cache': False, 'cmake_clean_first': False, 'cmake_force_configure': False, 'cmake_target': None, 'cmake_target_skip_unavailable': False, 'install_base': '/home/smr/ros2_self_driving_robot/src/install/robot_description', 'merge_install': False, 'path': '/home/smr/ros2_self_driving_robot/src/robot_description', 'symlink_install': False, 'test_result_base': None}
[0.764s] Level 5:colcon.colcon_core.verb:set package 'robot_navigation' build argument 'cmake_args' from command line to 'None'
[0.764s] Level 5:colcon.colcon_core.verb:set package 'robot_navigation' build argument 'cmake_target' from command line to 'None'
[0.764s] Level 5:colcon.colcon_core.verb:set package 'robot_navigation' build argument 'cmake_target_skip_unavailable' from command line to 'False'
[0.764s] Level 5:colcon.colcon_core.verb:set package 'robot_navigation' build argument 'cmake_clean_cache' from command line to 'False'
[0.764s] Level 5:colcon.colcon_core.verb:set package 'robot_navigation' build argument 'cmake_clean_first' from command line to 'False'
[0.764s] Level 5:colcon.colcon_core.verb:set package 'robot_navigation' build argument 'cmake_force_configure' from command line to 'False'
[0.764s] Level 5:colcon.colcon_core.verb:set package 'robot_navigation' build argument 'ament_cmake_args' from command line to 'None'
[0.764s] Level 5:colcon.colcon_core.verb:set package 'robot_navigation' build argument 'catkin_cmake_args' from command line to 'None'
[0.764s] Level 5:colcon.colcon_core.verb:set package 'robot_navigation' build argument 'catkin_skip_building_tests' from command line to 'False'
[0.764s] DEBUG:colcon.colcon_core.verb:Building package 'robot_navigation' with the following arguments: {'ament_cmake_args': None, 'build_base': '/home/smr/ros2_self_driving_robot/src/build/robot_navigation', 'catkin_cmake_args': None, 'catkin_skip_building_tests': False, 'cmake_args': None, 'cmake_clean_cache': False, 'cmake_clean_first': False, 'cmake_force_configure': False, 'cmake_target': None, 'cmake_target_skip_unavailable': False, 'install_base': '/home/smr/ros2_self_driving_robot/src/install/robot_navigation', 'merge_install': False, 'path': '/home/smr/ros2_self_driving_robot/src/robot_navigation', 'symlink_install': False, 'test_result_base': None}
[0.764s] Level 5:colcon.colcon_core.verb:set package 'sllidar_ros2' build argument 'cmake_args' from command line to 'None'
[0.765s] Level 5:colcon.colcon_core.verb:set package 'sllidar_ros2' build argument 'cmake_target' from command line to 'None'
[0.765s] Level 5:colcon.colcon_core.verb:set package 'sllidar_ros2' build argument 'cmake_target_skip_unavailable' from command line to 'False'
[0.765s] Level 5:colcon.colcon_core.verb:set package 'sllidar_ros2' build argument 'cmake_clean_cache' from command line to 'False'
[0.765s] Level 5:colcon.colcon_core.verb:set package 'sllidar_ros2' build argument 'cmake_clean_first' from command line to 'False'
[0.765s] Level 5:colcon.colcon_core.verb:set package 'sllidar_ros2' build argument 'cmake_force_configure' from command line to 'False'
[0.765s] Level 5:colcon.colcon_core.verb:set package 'sllidar_ros2' build argument 'ament_cmake_args' from command line to 'None'
[0.765s] Level 5:colcon.colcon_core.verb:set package 'sllidar_ros2' build argument 'catkin_cmake_args' from command line to 'None'
[0.765s] Level 5:colcon.colcon_core.verb:set package 'sllidar_ros2' build argument 'catkin_skip_building_tests' from command line to 'False'
[0.765s] DEBUG:colcon.colcon_core.verb:Building package 'sllidar_ros2' with the following arguments: {'ament_cmake_args': None, 'build_base': '/home/smr/ros2_self_driving_robot/src/build/sllidar_ros2', 'catkin_cmake_args': None, 'catkin_skip_building_tests': False, 'cmake_args': None, 'cmake_clean_cache': False, 'cmake_clean_first': False, 'cmake_force_configure': False, 'cmake_target': None, 'cmake_target_skip_unavailable': False, 'install_base': '/home/smr/ros2_self_driving_robot/src/install/sllidar_ros2', 'merge_install': False, 'path': '/home/smr/ros2_self_driving_robot/src/sllidar_ros2', 'symlink_install': False, 'test_result_base': None}
[0.765s] INFO:colcon.colcon_core.executor:Executing jobs using 'parallel' executor
[0.766s] DEBUG:colcon.colcon_parallel_executor.executor.parallel:run_until_complete
[0.767s] INFO:colcon.colcon_ros.task.ament_cmake.build:Building ROS package in '/home/smr/ros2_self_driving_robot/src/src/micro_ros_setup' with build type 'ament_cmake'
[0.767s] INFO:colcon.colcon_cmake.task.cmake.build:Building CMake package in '/home/smr/ros2_self_driving_robot/src/src/micro_ros_setup'
[0.773s] INFO:colcon.colcon_core.plugin_system:Skipping extension 'colcon_core.shell.bat': Not used on non-Windows systems
[0.773s] INFO:colcon.colcon_core.shell:Skip shell extension 'powershell' for command environment: Not usable outside of PowerShell
[0.774s] DEBUG:colcon.colcon_core.shell:Skip shell extension 'dsv' for command environment
[0.778s] INFO:colcon.colcon_ros.task.ament_cmake.build:Building ROS package in '/home/smr/ros2_self_driving_robot/src/robot_bringup' with build type 'ament_cmake'
[0.778s] INFO:colcon.colcon_cmake.task.cmake.build:Building CMake package in '/home/smr/ros2_self_driving_robot/src/robot_bringup'
[0.779s] INFO:colcon.colcon_core.shell:Skip shell extension 'powershell' for command environment: Not usable outside of PowerShell
[0.779s] DEBUG:colcon.colcon_core.shell:Skip shell extension 'dsv' for command environment
[0.783s] INFO:colcon.colcon_ros.task.ament_cmake.build:Building ROS package in '/home/smr/ros2_self_driving_robot/src/robot_description' with build type 'ament_cmake'
[0.783s] INFO:colcon.colcon_cmake.task.cmake.build:Building CMake package in '/home/smr/ros2_self_driving_robot/src/robot_description'
[0.784s] INFO:colcon.colcon_core.shell:Skip shell extension 'powershell' for command environment: Not usable outside of PowerShell
[0.784s] DEBUG:colcon.colcon_core.shell:Skip shell extension 'dsv' for command environment
[0.793s] INFO:colcon.colcon_ros.task.ament_cmake.build:Building ROS package in '/home/smr/ros2_self_driving_robot/src/robot_navigation' with build type 'ament_cmake'
[0.794s] INFO:colcon.colcon_cmake.task.cmake.build:Building CMake package in '/home/smr/ros2_self_driving_robot/src/robot_navigation'
[0.794s] INFO:colcon.colcon_core.shell:Skip shell extension 'powershell' for command environment: Not usable outside of PowerShell
[0.794s] DEBUG:colcon.colcon_core.shell:Skip shell extension 'dsv' for command environment
[0.799s] INFO:colcon.colcon_ros.task.ament_cmake.build:Building ROS package in '/home/smr/ros2_self_driving_robot/src/sllidar_ros2' with build type 'ament_cmake'
[0.799s] INFO:colcon.colcon_cmake.task.cmake.build:Building CMake package in '/home/smr/ros2_self_driving_robot/src/sllidar_ros2'
[0.799s] INFO:colcon.colcon_core.shell:Skip shell extension 'powershell' for command environment: Not usable outside of PowerShell
[0.800s] DEBUG:colcon.colcon_core.shell:Skip shell extension 'dsv' for command environment
[0.811s] DEBUG:colcon.colcon_core.event_handler.log_command:Invoking command in '/home/smr/ros2_self_driving_robot/src/build/micro_ros_setup': CMAKE_PREFIX_PATH=/opt/ros/humble /usr/bin/cmake /home/smr/ros2_self_driving_robot/src/src/micro_ros_setup -DCMAKE_INSTALL_PREFIX=/home/smr/ros2_self_driving_robot/src/install/micro_ros_setup
[0.818s] DEBUG:colcon.colcon_core.event_handler.log_command:Invoking command in '/home/smr/ros2_self_driving_robot/src/build/robot_bringup': CMAKE_PREFIX_PATH=/opt/ros/humble /usr/bin/cmake /home/smr/ros2_self_driving_robot/src/robot_bringup -DCMAKE_INSTALL_PREFIX=/home/smr/ros2_self_driving_robot/src/install/robot_bringup
[0.831s] DEBUG:colcon.colcon_core.event_handler.log_command:Invoking command in '/home/smr/ros2_self_driving_robot/src/build/robot_description': CMAKE_PREFIX_PATH=/opt/ros/humble /usr/bin/cmake /home/smr/ros2_self_driving_robot/src/robot_description -DCMAKE_INSTALL_PREFIX=/home/smr/ros2_self_driving_robot/src/install/robot_description
[0.834s] DEBUG:colcon.colcon_core.event_handler.log_command:Invoking command in '/home/smr/ros2_self_driving_robot/src/build/robot_navigation': CMAKE_PREFIX_PATH=/opt/ros/humble /usr/bin/cmake /home/smr/ros2_self_driving_robot/src/robot_navigation -DCMAKE_INSTALL_PREFIX=/home/smr/ros2_self_driving_robot/src/install/robot_navigation
[0.851s] DEBUG:colcon.colcon_core.event_handler.log_command:Invoking command in '/home/smr/ros2_self_driving_robot/src/build/sllidar_ros2': CMAKE_PREFIX_PATH=/opt/ros/humble /usr/bin/cmake /home/smr/ros2_self_driving_robot/src/sllidar_ros2 -DCMAKE_INSTALL_PREFIX=/home/smr/ros2_self_driving_robot/src/install/sllidar_ros2
[1.746s] DEBUG:colcon.colcon_core.event_handler.log_command:Invoked command in '/home/smr/ros2_self_driving_robot/src/build/robot_description' returned '0': CMAKE_PREFIX_PATH=/opt/ros/humble /usr/bin/cmake /home/smr/ros2_self_driving_robot/src/robot_description -DCMAKE_INSTALL_PREFIX=/home/smr/ros2_self_driving_robot/src/install/robot_description
[1.758s] DEBUG:colcon.colcon_core.event_handler.log_command:Invoking command in '/home/smr/ros2_self_driving_robot/src/build/robot_description': CMAKE_PREFIX_PATH=/opt/ros/humble /usr/bin/cmake --build /home/smr/ros2_self_driving_robot/src/build/robot_description -- -j8 -l8
[1.811s] DEBUG:colcon.colcon_core.event_handler.log_command:Invoked command in '/home/smr/ros2_self_driving_robot/src/build/robot_description' returned '0': CMAKE_PREFIX_PATH=/opt/ros/humble /usr/bin/cmake --build /home/smr/ros2_self_driving_robot/src/build/robot_description -- -j8 -l8
[1.892s] DEBUG:colcon.colcon_core.event_handler.log_command:Invoking command in '/home/smr/ros2_self_driving_robot/src/build/robot_description': CMAKE_PREFIX_PATH=/opt/ros/humble /usr/bin/cmake --install /home/smr/ros2_self_driving_robot/src/build/robot_description
[1.955s] Level 1:colcon.colcon_core.environment:create_environment_scripts_only(robot_description)
[1.959s] DEBUG:colcon.colcon_core.event_handler.log_command:Invoked command in '/home/smr/ros2_self_driving_robot/src/build/robot_description' returned '0': CMAKE_PREFIX_PATH=/opt/ros/humble /usr/bin/cmake --install /home/smr/ros2_self_driving_robot/src/build/robot_description
[1.971s] Level 1:colcon.colcon_core.environment:checking '/home/smr/ros2_self_driving_robot/src/install/robot_description' for CMake module files
[1.976s] Level 1:colcon.colcon_core.environment:checking '/home/smr/ros2_self_driving_robot/src/install/robot_description' for CMake config files
[1.979s] Level 1:colcon.colcon_core.shell:create_environment_hook('robot_description', 'cmake_prefix_path')
[1.980s] INFO:colcon.colcon_core.shell:Creating environment hook '/home/smr/ros2_self_driving_robot/src/install/robot_description/share/robot_description/hook/cmake_prefix_path.ps1'
[1.985s] INFO:colcon.colcon_core.shell:Creating environment descriptor '/home/smr/ros2_self_driving_robot/src/install/robot_description/share/robot_description/hook/cmake_prefix_path.dsv'
[1.988s] INFO:colcon.colcon_core.shell:Creating environment hook '/home/smr/ros2_self_driving_robot/src/install/robot_description/share/robot_description/hook/cmake_prefix_path.sh'
[1.994s] Level 1:colcon.colcon_core.environment:checking '/home/smr/ros2_self_driving_robot/src/install/robot_description/bin'
[1.995s] Level 1:colcon.colcon_core.environment:checking '/home/smr/ros2_self_driving_robot/src/install/robot_description/lib/pkgconfig/robot_description.pc'
[1.996s] Level 1:colcon.colcon_core.environment:checking '/home/smr/ros2_self_driving_robot/src/install/robot_description/lib/python3.10/site-packages'
[1.999s] Level 1:colcon.colcon_core.environment:checking '/home/smr/ros2_self_driving_robot/src/install/robot_description/bin'
[2.001s] INFO:colcon.colcon_core.shell:Creating package script '/home/smr/ros2_self_driving_robot/src/install/robot_description/share/robot_description/package.ps1'
[2.004s] INFO:colcon.colcon_core.shell:Creating package descriptor '/home/smr/ros2_self_driving_robot/src/install/robot_description/share/robot_description/package.dsv'
[2.006s] INFO:colcon.colcon_core.shell:Creating package script '/home/smr/ros2_self_driving_robot/src/install/robot_description/share/robot_description/package.sh'
[2.008s] INFO:colcon.colcon_core.shell:Creating package script '/home/smr/ros2_self_driving_robot/src/install/robot_description/share/robot_description/package.bash'
[2.010s] INFO:colcon.colcon_core.shell:Creating package script '/home/smr/ros2_self_driving_robot/src/install/robot_description/share/robot_description/package.zsh'
[2.011s] Level 1:colcon.colcon_core.environment:create_file_with_runtime_dependencies(/home/smr/ros2_self_driving_robot/src/install/robot_description/share/colcon-core/packages/robot_description)
[2.039s] Level 1:colcon.colcon_core.environment:create_environment_scripts_only(robot_description)
[2.039s] Level 1:colcon.colcon_core.environment:checking '/home/smr/ros2_self_driving_robot/src/install/robot_description' for CMake module files
[2.040s] Level 1:colcon.colcon_core.environment:checking '/home/smr/ros2_self_driving_robot/src/install/robot_description' for CMake config files
[2.040s] Level 1:colcon.colcon_core.shell:create_environment_hook('robot_description', 'cmake_prefix_path')
[2.040s] INFO:colcon.colcon_core.shell:Creating environment hook '/home/smr/ros2_self_driving_robot/src/install/robot_description/share/robot_description/hook/cmake_prefix_path.ps1'
[2.041s] INFO:colcon.colcon_core.shell:Creating environment descriptor '/home/smr/ros2_self_driving_robot/src/install/robot_description/share/robot_description/hook/cmake_prefix_path.dsv'
[2.042s] INFO:colcon.colcon_core.shell:Creating environment hook '/home/smr/ros2_self_driving_robot/src/install/robot_description/share/robot_description/hook/cmake_prefix_path.sh'
[2.042s] Level 1:colcon.colcon_core.environment:checking '/home/smr/ros2_self_driving_robot/src/install/robot_description/bin'
[2.043s] Level 1:colcon.colcon_core.environment:checking '/home/smr/ros2_self_driving_robot/src/install/robot_description/lib/pkgconfig/robot_description.pc'
[2.043s] Level 1:colcon.colcon_core.environment:checking '/home/smr/ros2_self_driving_robot/src/install/robot_description/lib/python3.10/site-packages'
[2.043s] Level 1:colcon.colcon_core.environment:checking '/home/smr/ros2_self_driving_robot/src/install/robot_description/bin'
[2.044s] INFO:colcon.colcon_core.shell:Creating package script '/home/smr/ros2_self_driving_robot/src/install/robot_description/share/robot_description/package.ps1'
[2.045s] INFO:colcon.colcon_core.shell:Creating package descriptor '/home/smr/ros2_self_driving_robot/src/install/robot_description/share/robot_description/package.dsv'
[2.045s] INFO:colcon.colcon_core.shell:Creating package script '/home/smr/ros2_self_driving_robot/src/install/robot_description/share/robot_description/package.sh'
[2.046s] INFO:colcon.colcon_core.shell:Creating package script '/home/smr/ros2_self_driving_robot/src/install/robot_description/share/robot_description/package.bash'
[2.047s] INFO:colcon.colcon_core.shell:Creating package script '/home/smr/ros2_self_driving_robot/src/install/robot_description/share/robot_description/package.zsh'
[2.047s] Level 1:colcon.colcon_core.environment:create_file_with_runtime_dependencies(/home/smr/ros2_self_driving_robot/src/install/robot_description/share/colcon-core/packages/robot_description)
[2.856s] DEBUG:colcon.colcon_core.event_handler.log_command:Invoked command in '/home/smr/ros2_self_driving_robot/src/build/micro_ros_setup' returned '0': CMAKE_PREFIX_PATH=/opt/ros/humble /usr/bin/cmake /home/smr/ros2_self_driving_robot/src/src/micro_ros_setup -DCMAKE_INSTALL_PREFIX=/home/smr/ros2_self_driving_robot/src/install/micro_ros_setup
[2.862s] DEBUG:colcon.colcon_core.event_handler.log_command:Invoking command in '/home/smr/ros2_self_driving_robot/src/build/micro_ros_setup': CMAKE_PREFIX_PATH=/opt/ros/humble /usr/bin/cmake --build /home/smr/ros2_self_driving_robot/src/build/micro_ros_setup -- -j8 -l8
[2.867s] DEBUG:colcon.colcon_core.event_handler.log_command:Invoked command in '/home/smr/ros2_self_driving_robot/src/build/sllidar_ros2' returned '0': CMAKE_PREFIX_PATH=/opt/ros/humble /usr/bin/cmake /home/smr/ros2_self_driving_robot/src/sllidar_ros2 -DCMAKE_INSTALL_PREFIX=/home/smr/ros2_self_driving_robot/src/install/sllidar_ros2
[2.872s] DEBUG:colcon.colcon_core.event_handler.log_command:Invoking command in '/home/smr/ros2_self_driving_robot/src/build/sllidar_ros2': CMAKE_PREFIX_PATH=/opt/ros/humble /usr/bin/cmake --build /home/smr/ros2_self_driving_robot/src/build/sllidar_ros2 -- -j8 -l8
[2.993s] DEBUG:colcon.colcon_core.event_handler.log_command:Invoked command in '/home/smr/ros2_self_driving_robot/src/build/micro_ros_setup' returned '0': CMAKE_PREFIX_PATH=/opt/ros/humble /usr/bin/cmake --build /home/smr/ros2_self_driving_robot/src/build/micro_ros_setup -- -j8 -l8
[3.061s] DEBUG:colcon.colcon_core.event_handler.log_command:Invoking command in '/home/smr/ros2_self_driving_robot/src/build/micro_ros_setup': CMAKE_PREFIX_PATH=/opt/ros/humble /usr/bin/cmake --install /home/smr/ros2_self_driving_robot/src/build/micro_ros_setup
[3.094s] Level 1:colcon.colcon_core.environment:create_environment_scripts_only(micro_ros_setup)
[3.094s] Level 1:colcon.colcon_core.environment:checking '/home/smr/ros2_self_driving_robot/src/install/micro_ros_setup' for CMake module files
[3.099s] Level 1:colcon.colcon_core.environment:checking '/home/smr/ros2_self_driving_robot/src/install/micro_ros_setup' for CMake config files
[3.100s] Level 1:colcon.colcon_core.shell:create_environment_hook('micro_ros_setup', 'cmake_prefix_path')
[3.101s] INFO:colcon.colcon_core.shell:Creating environment hook '/home/smr/ros2_self_driving_robot/src/install/micro_ros_setup/share/micro_ros_setup/hook/cmake_prefix_path.ps1'
[3.103s] INFO:colcon.colcon_core.shell:Creating environment descriptor '/home/smr/ros2_self_driving_robot/src/install/micro_ros_setup/share/micro_ros_setup/hook/cmake_prefix_path.dsv'
[3.105s] INFO:colcon.colcon_core.shell:Creating environment hook '/home/smr/ros2_self_driving_robot/src/install/micro_ros_setup/share/micro_ros_setup/hook/cmake_prefix_path.sh'
[3.107s] Level 1:colcon.colcon_core.environment:checking '/home/smr/ros2_self_driving_robot/src/install/micro_ros_setup/lib'
[3.108s] Level 1:colcon.colcon_core.environment:checking '/home/smr/ros2_self_driving_robot/src/install/micro_ros_setup/bin'
[3.109s] Level 1:colcon.colcon_core.environment:checking '/home/smr/ros2_self_driving_robot/src/install/micro_ros_setup/lib/pkgconfig/micro_ros_setup.pc'
[3.112s] Level 1:colcon.colcon_core.environment:checking '/home/smr/ros2_self_driving_robot/src/install/micro_ros_setup/lib/python3.10/site-packages'
[3.114s] Level 1:colcon.colcon_core.environment:checking '/home/smr/ros2_self_driving_robot/src/install/micro_ros_setup/bin'
[3.117s] INFO:colcon.colcon_core.shell:Creating package script '/home/smr/ros2_self_driving_robot/src/install/micro_ros_setup/share/micro_ros_setup/package.ps1'
[3.121s] INFO:colcon.colcon_core.shell:Creating package descriptor '/home/smr/ros2_self_driving_robot/src/install/micro_ros_setup/share/micro_ros_setup/package.dsv'
[3.125s] INFO:colcon.colcon_core.shell:Creating package script '/home/smr/ros2_self_driving_robot/src/install/micro_ros_setup/share/micro_ros_setup/package.sh'
[3.126s] INFO:colcon.colcon_core.shell:Creating package script '/home/smr/ros2_self_driving_robot/src/install/micro_ros_setup/share/micro_ros_setup/package.bash'
[3.127s] INFO:colcon.colcon_core.shell:Creating package script '/home/smr/ros2_self_driving_robot/src/install/micro_ros_setup/share/micro_ros_setup/package.zsh'
[3.127s] Level 1:colcon.colcon_core.environment:create_file_with_runtime_dependencies(/home/smr/ros2_self_driving_robot/src/install/micro_ros_setup/share/colcon-core/packages/micro_ros_setup)
[3.176s] DEBUG:colcon.colcon_core.event_handler.log_command:Invoked command in '/home/smr/ros2_self_driving_robot/src/build/micro_ros_setup' returned '0': CMAKE_PREFIX_PATH=/opt/ros/humble /usr/bin/cmake --install /home/smr/ros2_self_driving_robot/src/build/micro_ros_setup
[3.179s] Level 1:colcon.colcon_core.environment:create_environment_scripts_only(micro_ros_setup)
[3.180s] Level 1:colcon.colcon_core.environment:checking '/home/smr/ros2_self_driving_robot/src/install/micro_ros_setup' for CMake module files
[3.183s] Level 1:colcon.colcon_core.environment:checking '/home/smr/ros2_self_driving_robot/src/install/micro_ros_setup' for CMake config files
[3.185s] Level 1:colcon.colcon_core.shell:create_environment_hook('micro_ros_setup', 'cmake_prefix_path')
[3.186s] INFO:colcon.colcon_core.shell:Creating environment hook '/home/smr/ros2_self_driving_robot/src/install/micro_ros_setup/share/micro_ros_setup/hook/cmake_prefix_path.ps1'
[3.188s] INFO:colcon.colcon_core.shell:Creating environment descriptor '/home/smr/ros2_self_driving_robot/src/install/micro_ros_setup/share/micro_ros_setup/hook/cmake_prefix_path.dsv'
[3.189s] INFO:colcon.colcon_core.shell:Creating environment hook '/home/smr/ros2_self_driving_robot/src/install/micro_ros_setup/share/micro_ros_setup/hook/cmake_prefix_path.sh'
[3.191s] Level 1:colcon.colcon_core.environment:checking '/home/smr/ros2_self_driving_robot/src/install/micro_ros_setup/lib'
[3.192s] Level 1:colcon.colcon_core.environment:checking '/home/smr/ros2_self_driving_robot/src/install/micro_ros_setup/bin'
[3.192s] Level 1:colcon.colcon_core.environment:checking '/home/smr/ros2_self_driving_robot/src/install/micro_ros_setup/lib/pkgconfig/micro_ros_setup.pc'
[3.193s] Level 1:colcon.colcon_core.environment:checking '/home/smr/ros2_self_driving_robot/src/install/micro_ros_setup/lib/python3.10/site-packages'
[3.194s] Level 1:colcon.colcon_core.environment:checking '/home/smr/ros2_self_driving_robot/src/install/micro_ros_setup/bin'
[3.196s] INFO:colcon.colcon_core.shell:Creating package script '/home/smr/ros2_self_driving_robot/src/install/micro_ros_setup/share/micro_ros_setup/package.ps1'
[3.198s] INFO:colcon.colcon_core.shell:Creating package descriptor '/home/smr/ros2_self_driving_robot/src/install/micro_ros_setup/share/micro_ros_setup/package.dsv'
[3.201s] INFO:colcon.colcon_core.shell:Creating package script '/home/smr/ros2_self_driving_robot/src/install/micro_ros_setup/share/micro_ros_setup/package.sh'
[3.203s] INFO:colcon.colcon_core.shell:Creating package script '/home/smr/ros2_self_driving_robot/src/install/micro_ros_setup/share/micro_ros_setup/package.bash'
[3.205s] INFO:colcon.colcon_core.shell:Creating package script '/home/smr/ros2_self_driving_robot/src/install/micro_ros_setup/share/micro_ros_setup/package.zsh'
[3.207s] Level 1:colcon.colcon_core.environment:create_file_with_runtime_dependencies(/home/smr/ros2_self_driving_robot/src/install/micro_ros_setup/share/colcon-core/packages/micro_ros_setup)
[3.214s] DEBUG:colcon.colcon_core.event_handler.log_command:Invoked command in '/home/smr/ros2_self_driving_robot/src/build/sllidar_ros2' returned '0': CMAKE_PREFIX_PATH=/opt/ros/humble /usr/bin/cmake --build /home/smr/ros2_self_driving_robot/src/build/sllidar_ros2 -- -j8 -l8
[3.393s] DEBUG:colcon.colcon_core.event_handler.log_command:Invoking command in '/home/smr/ros2_self_driving_robot/src/build/sllidar_ros2': CMAKE_PREFIX_PATH=/opt/ros/humble /usr/bin/cmake --install /home/smr/ros2_self_driving_robot/src/build/sllidar_ros2
[3.444s] Level 1:colcon.colcon_core.environment:create_environment_scripts_only(sllidar_ros2)
[3.446s] Level 1:colcon.colcon_core.environment:checking '/home/smr/ros2_self_driving_robot/src/install/sllidar_ros2' for CMake module files
[3.448s] DEBUG:colcon.colcon_core.event_handler.log_command:Invoked command in '/home/smr/ros2_self_driving_robot/src/build/sllidar_ros2' returned '0': CMAKE_PREFIX_PATH=/opt/ros/humble /usr/bin/cmake --install /home/smr/ros2_self_driving_robot/src/build/sllidar_ros2
[3.450s] Level 1:colcon.colcon_core.environment:checking '/home/smr/ros2_self_driving_robot/src/install/sllidar_ros2' for CMake config files
[3.452s] Level 1:colcon.colcon_core.shell:create_environment_hook('sllidar_ros2', 'cmake_prefix_path')
[3.454s] INFO:colcon.colcon_core.shell:Creating environment hook '/home/smr/ros2_self_driving_robot/src/install/sllidar_ros2/share/sllidar_ros2/hook/cmake_prefix_path.ps1'
[3.456s] INFO:colcon.colcon_core.shell:Creating environment descriptor '/home/smr/ros2_self_driving_robot/src/install/sllidar_ros2/share/sllidar_ros2/hook/cmake_prefix_path.dsv'
[3.458s] INFO:colcon.colcon_core.shell:Creating environment hook '/home/smr/ros2_self_driving_robot/src/install/sllidar_ros2/share/sllidar_ros2/hook/cmake_prefix_path.sh'
[3.460s] Level 1:colcon.colcon_core.environment:checking '/home/smr/ros2_self_driving_robot/src/install/sllidar_ros2/lib'
[3.461s] Level 1:colcon.colcon_core.environment:checking '/home/smr/ros2_self_driving_robot/src/install/sllidar_ros2/bin'
[3.461s] Level 1:colcon.colcon_core.environment:checking '/home/smr/ros2_self_driving_robot/src/install/sllidar_ros2/lib/pkgconfig/sllidar_ros2.pc'
[3.462s] Level 1:colcon.colcon_core.environment:checking '/home/smr/ros2_self_driving_robot/src/install/sllidar_ros2/lib/python3.10/site-packages'
[3.464s] Level 1:colcon.colcon_core.environment:checking '/home/smr/ros2_self_driving_robot/src/install/sllidar_ros2/bin'
[3.466s] INFO:colcon.colcon_core.shell:Creating package script '/home/smr/ros2_self_driving_robot/src/install/sllidar_ros2/share/sllidar_ros2/package.ps1'
[3.469s] INFO:colcon.colcon_core.shell:Creating package descriptor '/home/smr/ros2_self_driving_robot/src/install/sllidar_ros2/share/sllidar_ros2/package.dsv'
[3.471s] INFO:colcon.colcon_core.shell:Creating package script '/home/smr/ros2_self_driving_robot/src/install/sllidar_ros2/share/sllidar_ros2/package.sh'
[3.473s] INFO:colcon.colcon_core.shell:Creating package script '/home/smr/ros2_self_driving_robot/src/install/sllidar_ros2/share/sllidar_ros2/package.bash'
[3.474s] INFO:colcon.colcon_core.shell:Creating package script '/home/smr/ros2_self_driving_robot/src/install/sllidar_ros2/share/sllidar_ros2/package.zsh'
[3.476s] Level 1:colcon.colcon_core.environment:create_file_with_runtime_dependencies(/home/smr/ros2_self_driving_robot/src/install/sllidar_ros2/share/colcon-core/packages/sllidar_ros2)
[3.665s] Level 1:colcon.colcon_core.environment:create_environment_scripts_only(sllidar_ros2)
[3.668s] Level 1:colcon.colcon_core.environment:checking '/home/smr/ros2_self_driving_robot/src/install/sllidar_ros2' for CMake module files
[3.672s] Level 1:colcon.colcon_core.environment:checking '/home/smr/ros2_self_driving_robot/src/install/sllidar_ros2' for CMake config files
[3.673s] Level 1:colcon.colcon_core.shell:create_environment_hook('sllidar_ros2', 'cmake_prefix_path')
[3.674s] INFO:colcon.colcon_core.shell:Creating environment hook '/home/smr/ros2_self_driving_robot/src/install/sllidar_ros2/share/sllidar_ros2/hook/cmake_prefix_path.ps1'
[3.676s] INFO:colcon.colcon_core.shell:Creating environment descriptor '/home/smr/ros2_self_driving_robot/src/install/sllidar_ros2/share/sllidar_ros2/hook/cmake_prefix_path.dsv'
[3.678s] INFO:colcon.colcon_core.shell:Creating environment hook '/home/smr/ros2_self_driving_robot/src/install/sllidar_ros2/share/sllidar_ros2/hook/cmake_prefix_path.sh'
[3.681s] Level 1:colcon.colcon_core.environment:checking '/home/smr/ros2_self_driving_robot/src/install/sllidar_ros2/lib'
[3.681s] Level 1:colcon.colcon_core.environment:checking '/home/smr/ros2_self_driving_robot/src/install/sllidar_ros2/bin'
[3.682s] Level 1:colcon.colcon_core.environment:checking '/home/smr/ros2_self_driving_robot/src/install/sllidar_ros2/lib/pkgconfig/sllidar_ros2.pc'
[3.683s] Level 1:colcon.colcon_core.environment:checking '/home/smr/ros2_self_driving_robot/src/install/sllidar_ros2/lib/python3.10/site-packages'
[3.684s] Level 1:colcon.colcon_core.environment:checking '/home/smr/ros2_self_driving_robot/src/install/sllidar_ros2/bin'
[3.685s] INFO:colcon.colcon_core.shell:Creating package script '/home/smr/ros2_self_driving_robot/src/install/sllidar_ros2/share/sllidar_ros2/package.ps1'
[3.689s] INFO:colcon.colcon_core.shell:Creating package descriptor '/home/smr/ros2_self_driving_robot/src/install/sllidar_ros2/share/sllidar_ros2/package.dsv'
[3.692s] INFO:colcon.colcon_core.shell:Creating package script '/home/smr/ros2_self_driving_robot/src/install/sllidar_ros2/share/sllidar_ros2/package.sh'
[3.694s] INFO:colcon.colcon_core.shell:Creating package script '/home/smr/ros2_self_driving_robot/src/install/sllidar_ros2/share/sllidar_ros2/package.bash'
[3.696s] INFO:colcon.colcon_core.shell:Creating package script '/home/smr/ros2_self_driving_robot/src/install/sllidar_ros2/share/sllidar_ros2/package.zsh'
[3.698s] Level 1:colcon.colcon_core.environment:create_file_with_runtime_dependencies(/home/smr/ros2_self_driving_robot/src/install/sllidar_ros2/share/colcon-core/packages/sllidar_ros2)
[3.897s] DEBUG:colcon.colcon_core.event_handler.log_command:Invoked command in '/home/smr/ros2_self_driving_robot/src/build/robot_navigation' returned '0': CMAKE_PREFIX_PATH=/opt/ros/humble /usr/bin/cmake /home/smr/ros2_self_driving_robot/src/robot_navigation -DCMAKE_INSTALL_PREFIX=/home/smr/ros2_self_driving_robot/src/install/robot_navigation
[3.902s] DEBUG:colcon.colcon_core.event_handler.log_command:Invoking command in '/home/smr/ros2_self_driving_robot/src/build/robot_navigation': CMAKE_PREFIX_PATH=/opt/ros/humble /usr/bin/cmake --build /home/smr/ros2_self_driving_robot/src/build/robot_navigation -- -j8 -l8
[4.006s] DEBUG:colcon.colcon_core.event_handler.log_command:Invoked command in '/home/smr/ros2_self_driving_robot/src/build/robot_navigation' returned '0': CMAKE_PREFIX_PATH=/opt/ros/humble /usr/bin/cmake --build /home/smr/ros2_self_driving_robot/src/build/robot_navigation -- -j8 -l8
[4.053s] DEBUG:colcon.colcon_core.event_handler.log_command:Invoking command in '/home/smr/ros2_self_driving_robot/src/build/robot_navigation': CMAKE_PREFIX_PATH=/opt/ros/humble /usr/bin/cmake --install /home/smr/ros2_self_driving_robot/src/build/robot_navigation
[4.257s] DEBUG:colcon.colcon_core.event_handler.log_command:Invoked command in '/home/smr/ros2_self_driving_robot/src/build/robot_bringup' returned '0': CMAKE_PREFIX_PATH=/opt/ros/humble /usr/bin/cmake /home/smr/ros2_self_driving_robot/src/robot_bringup -DCMAKE_INSTALL_PREFIX=/home/smr/ros2_self_driving_robot/src/install/robot_bringup
[4.262s] DEBUG:colcon.colcon_core.event_handler.log_command:Invoking command in '/home/smr/ros2_self_driving_robot/src/build/robot_bringup': CMAKE_PREFIX_PATH=/opt/ros/humble /usr/bin/cmake --build /home/smr/ros2_self_driving_robot/src/build/robot_bringup -- -j8 -l8
[4.284s] Level 1:colcon.colcon_core.environment:create_environment_scripts_only(robot_navigation)
[4.286s] Level 1:colcon.colcon_core.environment:checking '/home/smr/ros2_self_driving_robot/src/install/robot_navigation' for CMake module files
[4.287s] DEBUG:colcon.colcon_core.event_handler.log_command:Invoked command in '/home/smr/ros2_self_driving_robot/src/build/robot_navigation' returned '0': CMAKE_PREFIX_PATH=/opt/ros/humble /usr/bin/cmake --install /home/smr/ros2_self_driving_robot/src/build/robot_navigation
[4.289s] Level 1:colcon.colcon_core.environment:checking '/home/smr/ros2_self_driving_robot/src/install/robot_navigation' for CMake config files
[4.290s] Level 1:colcon.colcon_core.shell:create_environment_hook('robot_navigation', 'cmake_prefix_path')
[4.291s] INFO:colcon.colcon_core.shell:Creating environment hook '/home/smr/ros2_self_driving_robot/src/install/robot_navigation/share/robot_navigation/hook/cmake_prefix_path.ps1'
[4.293s] INFO:colcon.colcon_core.shell:Creating environment descriptor '/home/smr/ros2_self_driving_robot/src/install/robot_navigation/share/robot_navigation/hook/cmake_prefix_path.dsv'
[4.294s] INFO:colcon.colcon_core.shell:Creating environment hook '/home/smr/ros2_self_driving_robot/src/install/robot_navigation/share/robot_navigation/hook/cmake_prefix_path.sh'
[4.296s] Level 1:colcon.colcon_core.environment:checking '/home/smr/ros2_self_driving_robot/src/install/robot_navigation/bin'
[4.296s] Level 1:colcon.colcon_core.environment:checking '/home/smr/ros2_self_driving_robot/src/install/robot_navigation/lib/pkgconfig/robot_navigation.pc'
[4.297s] Level 1:colcon.colcon_core.environment:checking '/home/smr/ros2_self_driving_robot/src/install/robot_navigation/lib/python3.10/site-packages'
[4.298s] Level 1:colcon.colcon_core.environment:checking '/home/smr/ros2_self_driving_robot/src/install/robot_navigation/bin'
[4.299s] INFO:colcon.colcon_core.shell:Creating package script '/home/smr/ros2_self_driving_robot/src/install/robot_navigation/share/robot_navigation/package.ps1'
[4.301s] INFO:colcon.colcon_core.shell:Creating package descriptor '/home/smr/ros2_self_driving_robot/src/install/robot_navigation/share/robot_navigation/package.dsv'
[4.303s] INFO:colcon.colcon_core.shell:Creating package script '/home/smr/ros2_self_driving_robot/src/install/robot_navigation/share/robot_navigation/package.sh'
[4.304s] INFO:colcon.colcon_core.shell:Creating package script '/home/smr/ros2_self_driving_robot/src/install/robot_navigation/share/robot_navigation/package.bash'
[4.306s] INFO:colcon.colcon_core.shell:Creating package script '/home/smr/ros2_self_driving_robot/src/install/robot_navigation/share/robot_navigation/package.zsh'
[4.307s] Level 1:colcon.colcon_core.environment:create_file_with_runtime_dependencies(/home/smr/ros2_self_driving_robot/src/install/robot_navigation/share/colcon-core/packages/robot_navigation)
[4.338s] Level 1:colcon.colcon_core.environment:create_environment_scripts_only(robot_navigation)
[4.338s] Level 1:colcon.colcon_core.environment:checking '/home/smr/ros2_self_driving_robot/src/install/robot_navigation' for CMake module files
[4.339s] Level 1:colcon.colcon_core.environment:checking '/home/smr/ros2_self_driving_robot/src/install/robot_navigation' for CMake config files
[4.339s] Level 1:colcon.colcon_core.shell:create_environment_hook('robot_navigation', 'cmake_prefix_path')
[4.340s] INFO:colcon.colcon_core.shell:Creating environment hook '/home/smr/ros2_self_driving_robot/src/install/robot_navigation/share/robot_navigation/hook/cmake_prefix_path.ps1'
[4.340s] INFO:colcon.colcon_core.shell:Creating environment descriptor '/home/smr/ros2_self_driving_robot/src/install/robot_navigation/share/robot_navigation/hook/cmake_prefix_path.dsv'
[4.341s] INFO:colcon.colcon_core.shell:Creating environment hook '/home/smr/ros2_self_driving_robot/src/install/robot_navigation/share/robot_navigation/hook/cmake_prefix_path.sh'
[4.342s] Level 1:colcon.colcon_core.environment:checking '/home/smr/ros2_self_driving_robot/src/install/robot_navigation/bin'
[4.342s] Level 1:colcon.colcon_core.environment:checking '/home/smr/ros2_self_driving_robot/src/install/robot_navigation/lib/pkgconfig/robot_navigation.pc'
[4.342s] Level 1:colcon.colcon_core.environment:checking '/home/smr/ros2_self_driving_robot/src/install/robot_navigation/lib/python3.10/site-packages'
[4.343s] Level 1:colcon.colcon_core.environment:checking '/home/smr/ros2_self_driving_robot/src/install/robot_navigation/bin'
[4.343s] INFO:colcon.colcon_core.shell:Creating package script '/home/smr/ros2_self_driving_robot/src/install/robot_navigation/share/robot_navigation/package.ps1'
[4.344s] INFO:colcon.colcon_core.shell:Creating package descriptor '/home/smr/ros2_self_driving_robot/src/install/robot_navigation/share/robot_navigation/package.dsv'
[4.346s] INFO:colcon.colcon_core.shell:Creating package script '/home/smr/ros2_self_driving_robot/src/install/robot_navigation/share/robot_navigation/package.sh'
[4.347s] INFO:colcon.colcon_core.shell:Creating package script '/home/smr/ros2_self_driving_robot/src/install/robot_navigation/share/robot_navigation/package.bash'
[4.347s] INFO:colcon.colcon_core.shell:Creating package script '/home/smr/ros2_self_driving_robot/src/install/robot_navigation/share/robot_navigation/package.zsh'
[4.348s] Level 1:colcon.colcon_core.environment:create_file_with_runtime_dependencies(/home/smr/ros2_self_driving_robot/src/install/robot_navigation/share/colcon-core/packages/robot_navigation)
[4.389s] DEBUG:colcon.colcon_core.event_handler.log_command:Invoked command in '/home/smr/ros2_self_driving_robot/src/build/robot_bringup' returned '0': CMAKE_PREFIX_PATH=/opt/ros/humble /usr/bin/cmake --build /home/smr/ros2_self_driving_robot/src/build/robot_bringup -- -j8 -l8
[4.453s] DEBUG:colcon.colcon_core.event_handler.log_command:Invoking command in '/home/smr/ros2_self_driving_robot/src/build/robot_bringup': CMAKE_PREFIX_PATH=/opt/ros/humble /usr/bin/cmake --install /home/smr/ros2_self_driving_robot/src/build/robot_bringup
[4.495s] Level 1:colcon.colcon_core.environment:create_environment_scripts_only(robot_bringup)
[4.497s] Level 1:colcon.colcon_core.environment:checking '/home/smr/ros2_self_driving_robot/src/install/robot_bringup' for CMake module files
[4.499s] DEBUG:colcon.colcon_core.event_handler.log_command:Invoked command in '/home/smr/ros2_self_driving_robot/src/build/robot_bringup' returned '0': CMAKE_PREFIX_PATH=/opt/ros/humble /usr/bin/cmake --install /home/smr/ros2_self_driving_robot/src/build/robot_bringup
[4.500s] Level 1:colcon.colcon_core.environment:checking '/home/smr/ros2_self_driving_robot/src/install/robot_bringup' for CMake config files
[4.501s] Level 1:colcon.colcon_core.shell:create_environment_hook('robot_bringup', 'cmake_prefix_path')
[4.502s] INFO:colcon.colcon_core.shell:Creating environment hook '/home/smr/ros2_self_driving_robot/src/install/robot_bringup/share/robot_bringup/hook/cmake_prefix_path.ps1'
[4.504s] INFO:colcon.colcon_core.shell:Creating environment descriptor '/home/smr/ros2_self_driving_robot/src/install/robot_bringup/share/robot_bringup/hook/cmake_prefix_path.dsv'
[4.505s] INFO:colcon.colcon_core.shell:Creating environment hook '/home/smr/ros2_self_driving_robot/src/install/robot_bringup/share/robot_bringup/hook/cmake_prefix_path.sh'
[4.506s] Level 1:colcon.colcon_core.environment:checking '/home/smr/ros2_self_driving_robot/src/install/robot_bringup/bin'
[4.507s] Level 1:colcon.colcon_core.environment:checking '/home/smr/ros2_self_driving_robot/src/install/robot_bringup/lib/pkgconfig/robot_bringup.pc'
[4.508s] Level 1:colcon.colcon_core.environment:checking '/home/smr/ros2_self_driving_robot/src/install/robot_bringup/lib/python3.10/site-packages'
[4.509s] Level 1:colcon.colcon_core.environment:checking '/home/smr/ros2_self_driving_robot/src/install/robot_bringup/bin'
[4.510s] INFO:colcon.colcon_core.shell:Creating package script '/home/smr/ros2_self_driving_robot/src/install/robot_bringup/share/robot_bringup/package.ps1'
[4.512s] INFO:colcon.colcon_core.shell:Creating package descriptor '/home/smr/ros2_self_driving_robot/src/install/robot_bringup/share/robot_bringup/package.dsv'
[4.513s] INFO:colcon.colcon_core.shell:Creating package script '/home/smr/ros2_self_driving_robot/src/install/robot_bringup/share/robot_bringup/package.sh'
[4.515s] INFO:colcon.colcon_core.shell:Creating package script '/home/smr/ros2_self_driving_robot/src/install/robot_bringup/share/robot_bringup/package.bash'
[4.516s] INFO:colcon.colcon_core.shell:Creating package script '/home/smr/ros2_self_driving_robot/src/install/robot_bringup/share/robot_bringup/package.zsh'
[4.517s] Level 1:colcon.colcon_core.environment:create_file_with_runtime_dependencies(/home/smr/ros2_self_driving_robot/src/install/robot_bringup/share/colcon-core/packages/robot_bringup)
[4.579s] Level 1:colcon.colcon_core.environment:create_environment_scripts_only(robot_bringup)
[4.579s] Level 1:colcon.colcon_core.environment:checking '/home/smr/ros2_self_driving_robot/src/install/robot_bringup' for CMake module files
[4.580s] Level 1:colcon.colcon_core.environment:checking '/home/smr/ros2_self_driving_robot/src/install/robot_bringup' for CMake config files
[4.580s] Level 1:colcon.colcon_core.shell:create_environment_hook('robot_bringup', 'cmake_prefix_path')
[4.580s] INFO:colcon.colcon_core.shell:Creating environment hook '/home/smr/ros2_self_driving_robot/src/install/robot_bringup/share/robot_bringup/hook/cmake_prefix_path.ps1'
[4.581s] INFO:colcon.colcon_core.shell:Creating environment descriptor '/home/smr/ros2_self_driving_robot/src/install/robot_bringup/share/robot_bringup/hook/cmake_prefix_path.dsv'
[4.581s] INFO:colcon.colcon_core.shell:Creating environment hook '/home/smr/ros2_self_driving_robot/src/install/robot_bringup/share/robot_bringup/hook/cmake_prefix_path.sh'
[4.582s] Level 1:colcon.colcon_core.environment:checking '/home/smr/ros2_self_driving_robot/src/install/robot_bringup/bin'
[4.582s] Level 1:colcon.colcon_core.environment:checking '/home/smr/ros2_self_driving_robot/src/install/robot_bringup/lib/pkgconfig/robot_bringup.pc'
[4.582s] Level 1:colcon.colcon_core.environment:checking '/home/smr/ros2_self_driving_robot/src/install/robot_bringup/lib/python3.10/site-packages'
[4.583s] Level 1:colcon.colcon_core.environment:checking '/home/smr/ros2_self_driving_robot/src/install/robot_bringup/bin'
[4.583s] INFO:colcon.colcon_core.shell:Creating package script '/home/smr/ros2_self_driving_robot/src/install/robot_bringup/share/robot_bringup/package.ps1'
[4.584s] INFO:colcon.colcon_core.shell:Creating package descriptor '/home/smr/ros2_self_driving_robot/src/install/robot_bringup/share/robot_bringup/package.dsv'
[4.584s] INFO:colcon.colcon_core.shell:Creating package script '/home/smr/ros2_self_driving_robot/src/install/robot_bringup/share/robot_bringup/package.sh'
[4.585s] INFO:colcon.colcon_core.shell:Creating package script '/home/smr/ros2_self_driving_robot/src/install/robot_bringup/share/robot_bringup/package.bash'
[4.585s] INFO:colcon.colcon_core.shell:Creating package script '/home/smr/ros2_self_driving_robot/src/install/robot_bringup/share/robot_bringup/package.zsh'
[4.586s] Level 1:colcon.colcon_core.environment:create_file_with_runtime_dependencies(/home/smr/ros2_self_driving_robot/src/install/robot_bringup/share/colcon-core/packages/robot_bringup)
[4.586s] DEBUG:colcon.colcon_parallel_executor.executor.parallel:closing loop
[4.587s] DEBUG:colcon.colcon_parallel_executor.executor.parallel:loop closed
[4.587s] DEBUG:colcon.colcon_parallel_executor.executor.parallel:run_until_complete finished with '0'
[4.587s] DEBUG:colcon.colcon_core.event_reactor:joining thread
[4.600s] INFO:colcon.colcon_core.plugin_system:Skipping extension 'colcon_notification.desktop_notification.terminal_notifier': Not used on non-Darwin systems
[4.600s] INFO:colcon.colcon_core.plugin_system:Skipping extension 'colcon_notification.desktop_notification.win32': Not used on non-Windows systems
[4.600s] INFO:colcon.colcon_notification.desktop_notification:Sending desktop notification using 'notify2'
[4.882s] DEBUG:colcon.colcon_core.event_reactor:joined thread
[4.882s] INFO:colcon.colcon_core.shell:Creating prefix script '/home/smr/ros2_self_driving_robot/src/install/local_setup.ps1'
[4.884s] INFO:colcon.colcon_core.shell:Creating prefix util module '/home/smr/ros2_self_driving_robot/src/install/_local_setup_util_ps1.py'
[4.886s] INFO:colcon.colcon_core.shell:Creating prefix chain script '/home/smr/ros2_self_driving_robot/src/install/setup.ps1'
[4.888s] INFO:colcon.colcon_core.shell:Creating prefix script '/home/smr/ros2_self_driving_robot/src/install/local_setup.sh'
[4.889s] INFO:colcon.colcon_core.shell:Creating prefix util module '/home/smr/ros2_self_driving_robot/src/install/_local_setup_util_sh.py'
[4.890s] INFO:colcon.colcon_core.shell:Creating prefix chain script '/home/smr/ros2_self_driving_robot/src/install/setup.sh'
[4.892s] INFO:colcon.colcon_core.shell:Creating prefix script '/home/smr/ros2_self_driving_robot/src/install/local_setup.bash'
[4.893s] INFO:colcon.colcon_core.shell:Creating prefix chain script '/home/smr/ros2_self_driving_robot/src/install/setup.bash'
[4.895s] INFO:colcon.colcon_core.shell:Creating prefix script '/home/smr/ros2_self_driving_robot/src/install/local_setup.zsh'
[4.896s] INFO:colcon.colcon_core.shell:Creating prefix chain script '/home/smr/ros2_self_driving_robot/src/install/setup.zsh'
