[0.040s] Invoking command in '/home/smr/ros2_self_driving_robot/src/build/robot_navigation': CMAKE_PREFIX_PATH=/opt/ros/humble /usr/bin/cmake /home/smr/ros2_self_driving_robot/src/robot_navigation -DCMAKE_INSTALL_PREFIX=/home/smr/ros2_self_driving_robot/src/install/robot_navigation
[0.412s] -- The C compiler identification is GNU 11.4.0
[0.695s] -- The CXX compiler identification is GNU 11.4.0
[0.715s] -- Detecting C compiler ABI info
[0.933s] -- Detecting C compiler ABI info - done
[0.943s] -- Check for working C compiler: /usr/bin/cc - skipped
[0.944s] -- Detecting C compile features
[0.946s] -- Detecting C compile features - done
[0.948s] -- Detecting CXX compiler ABI info
[1.166s] -- Detecting CXX compiler ABI info - done
[1.175s] -- Check for working CXX compiler: /usr/bin/c++ - skipped
[1.175s] -- Detecting CXX compile features
[1.176s] -- Detecting CXX compile features - done
[1.183s] -- Found ament_cmake: 1.3.8 (/opt/ros/humble/share/ament_cmake/cmake)
[1.563s] -- Found Python3: /usr/bin/python3 (found version "3.10.12") found components: Interpreter 
[1.785s] -- Found rclcpp: 16.0.8 (/opt/ros/humble/share/rclcpp/cmake)
[1.854s] -- Found rosidl_generator_c: 3.1.5 (/opt/ros/humble/share/rosidl_generator_c/cmake)
[1.867s] -- Found rosidl_adapter: 3.1.5 (/opt/ros/humble/share/rosidl_adapter/cmake)
[1.887s] -- Found rosidl_generator_cpp: 3.1.5 (/opt/ros/humble/share/rosidl_generator_cpp/cmake)
[1.907s] -- Using all available rosidl_typesupport_c: rosidl_typesupport_fastrtps_c;rosidl_typesupport_introspection_c
[1.938s] -- Using all available rosidl_typesupport_cpp: rosidl_typesupport_fastrtps_cpp;rosidl_typesupport_introspection_cpp
[2.043s] -- Found rmw_implementation_cmake: 6.1.1 (/opt/ros/humble/share/rmw_implementation_cmake/cmake)
[2.049s] -- Found rmw_fastrtps_cpp: 6.2.6 (/opt/ros/humble/share/rmw_fastrtps_cpp/cmake)
[2.235s] -- Found OpenSSL: /usr/lib/aarch64-linux-gnu/libcrypto.so (found version "3.0.2")  
[2.268s] -- Found FastRTPS: /opt/ros/humble/include  
[2.382s] -- Using RMW implementation 'rmw_fastrtps_cpp' as default
[2.382s] -- Looking for pthread.h
[2.489s] -- Looking for pthread.h - found
[2.490s] -- Performing Test CMAKE_HAVE_LIBC_PTHREAD
[2.674s] -- Performing Test CMAKE_HAVE_LIBC_PTHREAD - Success
[2.674s] -- Found Threads: TRUE  
[2.921s] -- Found ament_lint_auto: 0.12.10 (/opt/ros/humble/share/ament_lint_auto/cmake)
[3.073s] -- Added test 'flake8' to check Python code syntax and style conventions
[3.074s] -- Added test 'lint_cmake' to check CMake code style
[3.074s] -- Added test 'pep257' to check Python code against some of the docstring style conventions in PEP 257
[3.076s] -- Added test 'xmllint' to check XML markup files
[3.078s] -- Configuring done
[3.084s] -- Generating done
[3.087s] -- Build files have been written to: /home/smr/ros2_self_driving_robot/src/build/robot_navigation
[3.103s] Invoked command in '/home/smr/ros2_self_driving_robot/src/build/robot_navigation' returned '0': CMAKE_PREFIX_PATH=/opt/ros/humble /usr/bin/cmake /home/smr/ros2_self_driving_robot/src/robot_navigation -DCMAKE_INSTALL_PREFIX=/home/smr/ros2_self_driving_robot/src/install/robot_navigation
[3.108s] Invoking command in '/home/smr/ros2_self_driving_robot/src/build/robot_navigation': CMAKE_PREFIX_PATH=/opt/ros/humble /usr/bin/cmake --build /home/smr/ros2_self_driving_robot/src/build/robot_navigation -- -j8 -l8
[3.211s] Invoked command in '/home/smr/ros2_self_driving_robot/src/build/robot_navigation' returned '0': CMAKE_PREFIX_PATH=/opt/ros/humble /usr/bin/cmake --build /home/smr/ros2_self_driving_robot/src/build/robot_navigation -- -j8 -l8
[3.258s] Invoking command in '/home/smr/ros2_self_driving_robot/src/build/robot_navigation': CMAKE_PREFIX_PATH=/opt/ros/humble /usr/bin/cmake --install /home/smr/ros2_self_driving_robot/src/build/robot_navigation
[3.281s] -- Install configuration: ""
[3.281s] -- Installing: /home/smr/ros2_self_driving_robot/src/install/robot_navigation/share/robot_navigation/launch
[3.282s] -- Installing: /home/smr/ros2_self_driving_robot/src/install/robot_navigation/share/robot_navigation/launch/slam.launch.py
[3.283s] -- Installing: /home/smr/ros2_self_driving_robot/src/install/robot_navigation/share/robot_navigation/launch/navigation.launch.py
[3.284s] -- Installing: /home/smr/ros2_self_driving_robot/src/install/robot_navigation/share/robot_navigation/config
[3.284s] -- Installing: /home/smr/ros2_self_driving_robot/src/install/robot_navigation/share/robot_navigation/config/mapper_params_online_async.yaml
[3.284s] -- Installing: /home/smr/ros2_self_driving_robot/src/install/robot_navigation/share/robot_navigation/config/navigation.yaml
[3.285s] -- Installing: /home/smr/ros2_self_driving_robot/src/install/robot_navigation/share/robot_navigation/rviz
[3.286s] -- Installing: /home/smr/ros2_self_driving_robot/src/install/robot_navigation/share/robot_navigation/rviz/slam.rviz
[3.287s] -- Installing: /home/smr/ros2_self_driving_robot/src/install/robot_navigation/share/robot_navigation/maps
[3.287s] -- Installing: /home/smr/ros2_self_driving_robot/src/install/robot_navigation/share/robot_navigation/maps/2_map_save.yaml
[3.288s] -- Installing: /home/smr/ros2_self_driving_robot/src/install/robot_navigation/share/robot_navigation/maps/first_map_save.pgm
[3.289s] -- Installing: /home/smr/ros2_self_driving_robot/src/install/robot_navigation/share/robot_navigation/maps/first_map_serial.data
[3.324s] -- Installing: /home/smr/ros2_self_driving_robot/src/install/robot_navigation/share/robot_navigation/maps/2_map_serial.data
[3.338s] -- Installing: /home/smr/ros2_self_driving_robot/src/install/robot_navigation/share/robot_navigation/maps/2_map_serial.posegraph
[3.405s] -- Installing: /home/smr/ros2_self_driving_robot/src/install/robot_navigation/share/robot_navigation/maps/2_map_save.pgm
[3.406s] -- Installing: /home/smr/ros2_self_driving_robot/src/install/robot_navigation/share/robot_navigation/maps/first_map_save.yaml
[3.407s] -- Installing: /home/smr/ros2_self_driving_robot/src/install/robot_navigation/share/robot_navigation/maps/first_map_serial.posegraph
[3.485s] -- Installing: /home/smr/ros2_self_driving_robot/src/install/robot_navigation/share/ament_index/resource_index/package_run_dependencies/robot_navigation
[3.485s] -- Installing: /home/smr/ros2_self_driving_robot/src/install/robot_navigation/share/ament_index/resource_index/parent_prefix_path/robot_navigation
[3.485s] -- Installing: /home/smr/ros2_self_driving_robot/src/install/robot_navigation/share/robot_navigation/environment/ament_prefix_path.sh
[3.486s] -- Installing: /home/smr/ros2_self_driving_robot/src/install/robot_navigation/share/robot_navigation/environment/ament_prefix_path.dsv
[3.486s] -- Installing: /home/smr/ros2_self_driving_robot/src/install/robot_navigation/share/robot_navigation/environment/path.sh
[3.486s] -- Installing: /home/smr/ros2_self_driving_robot/src/install/robot_navigation/share/robot_navigation/environment/path.dsv
[3.486s] -- Installing: /home/smr/ros2_self_driving_robot/src/install/robot_navigation/share/robot_navigation/local_setup.bash
[3.486s] -- Installing: /home/smr/ros2_self_driving_robot/src/install/robot_navigation/share/robot_navigation/local_setup.sh
[3.486s] -- Installing: /home/smr/ros2_self_driving_robot/src/install/robot_navigation/share/robot_navigation/local_setup.zsh
[3.487s] -- Installing: /home/smr/ros2_self_driving_robot/src/install/robot_navigation/share/robot_navigation/local_setup.dsv
[3.487s] -- Installing: /home/smr/ros2_self_driving_robot/src/install/robot_navigation/share/robot_navigation/package.dsv
[3.487s] -- Installing: /home/smr/ros2_self_driving_robot/src/install/robot_navigation/share/ament_index/resource_index/packages/robot_navigation
[3.487s] -- Installing: /home/smr/ros2_self_driving_robot/src/install/robot_navigation/share/robot_navigation/cmake/robot_navigationConfig.cmake
[3.487s] -- Installing: /home/smr/ros2_self_driving_robot/src/install/robot_navigation/share/robot_navigation/cmake/robot_navigationConfig-version.cmake
[3.487s] -- Installing: /home/smr/ros2_self_driving_robot/src/install/robot_navigation/share/robot_navigation/package.xml
[3.491s] Invoked command in '/home/smr/ros2_self_driving_robot/src/build/robot_navigation' returned '0': CMAKE_PREFIX_PATH=/opt/ros/humble /usr/bin/cmake --install /home/smr/ros2_self_driving_robot/src/build/robot_navigation
