[0.034s] Invoking command in '/home/smr/ros2_self_driving_robot/build/sllidar_ros2': CMAKE_PREFIX_PATH=${CMAKE_PREFIX_PATH}:/opt/ros/humble /usr/bin/cmake /home/smr/ros2_self_driving_robot/src/sllidar_ros2 -DCMAKE_INSTALL_PREFIX=/home/smr/ros2_self_driving_robot/install/sllidar_ros2
[0.295s] -- The C compiler identification is GNU 11.4.0
[0.583s] -- The CXX compiler identification is GNU 11.4.0
[0.608s] -- Detecting C compiler ABI info
[0.823s] -- Detecting C compiler ABI info - done
[0.862s] -- Check for working C compiler: /usr/bin/cc - skipped
[0.863s] -- Detecting C compile features
[0.864s] -- Detecting C compile features - done
[0.876s] -- Detecting CXX compiler ABI info
[1.044s] -- Detecting CXX compiler ABI info - done
[1.092s] -- Check for working CXX compiler: /usr/bin/c++ - skipped
[1.093s] -- Detecting CXX compile features
[1.096s] -- Detecting CXX compile features - done
[1.099s] -- Found ament_cmake: 1.3.8 (/opt/ros/humble/share/ament_cmake/cmake)
[1.427s] -- Found Python3: /usr/bin/python3 (found version "3.10.12") found components: Interpreter 
[1.582s] -- Found rclcpp: 16.0.8 (/opt/ros/humble/share/rclcpp/cmake)
[1.676s] -- Found rosidl_generator_c: 3.1.5 (/opt/ros/humble/share/rosidl_generator_c/cmake)
[1.687s] -- Found rosidl_adapter: 3.1.5 (/opt/ros/humble/share/rosidl_adapter/cmake)
[1.708s] -- Found rosidl_generator_cpp: 3.1.5 (/opt/ros/humble/share/rosidl_generator_cpp/cmake)
[1.739s] -- Using all available rosidl_typesupport_c: rosidl_typesupport_fastrtps_c;rosidl_typesupport_introspection_c
[1.775s] -- Using all available rosidl_typesupport_cpp: rosidl_typesupport_fastrtps_cpp;rosidl_typesupport_introspection_cpp
[1.904s] -- Found rmw_implementation_cmake: 6.1.1 (/opt/ros/humble/share/rmw_implementation_cmake/cmake)
[1.910s] -- Found rmw_fastrtps_cpp: 6.2.6 (/opt/ros/humble/share/rmw_fastrtps_cpp/cmake)
[2.103s] -- Found OpenSSL: /usr/lib/aarch64-linux-gnu/libcrypto.so (found version "3.0.2")  
[2.135s] -- Found FastRTPS: /opt/ros/humble/include  
[2.186s] -- Using RMW implementation 'rmw_fastrtps_cpp' as default
[2.208s] -- Looking for pthread.h
[2.379s] -- Looking for pthread.h - found
[2.379s] -- Performing Test CMAKE_HAVE_LIBC_PTHREAD
[2.579s] -- Performing Test CMAKE_HAVE_LIBC_PTHREAD - Success
[2.583s] -- Found Threads: TRUE  
[2.916s] -- Found sensor_msgs: 4.2.3 (/opt/ros/humble/share/sensor_msgs/cmake)
[3.132s] -- Found std_srvs: 4.2.3 (/opt/ros/humble/share/std_srvs/cmake)
[3.314s] -- Configuring done
[3.371s] -- Generating done
[3.372s] -- Build files have been written to: /home/smr/ros2_self_driving_robot/build/sllidar_ros2
[3.395s] Invoked command in '/home/smr/ros2_self_driving_robot/build/sllidar_ros2' returned '0': CMAKE_PREFIX_PATH=${CMAKE_PREFIX_PATH}:/opt/ros/humble /usr/bin/cmake /home/smr/ros2_self_driving_robot/src/sllidar_ros2 -DCMAKE_INSTALL_PREFIX=/home/smr/ros2_self_driving_robot/install/sllidar_ros2
[3.400s] Invoking command in '/home/smr/ros2_self_driving_robot/build/sllidar_ros2': CMAKE_PREFIX_PATH=${CMAKE_PREFIX_PATH}:/opt/ros/humble /usr/bin/cmake --build /home/smr/ros2_self_driving_robot/build/sllidar_ros2 -- -j8 -l8
[3.526s] [35m[1mConsolidate compiler generated dependencies of target sllidar_node[0m
[3.532s] [35m[1mConsolidate compiler generated dependencies of target sllidar_client[0m
[3.607s] [  5%] [32m[1mLinking CXX executable sllidar_node[0m
[3.612s] [ 10%] [32m[1mLinking CXX executable sllidar_client[0m
[4.387s] [ 95%] Built target sllidar_node
[4.544s] [100%] Built target sllidar_client
[4.585s] Invoked command in '/home/smr/ros2_self_driving_robot/build/sllidar_ros2' returned '0': CMAKE_PREFIX_PATH=${CMAKE_PREFIX_PATH}:/opt/ros/humble /usr/bin/cmake --build /home/smr/ros2_self_driving_robot/build/sllidar_ros2 -- -j8 -l8
[4.760s] Invoking command in '/home/smr/ros2_self_driving_robot/build/sllidar_ros2': CMAKE_PREFIX_PATH=${CMAKE_PREFIX_PATH}:/opt/ros/humble /usr/bin/cmake --install /home/smr/ros2_self_driving_robot/build/sllidar_ros2
[4.780s] -- Install configuration: ""
[4.781s] -- Up-to-date: /home/smr/ros2_self_driving_robot/install/sllidar_ros2/share/sllidar_ros2/launch
[4.786s] -- Up-to-date: /home/smr/ros2_self_driving_robot/install/sllidar_ros2/share/sllidar_ros2/rviz
[4.786s] -- Installing: /home/smr/ros2_self_driving_robot/install/sllidar_ros2/share/sllidar_ros2/package.dsv
[4.790s] Invoked command in '/home/smr/ros2_self_driving_robot/build/sllidar_ros2' returned '0': CMAKE_PREFIX_PATH=${CMAKE_PREFIX_PATH}:/opt/ros/humble /usr/bin/cmake --install /home/smr/ros2_self_driving_robot/build/sllidar_ros2
