[0.183s] DEBUG:colcon:Command line arguments: ['/usr/local/bin/colcon', 'build']
[0.184s] DEBUG:colcon:Parsed command line arguments: Namespace(log_base=None, log_level=None, verb_name='build', build_base='build', install_base='install', merge_install=False, symlink_install=False, test_result_base=None, continue_on_error=False, executor='parallel', parallel_workers=8, event_handlers=None, ignore_user_meta=False, metas=['./colcon.meta'], base_paths=['.'], packages_ignore=None, packages_ignore_regex=None, paths=None, packages_up_to=None, packages_up_to_regex=None, packages_above=None, packages_above_and_dependencies=None, packages_above_depth=None, packages_select_by_dep=None, packages_skip_by_dep=None, packages_skip_up_to=None, packages_select_build_failed=False, packages_skip_build_finished=False, packages_select_test_failures=False, packages_skip_test_passed=False, packages_select=None, packages_skip=None, packages_select_regex=None, packages_skip_regex=None, packages_start=None, packages_end=None, allow_overriding=[], cmake_args=None, cmake_target=None, cmake_target_skip_unavailable=False, cmake_clean_cache=False, cmake_clean_first=False, cmake_force_configure=False, ament_cmake_args=None, catkin_cmake_args=None, catkin_skip_building_tests=False, verb_parser=<colcon_defaults.argument_parser.defaults.DefaultArgumentsDecorator object at 0xffff80e6af20>, verb_extension=<colcon_core.verb.build.BuildVerb object at 0xffff80e69f30>, main=<bound method BuildVerb.main of <colcon_core.verb.build.BuildVerb object at 0xffff80e69f30>>)
[0.410s] Level 1:colcon.colcon_core.package_discovery:discover_packages(colcon_meta) check parameters
[0.410s] Level 1:colcon.colcon_core.package_discovery:discover_packages(recursive) check parameters
[0.410s] Level 1:colcon.colcon_core.package_discovery:discover_packages(ignore) check parameters
[0.410s] Level 1:colcon.colcon_core.package_discovery:discover_packages(path) check parameters
[0.410s] Level 1:colcon.colcon_core.package_discovery:discover_packages(colcon_meta) discover
[0.410s] Level 1:colcon.colcon_core.package_discovery:discover_packages(recursive) discover
[0.410s] INFO:colcon.colcon_core.package_discovery:Crawling recursively for packages in '/home/smr/ros2_self_driving_robot'
[0.410s] Level 1:colcon.colcon_core.package_identification:_identify(.) by extensions ['ignore', 'ignore_ament_install']
[0.410s] Level 1:colcon.colcon_core.package_identification:_identify(.) by extension 'ignore'
[0.411s] Level 1:colcon.colcon_core.package_identification:_identify(.) by extension 'ignore_ament_install'
[0.411s] Level 1:colcon.colcon_core.package_identification:_identify(.) by extensions ['colcon_pkg']
[0.411s] Level 1:colcon.colcon_core.package_identification:_identify(.) by extension 'colcon_pkg'
[0.411s] Level 1:colcon.colcon_core.package_identification:_identify(.) by extensions ['colcon_meta']
[0.411s] Level 1:colcon.colcon_core.package_identification:_identify(.) by extension 'colcon_meta'
[0.411s] Level 1:colcon.colcon_core.package_identification:_identify(.) by extensions ['ros']
[0.411s] Level 1:colcon.colcon_core.package_identification:_identify(.) by extension 'ros'
[0.429s] Level 1:colcon.colcon_core.package_identification:_identify(.) by extensions ['cmake', 'python']
[0.429s] Level 1:colcon.colcon_core.package_identification:_identify(.) by extension 'cmake'
[0.429s] Level 1:colcon.colcon_core.package_identification:_identify(.) by extension 'python'
[0.429s] Level 1:colcon.colcon_core.package_identification:_identify(.) by extensions ['python_setup_py']
[0.429s] Level 1:colcon.colcon_core.package_identification:_identify(.) by extension 'python_setup_py'
[0.429s] Level 1:colcon.colcon_core.package_identification:_identify(build) by extensions ['ignore', 'ignore_ament_install']
[0.429s] Level 1:colcon.colcon_core.package_identification:_identify(build) by extension 'ignore'
[0.429s] Level 1:colcon.colcon_core.package_identification:_identify(build) ignored
[0.430s] Level 1:colcon.colcon_core.package_identification:_identify(install) by extensions ['ignore', 'ignore_ament_install']
[0.430s] Level 1:colcon.colcon_core.package_identification:_identify(install) by extension 'ignore'
[0.430s] Level 1:colcon.colcon_core.package_identification:_identify(install) ignored
[0.430s] Level 1:colcon.colcon_core.package_identification:_identify(log) by extensions ['ignore', 'ignore_ament_install']
[0.430s] Level 1:colcon.colcon_core.package_identification:_identify(log) by extension 'ignore'
[0.430s] Level 1:colcon.colcon_core.package_identification:_identify(log) ignored
[0.430s] Level 1:colcon.colcon_core.package_identification:_identify(src) by extensions ['ignore', 'ignore_ament_install']
[0.430s] Level 1:colcon.colcon_core.package_identification:_identify(src) by extension 'ignore'
[0.430s] Level 1:colcon.colcon_core.package_identification:_identify(src) by extension 'ignore_ament_install'
[0.431s] Level 1:colcon.colcon_core.package_identification:_identify(src) by extensions ['colcon_pkg']
[0.431s] Level 1:colcon.colcon_core.package_identification:_identify(src) by extension 'colcon_pkg'
[0.431s] Level 1:colcon.colcon_core.package_identification:_identify(src) by extensions ['colcon_meta']
[0.431s] Level 1:colcon.colcon_core.package_identification:_identify(src) by extension 'colcon_meta'
[0.431s] Level 1:colcon.colcon_core.package_identification:_identify(src) by extensions ['ros']
[0.431s] Level 1:colcon.colcon_core.package_identification:_identify(src) by extension 'ros'
[0.431s] Level 1:colcon.colcon_core.package_identification:_identify(src) by extensions ['cmake', 'python']
[0.431s] Level 1:colcon.colcon_core.package_identification:_identify(src) by extension 'cmake'
[0.431s] Level 1:colcon.colcon_core.package_identification:_identify(src) by extension 'python'
[0.431s] Level 1:colcon.colcon_core.package_identification:_identify(src) by extensions ['python_setup_py']
[0.431s] Level 1:colcon.colcon_core.package_identification:_identify(src) by extension 'python_setup_py'
[0.431s] Level 1:colcon.colcon_core.package_identification:_identify(src/build) by extensions ['ignore', 'ignore_ament_install']
[0.431s] Level 1:colcon.colcon_core.package_identification:_identify(src/build) by extension 'ignore'
[0.431s] Level 1:colcon.colcon_core.package_identification:_identify(src/build) ignored
[0.432s] Level 1:colcon.colcon_core.package_identification:_identify(src/install) by extensions ['ignore', 'ignore_ament_install']
[0.432s] Level 1:colcon.colcon_core.package_identification:_identify(src/install) by extension 'ignore'
[0.432s] Level 1:colcon.colcon_core.package_identification:_identify(src/install) ignored
[0.432s] Level 1:colcon.colcon_core.package_identification:_identify(src/log) by extensions ['ignore', 'ignore_ament_install']
[0.432s] Level 1:colcon.colcon_core.package_identification:_identify(src/log) by extension 'ignore'
[0.432s] Level 1:colcon.colcon_core.package_identification:_identify(src/log) ignored
[0.432s] Level 1:colcon.colcon_core.package_identification:_identify(src/robot_bringup) by extensions ['ignore', 'ignore_ament_install']
[0.432s] Level 1:colcon.colcon_core.package_identification:_identify(src/robot_bringup) by extension 'ignore'
[0.432s] Level 1:colcon.colcon_core.package_identification:_identify(src/robot_bringup) by extension 'ignore_ament_install'
[0.432s] Level 1:colcon.colcon_core.package_identification:_identify(src/robot_bringup) by extensions ['colcon_pkg']
[0.432s] Level 1:colcon.colcon_core.package_identification:_identify(src/robot_bringup) by extension 'colcon_pkg'
[0.432s] Level 1:colcon.colcon_core.package_identification:_identify(src/robot_bringup) by extensions ['colcon_meta']
[0.432s] Level 1:colcon.colcon_core.package_identification:_identify(src/robot_bringup) by extension 'colcon_meta'
[0.432s] Level 1:colcon.colcon_core.package_identification:_identify(src/robot_bringup) by extensions ['ros']
[0.432s] Level 1:colcon.colcon_core.package_identification:_identify(src/robot_bringup) by extension 'ros'
[0.436s] DEBUG:colcon.colcon_core.package_identification:Package 'src/robot_bringup' with type 'ros.ament_cmake' and name 'robot_bringup'
[0.436s] Level 1:colcon.colcon_core.package_identification:_identify(src/robot_description) by extensions ['ignore', 'ignore_ament_install']
[0.437s] Level 1:colcon.colcon_core.package_identification:_identify(src/robot_description) by extension 'ignore'
[0.437s] Level 1:colcon.colcon_core.package_identification:_identify(src/robot_description) by extension 'ignore_ament_install'
[0.437s] Level 1:colcon.colcon_core.package_identification:_identify(src/robot_description) by extensions ['colcon_pkg']
[0.437s] Level 1:colcon.colcon_core.package_identification:_identify(src/robot_description) by extension 'colcon_pkg'
[0.437s] Level 1:colcon.colcon_core.package_identification:_identify(src/robot_description) by extensions ['colcon_meta']
[0.437s] Level 1:colcon.colcon_core.package_identification:_identify(src/robot_description) by extension 'colcon_meta'
[0.437s] Level 1:colcon.colcon_core.package_identification:_identify(src/robot_description) by extensions ['ros']
[0.437s] Level 1:colcon.colcon_core.package_identification:_identify(src/robot_description) by extension 'ros'
[0.438s] DEBUG:colcon.colcon_core.package_identification:Package 'src/robot_description' with type 'ros.ament_cmake' and name 'robot_description'
[0.438s] Level 1:colcon.colcon_core.package_identification:_identify(src/robot_navigation) by extensions ['ignore', 'ignore_ament_install']
[0.438s] Level 1:colcon.colcon_core.package_identification:_identify(src/robot_navigation) by extension 'ignore'
[0.438s] Level 1:colcon.colcon_core.package_identification:_identify(src/robot_navigation) by extension 'ignore_ament_install'
[0.438s] Level 1:colcon.colcon_core.package_identification:_identify(src/robot_navigation) by extensions ['colcon_pkg']
[0.438s] Level 1:colcon.colcon_core.package_identification:_identify(src/robot_navigation) by extension 'colcon_pkg'
[0.438s] Level 1:colcon.colcon_core.package_identification:_identify(src/robot_navigation) by extensions ['colcon_meta']
[0.438s] Level 1:colcon.colcon_core.package_identification:_identify(src/robot_navigation) by extension 'colcon_meta'
[0.438s] Level 1:colcon.colcon_core.package_identification:_identify(src/robot_navigation) by extensions ['ros']
[0.438s] Level 1:colcon.colcon_core.package_identification:_identify(src/robot_navigation) by extension 'ros'
[0.439s] DEBUG:colcon.colcon_core.package_identification:Package 'src/robot_navigation' with type 'ros.ament_cmake' and name 'robot_navigation'
[0.439s] Level 1:colcon.colcon_core.package_identification:_identify(src/sllidar_ros2) by extensions ['ignore', 'ignore_ament_install']
[0.440s] Level 1:colcon.colcon_core.package_identification:_identify(src/sllidar_ros2) by extension 'ignore'
[0.440s] Level 1:colcon.colcon_core.package_identification:_identify(src/sllidar_ros2) by extension 'ignore_ament_install'
[0.440s] Level 1:colcon.colcon_core.package_identification:_identify(src/sllidar_ros2) by extensions ['colcon_pkg']
[0.440s] Level 1:colcon.colcon_core.package_identification:_identify(src/sllidar_ros2) by extension 'colcon_pkg'
[0.440s] Level 1:colcon.colcon_core.package_identification:_identify(src/sllidar_ros2) by extensions ['colcon_meta']
[0.440s] Level 1:colcon.colcon_core.package_identification:_identify(src/sllidar_ros2) by extension 'colcon_meta'
[0.440s] Level 1:colcon.colcon_core.package_identification:_identify(src/sllidar_ros2) by extensions ['ros']
[0.440s] Level 1:colcon.colcon_core.package_identification:_identify(src/sllidar_ros2) by extension 'ros'
[0.441s] DEBUG:colcon.colcon_core.package_identification:Package 'src/sllidar_ros2' with type 'ros.ament_cmake' and name 'sllidar_ros2'
[0.441s] Level 1:colcon.colcon_core.package_discovery:discover_packages(recursive) using defaults
[0.441s] Level 1:colcon.colcon_core.package_discovery:discover_packages(ignore) discover
[0.441s] Level 1:colcon.colcon_core.package_discovery:discover_packages(ignore) using defaults
[0.441s] Level 1:colcon.colcon_core.package_discovery:discover_packages(path) discover
[0.441s] Level 1:colcon.colcon_core.package_discovery:discover_packages(path) using defaults
[0.469s] Level 1:colcon.colcon_core.package_discovery:discover_packages(prefix_path) check parameters
[0.470s] Level 1:colcon.colcon_core.package_discovery:discover_packages(prefix_path) discover
[0.472s] DEBUG:colcon.colcon_installed_package_information.package_discovery:Found 4 installed packages in /home/smr/ros2_self_driving_robot/install
[0.474s] DEBUG:colcon.colcon_installed_package_information.package_discovery:Found 367 installed packages in /opt/ros/humble
[0.506s] Level 1:colcon.colcon_core.package_discovery:discover_packages(prefix_path) using defaults
[0.578s] Level 5:colcon.colcon_core.verb:set package 'robot_bringup' build argument 'cmake_args' from command line to 'None'
[0.578s] Level 5:colcon.colcon_core.verb:set package 'robot_bringup' build argument 'cmake_target' from command line to 'None'
[0.578s] Level 5:colcon.colcon_core.verb:set package 'robot_bringup' build argument 'cmake_target_skip_unavailable' from command line to 'False'
[0.578s] Level 5:colcon.colcon_core.verb:set package 'robot_bringup' build argument 'cmake_clean_cache' from command line to 'False'
[0.578s] Level 5:colcon.colcon_core.verb:set package 'robot_bringup' build argument 'cmake_clean_first' from command line to 'False'
[0.578s] Level 5:colcon.colcon_core.verb:set package 'robot_bringup' build argument 'cmake_force_configure' from command line to 'False'
[0.578s] Level 5:colcon.colcon_core.verb:set package 'robot_bringup' build argument 'ament_cmake_args' from command line to 'None'
[0.578s] Level 5:colcon.colcon_core.verb:set package 'robot_bringup' build argument 'catkin_cmake_args' from command line to 'None'
[0.578s] Level 5:colcon.colcon_core.verb:set package 'robot_bringup' build argument 'catkin_skip_building_tests' from command line to 'False'
[0.578s] DEBUG:colcon.colcon_core.verb:Building package 'robot_bringup' with the following arguments: {'ament_cmake_args': None, 'build_base': '/home/smr/ros2_self_driving_robot/build/robot_bringup', 'catkin_cmake_args': None, 'catkin_skip_building_tests': False, 'cmake_args': None, 'cmake_clean_cache': False, 'cmake_clean_first': False, 'cmake_force_configure': False, 'cmake_target': None, 'cmake_target_skip_unavailable': False, 'install_base': '/home/smr/ros2_self_driving_robot/install/robot_bringup', 'merge_install': False, 'path': '/home/smr/ros2_self_driving_robot/src/robot_bringup', 'symlink_install': False, 'test_result_base': None}
[0.578s] Level 5:colcon.colcon_core.verb:set package 'robot_description' build argument 'cmake_args' from command line to 'None'
[0.579s] Level 5:colcon.colcon_core.verb:set package 'robot_description' build argument 'cmake_target' from command line to 'None'
[0.579s] Level 5:colcon.colcon_core.verb:set package 'robot_description' build argument 'cmake_target_skip_unavailable' from command line to 'False'
[0.579s] Level 5:colcon.colcon_core.verb:set package 'robot_description' build argument 'cmake_clean_cache' from command line to 'False'
[0.579s] Level 5:colcon.colcon_core.verb:set package 'robot_description' build argument 'cmake_clean_first' from command line to 'False'
[0.579s] Level 5:colcon.colcon_core.verb:set package 'robot_description' build argument 'cmake_force_configure' from command line to 'False'
[0.579s] Level 5:colcon.colcon_core.verb:set package 'robot_description' build argument 'ament_cmake_args' from command line to 'None'
[0.579s] Level 5:colcon.colcon_core.verb:set package 'robot_description' build argument 'catkin_cmake_args' from command line to 'None'
[0.579s] Level 5:colcon.colcon_core.verb:set package 'robot_description' build argument 'catkin_skip_building_tests' from command line to 'False'
[0.579s] DEBUG:colcon.colcon_core.verb:Building package 'robot_description' with the following arguments: {'ament_cmake_args': None, 'build_base': '/home/smr/ros2_self_driving_robot/build/robot_description', 'catkin_cmake_args': None, 'catkin_skip_building_tests': False, 'cmake_args': None, 'cmake_clean_cache': False, 'cmake_clean_first': False, 'cmake_force_configure': False, 'cmake_target': None, 'cmake_target_skip_unavailable': False, 'install_base': '/home/smr/ros2_self_driving_robot/install/robot_description', 'merge_install': False, 'path': '/home/smr/ros2_self_driving_robot/src/robot_description', 'symlink_install': False, 'test_result_base': None}
[0.579s] Level 5:colcon.colcon_core.verb:set package 'robot_navigation' build argument 'cmake_args' from command line to 'None'
[0.579s] Level 5:colcon.colcon_core.verb:set package 'robot_navigation' build argument 'cmake_target' from command line to 'None'
[0.579s] Level 5:colcon.colcon_core.verb:set package 'robot_navigation' build argument 'cmake_target_skip_unavailable' from command line to 'False'
[0.579s] Level 5:colcon.colcon_core.verb:set package 'robot_navigation' build argument 'cmake_clean_cache' from command line to 'False'
[0.579s] Level 5:colcon.colcon_core.verb:set package 'robot_navigation' build argument 'cmake_clean_first' from command line to 'False'
[0.579s] Level 5:colcon.colcon_core.verb:set package 'robot_navigation' build argument 'cmake_force_configure' from command line to 'False'
[0.579s] Level 5:colcon.colcon_core.verb:set package 'robot_navigation' build argument 'ament_cmake_args' from command line to 'None'
[0.579s] Level 5:colcon.colcon_core.verb:set package 'robot_navigation' build argument 'catkin_cmake_args' from command line to 'None'
[0.579s] Level 5:colcon.colcon_core.verb:set package 'robot_navigation' build argument 'catkin_skip_building_tests' from command line to 'False'
[0.580s] DEBUG:colcon.colcon_core.verb:Building package 'robot_navigation' with the following arguments: {'ament_cmake_args': None, 'build_base': '/home/smr/ros2_self_driving_robot/build/robot_navigation', 'catkin_cmake_args': None, 'catkin_skip_building_tests': False, 'cmake_args': None, 'cmake_clean_cache': False, 'cmake_clean_first': False, 'cmake_force_configure': False, 'cmake_target': None, 'cmake_target_skip_unavailable': False, 'install_base': '/home/smr/ros2_self_driving_robot/install/robot_navigation', 'merge_install': False, 'path': '/home/smr/ros2_self_driving_robot/src/robot_navigation', 'symlink_install': False, 'test_result_base': None}
[0.580s] Level 5:colcon.colcon_core.verb:set package 'sllidar_ros2' build argument 'cmake_args' from command line to 'None'
[0.580s] Level 5:colcon.colcon_core.verb:set package 'sllidar_ros2' build argument 'cmake_target' from command line to 'None'
[0.580s] Level 5:colcon.colcon_core.verb:set package 'sllidar_ros2' build argument 'cmake_target_skip_unavailable' from command line to 'False'
[0.580s] Level 5:colcon.colcon_core.verb:set package 'sllidar_ros2' build argument 'cmake_clean_cache' from command line to 'False'
[0.580s] Level 5:colcon.colcon_core.verb:set package 'sllidar_ros2' build argument 'cmake_clean_first' from command line to 'False'
[0.580s] Level 5:colcon.colcon_core.verb:set package 'sllidar_ros2' build argument 'cmake_force_configure' from command line to 'False'
[0.580s] Level 5:colcon.colcon_core.verb:set package 'sllidar_ros2' build argument 'ament_cmake_args' from command line to 'None'
[0.580s] Level 5:colcon.colcon_core.verb:set package 'sllidar_ros2' build argument 'catkin_cmake_args' from command line to 'None'
[0.580s] Level 5:colcon.colcon_core.verb:set package 'sllidar_ros2' build argument 'catkin_skip_building_tests' from command line to 'False'
[0.580s] DEBUG:colcon.colcon_core.verb:Building package 'sllidar_ros2' with the following arguments: {'ament_cmake_args': None, 'build_base': '/home/smr/ros2_self_driving_robot/build/sllidar_ros2', 'catkin_cmake_args': None, 'catkin_skip_building_tests': False, 'cmake_args': None, 'cmake_clean_cache': False, 'cmake_clean_first': False, 'cmake_force_configure': False, 'cmake_target': None, 'cmake_target_skip_unavailable': False, 'install_base': '/home/smr/ros2_self_driving_robot/install/sllidar_ros2', 'merge_install': False, 'path': '/home/smr/ros2_self_driving_robot/src/sllidar_ros2', 'symlink_install': False, 'test_result_base': None}
[0.580s] INFO:colcon.colcon_core.executor:Executing jobs using 'parallel' executor
[0.582s] DEBUG:colcon.colcon_parallel_executor.executor.parallel:run_until_complete
[0.583s] INFO:colcon.colcon_ros.task.ament_cmake.build:Building ROS package in '/home/smr/ros2_self_driving_robot/src/robot_bringup' with build type 'ament_cmake'
[0.583s] INFO:colcon.colcon_cmake.task.cmake.build:Building CMake package in '/home/smr/ros2_self_driving_robot/src/robot_bringup'
[0.586s] INFO:colcon.colcon_core.plugin_system:Skipping extension 'colcon_core.shell.bat': Not used on non-Windows systems
[0.586s] INFO:colcon.colcon_core.shell:Skip shell extension 'powershell' for command environment: Not usable outside of PowerShell
[0.586s] DEBUG:colcon.colcon_core.shell:Skip shell extension 'dsv' for command environment
[0.592s] INFO:colcon.colcon_ros.task.ament_cmake.build:Building ROS package in '/home/smr/ros2_self_driving_robot/src/robot_description' with build type 'ament_cmake'
[0.592s] INFO:colcon.colcon_cmake.task.cmake.build:Building CMake package in '/home/smr/ros2_self_driving_robot/src/robot_description'
[0.592s] INFO:colcon.colcon_core.shell:Skip shell extension 'powershell' for command environment: Not usable outside of PowerShell
[0.593s] DEBUG:colcon.colcon_core.shell:Skip shell extension 'dsv' for command environment
[0.598s] INFO:colcon.colcon_ros.task.ament_cmake.build:Building ROS package in '/home/smr/ros2_self_driving_robot/src/robot_navigation' with build type 'ament_cmake'
[0.599s] INFO:colcon.colcon_cmake.task.cmake.build:Building CMake package in '/home/smr/ros2_self_driving_robot/src/robot_navigation'
[0.599s] INFO:colcon.colcon_core.shell:Skip shell extension 'powershell' for command environment: Not usable outside of PowerShell
[0.599s] DEBUG:colcon.colcon_core.shell:Skip shell extension 'dsv' for command environment
[0.605s] INFO:colcon.colcon_ros.task.ament_cmake.build:Building ROS package in '/home/smr/ros2_self_driving_robot/src/sllidar_ros2' with build type 'ament_cmake'
[0.605s] INFO:colcon.colcon_cmake.task.cmake.build:Building CMake package in '/home/smr/ros2_self_driving_robot/src/sllidar_ros2'
[0.605s] INFO:colcon.colcon_core.shell:Skip shell extension 'powershell' for command environment: Not usable outside of PowerShell
[0.606s] DEBUG:colcon.colcon_core.shell:Skip shell extension 'dsv' for command environment
[0.621s] DEBUG:colcon.colcon_core.event_handler.log_command:Invoking command in '/home/smr/ros2_self_driving_robot/build/robot_bringup': CMAKE_PREFIX_PATH=${CMAKE_PREFIX_PATH}:/opt/ros/humble /usr/bin/cmake --build /home/smr/ros2_self_driving_robot/build/robot_bringup -- -j8 -l8
[0.630s] DEBUG:colcon.colcon_core.event_handler.log_command:Invoking command in '/home/smr/ros2_self_driving_robot/build/robot_description': CMAKE_PREFIX_PATH=${CMAKE_PREFIX_PATH}:/opt/ros/humble /usr/bin/cmake --build /home/smr/ros2_self_driving_robot/build/robot_description -- -j8 -l8
[0.658s] DEBUG:colcon.colcon_core.event_handler.log_command:Invoking command in '/home/smr/ros2_self_driving_robot/build/robot_navigation': CMAKE_PREFIX_PATH=${CMAKE_PREFIX_PATH}:/opt/ros/humble /usr/bin/cmake --build /home/smr/ros2_self_driving_robot/build/robot_navigation -- -j8 -l8
[0.676s] DEBUG:colcon.colcon_core.event_handler.log_command:Invoking command in '/home/smr/ros2_self_driving_robot/build/sllidar_ros2': CMAKE_PREFIX_PATH=${CMAKE_PREFIX_PATH}:/opt/ros/humble /usr/bin/cmake --build /home/smr/ros2_self_driving_robot/build/sllidar_ros2 -- -j8 -l8
[0.696s] DEBUG:colcon.colcon_core.event_handler.log_command:Invoked command in '/home/smr/ros2_self_driving_robot/build/robot_bringup' returned '0': CMAKE_PREFIX_PATH=${CMAKE_PREFIX_PATH}:/opt/ros/humble /usr/bin/cmake --build /home/smr/ros2_self_driving_robot/build/robot_bringup -- -j8 -l8
[0.721s] DEBUG:colcon.colcon_core.event_handler.log_command:Invoked command in '/home/smr/ros2_self_driving_robot/build/robot_description' returned '0': CMAKE_PREFIX_PATH=${CMAKE_PREFIX_PATH}:/opt/ros/humble /usr/bin/cmake --build /home/smr/ros2_self_driving_robot/build/robot_description -- -j8 -l8
[0.749s] DEBUG:colcon.colcon_core.event_handler.log_command:Invoking command in '/home/smr/ros2_self_driving_robot/build/robot_bringup': CMAKE_PREFIX_PATH=${CMAKE_PREFIX_PATH}:/opt/ros/humble /usr/bin/cmake --install /home/smr/ros2_self_driving_robot/build/robot_bringup
[0.763s] Level 1:colcon.colcon_core.environment:create_environment_scripts_only(robot_bringup)
[0.774s] DEBUG:colcon.colcon_core.event_handler.log_command:Invoking command in '/home/smr/ros2_self_driving_robot/build/robot_description': CMAKE_PREFIX_PATH=${CMAKE_PREFIX_PATH}:/opt/ros/humble /usr/bin/cmake --install /home/smr/ros2_self_driving_robot/build/robot_description
[0.776s] DEBUG:colcon.colcon_core.event_handler.log_command:Invoked command in '/home/smr/ros2_self_driving_robot/build/robot_bringup' returned '0': CMAKE_PREFIX_PATH=${CMAKE_PREFIX_PATH}:/opt/ros/humble /usr/bin/cmake --install /home/smr/ros2_self_driving_robot/build/robot_bringup
[0.779s] Level 1:colcon.colcon_core.environment:checking '/home/smr/ros2_self_driving_robot/install/robot_bringup' for CMake module files
[0.781s] Level 1:colcon.colcon_core.environment:checking '/home/smr/ros2_self_driving_robot/install/robot_bringup' for CMake config files
[0.783s] Level 1:colcon.colcon_core.shell:create_environment_hook('robot_bringup', 'cmake_prefix_path')
[0.784s] INFO:colcon.colcon_core.shell:Creating environment hook '/home/smr/ros2_self_driving_robot/install/robot_bringup/share/robot_bringup/hook/cmake_prefix_path.ps1'
[0.786s] INFO:colcon.colcon_core.shell:Creating environment descriptor '/home/smr/ros2_self_driving_robot/install/robot_bringup/share/robot_bringup/hook/cmake_prefix_path.dsv'
[0.787s] INFO:colcon.colcon_core.shell:Creating environment hook '/home/smr/ros2_self_driving_robot/install/robot_bringup/share/robot_bringup/hook/cmake_prefix_path.sh'
[0.788s] Level 1:colcon.colcon_core.environment:checking '/home/smr/ros2_self_driving_robot/install/robot_bringup/bin'
[0.789s] Level 1:colcon.colcon_core.environment:checking '/home/smr/ros2_self_driving_robot/install/robot_bringup/lib/pkgconfig/robot_bringup.pc'
[0.789s] Level 1:colcon.colcon_core.environment:checking '/home/smr/ros2_self_driving_robot/install/robot_bringup/lib/python3.10/site-packages'
[0.789s] Level 1:colcon.colcon_core.environment:checking '/home/smr/ros2_self_driving_robot/install/robot_bringup/bin'
[0.790s] INFO:colcon.colcon_core.shell:Creating package script '/home/smr/ros2_self_driving_robot/install/robot_bringup/share/robot_bringup/package.ps1'
[0.792s] INFO:colcon.colcon_core.shell:Creating package descriptor '/home/smr/ros2_self_driving_robot/install/robot_bringup/share/robot_bringup/package.dsv'
[0.793s] INFO:colcon.colcon_core.shell:Creating package script '/home/smr/ros2_self_driving_robot/install/robot_bringup/share/robot_bringup/package.sh'
[0.794s] INFO:colcon.colcon_core.shell:Creating package script '/home/smr/ros2_self_driving_robot/install/robot_bringup/share/robot_bringup/package.bash'
[0.795s] INFO:colcon.colcon_core.shell:Creating package script '/home/smr/ros2_self_driving_robot/install/robot_bringup/share/robot_bringup/package.zsh'
[0.796s] Level 1:colcon.colcon_core.environment:create_file_with_runtime_dependencies(/home/smr/ros2_self_driving_robot/install/robot_bringup/share/colcon-core/packages/robot_bringup)
[0.799s] Level 1:colcon.colcon_core.environment:create_environment_scripts_only(robot_description)
[0.799s] Level 1:colcon.colcon_core.environment:checking '/home/smr/ros2_self_driving_robot/install/robot_description' for CMake module files
[0.801s] DEBUG:colcon.colcon_core.event_handler.log_command:Invoked command in '/home/smr/ros2_self_driving_robot/build/robot_description' returned '0': CMAKE_PREFIX_PATH=${CMAKE_PREFIX_PATH}:/opt/ros/humble /usr/bin/cmake --install /home/smr/ros2_self_driving_robot/build/robot_description
[0.802s] Level 1:colcon.colcon_core.environment:checking '/home/smr/ros2_self_driving_robot/install/robot_description' for CMake config files
[0.802s] Level 1:colcon.colcon_core.shell:create_environment_hook('robot_description', 'cmake_prefix_path')
[0.802s] INFO:colcon.colcon_core.shell:Creating environment hook '/home/smr/ros2_self_driving_robot/install/robot_description/share/robot_description/hook/cmake_prefix_path.ps1'
[0.803s] INFO:colcon.colcon_core.shell:Creating environment descriptor '/home/smr/ros2_self_driving_robot/install/robot_description/share/robot_description/hook/cmake_prefix_path.dsv'
[0.804s] INFO:colcon.colcon_core.shell:Creating environment hook '/home/smr/ros2_self_driving_robot/install/robot_description/share/robot_description/hook/cmake_prefix_path.sh'
[0.804s] Level 1:colcon.colcon_core.environment:checking '/home/smr/ros2_self_driving_robot/install/robot_description/bin'
[0.805s] Level 1:colcon.colcon_core.environment:checking '/home/smr/ros2_self_driving_robot/install/robot_description/lib/pkgconfig/robot_description.pc'
[0.805s] Level 1:colcon.colcon_core.environment:checking '/home/smr/ros2_self_driving_robot/install/robot_description/lib/python3.10/site-packages'
[0.805s] Level 1:colcon.colcon_core.environment:checking '/home/smr/ros2_self_driving_robot/install/robot_description/bin'
[0.806s] INFO:colcon.colcon_core.shell:Creating package script '/home/smr/ros2_self_driving_robot/install/robot_description/share/robot_description/package.ps1'
[0.806s] INFO:colcon.colcon_core.shell:Creating package descriptor '/home/smr/ros2_self_driving_robot/install/robot_description/share/robot_description/package.dsv'
[0.807s] INFO:colcon.colcon_core.shell:Creating package script '/home/smr/ros2_self_driving_robot/install/robot_description/share/robot_description/package.sh'
[0.807s] INFO:colcon.colcon_core.shell:Creating package script '/home/smr/ros2_self_driving_robot/install/robot_description/share/robot_description/package.bash'
[0.808s] INFO:colcon.colcon_core.shell:Creating package script '/home/smr/ros2_self_driving_robot/install/robot_description/share/robot_description/package.zsh'
[0.808s] Level 1:colcon.colcon_core.environment:create_file_with_runtime_dependencies(/home/smr/ros2_self_driving_robot/install/robot_description/share/colcon-core/packages/robot_description)
[0.812s] DEBUG:colcon.colcon_core.event_handler.log_command:Invoked command in '/home/smr/ros2_self_driving_robot/build/robot_navigation' returned '0': CMAKE_PREFIX_PATH=${CMAKE_PREFIX_PATH}:/opt/ros/humble /usr/bin/cmake --build /home/smr/ros2_self_driving_robot/build/robot_navigation -- -j8 -l8
[0.841s] Level 1:colcon.colcon_core.environment:create_environment_scripts_only(robot_description)
[0.841s] Level 1:colcon.colcon_core.environment:checking '/home/smr/ros2_self_driving_robot/install/robot_description' for CMake module files
[0.842s] Level 1:colcon.colcon_core.environment:checking '/home/smr/ros2_self_driving_robot/install/robot_description' for CMake config files
[0.842s] Level 1:colcon.colcon_core.shell:create_environment_hook('robot_description', 'cmake_prefix_path')
[0.843s] INFO:colcon.colcon_core.shell:Creating environment hook '/home/smr/ros2_self_driving_robot/install/robot_description/share/robot_description/hook/cmake_prefix_path.ps1'
[0.843s] INFO:colcon.colcon_core.shell:Creating environment descriptor '/home/smr/ros2_self_driving_robot/install/robot_description/share/robot_description/hook/cmake_prefix_path.dsv'
[0.844s] INFO:colcon.colcon_core.shell:Creating environment hook '/home/smr/ros2_self_driving_robot/install/robot_description/share/robot_description/hook/cmake_prefix_path.sh'
[0.844s] Level 1:colcon.colcon_core.environment:checking '/home/smr/ros2_self_driving_robot/install/robot_description/bin'
[0.845s] Level 1:colcon.colcon_core.environment:checking '/home/smr/ros2_self_driving_robot/install/robot_description/lib/pkgconfig/robot_description.pc'
[0.845s] Level 1:colcon.colcon_core.environment:checking '/home/smr/ros2_self_driving_robot/install/robot_description/lib/python3.10/site-packages'
[0.845s] Level 1:colcon.colcon_core.environment:checking '/home/smr/ros2_self_driving_robot/install/robot_description/bin'
[0.846s] INFO:colcon.colcon_core.shell:Creating package script '/home/smr/ros2_self_driving_robot/install/robot_description/share/robot_description/package.ps1'
[0.846s] INFO:colcon.colcon_core.shell:Creating package descriptor '/home/smr/ros2_self_driving_robot/install/robot_description/share/robot_description/package.dsv'
[0.847s] INFO:colcon.colcon_core.shell:Creating package script '/home/smr/ros2_self_driving_robot/install/robot_description/share/robot_description/package.sh'
[0.848s] INFO:colcon.colcon_core.shell:Creating package script '/home/smr/ros2_self_driving_robot/install/robot_description/share/robot_description/package.bash'
[0.848s] INFO:colcon.colcon_core.shell:Creating package script '/home/smr/ros2_self_driving_robot/install/robot_description/share/robot_description/package.zsh'
[0.849s] Level 1:colcon.colcon_core.environment:create_file_with_runtime_dependencies(/home/smr/ros2_self_driving_robot/install/robot_description/share/colcon-core/packages/robot_description)
[0.850s] Level 1:colcon.colcon_core.environment:create_environment_scripts_only(robot_bringup)
[0.851s] Level 1:colcon.colcon_core.environment:checking '/home/smr/ros2_self_driving_robot/install/robot_bringup' for CMake module files
[0.851s] Level 1:colcon.colcon_core.environment:checking '/home/smr/ros2_self_driving_robot/install/robot_bringup' for CMake config files
[0.852s] Level 1:colcon.colcon_core.shell:create_environment_hook('robot_bringup', 'cmake_prefix_path')
[0.852s] INFO:colcon.colcon_core.shell:Creating environment hook '/home/smr/ros2_self_driving_robot/install/robot_bringup/share/robot_bringup/hook/cmake_prefix_path.ps1'
[0.853s] INFO:colcon.colcon_core.shell:Creating environment descriptor '/home/smr/ros2_self_driving_robot/install/robot_bringup/share/robot_bringup/hook/cmake_prefix_path.dsv'
[0.853s] INFO:colcon.colcon_core.shell:Creating environment hook '/home/smr/ros2_self_driving_robot/install/robot_bringup/share/robot_bringup/hook/cmake_prefix_path.sh'
[0.854s] Level 1:colcon.colcon_core.environment:checking '/home/smr/ros2_self_driving_robot/install/robot_bringup/bin'
[0.854s] Level 1:colcon.colcon_core.environment:checking '/home/smr/ros2_self_driving_robot/install/robot_bringup/lib/pkgconfig/robot_bringup.pc'
[0.854s] Level 1:colcon.colcon_core.environment:checking '/home/smr/ros2_self_driving_robot/install/robot_bringup/lib/python3.10/site-packages'
[0.854s] Level 1:colcon.colcon_core.environment:checking '/home/smr/ros2_self_driving_robot/install/robot_bringup/bin'
[0.855s] INFO:colcon.colcon_core.shell:Creating package script '/home/smr/ros2_self_driving_robot/install/robot_bringup/share/robot_bringup/package.ps1'
[0.856s] INFO:colcon.colcon_core.shell:Creating package descriptor '/home/smr/ros2_self_driving_robot/install/robot_bringup/share/robot_bringup/package.dsv'
[0.856s] INFO:colcon.colcon_core.shell:Creating package script '/home/smr/ros2_self_driving_robot/install/robot_bringup/share/robot_bringup/package.sh'
[0.857s] INFO:colcon.colcon_core.shell:Creating package script '/home/smr/ros2_self_driving_robot/install/robot_bringup/share/robot_bringup/package.bash'
[0.857s] INFO:colcon.colcon_core.shell:Creating package script '/home/smr/ros2_self_driving_robot/install/robot_bringup/share/robot_bringup/package.zsh'
[0.858s] Level 1:colcon.colcon_core.environment:create_file_with_runtime_dependencies(/home/smr/ros2_self_driving_robot/install/robot_bringup/share/colcon-core/packages/robot_bringup)
[0.869s] DEBUG:colcon.colcon_core.event_handler.log_command:Invoking command in '/home/smr/ros2_self_driving_robot/build/robot_navigation': CMAKE_PREFIX_PATH=${CMAKE_PREFIX_PATH}:/opt/ros/humble /usr/bin/cmake --install /home/smr/ros2_self_driving_robot/build/robot_navigation
[0.874s] DEBUG:colcon.colcon_core.event_handler.log_command:Invoked command in '/home/smr/ros2_self_driving_robot/build/sllidar_ros2' returned '0': CMAKE_PREFIX_PATH=${CMAKE_PREFIX_PATH}:/opt/ros/humble /usr/bin/cmake --build /home/smr/ros2_self_driving_robot/build/sllidar_ros2 -- -j8 -l8
[0.884s] Level 1:colcon.colcon_core.environment:create_environment_scripts_only(robot_navigation)
[0.884s] Level 1:colcon.colcon_core.environment:checking '/home/smr/ros2_self_driving_robot/install/robot_navigation' for CMake module files
[0.886s] Level 1:colcon.colcon_core.environment:checking '/home/smr/ros2_self_driving_robot/install/robot_navigation' for CMake config files
[0.887s] DEBUG:colcon.colcon_core.event_handler.log_command:Invoked command in '/home/smr/ros2_self_driving_robot/build/robot_navigation' returned '0': CMAKE_PREFIX_PATH=${CMAKE_PREFIX_PATH}:/opt/ros/humble /usr/bin/cmake --install /home/smr/ros2_self_driving_robot/build/robot_navigation
[0.888s] Level 1:colcon.colcon_core.shell:create_environment_hook('robot_navigation', 'cmake_prefix_path')
[0.888s] INFO:colcon.colcon_core.shell:Creating environment hook '/home/smr/ros2_self_driving_robot/install/robot_navigation/share/robot_navigation/hook/cmake_prefix_path.ps1'
[0.890s] INFO:colcon.colcon_core.shell:Creating environment descriptor '/home/smr/ros2_self_driving_robot/install/robot_navigation/share/robot_navigation/hook/cmake_prefix_path.dsv'
[0.890s] INFO:colcon.colcon_core.shell:Creating environment hook '/home/smr/ros2_self_driving_robot/install/robot_navigation/share/robot_navigation/hook/cmake_prefix_path.sh'
[0.891s] Level 1:colcon.colcon_core.environment:checking '/home/smr/ros2_self_driving_robot/install/robot_navigation/bin'
[0.891s] Level 1:colcon.colcon_core.environment:checking '/home/smr/ros2_self_driving_robot/install/robot_navigation/lib/pkgconfig/robot_navigation.pc'
[0.892s] Level 1:colcon.colcon_core.environment:checking '/home/smr/ros2_self_driving_robot/install/robot_navigation/lib/python3.10/site-packages'
[0.892s] Level 1:colcon.colcon_core.environment:checking '/home/smr/ros2_self_driving_robot/install/robot_navigation/bin'
[0.892s] INFO:colcon.colcon_core.shell:Creating package script '/home/smr/ros2_self_driving_robot/install/robot_navigation/share/robot_navigation/package.ps1'
[0.893s] INFO:colcon.colcon_core.shell:Creating package descriptor '/home/smr/ros2_self_driving_robot/install/robot_navigation/share/robot_navigation/package.dsv'
[0.894s] INFO:colcon.colcon_core.shell:Creating package script '/home/smr/ros2_self_driving_robot/install/robot_navigation/share/robot_navigation/package.sh'
[0.895s] INFO:colcon.colcon_core.shell:Creating package script '/home/smr/ros2_self_driving_robot/install/robot_navigation/share/robot_navigation/package.bash'
[0.895s] INFO:colcon.colcon_core.shell:Creating package script '/home/smr/ros2_self_driving_robot/install/robot_navigation/share/robot_navigation/package.zsh'
[0.896s] Level 1:colcon.colcon_core.environment:create_file_with_runtime_dependencies(/home/smr/ros2_self_driving_robot/install/robot_navigation/share/colcon-core/packages/robot_navigation)
[0.930s] Level 1:colcon.colcon_core.environment:create_environment_scripts_only(robot_navigation)
[0.931s] Level 1:colcon.colcon_core.environment:checking '/home/smr/ros2_self_driving_robot/install/robot_navigation' for CMake module files
[0.931s] Level 1:colcon.colcon_core.environment:checking '/home/smr/ros2_self_driving_robot/install/robot_navigation' for CMake config files
[0.932s] Level 1:colcon.colcon_core.shell:create_environment_hook('robot_navigation', 'cmake_prefix_path')
[0.932s] INFO:colcon.colcon_core.shell:Creating environment hook '/home/smr/ros2_self_driving_robot/install/robot_navigation/share/robot_navigation/hook/cmake_prefix_path.ps1'
[0.933s] INFO:colcon.colcon_core.shell:Creating environment descriptor '/home/smr/ros2_self_driving_robot/install/robot_navigation/share/robot_navigation/hook/cmake_prefix_path.dsv'
[0.934s] INFO:colcon.colcon_core.shell:Creating environment hook '/home/smr/ros2_self_driving_robot/install/robot_navigation/share/robot_navigation/hook/cmake_prefix_path.sh'
[0.936s] Level 1:colcon.colcon_core.environment:checking '/home/smr/ros2_self_driving_robot/install/robot_navigation/bin'
[0.936s] Level 1:colcon.colcon_core.environment:checking '/home/smr/ros2_self_driving_robot/install/robot_navigation/lib/pkgconfig/robot_navigation.pc'
[0.937s] Level 1:colcon.colcon_core.environment:checking '/home/smr/ros2_self_driving_robot/install/robot_navigation/lib/python3.10/site-packages'
[0.937s] Level 1:colcon.colcon_core.environment:checking '/home/smr/ros2_self_driving_robot/install/robot_navigation/bin'
[0.937s] INFO:colcon.colcon_core.shell:Creating package script '/home/smr/ros2_self_driving_robot/install/robot_navigation/share/robot_navigation/package.ps1'
[0.938s] INFO:colcon.colcon_core.shell:Creating package descriptor '/home/smr/ros2_self_driving_robot/install/robot_navigation/share/robot_navigation/package.dsv'
[0.939s] INFO:colcon.colcon_core.shell:Creating package script '/home/smr/ros2_self_driving_robot/install/robot_navigation/share/robot_navigation/package.sh'
[0.939s] INFO:colcon.colcon_core.shell:Creating package script '/home/smr/ros2_self_driving_robot/install/robot_navigation/share/robot_navigation/package.bash'
[0.940s] INFO:colcon.colcon_core.shell:Creating package script '/home/smr/ros2_self_driving_robot/install/robot_navigation/share/robot_navigation/package.zsh'
[0.940s] Level 1:colcon.colcon_core.environment:create_file_with_runtime_dependencies(/home/smr/ros2_self_driving_robot/install/robot_navigation/share/colcon-core/packages/robot_navigation)
[1.021s] DEBUG:colcon.colcon_core.event_handler.log_command:Invoking command in '/home/smr/ros2_self_driving_robot/build/sllidar_ros2': CMAKE_PREFIX_PATH=${CMAKE_PREFIX_PATH}:/opt/ros/humble /usr/bin/cmake --install /home/smr/ros2_self_driving_robot/build/sllidar_ros2
[1.069s] Level 1:colcon.colcon_core.environment:create_environment_scripts_only(sllidar_ros2)
[1.070s] Level 1:colcon.colcon_core.environment:checking '/home/smr/ros2_self_driving_robot/install/sllidar_ros2' for CMake module files
[1.071s] DEBUG:colcon.colcon_core.event_handler.log_command:Invoked command in '/home/smr/ros2_self_driving_robot/build/sllidar_ros2' returned '0': CMAKE_PREFIX_PATH=${CMAKE_PREFIX_PATH}:/opt/ros/humble /usr/bin/cmake --install /home/smr/ros2_self_driving_robot/build/sllidar_ros2
[1.072s] Level 1:colcon.colcon_core.environment:checking '/home/smr/ros2_self_driving_robot/install/sllidar_ros2' for CMake config files
[1.072s] Level 1:colcon.colcon_core.shell:create_environment_hook('sllidar_ros2', 'cmake_prefix_path')
[1.072s] INFO:colcon.colcon_core.shell:Creating environment hook '/home/smr/ros2_self_driving_robot/install/sllidar_ros2/share/sllidar_ros2/hook/cmake_prefix_path.ps1'
[1.074s] INFO:colcon.colcon_core.shell:Creating environment descriptor '/home/smr/ros2_self_driving_robot/install/sllidar_ros2/share/sllidar_ros2/hook/cmake_prefix_path.dsv'
[1.075s] INFO:colcon.colcon_core.shell:Creating environment hook '/home/smr/ros2_self_driving_robot/install/sllidar_ros2/share/sllidar_ros2/hook/cmake_prefix_path.sh'
[1.076s] Level 1:colcon.colcon_core.environment:checking '/home/smr/ros2_self_driving_robot/install/sllidar_ros2/lib'
[1.077s] Level 1:colcon.colcon_core.environment:checking '/home/smr/ros2_self_driving_robot/install/sllidar_ros2/bin'
[1.077s] Level 1:colcon.colcon_core.environment:checking '/home/smr/ros2_self_driving_robot/install/sllidar_ros2/lib/pkgconfig/sllidar_ros2.pc'
[1.077s] Level 1:colcon.colcon_core.environment:checking '/home/smr/ros2_self_driving_robot/install/sllidar_ros2/lib/python3.10/site-packages'
[1.077s] Level 1:colcon.colcon_core.environment:checking '/home/smr/ros2_self_driving_robot/install/sllidar_ros2/bin'
[1.078s] INFO:colcon.colcon_core.shell:Creating package script '/home/smr/ros2_self_driving_robot/install/sllidar_ros2/share/sllidar_ros2/package.ps1'
[1.079s] INFO:colcon.colcon_core.shell:Creating package descriptor '/home/smr/ros2_self_driving_robot/install/sllidar_ros2/share/sllidar_ros2/package.dsv'
[1.079s] INFO:colcon.colcon_core.shell:Creating package script '/home/smr/ros2_self_driving_robot/install/sllidar_ros2/share/sllidar_ros2/package.sh'
[1.081s] INFO:colcon.colcon_core.shell:Creating package script '/home/smr/ros2_self_driving_robot/install/sllidar_ros2/share/sllidar_ros2/package.bash'
[1.082s] INFO:colcon.colcon_core.shell:Creating package script '/home/smr/ros2_self_driving_robot/install/sllidar_ros2/share/sllidar_ros2/package.zsh'
[1.083s] Level 1:colcon.colcon_core.environment:create_file_with_runtime_dependencies(/home/smr/ros2_self_driving_robot/install/sllidar_ros2/share/colcon-core/packages/sllidar_ros2)
[1.305s] Level 1:colcon.colcon_core.environment:create_environment_scripts_only(sllidar_ros2)
[1.306s] Level 1:colcon.colcon_core.environment:checking '/home/smr/ros2_self_driving_robot/install/sllidar_ros2' for CMake module files
[1.320s] Level 1:colcon.colcon_core.environment:checking '/home/smr/ros2_self_driving_robot/install/sllidar_ros2' for CMake config files
[1.322s] Level 1:colcon.colcon_core.shell:create_environment_hook('sllidar_ros2', 'cmake_prefix_path')
[1.323s] INFO:colcon.colcon_core.shell:Creating environment hook '/home/smr/ros2_self_driving_robot/install/sllidar_ros2/share/sllidar_ros2/hook/cmake_prefix_path.ps1'
[1.326s] INFO:colcon.colcon_core.shell:Creating environment descriptor '/home/smr/ros2_self_driving_robot/install/sllidar_ros2/share/sllidar_ros2/hook/cmake_prefix_path.dsv'
[1.328s] INFO:colcon.colcon_core.shell:Creating environment hook '/home/smr/ros2_self_driving_robot/install/sllidar_ros2/share/sllidar_ros2/hook/cmake_prefix_path.sh'
[1.330s] Level 1:colcon.colcon_core.environment:checking '/home/smr/ros2_self_driving_robot/install/sllidar_ros2/lib'
[1.330s] Level 1:colcon.colcon_core.environment:checking '/home/smr/ros2_self_driving_robot/install/sllidar_ros2/bin'
[1.331s] Level 1:colcon.colcon_core.environment:checking '/home/smr/ros2_self_driving_robot/install/sllidar_ros2/lib/pkgconfig/sllidar_ros2.pc'
[1.332s] Level 1:colcon.colcon_core.environment:checking '/home/smr/ros2_self_driving_robot/install/sllidar_ros2/lib/python3.10/site-packages'
[1.333s] Level 1:colcon.colcon_core.environment:checking '/home/smr/ros2_self_driving_robot/install/sllidar_ros2/bin'
[1.334s] INFO:colcon.colcon_core.shell:Creating package script '/home/smr/ros2_self_driving_robot/install/sllidar_ros2/share/sllidar_ros2/package.ps1'
[1.336s] INFO:colcon.colcon_core.shell:Creating package descriptor '/home/smr/ros2_self_driving_robot/install/sllidar_ros2/share/sllidar_ros2/package.dsv'
[1.338s] INFO:colcon.colcon_core.shell:Creating package script '/home/smr/ros2_self_driving_robot/install/sllidar_ros2/share/sllidar_ros2/package.sh'
[1.340s] INFO:colcon.colcon_core.shell:Creating package script '/home/smr/ros2_self_driving_robot/install/sllidar_ros2/share/sllidar_ros2/package.bash'
[1.342s] INFO:colcon.colcon_core.shell:Creating package script '/home/smr/ros2_self_driving_robot/install/sllidar_ros2/share/sllidar_ros2/package.zsh'
[1.345s] Level 1:colcon.colcon_core.environment:create_file_with_runtime_dependencies(/home/smr/ros2_self_driving_robot/install/sllidar_ros2/share/colcon-core/packages/sllidar_ros2)
[1.347s] DEBUG:colcon.colcon_parallel_executor.executor.parallel:closing loop
[1.347s] DEBUG:colcon.colcon_parallel_executor.executor.parallel:loop closed
[1.348s] DEBUG:colcon.colcon_parallel_executor.executor.parallel:run_until_complete finished with '0'
[1.348s] DEBUG:colcon.colcon_core.event_reactor:joining thread
[1.357s] INFO:colcon.colcon_core.plugin_system:Skipping extension 'colcon_notification.desktop_notification.terminal_notifier': Not used on non-Darwin systems
[1.357s] INFO:colcon.colcon_core.plugin_system:Skipping extension 'colcon_notification.desktop_notification.win32': Not used on non-Windows systems
[1.358s] INFO:colcon.colcon_notification.desktop_notification:Sending desktop notification using 'notify2'
[1.404s] DEBUG:colcon.colcon_core.event_reactor:joined thread
[1.405s] INFO:colcon.colcon_core.shell:Creating prefix script '/home/smr/ros2_self_driving_robot/install/local_setup.ps1'
[1.406s] INFO:colcon.colcon_core.shell:Creating prefix util module '/home/smr/ros2_self_driving_robot/install/_local_setup_util_ps1.py'
[1.408s] INFO:colcon.colcon_core.shell:Creating prefix chain script '/home/smr/ros2_self_driving_robot/install/setup.ps1'
[1.409s] INFO:colcon.colcon_core.shell:Creating prefix script '/home/smr/ros2_self_driving_robot/install/local_setup.sh'
[1.410s] INFO:colcon.colcon_core.shell:Creating prefix util module '/home/smr/ros2_self_driving_robot/install/_local_setup_util_sh.py'
[1.411s] INFO:colcon.colcon_core.shell:Creating prefix chain script '/home/smr/ros2_self_driving_robot/install/setup.sh'
[1.412s] INFO:colcon.colcon_core.shell:Creating prefix script '/home/smr/ros2_self_driving_robot/install/local_setup.bash'
[1.413s] INFO:colcon.colcon_core.shell:Creating prefix chain script '/home/smr/ros2_self_driving_robot/install/setup.bash'
[1.414s] INFO:colcon.colcon_core.shell:Creating prefix script '/home/smr/ros2_self_driving_robot/install/local_setup.zsh'
[1.415s] INFO:colcon.colcon_core.shell:Creating prefix chain script '/home/smr/ros2_self_driving_robot/install/setup.zsh'
