[0.260s] DEBUG:colcon:Command line arguments: ['/usr/local/bin/colcon', 'build']
[0.260s] DEBUG:colcon:Parsed command line arguments: Namespace(log_base=None, log_level=None, verb_name='build', build_base='build', install_base='install', merge_install=False, symlink_install=False, test_result_base=None, continue_on_error=False, executor='parallel', parallel_workers=8, event_handlers=None, ignore_user_meta=False, metas=['./colcon.meta'], base_paths=['.'], packages_ignore=None, packages_ignore_regex=None, paths=None, packages_up_to=None, packages_up_to_regex=None, packages_above=None, packages_above_and_dependencies=None, packages_above_depth=None, packages_select_by_dep=None, packages_skip_by_dep=None, packages_skip_up_to=None, packages_select_build_failed=False, packages_skip_build_finished=False, packages_select_test_failures=False, packages_skip_test_passed=False, packages_select=None, packages_skip=None, packages_select_regex=None, packages_skip_regex=None, packages_start=None, packages_end=None, allow_overriding=[], cmake_args=None, cmake_target=None, cmake_target_skip_unavailable=False, cmake_clean_cache=False, cmake_clean_first=False, cmake_force_configure=False, ament_cmake_args=None, catkin_cmake_args=None, catkin_skip_building_tests=False, verb_parser=<colcon_defaults.argument_parser.defaults.DefaultArgumentsDecorator object at 0xffff9d5227a0>, verb_extension=<colcon_core.verb.build.BuildVerb object at 0xffff9d5217b0>, main=<bound method BuildVerb.main of <colcon_core.verb.build.BuildVerb object at 0xffff9d5217b0>>)
[0.579s] Level 1:colcon.colcon_core.package_discovery:discover_packages(colcon_meta) check parameters
[0.579s] Level 1:colcon.colcon_core.package_discovery:discover_packages(recursive) check parameters
[0.579s] Level 1:colcon.colcon_core.package_discovery:discover_packages(ignore) check parameters
[0.579s] Level 1:colcon.colcon_core.package_discovery:discover_packages(path) check parameters
[0.579s] Level 1:colcon.colcon_core.package_discovery:discover_packages(colcon_meta) discover
[0.579s] Level 1:colcon.colcon_core.package_discovery:discover_packages(recursive) discover
[0.579s] INFO:colcon.colcon_core.package_discovery:Crawling recursively for packages in '/home/smr/ros2_self_driving_robot/src'
[0.579s] Level 1:colcon.colcon_core.package_identification:_identify(.) by extensions ['ignore', 'ignore_ament_install']
[0.579s] Level 1:colcon.colcon_core.package_identification:_identify(.) by extension 'ignore'
[0.579s] Level 1:colcon.colcon_core.package_identification:_identify(.) by extension 'ignore_ament_install'
[0.580s] Level 1:colcon.colcon_core.package_identification:_identify(.) by extensions ['colcon_pkg']
[0.580s] Level 1:colcon.colcon_core.package_identification:_identify(.) by extension 'colcon_pkg'
[0.580s] Level 1:colcon.colcon_core.package_identification:_identify(.) by extensions ['colcon_meta']
[0.580s] Level 1:colcon.colcon_core.package_identification:_identify(.) by extension 'colcon_meta'
[0.580s] Level 1:colcon.colcon_core.package_identification:_identify(.) by extensions ['ros']
[0.580s] Level 1:colcon.colcon_core.package_identification:_identify(.) by extension 'ros'
[0.601s] Level 1:colcon.colcon_core.package_identification:_identify(.) by extensions ['cmake', 'python']
[0.601s] Level 1:colcon.colcon_core.package_identification:_identify(.) by extension 'cmake'
[0.601s] Level 1:colcon.colcon_core.package_identification:_identify(.) by extension 'python'
[0.601s] Level 1:colcon.colcon_core.package_identification:_identify(.) by extensions ['python_setup_py']
[0.602s] Level 1:colcon.colcon_core.package_identification:_identify(.) by extension 'python_setup_py'
[0.602s] Level 1:colcon.colcon_core.package_identification:_identify(build) by extensions ['ignore', 'ignore_ament_install']
[0.602s] Level 1:colcon.colcon_core.package_identification:_identify(build) by extension 'ignore'
[0.602s] Level 1:colcon.colcon_core.package_identification:_identify(build) ignored
[0.602s] Level 1:colcon.colcon_core.package_identification:_identify(install) by extensions ['ignore', 'ignore_ament_install']
[0.602s] Level 1:colcon.colcon_core.package_identification:_identify(install) by extension 'ignore'
[0.602s] Level 1:colcon.colcon_core.package_identification:_identify(install) ignored
[0.602s] Level 1:colcon.colcon_core.package_identification:_identify(log) by extensions ['ignore', 'ignore_ament_install']
[0.602s] Level 1:colcon.colcon_core.package_identification:_identify(log) by extension 'ignore'
[0.603s] Level 1:colcon.colcon_core.package_identification:_identify(log) ignored
[0.603s] Level 1:colcon.colcon_core.package_identification:_identify(robot_description) by extensions ['ignore', 'ignore_ament_install']
[0.603s] Level 1:colcon.colcon_core.package_identification:_identify(robot_description) by extension 'ignore'
[0.603s] Level 1:colcon.colcon_core.package_identification:_identify(robot_description) by extension 'ignore_ament_install'
[0.603s] Level 1:colcon.colcon_core.package_identification:_identify(robot_description) by extensions ['colcon_pkg']
[0.603s] Level 1:colcon.colcon_core.package_identification:_identify(robot_description) by extension 'colcon_pkg'
[0.603s] Level 1:colcon.colcon_core.package_identification:_identify(robot_description) by extensions ['colcon_meta']
[0.603s] Level 1:colcon.colcon_core.package_identification:_identify(robot_description) by extension 'colcon_meta'
[0.603s] Level 1:colcon.colcon_core.package_identification:_identify(robot_description) by extensions ['ros']
[0.603s] Level 1:colcon.colcon_core.package_identification:_identify(robot_description) by extension 'ros'
[0.608s] DEBUG:colcon.colcon_core.package_identification:Package 'robot_description' with type 'ros.ament_cmake' and name 'robot_description'
[0.608s] Level 1:colcon.colcon_core.package_identification:_identify(sllidar_ros2) by extensions ['ignore', 'ignore_ament_install']
[0.608s] Level 1:colcon.colcon_core.package_identification:_identify(sllidar_ros2) by extension 'ignore'
[0.608s] Level 1:colcon.colcon_core.package_identification:_identify(sllidar_ros2) by extension 'ignore_ament_install'
[0.608s] Level 1:colcon.colcon_core.package_identification:_identify(sllidar_ros2) by extensions ['colcon_pkg']
[0.608s] Level 1:colcon.colcon_core.package_identification:_identify(sllidar_ros2) by extension 'colcon_pkg'
[0.608s] Level 1:colcon.colcon_core.package_identification:_identify(sllidar_ros2) by extensions ['colcon_meta']
[0.608s] Level 1:colcon.colcon_core.package_identification:_identify(sllidar_ros2) by extension 'colcon_meta'
[0.608s] Level 1:colcon.colcon_core.package_identification:_identify(sllidar_ros2) by extensions ['ros']
[0.608s] Level 1:colcon.colcon_core.package_identification:_identify(sllidar_ros2) by extension 'ros'
[0.610s] DEBUG:colcon.colcon_core.package_identification:Package 'sllidar_ros2' with type 'ros.ament_cmake' and name 'sllidar_ros2'
[0.610s] Level 1:colcon.colcon_core.package_discovery:discover_packages(recursive) using defaults
[0.610s] Level 1:colcon.colcon_core.package_discovery:discover_packages(ignore) discover
[0.610s] Level 1:colcon.colcon_core.package_discovery:discover_packages(ignore) using defaults
[0.610s] Level 1:colcon.colcon_core.package_discovery:discover_packages(path) discover
[0.610s] Level 1:colcon.colcon_core.package_discovery:discover_packages(path) using defaults
[0.649s] Level 1:colcon.colcon_core.package_discovery:discover_packages(prefix_path) check parameters
[0.649s] Level 1:colcon.colcon_core.package_discovery:discover_packages(prefix_path) discover
[0.653s] WARNING:colcon.colcon_ros.prefix_path.ament:The path '/home/smr/ros2_self_driving_robot/install/my_package' in the environment variable AMENT_PREFIX_PATH doesn't exist
[0.654s] WARNING:colcon.colcon_ros.prefix_path.catkin:The path '/home/smr/ros2_self_driving_robot/install/my_package' in the environment variable CMAKE_PREFIX_PATH doesn't exist
[0.655s] DEBUG:colcon.colcon_installed_package_information.package_discovery:Found 2 installed packages in /home/smr/ros2_self_driving_robot/install
[0.658s] DEBUG:colcon.colcon_installed_package_information.package_discovery:Found 328 installed packages in /opt/ros/humble
[0.660s] Level 1:colcon.colcon_core.package_discovery:discover_packages(prefix_path) using defaults
[0.842s] Level 5:colcon.colcon_core.verb:set package 'robot_description' build argument 'cmake_args' from command line to 'None'
[0.842s] Level 5:colcon.colcon_core.verb:set package 'robot_description' build argument 'cmake_target' from command line to 'None'
[0.842s] Level 5:colcon.colcon_core.verb:set package 'robot_description' build argument 'cmake_target_skip_unavailable' from command line to 'False'
[0.842s] Level 5:colcon.colcon_core.verb:set package 'robot_description' build argument 'cmake_clean_cache' from command line to 'False'
[0.842s] Level 5:colcon.colcon_core.verb:set package 'robot_description' build argument 'cmake_clean_first' from command line to 'False'
[0.842s] Level 5:colcon.colcon_core.verb:set package 'robot_description' build argument 'cmake_force_configure' from command line to 'False'
[0.842s] Level 5:colcon.colcon_core.verb:set package 'robot_description' build argument 'ament_cmake_args' from command line to 'None'
[0.842s] Level 5:colcon.colcon_core.verb:set package 'robot_description' build argument 'catkin_cmake_args' from command line to 'None'
[0.842s] Level 5:colcon.colcon_core.verb:set package 'robot_description' build argument 'catkin_skip_building_tests' from command line to 'False'
[0.842s] DEBUG:colcon.colcon_core.verb:Building package 'robot_description' with the following arguments: {'ament_cmake_args': None, 'build_base': '/home/smr/ros2_self_driving_robot/src/build/robot_description', 'catkin_cmake_args': None, 'catkin_skip_building_tests': False, 'cmake_args': None, 'cmake_clean_cache': False, 'cmake_clean_first': False, 'cmake_force_configure': False, 'cmake_target': None, 'cmake_target_skip_unavailable': False, 'install_base': '/home/smr/ros2_self_driving_robot/src/install/robot_description', 'merge_install': False, 'path': '/home/smr/ros2_self_driving_robot/src/robot_description', 'symlink_install': False, 'test_result_base': None}
[0.843s] Level 5:colcon.colcon_core.verb:set package 'sllidar_ros2' build argument 'cmake_args' from command line to 'None'
[0.843s] Level 5:colcon.colcon_core.verb:set package 'sllidar_ros2' build argument 'cmake_target' from command line to 'None'
[0.843s] Level 5:colcon.colcon_core.verb:set package 'sllidar_ros2' build argument 'cmake_target_skip_unavailable' from command line to 'False'
[0.843s] Level 5:colcon.colcon_core.verb:set package 'sllidar_ros2' build argument 'cmake_clean_cache' from command line to 'False'
[0.843s] Level 5:colcon.colcon_core.verb:set package 'sllidar_ros2' build argument 'cmake_clean_first' from command line to 'False'
[0.843s] Level 5:colcon.colcon_core.verb:set package 'sllidar_ros2' build argument 'cmake_force_configure' from command line to 'False'
[0.843s] Level 5:colcon.colcon_core.verb:set package 'sllidar_ros2' build argument 'ament_cmake_args' from command line to 'None'
[0.843s] Level 5:colcon.colcon_core.verb:set package 'sllidar_ros2' build argument 'catkin_cmake_args' from command line to 'None'
[0.843s] Level 5:colcon.colcon_core.verb:set package 'sllidar_ros2' build argument 'catkin_skip_building_tests' from command line to 'False'
[0.843s] DEBUG:colcon.colcon_core.verb:Building package 'sllidar_ros2' with the following arguments: {'ament_cmake_args': None, 'build_base': '/home/smr/ros2_self_driving_robot/src/build/sllidar_ros2', 'catkin_cmake_args': None, 'catkin_skip_building_tests': False, 'cmake_args': None, 'cmake_clean_cache': False, 'cmake_clean_first': False, 'cmake_force_configure': False, 'cmake_target': None, 'cmake_target_skip_unavailable': False, 'install_base': '/home/smr/ros2_self_driving_robot/src/install/sllidar_ros2', 'merge_install': False, 'path': '/home/smr/ros2_self_driving_robot/src/sllidar_ros2', 'symlink_install': False, 'test_result_base': None}
[0.844s] INFO:colcon.colcon_core.executor:Executing jobs using 'parallel' executor
[0.846s] DEBUG:colcon.colcon_parallel_executor.executor.parallel:run_until_complete
[0.846s] INFO:colcon.colcon_ros.task.ament_cmake.build:Building ROS package in '/home/smr/ros2_self_driving_robot/src/robot_description' with build type 'ament_cmake'
[0.847s] INFO:colcon.colcon_cmake.task.cmake.build:Building CMake package in '/home/smr/ros2_self_driving_robot/src/robot_description'
[0.855s] INFO:colcon.colcon_core.plugin_system:Skipping extension 'colcon_core.shell.bat': Not used on non-Windows systems
[0.855s] INFO:colcon.colcon_core.shell:Skip shell extension 'powershell' for command environment: Not usable outside of PowerShell
[0.855s] DEBUG:colcon.colcon_core.shell:Skip shell extension 'dsv' for command environment
[0.860s] INFO:colcon.colcon_ros.task.ament_cmake.build:Building ROS package in '/home/smr/ros2_self_driving_robot/src/sllidar_ros2' with build type 'ament_cmake'
[0.860s] INFO:colcon.colcon_cmake.task.cmake.build:Building CMake package in '/home/smr/ros2_self_driving_robot/src/sllidar_ros2'
[0.861s] INFO:colcon.colcon_core.shell:Skip shell extension 'powershell' for command environment: Not usable outside of PowerShell
[0.861s] DEBUG:colcon.colcon_core.shell:Skip shell extension 'dsv' for command environment
[0.872s] DEBUG:colcon.colcon_core.event_handler.log_command:Invoking command in '/home/smr/ros2_self_driving_robot/src/build/robot_description': CMAKE_PREFIX_PATH=${CMAKE_PREFIX_PATH}:/opt/ros/humble /usr/bin/cmake /home/smr/ros2_self_driving_robot/src/robot_description -DCMAKE_INSTALL_PREFIX=/home/smr/ros2_self_driving_robot/src/install/robot_description
[0.878s] DEBUG:colcon.colcon_core.event_handler.log_command:Invoking command in '/home/smr/ros2_self_driving_robot/src/build/sllidar_ros2': CMAKE_PREFIX_PATH=${CMAKE_PREFIX_PATH}:/opt/ros/humble /usr/bin/cmake /home/smr/ros2_self_driving_robot/src/sllidar_ros2 -DCMAKE_INSTALL_PREFIX=/home/smr/ros2_self_driving_robot/src/install/sllidar_ros2
[2.533s] DEBUG:colcon.colcon_core.event_handler.log_command:Invoked command in '/home/smr/ros2_self_driving_robot/src/build/robot_description' returned '0': CMAKE_PREFIX_PATH=${CMAKE_PREFIX_PATH}:/opt/ros/humble /usr/bin/cmake /home/smr/ros2_self_driving_robot/src/robot_description -DCMAKE_INSTALL_PREFIX=/home/smr/ros2_self_driving_robot/src/install/robot_description
[2.540s] DEBUG:colcon.colcon_core.event_handler.log_command:Invoking command in '/home/smr/ros2_self_driving_robot/src/build/robot_description': CMAKE_PREFIX_PATH=${CMAKE_PREFIX_PATH}:/opt/ros/humble /usr/bin/cmake --build /home/smr/ros2_self_driving_robot/src/build/robot_description -- -j8 -l8
[2.647s] DEBUG:colcon.colcon_core.event_handler.log_command:Invoked command in '/home/smr/ros2_self_driving_robot/src/build/robot_description' returned '0': CMAKE_PREFIX_PATH=${CMAKE_PREFIX_PATH}:/opt/ros/humble /usr/bin/cmake --build /home/smr/ros2_self_driving_robot/src/build/robot_description -- -j8 -l8
[2.714s] DEBUG:colcon.colcon_core.event_handler.log_command:Invoking command in '/home/smr/ros2_self_driving_robot/src/build/robot_description': CMAKE_PREFIX_PATH=${CMAKE_PREFIX_PATH}:/opt/ros/humble /usr/bin/cmake --install /home/smr/ros2_self_driving_robot/src/build/robot_description
[2.752s] Level 1:colcon.colcon_core.environment:create_environment_scripts_only(robot_description)
[2.753s] DEBUG:colcon.colcon_core.event_handler.log_command:Invoked command in '/home/smr/ros2_self_driving_robot/src/build/robot_description' returned '0': CMAKE_PREFIX_PATH=${CMAKE_PREFIX_PATH}:/opt/ros/humble /usr/bin/cmake --install /home/smr/ros2_self_driving_robot/src/build/robot_description
[2.767s] Level 1:colcon.colcon_core.environment:checking '/home/smr/ros2_self_driving_robot/src/install/robot_description' for CMake module files
[2.770s] Level 1:colcon.colcon_core.environment:checking '/home/smr/ros2_self_driving_robot/src/install/robot_description' for CMake config files
[2.770s] Level 1:colcon.colcon_core.shell:create_environment_hook('robot_description', 'cmake_prefix_path')
[2.771s] INFO:colcon.colcon_core.shell:Creating environment hook '/home/smr/ros2_self_driving_robot/src/install/robot_description/share/robot_description/hook/cmake_prefix_path.ps1'
[2.774s] INFO:colcon.colcon_core.shell:Creating environment descriptor '/home/smr/ros2_self_driving_robot/src/install/robot_description/share/robot_description/hook/cmake_prefix_path.dsv'
[2.776s] INFO:colcon.colcon_core.shell:Creating environment hook '/home/smr/ros2_self_driving_robot/src/install/robot_description/share/robot_description/hook/cmake_prefix_path.sh'
[2.779s] Level 1:colcon.colcon_core.environment:checking '/home/smr/ros2_self_driving_robot/src/install/robot_description/bin'
[2.779s] Level 1:colcon.colcon_core.environment:checking '/home/smr/ros2_self_driving_robot/src/install/robot_description/lib/pkgconfig/robot_description.pc'
[2.781s] Level 1:colcon.colcon_core.environment:checking '/home/smr/ros2_self_driving_robot/src/install/robot_description/lib/python3.10/site-packages'
[2.782s] Level 1:colcon.colcon_core.environment:checking '/home/smr/ros2_self_driving_robot/src/install/robot_description/bin'
[2.783s] INFO:colcon.colcon_core.shell:Creating package script '/home/smr/ros2_self_driving_robot/src/install/robot_description/share/robot_description/package.ps1'
[2.791s] INFO:colcon.colcon_core.shell:Creating package descriptor '/home/smr/ros2_self_driving_robot/src/install/robot_description/share/robot_description/package.dsv'
[2.797s] INFO:colcon.colcon_core.shell:Creating package script '/home/smr/ros2_self_driving_robot/src/install/robot_description/share/robot_description/package.sh'
[2.801s] INFO:colcon.colcon_core.shell:Creating package script '/home/smr/ros2_self_driving_robot/src/install/robot_description/share/robot_description/package.bash'
[2.805s] INFO:colcon.colcon_core.shell:Creating package script '/home/smr/ros2_self_driving_robot/src/install/robot_description/share/robot_description/package.zsh'
[2.807s] Level 1:colcon.colcon_core.environment:create_file_with_runtime_dependencies(/home/smr/ros2_self_driving_robot/src/install/robot_description/share/colcon-core/packages/robot_description)
[2.849s] Level 1:colcon.colcon_core.environment:create_environment_scripts_only(robot_description)
[2.850s] Level 1:colcon.colcon_core.environment:checking '/home/smr/ros2_self_driving_robot/src/install/robot_description' for CMake module files
[2.854s] Level 1:colcon.colcon_core.environment:checking '/home/smr/ros2_self_driving_robot/src/install/robot_description' for CMake config files
[2.854s] Level 1:colcon.colcon_core.shell:create_environment_hook('robot_description', 'cmake_prefix_path')
[2.855s] INFO:colcon.colcon_core.shell:Creating environment hook '/home/smr/ros2_self_driving_robot/src/install/robot_description/share/robot_description/hook/cmake_prefix_path.ps1'
[2.857s] INFO:colcon.colcon_core.shell:Creating environment descriptor '/home/smr/ros2_self_driving_robot/src/install/robot_description/share/robot_description/hook/cmake_prefix_path.dsv'
[2.858s] INFO:colcon.colcon_core.shell:Creating environment hook '/home/smr/ros2_self_driving_robot/src/install/robot_description/share/robot_description/hook/cmake_prefix_path.sh'
[2.861s] Level 1:colcon.colcon_core.environment:checking '/home/smr/ros2_self_driving_robot/src/install/robot_description/bin'
[2.861s] Level 1:colcon.colcon_core.environment:checking '/home/smr/ros2_self_driving_robot/src/install/robot_description/lib/pkgconfig/robot_description.pc'
[2.862s] Level 1:colcon.colcon_core.environment:checking '/home/smr/ros2_self_driving_robot/src/install/robot_description/lib/python3.10/site-packages'
[2.863s] Level 1:colcon.colcon_core.environment:checking '/home/smr/ros2_self_driving_robot/src/install/robot_description/bin'
[2.865s] INFO:colcon.colcon_core.shell:Creating package script '/home/smr/ros2_self_driving_robot/src/install/robot_description/share/robot_description/package.ps1'
[2.867s] INFO:colcon.colcon_core.shell:Creating package descriptor '/home/smr/ros2_self_driving_robot/src/install/robot_description/share/robot_description/package.dsv'
[2.869s] INFO:colcon.colcon_core.shell:Creating package script '/home/smr/ros2_self_driving_robot/src/install/robot_description/share/robot_description/package.sh'
[2.871s] INFO:colcon.colcon_core.shell:Creating package script '/home/smr/ros2_self_driving_robot/src/install/robot_description/share/robot_description/package.bash'
[2.877s] INFO:colcon.colcon_core.shell:Creating package script '/home/smr/ros2_self_driving_robot/src/install/robot_description/share/robot_description/package.zsh'
[2.880s] Level 1:colcon.colcon_core.environment:create_file_with_runtime_dependencies(/home/smr/ros2_self_driving_robot/src/install/robot_description/share/colcon-core/packages/robot_description)
[3.881s] DEBUG:colcon.colcon_core.event_handler.log_command:Invoked command in '/home/smr/ros2_self_driving_robot/src/build/sllidar_ros2' returned '0': CMAKE_PREFIX_PATH=${CMAKE_PREFIX_PATH}:/opt/ros/humble /usr/bin/cmake /home/smr/ros2_self_driving_robot/src/sllidar_ros2 -DCMAKE_INSTALL_PREFIX=/home/smr/ros2_self_driving_robot/src/install/sllidar_ros2
[3.887s] DEBUG:colcon.colcon_core.event_handler.log_command:Invoking command in '/home/smr/ros2_self_driving_robot/src/build/sllidar_ros2': CMAKE_PREFIX_PATH=${CMAKE_PREFIX_PATH}:/opt/ros/humble /usr/bin/cmake --build /home/smr/ros2_self_driving_robot/src/build/sllidar_ros2 -- -j8 -l8
[20.347s] DEBUG:colcon.colcon_core.event_handler.log_command:Invoked command in '/home/smr/ros2_self_driving_robot/src/build/sllidar_ros2' returned '0': CMAKE_PREFIX_PATH=${CMAKE_PREFIX_PATH}:/opt/ros/humble /usr/bin/cmake --build /home/smr/ros2_self_driving_robot/src/build/sllidar_ros2 -- -j8 -l8
[20.543s] DEBUG:colcon.colcon_core.event_handler.log_command:Invoking command in '/home/smr/ros2_self_driving_robot/src/build/sllidar_ros2': CMAKE_PREFIX_PATH=${CMAKE_PREFIX_PATH}:/opt/ros/humble /usr/bin/cmake --install /home/smr/ros2_self_driving_robot/src/build/sllidar_ros2
[20.608s] Level 1:colcon.colcon_core.environment:create_environment_scripts_only(sllidar_ros2)
[20.609s] Level 1:colcon.colcon_core.environment:checking '/home/smr/ros2_self_driving_robot/src/install/sllidar_ros2' for CMake module files
[20.610s] Level 1:colcon.colcon_core.environment:checking '/home/smr/ros2_self_driving_robot/src/install/sllidar_ros2' for CMake config files
[20.610s] Level 1:colcon.colcon_core.shell:create_environment_hook('sllidar_ros2', 'cmake_prefix_path')
[20.610s] INFO:colcon.colcon_core.shell:Creating environment hook '/home/smr/ros2_self_driving_robot/src/install/sllidar_ros2/share/sllidar_ros2/hook/cmake_prefix_path.ps1'
[20.611s] INFO:colcon.colcon_core.shell:Creating environment descriptor '/home/smr/ros2_self_driving_robot/src/install/sllidar_ros2/share/sllidar_ros2/hook/cmake_prefix_path.dsv'
[20.611s] INFO:colcon.colcon_core.shell:Creating environment hook '/home/smr/ros2_self_driving_robot/src/install/sllidar_ros2/share/sllidar_ros2/hook/cmake_prefix_path.sh'
[20.612s] Level 1:colcon.colcon_core.environment:checking '/home/smr/ros2_self_driving_robot/src/install/sllidar_ros2/lib'
[20.612s] Level 1:colcon.colcon_core.environment:checking '/home/smr/ros2_self_driving_robot/src/install/sllidar_ros2/bin'
[20.613s] Level 1:colcon.colcon_core.environment:checking '/home/smr/ros2_self_driving_robot/src/install/sllidar_ros2/lib/pkgconfig/sllidar_ros2.pc'
[20.613s] Level 1:colcon.colcon_core.environment:checking '/home/smr/ros2_self_driving_robot/src/install/sllidar_ros2/lib/python3.10/site-packages'
[20.613s] Level 1:colcon.colcon_core.environment:checking '/home/smr/ros2_self_driving_robot/src/install/sllidar_ros2/bin'
[20.614s] INFO:colcon.colcon_core.shell:Creating package script '/home/smr/ros2_self_driving_robot/src/install/sllidar_ros2/share/sllidar_ros2/package.ps1'
[20.615s] INFO:colcon.colcon_core.shell:Creating package descriptor '/home/smr/ros2_self_driving_robot/src/install/sllidar_ros2/share/sllidar_ros2/package.dsv'
[20.616s] INFO:colcon.colcon_core.shell:Creating package script '/home/smr/ros2_self_driving_robot/src/install/sllidar_ros2/share/sllidar_ros2/package.sh'
[20.617s] INFO:colcon.colcon_core.shell:Creating package script '/home/smr/ros2_self_driving_robot/src/install/sllidar_ros2/share/sllidar_ros2/package.bash'
[20.618s] DEBUG:colcon.colcon_core.event_handler.log_command:Invoked command in '/home/smr/ros2_self_driving_robot/src/build/sllidar_ros2' returned '0': CMAKE_PREFIX_PATH=${CMAKE_PREFIX_PATH}:/opt/ros/humble /usr/bin/cmake --install /home/smr/ros2_self_driving_robot/src/build/sllidar_ros2
[20.618s] INFO:colcon.colcon_core.shell:Creating package script '/home/smr/ros2_self_driving_robot/src/install/sllidar_ros2/share/sllidar_ros2/package.zsh'
[20.619s] Level 1:colcon.colcon_core.environment:create_file_with_runtime_dependencies(/home/smr/ros2_self_driving_robot/src/install/sllidar_ros2/share/colcon-core/packages/sllidar_ros2)
[20.789s] Level 1:colcon.colcon_core.environment:create_environment_scripts_only(sllidar_ros2)
[20.789s] Level 1:colcon.colcon_core.environment:checking '/home/smr/ros2_self_driving_robot/src/install/sllidar_ros2' for CMake module files
[20.790s] Level 1:colcon.colcon_core.environment:checking '/home/smr/ros2_self_driving_robot/src/install/sllidar_ros2' for CMake config files
[20.790s] Level 1:colcon.colcon_core.shell:create_environment_hook('sllidar_ros2', 'cmake_prefix_path')
[20.791s] INFO:colcon.colcon_core.shell:Creating environment hook '/home/smr/ros2_self_driving_robot/src/install/sllidar_ros2/share/sllidar_ros2/hook/cmake_prefix_path.ps1'
[20.791s] INFO:colcon.colcon_core.shell:Creating environment descriptor '/home/smr/ros2_self_driving_robot/src/install/sllidar_ros2/share/sllidar_ros2/hook/cmake_prefix_path.dsv'
[20.792s] INFO:colcon.colcon_core.shell:Creating environment hook '/home/smr/ros2_self_driving_robot/src/install/sllidar_ros2/share/sllidar_ros2/hook/cmake_prefix_path.sh'
[20.792s] Level 1:colcon.colcon_core.environment:checking '/home/smr/ros2_self_driving_robot/src/install/sllidar_ros2/lib'
[20.792s] Level 1:colcon.colcon_core.environment:checking '/home/smr/ros2_self_driving_robot/src/install/sllidar_ros2/bin'
[20.792s] Level 1:colcon.colcon_core.environment:checking '/home/smr/ros2_self_driving_robot/src/install/sllidar_ros2/lib/pkgconfig/sllidar_ros2.pc'
[20.793s] Level 1:colcon.colcon_core.environment:checking '/home/smr/ros2_self_driving_robot/src/install/sllidar_ros2/lib/python3.10/site-packages'
[20.793s] Level 1:colcon.colcon_core.environment:checking '/home/smr/ros2_self_driving_robot/src/install/sllidar_ros2/bin'
[20.793s] INFO:colcon.colcon_core.shell:Creating package script '/home/smr/ros2_self_driving_robot/src/install/sllidar_ros2/share/sllidar_ros2/package.ps1'
[20.794s] INFO:colcon.colcon_core.shell:Creating package descriptor '/home/smr/ros2_self_driving_robot/src/install/sllidar_ros2/share/sllidar_ros2/package.dsv'
[20.794s] INFO:colcon.colcon_core.shell:Creating package script '/home/smr/ros2_self_driving_robot/src/install/sllidar_ros2/share/sllidar_ros2/package.sh'
[20.795s] INFO:colcon.colcon_core.shell:Creating package script '/home/smr/ros2_self_driving_robot/src/install/sllidar_ros2/share/sllidar_ros2/package.bash'
[20.795s] INFO:colcon.colcon_core.shell:Creating package script '/home/smr/ros2_self_driving_robot/src/install/sllidar_ros2/share/sllidar_ros2/package.zsh'
[20.796s] Level 1:colcon.colcon_core.environment:create_file_with_runtime_dependencies(/home/smr/ros2_self_driving_robot/src/install/sllidar_ros2/share/colcon-core/packages/sllidar_ros2)
[20.796s] DEBUG:colcon.colcon_parallel_executor.executor.parallel:closing loop
[20.796s] DEBUG:colcon.colcon_parallel_executor.executor.parallel:loop closed
[20.796s] DEBUG:colcon.colcon_parallel_executor.executor.parallel:run_until_complete finished with '0'
[20.797s] DEBUG:colcon.colcon_core.event_reactor:joining thread
[20.846s] INFO:colcon.colcon_core.plugin_system:Skipping extension 'colcon_notification.desktop_notification.terminal_notifier': Not used on non-Darwin systems
[20.846s] INFO:colcon.colcon_core.plugin_system:Skipping extension 'colcon_notification.desktop_notification.win32': Not used on non-Windows systems
[20.846s] INFO:colcon.colcon_notification.desktop_notification:Sending desktop notification using 'notify2'
[20.875s] DEBUG:colcon.colcon_core.event_reactor:joined thread
[20.876s] INFO:colcon.colcon_core.shell:Creating prefix script '/home/smr/ros2_self_driving_robot/src/install/local_setup.ps1'
[20.878s] INFO:colcon.colcon_core.shell:Creating prefix util module '/home/smr/ros2_self_driving_robot/src/install/_local_setup_util_ps1.py'
[20.880s] INFO:colcon.colcon_core.shell:Creating prefix chain script '/home/smr/ros2_self_driving_robot/src/install/setup.ps1'
[20.882s] INFO:colcon.colcon_core.shell:Creating prefix script '/home/smr/ros2_self_driving_robot/src/install/local_setup.sh'
[20.884s] INFO:colcon.colcon_core.shell:Creating prefix util module '/home/smr/ros2_self_driving_robot/src/install/_local_setup_util_sh.py'
[20.886s] INFO:colcon.colcon_core.shell:Creating prefix chain script '/home/smr/ros2_self_driving_robot/src/install/setup.sh'
[20.888s] INFO:colcon.colcon_core.shell:Creating prefix script '/home/smr/ros2_self_driving_robot/src/install/local_setup.bash'
[20.891s] INFO:colcon.colcon_core.shell:Creating prefix chain script '/home/smr/ros2_self_driving_robot/src/install/setup.bash'
[20.893s] INFO:colcon.colcon_core.shell:Creating prefix script '/home/smr/ros2_self_driving_robot/src/install/local_setup.zsh'
[20.894s] INFO:colcon.colcon_core.shell:Creating prefix chain script '/home/smr/ros2_self_driving_robot/src/install/setup.zsh'
