[0.016s] Invoking command in '/home/smr/ros2_self_driving_robot/build/robot_description': CMAKE_PREFIX_PATH=${CMAKE_PREFIX_PATH}:/opt/ros/humble /usr/bin/cmake /home/smr/ros2_self_driving_robot/src/robot_description -DCMAKE_INSTALL_PREFIX=/home/smr/ros2_self_driving_robot/install/robot_description
[0.193s] -- The C compiler identification is GNU 11.4.0
[0.332s] -- The CXX compiler identification is GNU 11.4.0
[0.346s] -- Detecting C compiler ABI info
[0.518s] -- Detecting C compiler ABI info - done
[0.557s] -- Check for working C compiler: /usr/bin/cc - skipped
[0.557s] -- Detecting C compile features
[0.559s] -- Detecting C compile features - done
[0.566s] -- Detecting CXX compiler ABI info
[0.784s] -- Detecting CXX compiler ABI info - done
[0.824s] -- Check for working CXX compiler: /usr/bin/c++ - skipped
[0.825s] -- Detecting CXX compile features
[0.827s] -- Detecting CXX compile features - done
[0.841s] -- Found ament_cmake: 1.3.8 (/opt/ros/humble/share/ament_cmake/cmake)
[1.199s] -- Found Python3: /usr/bin/python3 (found version "3.10.12") found components: Interpreter 
[1.409s] -- Found urdf: 2.6.0 (/opt/ros/humble/share/urdf/cmake)
[1.474s] -- Found TinyXML2 via Config file: /usr/local/lib/cmake/tinyxml2
[1.493s] -- Found ament_lint_auto: 0.12.10 (/opt/ros/humble/share/ament_lint_auto/cmake)
[1.627s] -- Added test 'cppcheck' to perform static code analysis on C / C++ code
[1.628s] -- Configured cppcheck include dirs: 
[1.628s] -- Configured cppcheck exclude dirs and/or files: 
[1.630s] -- Added test 'flake8' to check Python code syntax and style conventions
[1.634s] -- Added test 'lint_cmake' to check CMake code style
[1.636s] -- Added test 'pep257' to check Python code against some of the docstring style conventions in PEP 257
[1.648s] -- Added test 'uncrustify' to check C / C++ code style
[1.649s] -- Configured uncrustify additional arguments: 
[1.650s] -- Added test 'xmllint' to check XML markup files
[1.653s] -- Configuring done
[1.660s] -- Generating done
[1.661s] -- Build files have been written to: /home/smr/ros2_self_driving_robot/build/robot_description
[1.673s] Invoked command in '/home/smr/ros2_self_driving_robot/build/robot_description' returned '0': CMAKE_PREFIX_PATH=${CMAKE_PREFIX_PATH}:/opt/ros/humble /usr/bin/cmake /home/smr/ros2_self_driving_robot/src/robot_description -DCMAKE_INSTALL_PREFIX=/home/smr/ros2_self_driving_robot/install/robot_description
[1.674s] Invoking command in '/home/smr/ros2_self_driving_robot/build/robot_description': CMAKE_PREFIX_PATH=${CMAKE_PREFIX_PATH}:/opt/ros/humble /usr/bin/cmake --build /home/smr/ros2_self_driving_robot/build/robot_description -- -j8 -l8
[1.801s] Invoked command in '/home/smr/ros2_self_driving_robot/build/robot_description' returned '0': CMAKE_PREFIX_PATH=${CMAKE_PREFIX_PATH}:/opt/ros/humble /usr/bin/cmake --build /home/smr/ros2_self_driving_robot/build/robot_description -- -j8 -l8
[1.880s] Invoking command in '/home/smr/ros2_self_driving_robot/build/robot_description': CMAKE_PREFIX_PATH=${CMAKE_PREFIX_PATH}:/opt/ros/humble /usr/bin/cmake --install /home/smr/ros2_self_driving_robot/build/robot_description
[1.904s] -- Install configuration: ""
[1.905s] -- Installing: /home/smr/ros2_self_driving_robot/install/robot_description/share/robot_description/launch
[1.906s] -- Installing: /home/smr/ros2_self_driving_robot/install/robot_description/share/robot_description/launch/display.launch.py
[1.906s] -- Installing: /home/smr/ros2_self_driving_robot/install/robot_description/share/robot_description/urdf
[1.906s] -- Installing: /home/smr/ros2_self_driving_robot/install/robot_description/share/robot_description/urdf/bb_bot.urdf.xacro
[1.907s] -- Installing: /home/smr/ros2_self_driving_robot/install/robot_description/share/robot_description/rviz
[1.907s] -- Installing: /home/smr/ros2_self_driving_robot/install/robot_description/share/robot_description/rviz/display.rviz
[1.908s] -- Installing: /home/smr/ros2_self_driving_robot/install/robot_description/share/ament_index/resource_index/package_run_dependencies/robot_description
[1.909s] -- Installing: /home/smr/ros2_self_driving_robot/install/robot_description/share/ament_index/resource_index/parent_prefix_path/robot_description
[1.909s] -- Installing: /home/smr/ros2_self_driving_robot/install/robot_description/share/robot_description/environment/ament_prefix_path.sh
[1.910s] -- Installing: /home/smr/ros2_self_driving_robot/install/robot_description/share/robot_description/environment/ament_prefix_path.dsv
[1.910s] -- Installing: /home/smr/ros2_self_driving_robot/install/robot_description/share/robot_description/environment/path.sh
[1.911s] -- Installing: /home/smr/ros2_self_driving_robot/install/robot_description/share/robot_description/environment/path.dsv
[1.911s] -- Installing: /home/smr/ros2_self_driving_robot/install/robot_description/share/robot_description/local_setup.bash
[1.912s] -- Installing: /home/smr/ros2_self_driving_robot/install/robot_description/share/robot_description/local_setup.sh
[1.912s] -- Installing: /home/smr/ros2_self_driving_robot/install/robot_description/share/robot_description/local_setup.zsh
[1.913s] -- Installing: /home/smr/ros2_self_driving_robot/install/robot_description/share/robot_description/local_setup.dsv
[1.913s] -- Installing: /home/smr/ros2_self_driving_robot/install/robot_description/share/robot_description/package.dsv
[1.914s] -- Installing: /home/smr/ros2_self_driving_robot/install/robot_description/share/ament_index/resource_index/packages/robot_description
[1.915s] -- Installing: /home/smr/ros2_self_driving_robot/install/robot_description/share/robot_description/cmake/robot_descriptionConfig.cmake
[1.915s] -- Installing: /home/smr/ros2_self_driving_robot/install/robot_description/share/robot_description/cmake/robot_descriptionConfig-version.cmake
[1.916s] -- Installing: /home/smr/ros2_self_driving_robot/install/robot_description/share/robot_description/package.xml
[1.926s] Invoked command in '/home/smr/ros2_self_driving_robot/build/robot_description' returned '0': CMAKE_PREFIX_PATH=${CMAKE_PREFIX_PATH}:/opt/ros/humble /usr/bin/cmake --install /home/smr/ros2_self_driving_robot/build/robot_description
