[0.024s] Invoking command in '/home/smr/ros2_self_driving_robot/src/build/robot_description': CMAKE_PREFIX_PATH=${CMAKE_PREFIX_PATH}:/opt/ros/humble /usr/bin/cmake /home/smr/ros2_self_driving_robot/src/robot_description -DCMAKE_INSTALL_PREFIX=/home/smr/ros2_self_driving_robot/src/install/robot_description
[0.261s] -- The C compiler identification is GNU 11.4.0
[0.423s] -- The CXX compiler identification is GNU 11.4.0
[0.435s] -- Detecting C compiler ABI info
[0.621s] -- Detecting C compiler ABI info - done
[0.632s] -- Check for working C compiler: /usr/bin/cc - skipped
[0.633s] -- Detecting C compile features
[0.633s] -- Detecting C compile features - done
[0.639s] -- Detecting CXX compiler ABI info
[0.796s] -- Detecting CXX compiler ABI info - done
[0.835s] -- Check for working CXX compiler: /usr/bin/c++ - skipped
[0.836s] -- Detecting CXX compile features
[0.838s] -- Detecting CXX compile features - done
[0.844s] -- Found ament_cmake: 1.3.8 (/opt/ros/humble/share/ament_cmake/cmake)
[1.167s] -- Found Python3: /usr/bin/python3 (found version "3.10.12") found components: Interpreter 
[1.383s] -- Found urdf: 2.6.0 (/opt/ros/humble/share/urdf/cmake)
[1.452s] -- Found TinyXML2 via Config file: /usr/local/lib/cmake/tinyxml2
[1.471s] -- Found ament_lint_auto: 0.12.10 (/opt/ros/humble/share/ament_lint_auto/cmake)
[1.638s] -- Added test 'cppcheck' to perform static code analysis on C / C++ code
[1.639s] -- Configured cppcheck include dirs: 
[1.639s] -- Configured cppcheck exclude dirs and/or files: 
[1.640s] -- Added test 'flake8' to check Python code syntax and style conventions
[1.644s] -- Added test 'lint_cmake' to check CMake code style
[1.647s] -- Added test 'pep257' to check Python code against some of the docstring style conventions in PEP 257
[1.659s] -- Added test 'uncrustify' to check C / C++ code style
[1.660s] -- Configured uncrustify additional arguments: 
[1.665s] -- Added test 'xmllint' to check XML markup files
[1.666s] -- Configuring done
[1.671s] -- Generating done
[1.673s] -- Build files have been written to: /home/smr/ros2_self_driving_robot/src/build/robot_description
[1.685s] Invoked command in '/home/smr/ros2_self_driving_robot/src/build/robot_description' returned '0': CMAKE_PREFIX_PATH=${CMAKE_PREFIX_PATH}:/opt/ros/humble /usr/bin/cmake /home/smr/ros2_self_driving_robot/src/robot_description -DCMAKE_INSTALL_PREFIX=/home/smr/ros2_self_driving_robot/src/install/robot_description
[1.692s] Invoking command in '/home/smr/ros2_self_driving_robot/src/build/robot_description': CMAKE_PREFIX_PATH=${CMAKE_PREFIX_PATH}:/opt/ros/humble /usr/bin/cmake --build /home/smr/ros2_self_driving_robot/src/build/robot_description -- -j8 -l8
[1.799s] Invoked command in '/home/smr/ros2_self_driving_robot/src/build/robot_description' returned '0': CMAKE_PREFIX_PATH=${CMAKE_PREFIX_PATH}:/opt/ros/humble /usr/bin/cmake --build /home/smr/ros2_self_driving_robot/src/build/robot_description -- -j8 -l8
[1.867s] Invoking command in '/home/smr/ros2_self_driving_robot/src/build/robot_description': CMAKE_PREFIX_PATH=${CMAKE_PREFIX_PATH}:/opt/ros/humble /usr/bin/cmake --install /home/smr/ros2_self_driving_robot/src/build/robot_description
[1.888s] -- Install configuration: ""
[1.888s] -- Installing: /home/smr/ros2_self_driving_robot/src/install/robot_description/share/robot_description/launch
[1.888s] -- Installing: /home/smr/ros2_self_driving_robot/src/install/robot_description/share/robot_description/launch/display.launch.py
[1.889s] -- Installing: /home/smr/ros2_self_driving_robot/src/install/robot_description/share/robot_description/urdf
[1.889s] -- Installing: /home/smr/ros2_self_driving_robot/src/install/robot_description/share/robot_description/urdf/bb_bot.urdf.xacro
[1.890s] -- Installing: /home/smr/ros2_self_driving_robot/src/install/robot_description/share/robot_description/rviz
[1.890s] -- Installing: /home/smr/ros2_self_driving_robot/src/install/robot_description/share/robot_description/rviz/display.rviz
[1.892s] -- Installing: /home/smr/ros2_self_driving_robot/src/install/robot_description/share/ament_index/resource_index/package_run_dependencies/robot_description
[1.893s] -- Installing: /home/smr/ros2_self_driving_robot/src/install/robot_description/share/ament_index/resource_index/parent_prefix_path/robot_description
[1.893s] -- Installing: /home/smr/ros2_self_driving_robot/src/install/robot_description/share/robot_description/environment/ament_prefix_path.sh
[1.894s] -- Installing: /home/smr/ros2_self_driving_robot/src/install/robot_description/share/robot_description/environment/ament_prefix_path.dsv
[1.894s] -- Installing: /home/smr/ros2_self_driving_robot/src/install/robot_description/share/robot_description/environment/path.sh
[1.895s] -- Installing: /home/smr/ros2_self_driving_robot/src/install/robot_description/share/robot_description/environment/path.dsv
[1.895s] -- Installing: /home/smr/ros2_self_driving_robot/src/install/robot_description/share/robot_description/local_setup.bash
[1.896s] -- Installing: /home/smr/ros2_self_driving_robot/src/install/robot_description/share/robot_description/local_setup.sh
[1.896s] -- Installing: /home/smr/ros2_self_driving_robot/src/install/robot_description/share/robot_description/local_setup.zsh
[1.897s] -- Installing: /home/smr/ros2_self_driving_robot/src/install/robot_description/share/robot_description/local_setup.dsv
[1.897s] -- Installing: /home/smr/ros2_self_driving_robot/src/install/robot_description/share/robot_description/package.dsv
[1.898s] -- Installing: /home/smr/ros2_self_driving_robot/src/install/robot_description/share/ament_index/resource_index/packages/robot_description
[1.899s] -- Installing: /home/smr/ros2_self_driving_robot/src/install/robot_description/share/robot_description/cmake/robot_descriptionConfig.cmake
[1.899s] -- Installing: /home/smr/ros2_self_driving_robot/src/install/robot_description/share/robot_description/cmake/robot_descriptionConfig-version.cmake
[1.900s] -- Installing: /home/smr/ros2_self_driving_robot/src/install/robot_description/share/robot_description/package.xml
[1.906s] Invoked command in '/home/smr/ros2_self_driving_robot/src/build/robot_description' returned '0': CMAKE_PREFIX_PATH=${CMAKE_PREFIX_PATH}:/opt/ros/humble /usr/bin/cmake --install /home/smr/ros2_self_driving_robot/src/build/robot_description
