[0.031s] Invoking command in '/home/smr/ros2_self_driving_robot/build/robot_bringup': AMENT_PREFIX_PATH=/home/smr/ros2_self_driving_robot/install/micro_ros_agent:/home/smr/ros2_self_driving_robot/install/micro_ros_msgs:${AMENT_PREFIX_PATH} CMAKE_PREFIX_PATH=/home/smr/ros2_self_driving_robot/install/micro_ros_agent:/home/smr/ros2_self_driving_robot/install/micro_ros_msgs:/home/smr/ros2_self_driving_robot/src/install/micro_ros_agent:/home/smr/ros2_self_driving_robot/src/install/micro_ros_msgs:/home/smr/ros2_self_driving_robot/src/install/sllidar_ros2:/home/smr/ros2_self_driving_robot/src/install/robot_navigation:/home/smr/ros2_self_driving_robot/src/install/robot_description:/home/smr/ros2_self_driving_robot/src/install/robot_bringup:/home/smr/ros2_self_driving_robot/src/install/micro_ros_setup:/opt/ros/humble LD_LIBRARY_PATH=/home/smr/ros2_self_driving_robot/install/micro_ros_agent/lib:/home/smr/ros2_self_driving_robot/install/micro_ros_msgs/lib:${LD_LIBRARY_PATH} PYTHONPATH=/home/smr/ros2_self_driving_robot/install/micro_ros_msgs/local/lib/python3.10/dist-packages:${PYTHONPATH} /usr/bin/cmake --build /home/smr/ros2_self_driving_robot/build/robot_bringup -- -j8 -l8
[0.171s] Invoked command in '/home/smr/ros2_self_driving_robot/build/robot_bringup' returned '0': AMENT_PREFIX_PATH=/home/smr/ros2_self_driving_robot/install/micro_ros_agent:/home/smr/ros2_self_driving_robot/install/micro_ros_msgs:${AMENT_PREFIX_PATH} CMAKE_PREFIX_PATH=/home/smr/ros2_self_driving_robot/install/micro_ros_agent:/home/smr/ros2_self_driving_robot/install/micro_ros_msgs:/home/smr/ros2_self_driving_robot/src/install/micro_ros_agent:/home/smr/ros2_self_driving_robot/src/install/micro_ros_msgs:/home/smr/ros2_self_driving_robot/src/install/sllidar_ros2:/home/smr/ros2_self_driving_robot/src/install/robot_navigation:/home/smr/ros2_self_driving_robot/src/install/robot_description:/home/smr/ros2_self_driving_robot/src/install/robot_bringup:/home/smr/ros2_self_driving_robot/src/install/micro_ros_setup:/opt/ros/humble LD_LIBRARY_PATH=/home/smr/ros2_self_driving_robot/install/micro_ros_agent/lib:/home/smr/ros2_self_driving_robot/install/micro_ros_msgs/lib:${LD_LIBRARY_PATH} PYTHONPATH=/home/smr/ros2_self_driving_robot/install/micro_ros_msgs/local/lib/python3.10/dist-packages:${PYTHONPATH} /usr/bin/cmake --build /home/smr/ros2_self_driving_robot/build/robot_bringup -- -j8 -l8
[0.236s] Invoking command in '/home/smr/ros2_self_driving_robot/build/robot_bringup': AMENT_PREFIX_PATH=/home/smr/ros2_self_driving_robot/install/micro_ros_agent:/home/smr/ros2_self_driving_robot/install/micro_ros_msgs:${AMENT_PREFIX_PATH} CMAKE_PREFIX_PATH=/home/smr/ros2_self_driving_robot/install/micro_ros_agent:/home/smr/ros2_self_driving_robot/install/micro_ros_msgs:/home/smr/ros2_self_driving_robot/src/install/micro_ros_agent:/home/smr/ros2_self_driving_robot/src/install/micro_ros_msgs:/home/smr/ros2_self_driving_robot/src/install/sllidar_ros2:/home/smr/ros2_self_driving_robot/src/install/robot_navigation:/home/smr/ros2_self_driving_robot/src/install/robot_description:/home/smr/ros2_self_driving_robot/src/install/robot_bringup:/home/smr/ros2_self_driving_robot/src/install/micro_ros_setup:/opt/ros/humble LD_LIBRARY_PATH=/home/smr/ros2_self_driving_robot/install/micro_ros_agent/lib:/home/smr/ros2_self_driving_robot/install/micro_ros_msgs/lib:${LD_LIBRARY_PATH} PYTHONPATH=/home/smr/ros2_self_driving_robot/install/micro_ros_msgs/local/lib/python3.10/dist-packages:${PYTHONPATH} /usr/bin/cmake --install /home/smr/ros2_self_driving_robot/build/robot_bringup
[0.262s] -- Install configuration: ""
[0.263s] -- Up-to-date: /home/smr/ros2_self_driving_robot/install/robot_bringup/share/robot_bringup/launch
[0.263s] -- Up-to-date: /home/smr/ros2_self_driving_robot/install/robot_bringup/share/robot_bringup/launch/bringup.launch.py
[0.264s] -- Installing: /home/smr/ros2_self_driving_robot/install/robot_bringup/share/robot_bringup/launch/micro_ros.launch.py
[0.264s] -- Up-to-date: /home/smr/ros2_self_driving_robot/install/robot_bringup/share/robot_bringup/config
[0.264s] -- Up-to-date: /home/smr/ros2_self_driving_robot/install/robot_bringup/share/robot_bringup/config/ekf.yaml
[0.265s] -- Up-to-date: /home/smr/ros2_self_driving_robot/install/robot_bringup/share/ament_index/resource_index/package_run_dependencies/robot_bringup
[0.265s] -- Up-to-date: /home/smr/ros2_self_driving_robot/install/robot_bringup/share/ament_index/resource_index/parent_prefix_path/robot_bringup
[0.266s] -- Up-to-date: /home/smr/ros2_self_driving_robot/install/robot_bringup/share/robot_bringup/environment/ament_prefix_path.sh
[0.266s] -- Up-to-date: /home/smr/ros2_self_driving_robot/install/robot_bringup/share/robot_bringup/environment/ament_prefix_path.dsv
[0.266s] -- Up-to-date: /home/smr/ros2_self_driving_robot/install/robot_bringup/share/robot_bringup/environment/path.sh
[0.267s] -- Up-to-date: /home/smr/ros2_self_driving_robot/install/robot_bringup/share/robot_bringup/environment/path.dsv
[0.267s] -- Up-to-date: /home/smr/ros2_self_driving_robot/install/robot_bringup/share/robot_bringup/local_setup.bash
[0.268s] -- Up-to-date: /home/smr/ros2_self_driving_robot/install/robot_bringup/share/robot_bringup/local_setup.sh
[0.268s] -- Up-to-date: /home/smr/ros2_self_driving_robot/install/robot_bringup/share/robot_bringup/local_setup.zsh
[0.269s] -- Up-to-date: /home/smr/ros2_self_driving_robot/install/robot_bringup/share/robot_bringup/local_setup.dsv
[0.269s] -- Installing: /home/smr/ros2_self_driving_robot/install/robot_bringup/share/robot_bringup/package.dsv
[0.270s] -- Up-to-date: /home/smr/ros2_self_driving_robot/install/robot_bringup/share/ament_index/resource_index/packages/robot_bringup
[0.271s] -- Up-to-date: /home/smr/ros2_self_driving_robot/install/robot_bringup/share/robot_bringup/cmake/robot_bringupConfig.cmake
[0.272s] -- Up-to-date: /home/smr/ros2_self_driving_robot/install/robot_bringup/share/robot_bringup/cmake/robot_bringupConfig-version.cmake
[0.273s] -- Up-to-date: /home/smr/ros2_self_driving_robot/install/robot_bringup/share/robot_bringup/package.xml
[0.273s] Invoked command in '/home/smr/ros2_self_driving_robot/build/robot_bringup' returned '0': AMENT_PREFIX_PATH=/home/smr/ros2_self_driving_robot/install/micro_ros_agent:/home/smr/ros2_self_driving_robot/install/micro_ros_msgs:${AMENT_PREFIX_PATH} CMAKE_PREFIX_PATH=/home/smr/ros2_self_driving_robot/install/micro_ros_agent:/home/smr/ros2_self_driving_robot/install/micro_ros_msgs:/home/smr/ros2_self_driving_robot/src/install/micro_ros_agent:/home/smr/ros2_self_driving_robot/src/install/micro_ros_msgs:/home/smr/ros2_self_driving_robot/src/install/sllidar_ros2:/home/smr/ros2_self_driving_robot/src/install/robot_navigation:/home/smr/ros2_self_driving_robot/src/install/robot_description:/home/smr/ros2_self_driving_robot/src/install/robot_bringup:/home/smr/ros2_self_driving_robot/src/install/micro_ros_setup:/opt/ros/humble LD_LIBRARY_PATH=/home/smr/ros2_self_driving_robot/install/micro_ros_agent/lib:/home/smr/ros2_self_driving_robot/install/micro_ros_msgs/lib:${LD_LIBRARY_PATH} PYTHONPATH=/home/smr/ros2_self_driving_robot/install/micro_ros_msgs/local/lib/python3.10/dist-packages:${PYTHONPATH} /usr/bin/cmake --install /home/smr/ros2_self_driving_robot/build/robot_bringup
