[1.160s] Invoking command in '/home/smr/ros2_self_driving_robot/src/python_pkg': PYTHONPATH=/home/smr/ros2_self_driving_robot/build/python_pkg/prefix_override:/home/smr/ros2_self_driving_robot/install/python_pkg/lib/python3.10/site-packages:${PYTHONPATH} /usr/bin/python3 -W ignore:setup.py install is deprecated setup.py egg_info --egg-base ../../build/python_pkg build --build-base /home/smr/ros2_self_driving_robot/build/python_pkg/build install --record /home/smr/ros2_self_driving_robot/build/python_pkg/install.log --single-version-externally-managed install_data
[1.538s] running egg_info
[1.539s] writing ../../build/python_pkg/python_pkg.egg-info/PKG-INFO
[1.539s] writing dependency_links to ../../build/python_pkg/python_pkg.egg-info/dependency_links.txt
[1.540s] writing entry points to ../../build/python_pkg/python_pkg.egg-info/entry_points.txt
[1.542s] writing requirements to ../../build/python_pkg/python_pkg.egg-info/requires.txt
[1.542s] writing top-level names to ../../build/python_pkg/python_pkg.egg-info/top_level.txt
[1.545s] reading manifest file '../../build/python_pkg/python_pkg.egg-info/SOURCES.txt'
[1.546s] writing manifest file '../../build/python_pkg/python_pkg.egg-info/SOURCES.txt'
[1.546s] running build
[1.547s] running build_py
[1.550s] running install
[1.550s] running install_lib
[1.551s] running install_data
[1.551s] running install_egg_info
[1.554s] removing '/home/smr/ros2_self_driving_robot/install/python_pkg/lib/python3.10/site-packages/python_pkg-0.0.0-py3.10.egg-info' (and everything under it)
[1.555s] Copying ../../build/python_pkg/python_pkg.egg-info to /home/smr/ros2_self_driving_robot/install/python_pkg/lib/python3.10/site-packages/python_pkg-0.0.0-py3.10.egg-info
[1.555s] running install_scripts
[1.585s] writing list of installed files to '/home/smr/ros2_self_driving_robot/build/python_pkg/install.log'
[1.644s] Invoked command in '/home/smr/ros2_self_driving_robot/src/python_pkg' returned '0': PYTHONPATH=/home/smr/ros2_self_driving_robot/build/python_pkg/prefix_override:/home/smr/ros2_self_driving_robot/install/python_pkg/lib/python3.10/site-packages:${PYTHONPATH} /usr/bin/python3 -W ignore:setup.py install is deprecated setup.py egg_info --egg-base ../../build/python_pkg build --build-base /home/smr/ros2_self_driving_robot/build/python_pkg/build install --record /home/smr/ros2_self_driving_robot/build/python_pkg/install.log --single-version-externally-managed install_data
