[0.042s] Invoking command in '/home/smr/ros2_self_driving_robot/build/robot_bringup': CMAKE_PREFIX_PATH=${CMAKE_PREFIX_PATH}:/opt/ros/humble /usr/bin/cmake --build /home/smr/ros2_self_driving_robot/build/robot_bringup -- -j8 -l8
[0.100s] Invoked command in '/home/smr/ros2_self_driving_robot/build/robot_bringup' returned '0': CMAKE_PREFIX_PATH=${CMAKE_PREFIX_PATH}:/opt/ros/humble /usr/bin/cmake --build /home/smr/ros2_self_driving_robot/build/robot_bringup -- -j8 -l8
[0.138s] Invoking command in '/home/smr/ros2_self_driving_robot/build/robot_bringup': CMAKE_PREFIX_PATH=${CMAKE_PREFIX_PATH}:/opt/ros/humble /usr/bin/cmake --install /home/smr/ros2_self_driving_robot/build/robot_bringup
[0.147s] -- Install configuration: ""
[0.148s] -- Up-to-date: /home/smr/ros2_self_driving_robot/install/robot_bringup/share/robot_bringup/launch
[0.148s] -- Up-to-date: /home/smr/ros2_self_driving_robot/install/robot_bringup/share/robot_bringup/launch/bringup.launch.py
[0.148s] -- Up-to-date: /home/smr/ros2_self_driving_robot/install/robot_bringup/share/robot_bringup/config
[0.148s] -- Up-to-date: /home/smr/ros2_self_driving_robot/install/robot_bringup/share/robot_bringup/config/ekf.yaml
[0.148s] -- Up-to-date: /home/smr/ros2_self_driving_robot/install/robot_bringup/share/ament_index/resource_index/package_run_dependencies/robot_bringup
[0.148s] -- Up-to-date: /home/smr/ros2_self_driving_robot/install/robot_bringup/share/ament_index/resource_index/parent_prefix_path/robot_bringup
[0.149s] -- Up-to-date: /home/smr/ros2_self_driving_robot/install/robot_bringup/share/robot_bringup/environment/ament_prefix_path.sh
[0.149s] -- Up-to-date: /home/smr/ros2_self_driving_robot/install/robot_bringup/share/robot_bringup/environment/ament_prefix_path.dsv
[0.150s] -- Up-to-date: /home/smr/ros2_self_driving_robot/install/robot_bringup/share/robot_bringup/environment/path.sh
[0.150s] -- Up-to-date: /home/smr/ros2_self_driving_robot/install/robot_bringup/share/robot_bringup/environment/path.dsv
[0.150s] -- Up-to-date: /home/smr/ros2_self_driving_robot/install/robot_bringup/share/robot_bringup/local_setup.bash
[0.150s] -- Up-to-date: /home/smr/ros2_self_driving_robot/install/robot_bringup/share/robot_bringup/local_setup.sh
[0.150s] -- Up-to-date: /home/smr/ros2_self_driving_robot/install/robot_bringup/share/robot_bringup/local_setup.zsh
[0.150s] -- Up-to-date: /home/smr/ros2_self_driving_robot/install/robot_bringup/share/robot_bringup/local_setup.dsv
[0.150s] -- Installing: /home/smr/ros2_self_driving_robot/install/robot_bringup/share/robot_bringup/package.dsv
[0.151s] -- Up-to-date: /home/smr/ros2_self_driving_robot/install/robot_bringup/share/ament_index/resource_index/packages/robot_bringup
[0.151s] -- Up-to-date: /home/smr/ros2_self_driving_robot/install/robot_bringup/share/robot_bringup/cmake/robot_bringupConfig.cmake
[0.151s] -- Up-to-date: /home/smr/ros2_self_driving_robot/install/robot_bringup/share/robot_bringup/cmake/robot_bringupConfig-version.cmake
[0.151s] -- Up-to-date: /home/smr/ros2_self_driving_robot/install/robot_bringup/share/robot_bringup/package.xml
[0.155s] Invoked command in '/home/smr/ros2_self_driving_robot/build/robot_bringup' returned '0': CMAKE_PREFIX_PATH=${CMAKE_PREFIX_PATH}:/opt/ros/humble /usr/bin/cmake --install /home/smr/ros2_self_driving_robot/build/robot_bringup
