[0.558s] Invoking command in '/home/smr/ros2_self_driving_robot/build/robot_navigation': CMAKE_PREFIX_PATH=${CMAKE_PREFIX_PATH}:/home/smr/ros2_self_driving_robot/install/python_pkg /usr/bin/cmake --build /home/smr/ros2_self_driving_robot/build/robot_navigation -- -j8 -l8
[0.683s] Invoked command in '/home/smr/ros2_self_driving_robot/build/robot_navigation' returned '0': CMAKE_PREFIX_PATH=${CMAKE_PREFIX_PATH}:/home/smr/ros2_self_driving_robot/install/python_pkg /usr/bin/cmake --build /home/smr/ros2_self_driving_robot/build/robot_navigation -- -j8 -l8
[0.867s] Invoking command in '/home/smr/ros2_self_driving_robot/build/robot_navigation': CMAKE_PREFIX_PATH=${CMAKE_PREFIX_PATH}:/home/smr/ros2_self_driving_robot/install/python_pkg /usr/bin/cmake --install /home/smr/ros2_self_driving_robot/build/robot_navigation
[0.916s] -- Install configuration: ""
[0.920s] -- Up-to-date: /home/smr/ros2_self_driving_robot/install/robot_navigation/share/robot_navigation/launch
[0.920s] -- Up-to-date: /home/smr/ros2_self_driving_robot/install/robot_navigation/share/robot_navigation/launch/navigation_launch.py
[0.921s] -- Installing: /home/smr/ros2_self_driving_robot/install/robot_navigation/share/robot_navigation/launch/nav.launch.py
[0.921s] -- Up-to-date: /home/smr/ros2_self_driving_robot/install/robot_navigation/share/robot_navigation/launch/slam.launch.py
[0.922s] -- Up-to-date: /home/smr/ros2_self_driving_robot/install/robot_navigation/share/robot_navigation/launch/collision_monitor_node.launch.py
[0.922s] -- Up-to-date: /home/smr/ros2_self_driving_robot/install/robot_navigation/share/robot_navigation/config
[0.923s] -- Up-to-date: /home/smr/ros2_self_driving_robot/install/robot_navigation/share/robot_navigation/config/mapper_params_online_async.yaml
[0.923s] -- Up-to-date: /home/smr/ros2_self_driving_robot/install/robot_navigation/share/robot_navigation/config/collision_monitor_params.yaml
[0.924s] -- Up-to-date: /home/smr/ros2_self_driving_robot/install/robot_navigation/share/robot_navigation/config/.navigation.yaml.swp
[0.924s] -- Up-to-date: /home/smr/ros2_self_driving_robot/install/robot_navigation/share/robot_navigation/config/navigation.yaml
[0.925s] -- Up-to-date: /home/smr/ros2_self_driving_robot/install/robot_navigation/share/robot_navigation/rviz
[0.925s] -- Up-to-date: /home/smr/ros2_self_driving_robot/install/robot_navigation/share/robot_navigation/rviz/slam.rviz
[0.926s] -- Up-to-date: /home/smr/ros2_self_driving_robot/install/robot_navigation/share/robot_navigation/rviz/navigation.rviz
[0.926s] -- Up-to-date: /home/smr/ros2_self_driving_robot/install/robot_navigation/share/robot_navigation/maps
[0.927s] -- Up-to-date: /home/smr/ros2_self_driving_robot/install/robot_navigation/share/robot_navigation/maps/2_map_save.yaml
[0.927s] -- Up-to-date: /home/smr/ros2_self_driving_robot/install/robot_navigation/share/robot_navigation/maps/first_map_save.pgm
[0.928s] -- Up-to-date: /home/smr/ros2_self_driving_robot/install/robot_navigation/share/robot_navigation/maps/test_save.yaml
[0.928s] -- Up-to-date: /home/smr/ros2_self_driving_robot/install/robot_navigation/share/robot_navigation/maps/first_map_serial.data
[0.928s] -- Up-to-date: /home/smr/ros2_self_driving_robot/install/robot_navigation/share/robot_navigation/maps/4_map_serial.data
[0.929s] -- Up-to-date: /home/smr/ros2_self_driving_robot/install/robot_navigation/share/robot_navigation/maps/2_map_serial.data
[0.930s] -- Up-to-date: /home/smr/ros2_self_driving_robot/install/robot_navigation/share/robot_navigation/maps/3_map_serial.posegraph
[0.930s] -- Up-to-date: /home/smr/ros2_self_driving_robot/install/robot_navigation/share/robot_navigation/maps/lobby_serial.posegraph
[0.930s] -- Up-to-date: /home/smr/ros2_self_driving_robot/install/robot_navigation/share/robot_navigation/maps/4_map_save.yaml
[0.931s] -- Up-to-date: /home/smr/ros2_self_driving_robot/install/robot_navigation/share/robot_navigation/maps/4_map_save.pgm
[0.931s] -- Up-to-date: /home/smr/ros2_self_driving_robot/install/robot_navigation/share/robot_navigation/maps/2_map_serial.posegraph
[0.932s] -- Up-to-date: /home/smr/ros2_self_driving_robot/install/robot_navigation/share/robot_navigation/maps/2_map_save.pgm
[0.932s] -- Up-to-date: /home/smr/ros2_self_driving_robot/install/robot_navigation/share/robot_navigation/maps/lobby_serial.data
[0.933s] -- Up-to-date: /home/smr/ros2_self_driving_robot/install/robot_navigation/share/robot_navigation/maps/test_save.pgm
[0.933s] -- Up-to-date: /home/smr/ros2_self_driving_robot/install/robot_navigation/share/robot_navigation/maps/lobby_save.pgm
[0.933s] -- Up-to-date: /home/smr/ros2_self_driving_robot/install/robot_navigation/share/robot_navigation/maps/first_map_save.yaml
[0.934s] -- Up-to-date: /home/smr/ros2_self_driving_robot/install/robot_navigation/share/robot_navigation/maps/4_map_serial.posegraph
[0.934s] -- Up-to-date: /home/smr/ros2_self_driving_robot/install/robot_navigation/share/robot_navigation/maps/lobby_save.yaml
[0.943s] -- Up-to-date: /home/smr/ros2_self_driving_robot/install/robot_navigation/share/robot_navigation/maps/3_map_serial.data
[0.949s] -- Up-to-date: /home/smr/ros2_self_driving_robot/install/robot_navigation/share/robot_navigation/maps/first_map_serial.posegraph
[0.950s] -- Up-to-date: /home/smr/ros2_self_driving_robot/install/robot_navigation/share/ament_index/resource_index/package_run_dependencies/robot_navigation
[0.951s] -- Up-to-date: /home/smr/ros2_self_driving_robot/install/robot_navigation/share/ament_index/resource_index/parent_prefix_path/robot_navigation
[0.951s] -- Up-to-date: /home/smr/ros2_self_driving_robot/install/robot_navigation/share/robot_navigation/environment/ament_prefix_path.sh
[0.951s] -- Up-to-date: /home/smr/ros2_self_driving_robot/install/robot_navigation/share/robot_navigation/environment/ament_prefix_path.dsv
[0.952s] -- Up-to-date: /home/smr/ros2_self_driving_robot/install/robot_navigation/share/robot_navigation/environment/path.sh
[0.952s] -- Up-to-date: /home/smr/ros2_self_driving_robot/install/robot_navigation/share/robot_navigation/environment/path.dsv
[0.953s] -- Up-to-date: /home/smr/ros2_self_driving_robot/install/robot_navigation/share/robot_navigation/local_setup.bash
[0.953s] -- Up-to-date: /home/smr/ros2_self_driving_robot/install/robot_navigation/share/robot_navigation/local_setup.sh
[0.957s] -- Up-to-date: /home/smr/ros2_self_driving_robot/install/robot_navigation/share/robot_navigation/local_setup.zsh
[0.958s] -- Up-to-date: /home/smr/ros2_self_driving_robot/install/robot_navigation/share/robot_navigation/local_setup.dsv
[0.959s] -- Installing: /home/smr/ros2_self_driving_robot/install/robot_navigation/share/robot_navigation/package.dsv
[0.959s] -- Up-to-date: /home/smr/ros2_self_driving_robot/install/robot_navigation/share/ament_index/resource_index/packages/robot_navigation
[0.960s] -- Up-to-date: /home/smr/ros2_self_driving_robot/install/robot_navigation/share/robot_navigation/cmake/robot_navigationConfig.cmake
[0.960s] -- Up-to-date: /home/smr/ros2_self_driving_robot/install/robot_navigation/share/robot_navigation/cmake/robot_navigationConfig-version.cmake
[0.961s] -- Up-to-date: /home/smr/ros2_self_driving_robot/install/robot_navigation/share/robot_navigation/package.xml
[1.056s] Invoked command in '/home/smr/ros2_self_driving_robot/build/robot_navigation' returned '0': CMAKE_PREFIX_PATH=${CMAKE_PREFIX_PATH}:/home/smr/ros2_self_driving_robot/install/python_pkg /usr/bin/cmake --install /home/smr/ros2_self_driving_robot/build/robot_navigation
