[0.182s] DEBUG:colcon:Command line arguments: ['/usr/local/bin/colcon', 'build']
[0.182s] DEBUG:colcon:Parsed command line arguments: Namespace(log_base=None, log_level=None, verb_name='build', build_base='build', install_base='install', merge_install=False, symlink_install=False, test_result_base=None, continue_on_error=False, executor='parallel', parallel_workers=8, event_handlers=None, ignore_user_meta=False, metas=['./colcon.meta'], base_paths=['.'], packages_ignore=None, packages_ignore_regex=None, paths=None, packages_up_to=None, packages_up_to_regex=None, packages_above=None, packages_above_and_dependencies=None, packages_above_depth=None, packages_select_by_dep=None, packages_skip_by_dep=None, packages_skip_up_to=None, packages_select_build_failed=False, packages_skip_build_finished=False, packages_select_test_failures=False, packages_skip_test_passed=False, packages_select=None, packages_skip=None, packages_select_regex=None, packages_skip_regex=None, packages_start=None, packages_end=None, allow_overriding=[], cmake_args=None, cmake_target=None, cmake_target_skip_unavailable=False, cmake_clean_cache=False, cmake_clean_first=False, cmake_force_configure=False, ament_cmake_args=None, catkin_cmake_args=None, catkin_skip_building_tests=False, verb_parser=<colcon_defaults.argument_parser.defaults.DefaultArgumentsDecorator object at 0xffffa196af20>, verb_extension=<colcon_core.verb.build.BuildVerb object at 0xffffa1969f30>, main=<bound method BuildVerb.main of <colcon_core.verb.build.BuildVerb object at 0xffffa1969f30>>)
[0.413s] Level 1:colcon.colcon_core.package_discovery:discover_packages(colcon_meta) check parameters
[0.413s] Level 1:colcon.colcon_core.package_discovery:discover_packages(recursive) check parameters
[0.413s] Level 1:colcon.colcon_core.package_discovery:discover_packages(ignore) check parameters
[0.413s] Level 1:colcon.colcon_core.package_discovery:discover_packages(path) check parameters
[0.413s] Level 1:colcon.colcon_core.package_discovery:discover_packages(colcon_meta) discover
[0.413s] Level 1:colcon.colcon_core.package_discovery:discover_packages(recursive) discover
[0.413s] INFO:colcon.colcon_core.package_discovery:Crawling recursively for packages in '/home/smr/ros2_self_driving_robot'
[0.413s] Level 1:colcon.colcon_core.package_identification:_identify(.) by extensions ['ignore', 'ignore_ament_install']
[0.414s] Level 1:colcon.colcon_core.package_identification:_identify(.) by extension 'ignore'
[0.414s] Level 1:colcon.colcon_core.package_identification:_identify(.) by extension 'ignore_ament_install'
[0.414s] Level 1:colcon.colcon_core.package_identification:_identify(.) by extensions ['colcon_pkg']
[0.414s] Level 1:colcon.colcon_core.package_identification:_identify(.) by extension 'colcon_pkg'
[0.414s] Level 1:colcon.colcon_core.package_identification:_identify(.) by extensions ['colcon_meta']
[0.414s] Level 1:colcon.colcon_core.package_identification:_identify(.) by extension 'colcon_meta'
[0.414s] Level 1:colcon.colcon_core.package_identification:_identify(.) by extensions ['ros']
[0.414s] Level 1:colcon.colcon_core.package_identification:_identify(.) by extension 'ros'
[0.433s] Level 1:colcon.colcon_core.package_identification:_identify(.) by extensions ['cmake', 'python']
[0.434s] Level 1:colcon.colcon_core.package_identification:_identify(.) by extension 'cmake'
[0.434s] Level 1:colcon.colcon_core.package_identification:_identify(.) by extension 'python'
[0.434s] Level 1:colcon.colcon_core.package_identification:_identify(.) by extensions ['python_setup_py']
[0.434s] Level 1:colcon.colcon_core.package_identification:_identify(.) by extension 'python_setup_py'
[0.434s] Level 1:colcon.colcon_core.package_identification:_identify(build) by extensions ['ignore', 'ignore_ament_install']
[0.434s] Level 1:colcon.colcon_core.package_identification:_identify(build) by extension 'ignore'
[0.434s] Level 1:colcon.colcon_core.package_identification:_identify(build) ignored
[0.435s] Level 1:colcon.colcon_core.package_identification:_identify(install) by extensions ['ignore', 'ignore_ament_install']
[0.435s] Level 1:colcon.colcon_core.package_identification:_identify(install) by extension 'ignore'
[0.435s] Level 1:colcon.colcon_core.package_identification:_identify(install) ignored
[0.435s] Level 1:colcon.colcon_core.package_identification:_identify(log) by extensions ['ignore', 'ignore_ament_install']
[0.435s] Level 1:colcon.colcon_core.package_identification:_identify(log) by extension 'ignore'
[0.435s] Level 1:colcon.colcon_core.package_identification:_identify(log) ignored
[0.435s] Level 1:colcon.colcon_core.package_identification:_identify(src) by extensions ['ignore', 'ignore_ament_install']
[0.435s] Level 1:colcon.colcon_core.package_identification:_identify(src) by extension 'ignore'
[0.435s] Level 1:colcon.colcon_core.package_identification:_identify(src) by extension 'ignore_ament_install'
[0.435s] Level 1:colcon.colcon_core.package_identification:_identify(src) by extensions ['colcon_pkg']
[0.436s] Level 1:colcon.colcon_core.package_identification:_identify(src) by extension 'colcon_pkg'
[0.436s] Level 1:colcon.colcon_core.package_identification:_identify(src) by extensions ['colcon_meta']
[0.436s] Level 1:colcon.colcon_core.package_identification:_identify(src) by extension 'colcon_meta'
[0.436s] Level 1:colcon.colcon_core.package_identification:_identify(src) by extensions ['ros']
[0.436s] Level 1:colcon.colcon_core.package_identification:_identify(src) by extension 'ros'
[0.436s] Level 1:colcon.colcon_core.package_identification:_identify(src) by extensions ['cmake', 'python']
[0.436s] Level 1:colcon.colcon_core.package_identification:_identify(src) by extension 'cmake'
[0.436s] Level 1:colcon.colcon_core.package_identification:_identify(src) by extension 'python'
[0.436s] Level 1:colcon.colcon_core.package_identification:_identify(src) by extensions ['python_setup_py']
[0.436s] Level 1:colcon.colcon_core.package_identification:_identify(src) by extension 'python_setup_py'
[0.436s] Level 1:colcon.colcon_core.package_identification:_identify(src/build) by extensions ['ignore', 'ignore_ament_install']
[0.436s] Level 1:colcon.colcon_core.package_identification:_identify(src/build) by extension 'ignore'
[0.436s] Level 1:colcon.colcon_core.package_identification:_identify(src/build) ignored
[0.436s] Level 1:colcon.colcon_core.package_identification:_identify(src/install) by extensions ['ignore', 'ignore_ament_install']
[0.436s] Level 1:colcon.colcon_core.package_identification:_identify(src/install) by extension 'ignore'
[0.437s] Level 1:colcon.colcon_core.package_identification:_identify(src/install) ignored
[0.437s] Level 1:colcon.colcon_core.package_identification:_identify(src/log) by extensions ['ignore', 'ignore_ament_install']
[0.437s] Level 1:colcon.colcon_core.package_identification:_identify(src/log) by extension 'ignore'
[0.437s] Level 1:colcon.colcon_core.package_identification:_identify(src/log) ignored
[0.437s] Level 1:colcon.colcon_core.package_identification:_identify(src/micro_ros_rpi2040) by extensions ['ignore', 'ignore_ament_install']
[0.437s] Level 1:colcon.colcon_core.package_identification:_identify(src/micro_ros_rpi2040) by extension 'ignore'
[0.437s] Level 1:colcon.colcon_core.package_identification:_identify(src/micro_ros_rpi2040) by extension 'ignore_ament_install'
[0.437s] Level 1:colcon.colcon_core.package_identification:_identify(src/micro_ros_rpi2040) by extensions ['colcon_pkg']
[0.437s] Level 1:colcon.colcon_core.package_identification:_identify(src/micro_ros_rpi2040) by extension 'colcon_pkg'
[0.437s] Level 1:colcon.colcon_core.package_identification:_identify(src/micro_ros_rpi2040) by extensions ['colcon_meta']
[0.437s] Level 1:colcon.colcon_core.package_identification:_identify(src/micro_ros_rpi2040) by extension 'colcon_meta'
[0.437s] Level 1:colcon.colcon_core.package_identification:_identify(src/micro_ros_rpi2040) by extensions ['ros']
[0.437s] Level 1:colcon.colcon_core.package_identification:_identify(src/micro_ros_rpi2040) by extension 'ros'
[0.437s] Level 1:colcon.colcon_core.package_identification:_identify(src/micro_ros_rpi2040) by extensions ['cmake', 'python']
[0.437s] Level 1:colcon.colcon_core.package_identification:_identify(src/micro_ros_rpi2040) by extension 'cmake'
[0.437s] Level 1:colcon.colcon_core.package_identification:_identify(src/micro_ros_rpi2040) by extension 'python'
[0.438s] Level 1:colcon.colcon_core.package_identification:_identify(src/micro_ros_rpi2040) by extensions ['python_setup_py']
[0.438s] Level 1:colcon.colcon_core.package_identification:_identify(src/micro_ros_rpi2040) by extension 'python_setup_py'
[0.438s] Level 1:colcon.colcon_core.package_identification:_identify(src/micro_ros_rpi2040/include) by extensions ['ignore', 'ignore_ament_install']
[0.438s] Level 1:colcon.colcon_core.package_identification:_identify(src/micro_ros_rpi2040/include) by extension 'ignore'
[0.438s] Level 1:colcon.colcon_core.package_identification:_identify(src/micro_ros_rpi2040/include) by extension 'ignore_ament_install'
[0.438s] Level 1:colcon.colcon_core.package_identification:_identify(src/micro_ros_rpi2040/include) by extensions ['colcon_pkg']
[0.438s] Level 1:colcon.colcon_core.package_identification:_identify(src/micro_ros_rpi2040/include) by extension 'colcon_pkg'
[0.438s] Level 1:colcon.colcon_core.package_identification:_identify(src/micro_ros_rpi2040/include) by extensions ['colcon_meta']
[0.438s] Level 1:colcon.colcon_core.package_identification:_identify(src/micro_ros_rpi2040/include) by extension 'colcon_meta'
[0.438s] Level 1:colcon.colcon_core.package_identification:_identify(src/micro_ros_rpi2040/include) by extensions ['ros']
[0.438s] Level 1:colcon.colcon_core.package_identification:_identify(src/micro_ros_rpi2040/include) by extension 'ros'
[0.438s] Level 1:colcon.colcon_core.package_identification:_identify(src/micro_ros_rpi2040/include) by extensions ['cmake', 'python']
[0.438s] Level 1:colcon.colcon_core.package_identification:_identify(src/micro_ros_rpi2040/include) by extension 'cmake'
[0.438s] Level 1:colcon.colcon_core.package_identification:_identify(src/micro_ros_rpi2040/include) by extension 'python'
[0.438s] Level 1:colcon.colcon_core.package_identification:_identify(src/micro_ros_rpi2040/include) by extensions ['python_setup_py']
[0.438s] Level 1:colcon.colcon_core.package_identification:_identify(src/micro_ros_rpi2040/include) by extension 'python_setup_py'
[0.438s] Level 1:colcon.colcon_core.package_identification:_identify(src/micro_ros_rpi2040/lib) by extensions ['ignore', 'ignore_ament_install']
[0.439s] Level 1:colcon.colcon_core.package_identification:_identify(src/micro_ros_rpi2040/lib) by extension 'ignore'
[0.439s] Level 1:colcon.colcon_core.package_identification:_identify(src/micro_ros_rpi2040/lib) by extension 'ignore_ament_install'
[0.439s] Level 1:colcon.colcon_core.package_identification:_identify(src/micro_ros_rpi2040/lib) by extensions ['colcon_pkg']
[0.439s] Level 1:colcon.colcon_core.package_identification:_identify(src/micro_ros_rpi2040/lib) by extension 'colcon_pkg'
[0.439s] Level 1:colcon.colcon_core.package_identification:_identify(src/micro_ros_rpi2040/lib) by extensions ['colcon_meta']
[0.439s] Level 1:colcon.colcon_core.package_identification:_identify(src/micro_ros_rpi2040/lib) by extension 'colcon_meta'
[0.439s] Level 1:colcon.colcon_core.package_identification:_identify(src/micro_ros_rpi2040/lib) by extensions ['ros']
[0.439s] Level 1:colcon.colcon_core.package_identification:_identify(src/micro_ros_rpi2040/lib) by extension 'ros'
[0.439s] Level 1:colcon.colcon_core.package_identification:_identify(src/micro_ros_rpi2040/lib) by extensions ['cmake', 'python']
[0.439s] Level 1:colcon.colcon_core.package_identification:_identify(src/micro_ros_rpi2040/lib) by extension 'cmake'
[0.439s] Level 1:colcon.colcon_core.package_identification:_identify(src/micro_ros_rpi2040/lib) by extension 'python'
[0.439s] Level 1:colcon.colcon_core.package_identification:_identify(src/micro_ros_rpi2040/lib) by extensions ['python_setup_py']
[0.439s] Level 1:colcon.colcon_core.package_identification:_identify(src/micro_ros_rpi2040/lib) by extension 'python_setup_py'
[0.439s] Level 1:colcon.colcon_core.package_identification:_identify(src/micro_ros_rpi2040/src) by extensions ['ignore', 'ignore_ament_install']
[0.439s] Level 1:colcon.colcon_core.package_identification:_identify(src/micro_ros_rpi2040/src) by extension 'ignore'
[0.439s] Level 1:colcon.colcon_core.package_identification:_identify(src/micro_ros_rpi2040/src) by extension 'ignore_ament_install'
[0.439s] Level 1:colcon.colcon_core.package_identification:_identify(src/micro_ros_rpi2040/src) by extensions ['colcon_pkg']
[0.439s] Level 1:colcon.colcon_core.package_identification:_identify(src/micro_ros_rpi2040/src) by extension 'colcon_pkg'
[0.440s] Level 1:colcon.colcon_core.package_identification:_identify(src/micro_ros_rpi2040/src) by extensions ['colcon_meta']
[0.440s] Level 1:colcon.colcon_core.package_identification:_identify(src/micro_ros_rpi2040/src) by extension 'colcon_meta'
[0.440s] Level 1:colcon.colcon_core.package_identification:_identify(src/micro_ros_rpi2040/src) by extensions ['ros']
[0.440s] Level 1:colcon.colcon_core.package_identification:_identify(src/micro_ros_rpi2040/src) by extension 'ros'
[0.440s] Level 1:colcon.colcon_core.package_identification:_identify(src/micro_ros_rpi2040/src) by extensions ['cmake', 'python']
[0.440s] Level 1:colcon.colcon_core.package_identification:_identify(src/micro_ros_rpi2040/src) by extension 'cmake'
[0.440s] Level 1:colcon.colcon_core.package_identification:_identify(src/micro_ros_rpi2040/src) by extension 'python'
[0.440s] Level 1:colcon.colcon_core.package_identification:_identify(src/micro_ros_rpi2040/src) by extensions ['python_setup_py']
[0.440s] Level 1:colcon.colcon_core.package_identification:_identify(src/micro_ros_rpi2040/src) by extension 'python_setup_py'
[0.440s] Level 1:colcon.colcon_core.package_identification:_identify(src/micro_ros_rpi2040/test) by extensions ['ignore', 'ignore_ament_install']
[0.440s] Level 1:colcon.colcon_core.package_identification:_identify(src/micro_ros_rpi2040/test) by extension 'ignore'
[0.440s] Level 1:colcon.colcon_core.package_identification:_identify(src/micro_ros_rpi2040/test) by extension 'ignore_ament_install'
[0.440s] Level 1:colcon.colcon_core.package_identification:_identify(src/micro_ros_rpi2040/test) by extensions ['colcon_pkg']
[0.440s] Level 1:colcon.colcon_core.package_identification:_identify(src/micro_ros_rpi2040/test) by extension 'colcon_pkg'
[0.440s] Level 1:colcon.colcon_core.package_identification:_identify(src/micro_ros_rpi2040/test) by extensions ['colcon_meta']
[0.440s] Level 1:colcon.colcon_core.package_identification:_identify(src/micro_ros_rpi2040/test) by extension 'colcon_meta'
[0.440s] Level 1:colcon.colcon_core.package_identification:_identify(src/micro_ros_rpi2040/test) by extensions ['ros']
[0.440s] Level 1:colcon.colcon_core.package_identification:_identify(src/micro_ros_rpi2040/test) by extension 'ros'
[0.440s] Level 1:colcon.colcon_core.package_identification:_identify(src/micro_ros_rpi2040/test) by extensions ['cmake', 'python']
[0.441s] Level 1:colcon.colcon_core.package_identification:_identify(src/micro_ros_rpi2040/test) by extension 'cmake'
[0.441s] Level 1:colcon.colcon_core.package_identification:_identify(src/micro_ros_rpi2040/test) by extension 'python'
[0.441s] Level 1:colcon.colcon_core.package_identification:_identify(src/micro_ros_rpi2040/test) by extensions ['python_setup_py']
[0.441s] Level 1:colcon.colcon_core.package_identification:_identify(src/micro_ros_rpi2040/test) by extension 'python_setup_py'
[0.441s] Level 1:colcon.colcon_core.package_identification:_identify(src/robot_bringup) by extensions ['ignore', 'ignore_ament_install']
[0.441s] Level 1:colcon.colcon_core.package_identification:_identify(src/robot_bringup) by extension 'ignore'
[0.441s] Level 1:colcon.colcon_core.package_identification:_identify(src/robot_bringup) by extension 'ignore_ament_install'
[0.441s] Level 1:colcon.colcon_core.package_identification:_identify(src/robot_bringup) by extensions ['colcon_pkg']
[0.441s] Level 1:colcon.colcon_core.package_identification:_identify(src/robot_bringup) by extension 'colcon_pkg'
[0.441s] Level 1:colcon.colcon_core.package_identification:_identify(src/robot_bringup) by extensions ['colcon_meta']
[0.441s] Level 1:colcon.colcon_core.package_identification:_identify(src/robot_bringup) by extension 'colcon_meta'
[0.441s] Level 1:colcon.colcon_core.package_identification:_identify(src/robot_bringup) by extensions ['ros']
[0.441s] Level 1:colcon.colcon_core.package_identification:_identify(src/robot_bringup) by extension 'ros'
[0.445s] DEBUG:colcon.colcon_core.package_identification:Package 'src/robot_bringup' with type 'ros.ament_cmake' and name 'robot_bringup'
[0.446s] Level 1:colcon.colcon_core.package_identification:_identify(src/robot_description) by extensions ['ignore', 'ignore_ament_install']
[0.446s] Level 1:colcon.colcon_core.package_identification:_identify(src/robot_description) by extension 'ignore'
[0.446s] Level 1:colcon.colcon_core.package_identification:_identify(src/robot_description) by extension 'ignore_ament_install'
[0.446s] Level 1:colcon.colcon_core.package_identification:_identify(src/robot_description) by extensions ['colcon_pkg']
[0.446s] Level 1:colcon.colcon_core.package_identification:_identify(src/robot_description) by extension 'colcon_pkg'
[0.446s] Level 1:colcon.colcon_core.package_identification:_identify(src/robot_description) by extensions ['colcon_meta']
[0.446s] Level 1:colcon.colcon_core.package_identification:_identify(src/robot_description) by extension 'colcon_meta'
[0.446s] Level 1:colcon.colcon_core.package_identification:_identify(src/robot_description) by extensions ['ros']
[0.446s] Level 1:colcon.colcon_core.package_identification:_identify(src/robot_description) by extension 'ros'
[0.447s] DEBUG:colcon.colcon_core.package_identification:Package 'src/robot_description' with type 'ros.ament_cmake' and name 'robot_description'
[0.447s] Level 1:colcon.colcon_core.package_identification:_identify(src/robot_navigation) by extensions ['ignore', 'ignore_ament_install']
[0.447s] Level 1:colcon.colcon_core.package_identification:_identify(src/robot_navigation) by extension 'ignore'
[0.447s] Level 1:colcon.colcon_core.package_identification:_identify(src/robot_navigation) by extension 'ignore_ament_install'
[0.447s] Level 1:colcon.colcon_core.package_identification:_identify(src/robot_navigation) by extensions ['colcon_pkg']
[0.447s] Level 1:colcon.colcon_core.package_identification:_identify(src/robot_navigation) by extension 'colcon_pkg'
[0.447s] Level 1:colcon.colcon_core.package_identification:_identify(src/robot_navigation) by extensions ['colcon_meta']
[0.447s] Level 1:colcon.colcon_core.package_identification:_identify(src/robot_navigation) by extension 'colcon_meta'
[0.447s] Level 1:colcon.colcon_core.package_identification:_identify(src/robot_navigation) by extensions ['ros']
[0.447s] Level 1:colcon.colcon_core.package_identification:_identify(src/robot_navigation) by extension 'ros'
[0.448s] DEBUG:colcon.colcon_core.package_identification:Package 'src/robot_navigation' with type 'ros.ament_cmake' and name 'robot_navigation'
[0.448s] Level 1:colcon.colcon_core.package_identification:_identify(src/sllidar_ros2) by extensions ['ignore', 'ignore_ament_install']
[0.449s] Level 1:colcon.colcon_core.package_identification:_identify(src/sllidar_ros2) by extension 'ignore'
[0.449s] Level 1:colcon.colcon_core.package_identification:_identify(src/sllidar_ros2) by extension 'ignore_ament_install'
[0.449s] Level 1:colcon.colcon_core.package_identification:_identify(src/sllidar_ros2) by extensions ['colcon_pkg']
[0.449s] Level 1:colcon.colcon_core.package_identification:_identify(src/sllidar_ros2) by extension 'colcon_pkg'
[0.449s] Level 1:colcon.colcon_core.package_identification:_identify(src/sllidar_ros2) by extensions ['colcon_meta']
[0.449s] Level 1:colcon.colcon_core.package_identification:_identify(src/sllidar_ros2) by extension 'colcon_meta'
[0.449s] Level 1:colcon.colcon_core.package_identification:_identify(src/sllidar_ros2) by extensions ['ros']
[0.449s] Level 1:colcon.colcon_core.package_identification:_identify(src/sllidar_ros2) by extension 'ros'
[0.450s] DEBUG:colcon.colcon_core.package_identification:Package 'src/sllidar_ros2' with type 'ros.ament_cmake' and name 'sllidar_ros2'
[0.450s] Level 1:colcon.colcon_core.package_identification:_identify(src/src) by extensions ['ignore', 'ignore_ament_install']
[0.450s] Level 1:colcon.colcon_core.package_identification:_identify(src/src) by extension 'ignore'
[0.450s] Level 1:colcon.colcon_core.package_identification:_identify(src/src) by extension 'ignore_ament_install'
[0.450s] Level 1:colcon.colcon_core.package_identification:_identify(src/src) by extensions ['colcon_pkg']
[0.450s] Level 1:colcon.colcon_core.package_identification:_identify(src/src) by extension 'colcon_pkg'
[0.450s] Level 1:colcon.colcon_core.package_identification:_identify(src/src) by extensions ['colcon_meta']
[0.450s] Level 1:colcon.colcon_core.package_identification:_identify(src/src) by extension 'colcon_meta'
[0.450s] Level 1:colcon.colcon_core.package_identification:_identify(src/src) by extensions ['ros']
[0.450s] Level 1:colcon.colcon_core.package_identification:_identify(src/src) by extension 'ros'
[0.450s] Level 1:colcon.colcon_core.package_identification:_identify(src/src) by extensions ['cmake', 'python']
[0.450s] Level 1:colcon.colcon_core.package_identification:_identify(src/src) by extension 'cmake'
[0.450s] Level 1:colcon.colcon_core.package_identification:_identify(src/src) by extension 'python'
[0.450s] Level 1:colcon.colcon_core.package_identification:_identify(src/src) by extensions ['python_setup_py']
[0.451s] Level 1:colcon.colcon_core.package_identification:_identify(src/src) by extension 'python_setup_py'
[0.451s] Level 1:colcon.colcon_core.package_identification:_identify(src/src/micro_ros_setup) by extensions ['ignore', 'ignore_ament_install']
[0.451s] Level 1:colcon.colcon_core.package_identification:_identify(src/src/micro_ros_setup) by extension 'ignore'
[0.451s] Level 1:colcon.colcon_core.package_identification:_identify(src/src/micro_ros_setup) by extension 'ignore_ament_install'
[0.451s] Level 1:colcon.colcon_core.package_identification:_identify(src/src/micro_ros_setup) by extensions ['colcon_pkg']
[0.451s] Level 1:colcon.colcon_core.package_identification:_identify(src/src/micro_ros_setup) by extension 'colcon_pkg'
[0.451s] Level 1:colcon.colcon_core.package_identification:_identify(src/src/micro_ros_setup) by extensions ['colcon_meta']
[0.451s] Level 1:colcon.colcon_core.package_identification:_identify(src/src/micro_ros_setup) by extension 'colcon_meta'
[0.451s] Level 1:colcon.colcon_core.package_identification:_identify(src/src/micro_ros_setup) by extensions ['ros']
[0.451s] Level 1:colcon.colcon_core.package_identification:_identify(src/src/micro_ros_setup) by extension 'ros'
[0.452s] DEBUG:colcon.colcon_core.package_identification:Package 'src/src/micro_ros_setup' with type 'ros.ament_cmake' and name 'micro_ros_setup'
[0.452s] Level 1:colcon.colcon_core.package_discovery:discover_packages(recursive) using defaults
[0.452s] Level 1:colcon.colcon_core.package_discovery:discover_packages(ignore) discover
[0.452s] Level 1:colcon.colcon_core.package_discovery:discover_packages(ignore) using defaults
[0.452s] Level 1:colcon.colcon_core.package_discovery:discover_packages(path) discover
[0.452s] Level 1:colcon.colcon_core.package_discovery:discover_packages(path) using defaults
[0.486s] Level 1:colcon.colcon_core.package_discovery:discover_packages(prefix_path) check parameters
[0.486s] Level 1:colcon.colcon_core.package_discovery:discover_packages(prefix_path) discover
[0.490s] DEBUG:colcon.colcon_installed_package_information.package_discovery:Found 367 installed packages in /opt/ros/humble
[0.538s] Level 1:colcon.colcon_core.package_discovery:discover_packages(prefix_path) using defaults
[0.616s] Level 5:colcon.colcon_core.verb:set package 'micro_ros_setup' build argument 'cmake_args' from command line to 'None'
[0.616s] Level 5:colcon.colcon_core.verb:set package 'micro_ros_setup' build argument 'cmake_target' from command line to 'None'
[0.616s] Level 5:colcon.colcon_core.verb:set package 'micro_ros_setup' build argument 'cmake_target_skip_unavailable' from command line to 'False'
[0.616s] Level 5:colcon.colcon_core.verb:set package 'micro_ros_setup' build argument 'cmake_clean_cache' from command line to 'False'
[0.616s] Level 5:colcon.colcon_core.verb:set package 'micro_ros_setup' build argument 'cmake_clean_first' from command line to 'False'
[0.616s] Level 5:colcon.colcon_core.verb:set package 'micro_ros_setup' build argument 'cmake_force_configure' from command line to 'False'
[0.616s] Level 5:colcon.colcon_core.verb:set package 'micro_ros_setup' build argument 'ament_cmake_args' from command line to 'None'
[0.616s] Level 5:colcon.colcon_core.verb:set package 'micro_ros_setup' build argument 'catkin_cmake_args' from command line to 'None'
[0.616s] Level 5:colcon.colcon_core.verb:set package 'micro_ros_setup' build argument 'catkin_skip_building_tests' from command line to 'False'
[0.616s] DEBUG:colcon.colcon_core.verb:Building package 'micro_ros_setup' with the following arguments: {'ament_cmake_args': None, 'build_base': '/home/smr/ros2_self_driving_robot/build/micro_ros_setup', 'catkin_cmake_args': None, 'catkin_skip_building_tests': False, 'cmake_args': None, 'cmake_clean_cache': False, 'cmake_clean_first': False, 'cmake_force_configure': False, 'cmake_target': None, 'cmake_target_skip_unavailable': False, 'install_base': '/home/smr/ros2_self_driving_robot/install/micro_ros_setup', 'merge_install': False, 'path': '/home/smr/ros2_self_driving_robot/src/src/micro_ros_setup', 'symlink_install': False, 'test_result_base': None}
[0.617s] Level 5:colcon.colcon_core.verb:set package 'robot_bringup' build argument 'cmake_args' from command line to 'None'
[0.617s] Level 5:colcon.colcon_core.verb:set package 'robot_bringup' build argument 'cmake_target' from command line to 'None'
[0.617s] Level 5:colcon.colcon_core.verb:set package 'robot_bringup' build argument 'cmake_target_skip_unavailable' from command line to 'False'
[0.617s] Level 5:colcon.colcon_core.verb:set package 'robot_bringup' build argument 'cmake_clean_cache' from command line to 'False'
[0.617s] Level 5:colcon.colcon_core.verb:set package 'robot_bringup' build argument 'cmake_clean_first' from command line to 'False'
[0.617s] Level 5:colcon.colcon_core.verb:set package 'robot_bringup' build argument 'cmake_force_configure' from command line to 'False'
[0.617s] Level 5:colcon.colcon_core.verb:set package 'robot_bringup' build argument 'ament_cmake_args' from command line to 'None'
[0.617s] Level 5:colcon.colcon_core.verb:set package 'robot_bringup' build argument 'catkin_cmake_args' from command line to 'None'
[0.617s] Level 5:colcon.colcon_core.verb:set package 'robot_bringup' build argument 'catkin_skip_building_tests' from command line to 'False'
[0.617s] DEBUG:colcon.colcon_core.verb:Building package 'robot_bringup' with the following arguments: {'ament_cmake_args': None, 'build_base': '/home/smr/ros2_self_driving_robot/build/robot_bringup', 'catkin_cmake_args': None, 'catkin_skip_building_tests': False, 'cmake_args': None, 'cmake_clean_cache': False, 'cmake_clean_first': False, 'cmake_force_configure': False, 'cmake_target': None, 'cmake_target_skip_unavailable': False, 'install_base': '/home/smr/ros2_self_driving_robot/install/robot_bringup', 'merge_install': False, 'path': '/home/smr/ros2_self_driving_robot/src/robot_bringup', 'symlink_install': False, 'test_result_base': None}
[0.617s] Level 5:colcon.colcon_core.verb:set package 'robot_description' build argument 'cmake_args' from command line to 'None'
[0.618s] Level 5:colcon.colcon_core.verb:set package 'robot_description' build argument 'cmake_target' from command line to 'None'
[0.618s] Level 5:colcon.colcon_core.verb:set package 'robot_description' build argument 'cmake_target_skip_unavailable' from command line to 'False'
[0.618s] Level 5:colcon.colcon_core.verb:set package 'robot_description' build argument 'cmake_clean_cache' from command line to 'False'
[0.618s] Level 5:colcon.colcon_core.verb:set package 'robot_description' build argument 'cmake_clean_first' from command line to 'False'
[0.618s] Level 5:colcon.colcon_core.verb:set package 'robot_description' build argument 'cmake_force_configure' from command line to 'False'
[0.618s] Level 5:colcon.colcon_core.verb:set package 'robot_description' build argument 'ament_cmake_args' from command line to 'None'
[0.618s] Level 5:colcon.colcon_core.verb:set package 'robot_description' build argument 'catkin_cmake_args' from command line to 'None'
[0.618s] Level 5:colcon.colcon_core.verb:set package 'robot_description' build argument 'catkin_skip_building_tests' from command line to 'False'
[0.618s] DEBUG:colcon.colcon_core.verb:Building package 'robot_description' with the following arguments: {'ament_cmake_args': None, 'build_base': '/home/smr/ros2_self_driving_robot/build/robot_description', 'catkin_cmake_args': None, 'catkin_skip_building_tests': False, 'cmake_args': None, 'cmake_clean_cache': False, 'cmake_clean_first': False, 'cmake_force_configure': False, 'cmake_target': None, 'cmake_target_skip_unavailable': False, 'install_base': '/home/smr/ros2_self_driving_robot/install/robot_description', 'merge_install': False, 'path': '/home/smr/ros2_self_driving_robot/src/robot_description', 'symlink_install': False, 'test_result_base': None}
[0.618s] Level 5:colcon.colcon_core.verb:set package 'robot_navigation' build argument 'cmake_args' from command line to 'None'
[0.618s] Level 5:colcon.colcon_core.verb:set package 'robot_navigation' build argument 'cmake_target' from command line to 'None'
[0.618s] Level 5:colcon.colcon_core.verb:set package 'robot_navigation' build argument 'cmake_target_skip_unavailable' from command line to 'False'
[0.618s] Level 5:colcon.colcon_core.verb:set package 'robot_navigation' build argument 'cmake_clean_cache' from command line to 'False'
[0.618s] Level 5:colcon.colcon_core.verb:set package 'robot_navigation' build argument 'cmake_clean_first' from command line to 'False'
[0.618s] Level 5:colcon.colcon_core.verb:set package 'robot_navigation' build argument 'cmake_force_configure' from command line to 'False'
[0.618s] Level 5:colcon.colcon_core.verb:set package 'robot_navigation' build argument 'ament_cmake_args' from command line to 'None'
[0.618s] Level 5:colcon.colcon_core.verb:set package 'robot_navigation' build argument 'catkin_cmake_args' from command line to 'None'
[0.618s] Level 5:colcon.colcon_core.verb:set package 'robot_navigation' build argument 'catkin_skip_building_tests' from command line to 'False'
[0.618s] DEBUG:colcon.colcon_core.verb:Building package 'robot_navigation' with the following arguments: {'ament_cmake_args': None, 'build_base': '/home/smr/ros2_self_driving_robot/build/robot_navigation', 'catkin_cmake_args': None, 'catkin_skip_building_tests': False, 'cmake_args': None, 'cmake_clean_cache': False, 'cmake_clean_first': False, 'cmake_force_configure': False, 'cmake_target': None, 'cmake_target_skip_unavailable': False, 'install_base': '/home/smr/ros2_self_driving_robot/install/robot_navigation', 'merge_install': False, 'path': '/home/smr/ros2_self_driving_robot/src/robot_navigation', 'symlink_install': False, 'test_result_base': None}
[0.619s] Level 5:colcon.colcon_core.verb:set package 'sllidar_ros2' build argument 'cmake_args' from command line to 'None'
[0.619s] Level 5:colcon.colcon_core.verb:set package 'sllidar_ros2' build argument 'cmake_target' from command line to 'None'
[0.619s] Level 5:colcon.colcon_core.verb:set package 'sllidar_ros2' build argument 'cmake_target_skip_unavailable' from command line to 'False'
[0.619s] Level 5:colcon.colcon_core.verb:set package 'sllidar_ros2' build argument 'cmake_clean_cache' from command line to 'False'
[0.619s] Level 5:colcon.colcon_core.verb:set package 'sllidar_ros2' build argument 'cmake_clean_first' from command line to 'False'
[0.619s] Level 5:colcon.colcon_core.verb:set package 'sllidar_ros2' build argument 'cmake_force_configure' from command line to 'False'
[0.619s] Level 5:colcon.colcon_core.verb:set package 'sllidar_ros2' build argument 'ament_cmake_args' from command line to 'None'
[0.619s] Level 5:colcon.colcon_core.verb:set package 'sllidar_ros2' build argument 'catkin_cmake_args' from command line to 'None'
[0.619s] Level 5:colcon.colcon_core.verb:set package 'sllidar_ros2' build argument 'catkin_skip_building_tests' from command line to 'False'
[0.619s] DEBUG:colcon.colcon_core.verb:Building package 'sllidar_ros2' with the following arguments: {'ament_cmake_args': None, 'build_base': '/home/smr/ros2_self_driving_robot/build/sllidar_ros2', 'catkin_cmake_args': None, 'catkin_skip_building_tests': False, 'cmake_args': None, 'cmake_clean_cache': False, 'cmake_clean_first': False, 'cmake_force_configure': False, 'cmake_target': None, 'cmake_target_skip_unavailable': False, 'install_base': '/home/smr/ros2_self_driving_robot/install/sllidar_ros2', 'merge_install': False, 'path': '/home/smr/ros2_self_driving_robot/src/sllidar_ros2', 'symlink_install': False, 'test_result_base': None}
[0.619s] INFO:colcon.colcon_core.executor:Executing jobs using 'parallel' executor
[0.621s] DEBUG:colcon.colcon_parallel_executor.executor.parallel:run_until_complete
[0.621s] INFO:colcon.colcon_ros.task.ament_cmake.build:Building ROS package in '/home/smr/ros2_self_driving_robot/src/src/micro_ros_setup' with build type 'ament_cmake'
[0.621s] INFO:colcon.colcon_cmake.task.cmake.build:Building CMake package in '/home/smr/ros2_self_driving_robot/src/src/micro_ros_setup'
[0.624s] INFO:colcon.colcon_core.plugin_system:Skipping extension 'colcon_core.shell.bat': Not used on non-Windows systems
[0.624s] INFO:colcon.colcon_core.shell:Skip shell extension 'powershell' for command environment: Not usable outside of PowerShell
[0.624s] DEBUG:colcon.colcon_core.shell:Skip shell extension 'dsv' for command environment
[0.628s] INFO:colcon.colcon_ros.task.ament_cmake.build:Building ROS package in '/home/smr/ros2_self_driving_robot/src/robot_bringup' with build type 'ament_cmake'
[0.629s] INFO:colcon.colcon_cmake.task.cmake.build:Building CMake package in '/home/smr/ros2_self_driving_robot/src/robot_bringup'
[0.629s] INFO:colcon.colcon_core.shell:Skip shell extension 'powershell' for command environment: Not usable outside of PowerShell
[0.629s] DEBUG:colcon.colcon_core.shell:Skip shell extension 'dsv' for command environment
[0.634s] INFO:colcon.colcon_ros.task.ament_cmake.build:Building ROS package in '/home/smr/ros2_self_driving_robot/src/robot_description' with build type 'ament_cmake'
[0.634s] INFO:colcon.colcon_cmake.task.cmake.build:Building CMake package in '/home/smr/ros2_self_driving_robot/src/robot_description'
[0.635s] INFO:colcon.colcon_core.shell:Skip shell extension 'powershell' for command environment: Not usable outside of PowerShell
[0.635s] DEBUG:colcon.colcon_core.shell:Skip shell extension 'dsv' for command environment
[0.639s] INFO:colcon.colcon_ros.task.ament_cmake.build:Building ROS package in '/home/smr/ros2_self_driving_robot/src/robot_navigation' with build type 'ament_cmake'
[0.639s] INFO:colcon.colcon_cmake.task.cmake.build:Building CMake package in '/home/smr/ros2_self_driving_robot/src/robot_navigation'
[0.640s] INFO:colcon.colcon_core.shell:Skip shell extension 'powershell' for command environment: Not usable outside of PowerShell
[0.640s] DEBUG:colcon.colcon_core.shell:Skip shell extension 'dsv' for command environment
[0.644s] INFO:colcon.colcon_ros.task.ament_cmake.build:Building ROS package in '/home/smr/ros2_self_driving_robot/src/sllidar_ros2' with build type 'ament_cmake'
[0.644s] INFO:colcon.colcon_cmake.task.cmake.build:Building CMake package in '/home/smr/ros2_self_driving_robot/src/sllidar_ros2'
[0.645s] INFO:colcon.colcon_core.shell:Skip shell extension 'powershell' for command environment: Not usable outside of PowerShell
[0.645s] DEBUG:colcon.colcon_core.shell:Skip shell extension 'dsv' for command environment
[0.657s] DEBUG:colcon.colcon_core.event_handler.log_command:Invoking command in '/home/smr/ros2_self_driving_robot/build/micro_ros_setup': CMAKE_PREFIX_PATH=/opt/ros/humble /usr/bin/cmake /home/smr/ros2_self_driving_robot/src/src/micro_ros_setup -DCMAKE_INSTALL_PREFIX=/home/smr/ros2_self_driving_robot/install/micro_ros_setup
[0.664s] DEBUG:colcon.colcon_core.event_handler.log_command:Invoking command in '/home/smr/ros2_self_driving_robot/build/robot_bringup': CMAKE_PREFIX_PATH=/opt/ros/humble /usr/bin/cmake --build /home/smr/ros2_self_driving_robot/build/robot_bringup -- -j8 -l8
[0.672s] DEBUG:colcon.colcon_core.event_handler.log_command:Invoking command in '/home/smr/ros2_self_driving_robot/build/robot_description': CMAKE_PREFIX_PATH=/opt/ros/humble /usr/bin/cmake --build /home/smr/ros2_self_driving_robot/build/robot_description -- -j8 -l8
[0.682s] DEBUG:colcon.colcon_core.event_handler.log_command:Invoking command in '/home/smr/ros2_self_driving_robot/build/robot_navigation': CMAKE_PREFIX_PATH=/opt/ros/humble /usr/bin/cmake --build /home/smr/ros2_self_driving_robot/build/robot_navigation -- -j8 -l8
[0.697s] DEBUG:colcon.colcon_core.event_handler.log_command:Invoking command in '/home/smr/ros2_self_driving_robot/build/sllidar_ros2': CMAKE_PREFIX_PATH=/opt/ros/humble /usr/bin/cmake --build /home/smr/ros2_self_driving_robot/build/sllidar_ros2 -- -j8 -l8
[0.737s] DEBUG:colcon.colcon_core.event_handler.log_command:Invoked command in '/home/smr/ros2_self_driving_robot/build/robot_bringup' returned '0': CMAKE_PREFIX_PATH=/opt/ros/humble /usr/bin/cmake --build /home/smr/ros2_self_driving_robot/build/robot_bringup -- -j8 -l8
[0.770s] DEBUG:colcon.colcon_core.event_handler.log_command:Invoked command in '/home/smr/ros2_self_driving_robot/build/robot_navigation' returned '0': CMAKE_PREFIX_PATH=/opt/ros/humble /usr/bin/cmake --build /home/smr/ros2_self_driving_robot/build/robot_navigation -- -j8 -l8
[0.799s] DEBUG:colcon.colcon_core.event_handler.log_command:Invoking command in '/home/smr/ros2_self_driving_robot/build/robot_bringup': CMAKE_PREFIX_PATH=/opt/ros/humble /usr/bin/cmake --install /home/smr/ros2_self_driving_robot/build/robot_bringup
[0.813s] DEBUG:colcon.colcon_core.event_handler.log_command:Invoking command in '/home/smr/ros2_self_driving_robot/build/robot_navigation': CMAKE_PREFIX_PATH=/opt/ros/humble /usr/bin/cmake --install /home/smr/ros2_self_driving_robot/build/robot_navigation
[0.820s] Level 1:colcon.colcon_core.environment:create_environment_scripts_only(robot_bringup)
[0.826s] DEBUG:colcon.colcon_core.event_handler.log_command:Invoked command in '/home/smr/ros2_self_driving_robot/build/robot_description' returned '0': CMAKE_PREFIX_PATH=/opt/ros/humble /usr/bin/cmake --build /home/smr/ros2_self_driving_robot/build/robot_description -- -j8 -l8
[0.826s] DEBUG:colcon.colcon_core.event_handler.log_command:Invoked command in '/home/smr/ros2_self_driving_robot/build/robot_bringup' returned '0': CMAKE_PREFIX_PATH=/opt/ros/humble /usr/bin/cmake --install /home/smr/ros2_self_driving_robot/build/robot_bringup
[0.827s] Level 1:colcon.colcon_core.environment:checking '/home/smr/ros2_self_driving_robot/install/robot_bringup' for CMake module files
[0.829s] Level 1:colcon.colcon_core.environment:checking '/home/smr/ros2_self_driving_robot/install/robot_bringup' for CMake config files
[0.829s] Level 1:colcon.colcon_core.shell:create_environment_hook('robot_bringup', 'cmake_prefix_path')
[0.830s] INFO:colcon.colcon_core.shell:Creating environment hook '/home/smr/ros2_self_driving_robot/install/robot_bringup/share/robot_bringup/hook/cmake_prefix_path.ps1'
[0.830s] INFO:colcon.colcon_core.shell:Creating environment descriptor '/home/smr/ros2_self_driving_robot/install/robot_bringup/share/robot_bringup/hook/cmake_prefix_path.dsv'
[0.831s] INFO:colcon.colcon_core.shell:Creating environment hook '/home/smr/ros2_self_driving_robot/install/robot_bringup/share/robot_bringup/hook/cmake_prefix_path.sh'
[0.833s] Level 1:colcon.colcon_core.environment:checking '/home/smr/ros2_self_driving_robot/install/robot_bringup/bin'
[0.833s] Level 1:colcon.colcon_core.environment:checking '/home/smr/ros2_self_driving_robot/install/robot_bringup/lib/pkgconfig/robot_bringup.pc'
[0.833s] Level 1:colcon.colcon_core.environment:checking '/home/smr/ros2_self_driving_robot/install/robot_bringup/lib/python3.10/site-packages'
[0.833s] Level 1:colcon.colcon_core.environment:checking '/home/smr/ros2_self_driving_robot/install/robot_bringup/bin'
[0.834s] INFO:colcon.colcon_core.shell:Creating package script '/home/smr/ros2_self_driving_robot/install/robot_bringup/share/robot_bringup/package.ps1'
[0.836s] INFO:colcon.colcon_core.shell:Creating package descriptor '/home/smr/ros2_self_driving_robot/install/robot_bringup/share/robot_bringup/package.dsv'
[0.837s] INFO:colcon.colcon_core.shell:Creating package script '/home/smr/ros2_self_driving_robot/install/robot_bringup/share/robot_bringup/package.sh'
[0.838s] INFO:colcon.colcon_core.shell:Creating package script '/home/smr/ros2_self_driving_robot/install/robot_bringup/share/robot_bringup/package.bash'
[0.839s] INFO:colcon.colcon_core.shell:Creating package script '/home/smr/ros2_self_driving_robot/install/robot_bringup/share/robot_bringup/package.zsh'
[0.840s] Level 1:colcon.colcon_core.environment:create_file_with_runtime_dependencies(/home/smr/ros2_self_driving_robot/install/robot_bringup/share/colcon-core/packages/robot_bringup)
[0.874s] DEBUG:colcon.colcon_core.event_handler.log_command:Invoking command in '/home/smr/ros2_self_driving_robot/build/robot_description': CMAKE_PREFIX_PATH=/opt/ros/humble /usr/bin/cmake --install /home/smr/ros2_self_driving_robot/build/robot_description
[0.875s] Level 1:colcon.colcon_core.environment:create_environment_scripts_only(robot_navigation)
[0.875s] Level 1:colcon.colcon_core.environment:checking '/home/smr/ros2_self_driving_robot/install/robot_navigation' for CMake module files
[0.876s] DEBUG:colcon.colcon_core.event_handler.log_command:Invoked command in '/home/smr/ros2_self_driving_robot/build/robot_navigation' returned '0': CMAKE_PREFIX_PATH=/opt/ros/humble /usr/bin/cmake --install /home/smr/ros2_self_driving_robot/build/robot_navigation
[0.877s] Level 1:colcon.colcon_core.environment:checking '/home/smr/ros2_self_driving_robot/install/robot_navigation' for CMake config files
[0.877s] Level 1:colcon.colcon_core.shell:create_environment_hook('robot_navigation', 'cmake_prefix_path')
[0.877s] INFO:colcon.colcon_core.shell:Creating environment hook '/home/smr/ros2_self_driving_robot/install/robot_navigation/share/robot_navigation/hook/cmake_prefix_path.ps1'
[0.878s] INFO:colcon.colcon_core.shell:Creating environment descriptor '/home/smr/ros2_self_driving_robot/install/robot_navigation/share/robot_navigation/hook/cmake_prefix_path.dsv'
[0.879s] INFO:colcon.colcon_core.shell:Creating environment hook '/home/smr/ros2_self_driving_robot/install/robot_navigation/share/robot_navigation/hook/cmake_prefix_path.sh'
[0.880s] Level 1:colcon.colcon_core.environment:checking '/home/smr/ros2_self_driving_robot/install/robot_navigation/bin'
[0.881s] Level 1:colcon.colcon_core.environment:checking '/home/smr/ros2_self_driving_robot/install/robot_navigation/lib/pkgconfig/robot_navigation.pc'
[0.881s] Level 1:colcon.colcon_core.environment:checking '/home/smr/ros2_self_driving_robot/install/robot_navigation/lib/python3.10/site-packages'
[0.881s] Level 1:colcon.colcon_core.environment:checking '/home/smr/ros2_self_driving_robot/install/robot_navigation/bin'
[0.882s] INFO:colcon.colcon_core.shell:Creating package script '/home/smr/ros2_self_driving_robot/install/robot_navigation/share/robot_navigation/package.ps1'
[0.883s] INFO:colcon.colcon_core.shell:Creating package descriptor '/home/smr/ros2_self_driving_robot/install/robot_navigation/share/robot_navigation/package.dsv'
[0.884s] INFO:colcon.colcon_core.shell:Creating package script '/home/smr/ros2_self_driving_robot/install/robot_navigation/share/robot_navigation/package.sh'
[0.884s] INFO:colcon.colcon_core.shell:Creating package script '/home/smr/ros2_self_driving_robot/install/robot_navigation/share/robot_navigation/package.bash'
[0.885s] INFO:colcon.colcon_core.shell:Creating package script '/home/smr/ros2_self_driving_robot/install/robot_navigation/share/robot_navigation/package.zsh'
[0.885s] Level 1:colcon.colcon_core.environment:create_file_with_runtime_dependencies(/home/smr/ros2_self_driving_robot/install/robot_navigation/share/colcon-core/packages/robot_navigation)
[0.906s] Level 1:colcon.colcon_core.environment:create_environment_scripts_only(robot_bringup)
[0.907s] Level 1:colcon.colcon_core.environment:checking '/home/smr/ros2_self_driving_robot/install/robot_bringup' for CMake module files
[0.907s] Level 1:colcon.colcon_core.environment:checking '/home/smr/ros2_self_driving_robot/install/robot_bringup' for CMake config files
[0.908s] Level 1:colcon.colcon_core.shell:create_environment_hook('robot_bringup', 'cmake_prefix_path')
[0.908s] INFO:colcon.colcon_core.shell:Creating environment hook '/home/smr/ros2_self_driving_robot/install/robot_bringup/share/robot_bringup/hook/cmake_prefix_path.ps1'
[0.909s] INFO:colcon.colcon_core.shell:Creating environment descriptor '/home/smr/ros2_self_driving_robot/install/robot_bringup/share/robot_bringup/hook/cmake_prefix_path.dsv'
[0.909s] INFO:colcon.colcon_core.shell:Creating environment hook '/home/smr/ros2_self_driving_robot/install/robot_bringup/share/robot_bringup/hook/cmake_prefix_path.sh'
[0.910s] Level 1:colcon.colcon_core.environment:checking '/home/smr/ros2_self_driving_robot/install/robot_bringup/bin'
[0.910s] Level 1:colcon.colcon_core.environment:checking '/home/smr/ros2_self_driving_robot/install/robot_bringup/lib/pkgconfig/robot_bringup.pc'
[0.910s] Level 1:colcon.colcon_core.environment:checking '/home/smr/ros2_self_driving_robot/install/robot_bringup/lib/python3.10/site-packages'
[0.910s] Level 1:colcon.colcon_core.environment:checking '/home/smr/ros2_self_driving_robot/install/robot_bringup/bin'
[0.911s] INFO:colcon.colcon_core.shell:Creating package script '/home/smr/ros2_self_driving_robot/install/robot_bringup/share/robot_bringup/package.ps1'
[0.912s] INFO:colcon.colcon_core.shell:Creating package descriptor '/home/smr/ros2_self_driving_robot/install/robot_bringup/share/robot_bringup/package.dsv'
[0.912s] INFO:colcon.colcon_core.shell:Creating package script '/home/smr/ros2_self_driving_robot/install/robot_bringup/share/robot_bringup/package.sh'
[0.913s] INFO:colcon.colcon_core.shell:Creating package script '/home/smr/ros2_self_driving_robot/install/robot_bringup/share/robot_bringup/package.bash'
[0.913s] INFO:colcon.colcon_core.shell:Creating package script '/home/smr/ros2_self_driving_robot/install/robot_bringup/share/robot_bringup/package.zsh'
[0.914s] Level 1:colcon.colcon_core.environment:create_file_with_runtime_dependencies(/home/smr/ros2_self_driving_robot/install/robot_bringup/share/colcon-core/packages/robot_bringup)
[0.916s] Level 1:colcon.colcon_core.environment:create_environment_scripts_only(robot_description)
[0.916s] Level 1:colcon.colcon_core.environment:checking '/home/smr/ros2_self_driving_robot/install/robot_description' for CMake module files
[0.917s] Level 1:colcon.colcon_core.environment:checking '/home/smr/ros2_self_driving_robot/install/robot_description' for CMake config files
[0.918s] Level 1:colcon.colcon_core.shell:create_environment_hook('robot_description', 'cmake_prefix_path')
[0.918s] INFO:colcon.colcon_core.shell:Creating environment hook '/home/smr/ros2_self_driving_robot/install/robot_description/share/robot_description/hook/cmake_prefix_path.ps1'
[0.920s] INFO:colcon.colcon_core.shell:Creating environment descriptor '/home/smr/ros2_self_driving_robot/install/robot_description/share/robot_description/hook/cmake_prefix_path.dsv'
[0.921s] DEBUG:colcon.colcon_core.event_handler.log_command:Invoked command in '/home/smr/ros2_self_driving_robot/build/robot_description' returned '0': CMAKE_PREFIX_PATH=/opt/ros/humble /usr/bin/cmake --install /home/smr/ros2_self_driving_robot/build/robot_description
[0.922s] INFO:colcon.colcon_core.shell:Creating environment hook '/home/smr/ros2_self_driving_robot/install/robot_description/share/robot_description/hook/cmake_prefix_path.sh'
[0.922s] Level 1:colcon.colcon_core.environment:checking '/home/smr/ros2_self_driving_robot/install/robot_description/bin'
[0.922s] Level 1:colcon.colcon_core.environment:checking '/home/smr/ros2_self_driving_robot/install/robot_description/lib/pkgconfig/robot_description.pc'
[0.923s] Level 1:colcon.colcon_core.environment:checking '/home/smr/ros2_self_driving_robot/install/robot_description/lib/python3.10/site-packages'
[0.923s] Level 1:colcon.colcon_core.environment:checking '/home/smr/ros2_self_driving_robot/install/robot_description/bin'
[0.923s] INFO:colcon.colcon_core.shell:Creating package script '/home/smr/ros2_self_driving_robot/install/robot_description/share/robot_description/package.ps1'
[0.924s] INFO:colcon.colcon_core.shell:Creating package descriptor '/home/smr/ros2_self_driving_robot/install/robot_description/share/robot_description/package.dsv'
[0.925s] INFO:colcon.colcon_core.shell:Creating package script '/home/smr/ros2_self_driving_robot/install/robot_description/share/robot_description/package.sh'
[0.925s] INFO:colcon.colcon_core.shell:Creating package script '/home/smr/ros2_self_driving_robot/install/robot_description/share/robot_description/package.bash'
[0.925s] INFO:colcon.colcon_core.shell:Creating package script '/home/smr/ros2_self_driving_robot/install/robot_description/share/robot_description/package.zsh'
[0.926s] Level 1:colcon.colcon_core.environment:create_file_with_runtime_dependencies(/home/smr/ros2_self_driving_robot/install/robot_description/share/colcon-core/packages/robot_description)
[0.930s] Level 1:colcon.colcon_core.environment:create_environment_scripts_only(robot_navigation)
[0.931s] Level 1:colcon.colcon_core.environment:checking '/home/smr/ros2_self_driving_robot/install/robot_navigation' for CMake module files
[0.931s] Level 1:colcon.colcon_core.environment:checking '/home/smr/ros2_self_driving_robot/install/robot_navigation' for CMake config files
[0.932s] Level 1:colcon.colcon_core.shell:create_environment_hook('robot_navigation', 'cmake_prefix_path')
[0.933s] INFO:colcon.colcon_core.shell:Creating environment hook '/home/smr/ros2_self_driving_robot/install/robot_navigation/share/robot_navigation/hook/cmake_prefix_path.ps1'
[0.934s] INFO:colcon.colcon_core.shell:Creating environment descriptor '/home/smr/ros2_self_driving_robot/install/robot_navigation/share/robot_navigation/hook/cmake_prefix_path.dsv'
[0.935s] INFO:colcon.colcon_core.shell:Creating environment hook '/home/smr/ros2_self_driving_robot/install/robot_navigation/share/robot_navigation/hook/cmake_prefix_path.sh'
[0.936s] Level 1:colcon.colcon_core.environment:checking '/home/smr/ros2_self_driving_robot/install/robot_navigation/bin'
[0.936s] Level 1:colcon.colcon_core.environment:checking '/home/smr/ros2_self_driving_robot/install/robot_navigation/lib/pkgconfig/robot_navigation.pc'
[0.936s] Level 1:colcon.colcon_core.environment:checking '/home/smr/ros2_self_driving_robot/install/robot_navigation/lib/python3.10/site-packages'
[0.937s] Level 1:colcon.colcon_core.environment:checking '/home/smr/ros2_self_driving_robot/install/robot_navigation/bin'
[0.937s] INFO:colcon.colcon_core.shell:Creating package script '/home/smr/ros2_self_driving_robot/install/robot_navigation/share/robot_navigation/package.ps1'
[0.939s] INFO:colcon.colcon_core.shell:Creating package descriptor '/home/smr/ros2_self_driving_robot/install/robot_navigation/share/robot_navigation/package.dsv'
[0.939s] INFO:colcon.colcon_core.shell:Creating package script '/home/smr/ros2_self_driving_robot/install/robot_navigation/share/robot_navigation/package.sh'
[0.940s] INFO:colcon.colcon_core.shell:Creating package script '/home/smr/ros2_self_driving_robot/install/robot_navigation/share/robot_navigation/package.bash'
[0.940s] INFO:colcon.colcon_core.shell:Creating package script '/home/smr/ros2_self_driving_robot/install/robot_navigation/share/robot_navigation/package.zsh'
[0.941s] Level 1:colcon.colcon_core.environment:create_file_with_runtime_dependencies(/home/smr/ros2_self_driving_robot/install/robot_navigation/share/colcon-core/packages/robot_navigation)
[0.957s] DEBUG:colcon.colcon_core.event_handler.log_command:Invoked command in '/home/smr/ros2_self_driving_robot/build/sllidar_ros2' returned '0': CMAKE_PREFIX_PATH=/opt/ros/humble /usr/bin/cmake --build /home/smr/ros2_self_driving_robot/build/sllidar_ros2 -- -j8 -l8
[0.985s] Level 1:colcon.colcon_core.environment:create_environment_scripts_only(robot_description)
[0.985s] Level 1:colcon.colcon_core.environment:checking '/home/smr/ros2_self_driving_robot/install/robot_description' for CMake module files
[0.986s] Level 1:colcon.colcon_core.environment:checking '/home/smr/ros2_self_driving_robot/install/robot_description' for CMake config files
[0.986s] Level 1:colcon.colcon_core.shell:create_environment_hook('robot_description', 'cmake_prefix_path')
[0.987s] INFO:colcon.colcon_core.shell:Creating environment hook '/home/smr/ros2_self_driving_robot/install/robot_description/share/robot_description/hook/cmake_prefix_path.ps1'
[0.987s] INFO:colcon.colcon_core.shell:Creating environment descriptor '/home/smr/ros2_self_driving_robot/install/robot_description/share/robot_description/hook/cmake_prefix_path.dsv'
[0.988s] INFO:colcon.colcon_core.shell:Creating environment hook '/home/smr/ros2_self_driving_robot/install/robot_description/share/robot_description/hook/cmake_prefix_path.sh'
[0.989s] Level 1:colcon.colcon_core.environment:checking '/home/smr/ros2_self_driving_robot/install/robot_description/bin'
[0.989s] Level 1:colcon.colcon_core.environment:checking '/home/smr/ros2_self_driving_robot/install/robot_description/lib/pkgconfig/robot_description.pc'
[0.989s] Level 1:colcon.colcon_core.environment:checking '/home/smr/ros2_self_driving_robot/install/robot_description/lib/python3.10/site-packages'
[0.990s] Level 1:colcon.colcon_core.environment:checking '/home/smr/ros2_self_driving_robot/install/robot_description/bin'
[0.990s] INFO:colcon.colcon_core.shell:Creating package script '/home/smr/ros2_self_driving_robot/install/robot_description/share/robot_description/package.ps1'
[0.991s] INFO:colcon.colcon_core.shell:Creating package descriptor '/home/smr/ros2_self_driving_robot/install/robot_description/share/robot_description/package.dsv'
[0.991s] INFO:colcon.colcon_core.shell:Creating package script '/home/smr/ros2_self_driving_robot/install/robot_description/share/robot_description/package.sh'
[0.992s] INFO:colcon.colcon_core.shell:Creating package script '/home/smr/ros2_self_driving_robot/install/robot_description/share/robot_description/package.bash'
[0.993s] INFO:colcon.colcon_core.shell:Creating package script '/home/smr/ros2_self_driving_robot/install/robot_description/share/robot_description/package.zsh'
[0.993s] Level 1:colcon.colcon_core.environment:create_file_with_runtime_dependencies(/home/smr/ros2_self_driving_robot/install/robot_description/share/colcon-core/packages/robot_description)
[1.076s] DEBUG:colcon.colcon_core.event_handler.log_command:Invoking command in '/home/smr/ros2_self_driving_robot/build/sllidar_ros2': CMAKE_PREFIX_PATH=/opt/ros/humble /usr/bin/cmake --install /home/smr/ros2_self_driving_robot/build/sllidar_ros2
[1.120s] Level 1:colcon.colcon_core.environment:create_environment_scripts_only(sllidar_ros2)
[1.120s] Level 1:colcon.colcon_core.environment:checking '/home/smr/ros2_self_driving_robot/install/sllidar_ros2' for CMake module files
[1.122s] DEBUG:colcon.colcon_core.event_handler.log_command:Invoked command in '/home/smr/ros2_self_driving_robot/build/sllidar_ros2' returned '0': CMAKE_PREFIX_PATH=/opt/ros/humble /usr/bin/cmake --install /home/smr/ros2_self_driving_robot/build/sllidar_ros2
[1.122s] Level 1:colcon.colcon_core.environment:checking '/home/smr/ros2_self_driving_robot/install/sllidar_ros2' for CMake config files
[1.123s] Level 1:colcon.colcon_core.shell:create_environment_hook('sllidar_ros2', 'cmake_prefix_path')
[1.124s] INFO:colcon.colcon_core.shell:Creating environment hook '/home/smr/ros2_self_driving_robot/install/sllidar_ros2/share/sllidar_ros2/hook/cmake_prefix_path.ps1'
[1.124s] INFO:colcon.colcon_core.shell:Creating environment descriptor '/home/smr/ros2_self_driving_robot/install/sllidar_ros2/share/sllidar_ros2/hook/cmake_prefix_path.dsv'
[1.125s] INFO:colcon.colcon_core.shell:Creating environment hook '/home/smr/ros2_self_driving_robot/install/sllidar_ros2/share/sllidar_ros2/hook/cmake_prefix_path.sh'
[1.125s] Level 1:colcon.colcon_core.environment:checking '/home/smr/ros2_self_driving_robot/install/sllidar_ros2/lib'
[1.126s] Level 1:colcon.colcon_core.environment:checking '/home/smr/ros2_self_driving_robot/install/sllidar_ros2/bin'
[1.126s] Level 1:colcon.colcon_core.environment:checking '/home/smr/ros2_self_driving_robot/install/sllidar_ros2/lib/pkgconfig/sllidar_ros2.pc'
[1.126s] Level 1:colcon.colcon_core.environment:checking '/home/smr/ros2_self_driving_robot/install/sllidar_ros2/lib/python3.10/site-packages'
[1.126s] Level 1:colcon.colcon_core.environment:checking '/home/smr/ros2_self_driving_robot/install/sllidar_ros2/bin'
[1.127s] INFO:colcon.colcon_core.shell:Creating package script '/home/smr/ros2_self_driving_robot/install/sllidar_ros2/share/sllidar_ros2/package.ps1'
[1.127s] INFO:colcon.colcon_core.shell:Creating package descriptor '/home/smr/ros2_self_driving_robot/install/sllidar_ros2/share/sllidar_ros2/package.dsv'
[1.128s] INFO:colcon.colcon_core.shell:Creating package script '/home/smr/ros2_self_driving_robot/install/sllidar_ros2/share/sllidar_ros2/package.sh'
[1.128s] INFO:colcon.colcon_core.shell:Creating package script '/home/smr/ros2_self_driving_robot/install/sllidar_ros2/share/sllidar_ros2/package.bash'
[1.129s] INFO:colcon.colcon_core.shell:Creating package script '/home/smr/ros2_self_driving_robot/install/sllidar_ros2/share/sllidar_ros2/package.zsh'
[1.129s] Level 1:colcon.colcon_core.environment:create_file_with_runtime_dependencies(/home/smr/ros2_self_driving_robot/install/sllidar_ros2/share/colcon-core/packages/sllidar_ros2)
[1.314s] Level 1:colcon.colcon_core.environment:create_environment_scripts_only(sllidar_ros2)
[1.320s] Level 1:colcon.colcon_core.environment:checking '/home/smr/ros2_self_driving_robot/install/sllidar_ros2' for CMake module files
[1.325s] Level 1:colcon.colcon_core.environment:checking '/home/smr/ros2_self_driving_robot/install/sllidar_ros2' for CMake config files
[1.326s] Level 1:colcon.colcon_core.shell:create_environment_hook('sllidar_ros2', 'cmake_prefix_path')
[1.328s] INFO:colcon.colcon_core.shell:Creating environment hook '/home/smr/ros2_self_driving_robot/install/sllidar_ros2/share/sllidar_ros2/hook/cmake_prefix_path.ps1'
[1.330s] INFO:colcon.colcon_core.shell:Creating environment descriptor '/home/smr/ros2_self_driving_robot/install/sllidar_ros2/share/sllidar_ros2/hook/cmake_prefix_path.dsv'
[1.335s] INFO:colcon.colcon_core.shell:Creating environment hook '/home/smr/ros2_self_driving_robot/install/sllidar_ros2/share/sllidar_ros2/hook/cmake_prefix_path.sh'
[1.339s] Level 1:colcon.colcon_core.environment:checking '/home/smr/ros2_self_driving_robot/install/sllidar_ros2/lib'
[1.339s] Level 1:colcon.colcon_core.environment:checking '/home/smr/ros2_self_driving_robot/install/sllidar_ros2/bin'
[1.340s] Level 1:colcon.colcon_core.environment:checking '/home/smr/ros2_self_driving_robot/install/sllidar_ros2/lib/pkgconfig/sllidar_ros2.pc'
[1.341s] Level 1:colcon.colcon_core.environment:checking '/home/smr/ros2_self_driving_robot/install/sllidar_ros2/lib/python3.10/site-packages'
[1.342s] Level 1:colcon.colcon_core.environment:checking '/home/smr/ros2_self_driving_robot/install/sllidar_ros2/bin'
[1.344s] INFO:colcon.colcon_core.shell:Creating package script '/home/smr/ros2_self_driving_robot/install/sllidar_ros2/share/sllidar_ros2/package.ps1'
[1.347s] INFO:colcon.colcon_core.shell:Creating package descriptor '/home/smr/ros2_self_driving_robot/install/sllidar_ros2/share/sllidar_ros2/package.dsv'
[1.350s] INFO:colcon.colcon_core.shell:Creating package script '/home/smr/ros2_self_driving_robot/install/sllidar_ros2/share/sllidar_ros2/package.sh'
[1.353s] INFO:colcon.colcon_core.shell:Creating package script '/home/smr/ros2_self_driving_robot/install/sllidar_ros2/share/sllidar_ros2/package.bash'
[1.356s] INFO:colcon.colcon_core.shell:Creating package script '/home/smr/ros2_self_driving_robot/install/sllidar_ros2/share/sllidar_ros2/package.zsh'
[1.359s] Level 1:colcon.colcon_core.environment:create_file_with_runtime_dependencies(/home/smr/ros2_self_driving_robot/install/sllidar_ros2/share/colcon-core/packages/sllidar_ros2)
[1.806s] DEBUG:colcon.colcon_core.event_handler.log_command:Invoked command in '/home/smr/ros2_self_driving_robot/build/micro_ros_setup' returned '0': CMAKE_PREFIX_PATH=/opt/ros/humble /usr/bin/cmake /home/smr/ros2_self_driving_robot/src/src/micro_ros_setup -DCMAKE_INSTALL_PREFIX=/home/smr/ros2_self_driving_robot/install/micro_ros_setup
[1.811s] DEBUG:colcon.colcon_core.event_handler.log_command:Invoking command in '/home/smr/ros2_self_driving_robot/build/micro_ros_setup': CMAKE_PREFIX_PATH=/opt/ros/humble /usr/bin/cmake --build /home/smr/ros2_self_driving_robot/build/micro_ros_setup -- -j8 -l8
[1.926s] DEBUG:colcon.colcon_core.event_handler.log_command:Invoked command in '/home/smr/ros2_self_driving_robot/build/micro_ros_setup' returned '0': CMAKE_PREFIX_PATH=/opt/ros/humble /usr/bin/cmake --build /home/smr/ros2_self_driving_robot/build/micro_ros_setup -- -j8 -l8
[2.028s] DEBUG:colcon.colcon_core.event_handler.log_command:Invoking command in '/home/smr/ros2_self_driving_robot/build/micro_ros_setup': CMAKE_PREFIX_PATH=/opt/ros/humble /usr/bin/cmake --install /home/smr/ros2_self_driving_robot/build/micro_ros_setup
[2.095s] Level 1:colcon.colcon_core.environment:create_environment_scripts_only(micro_ros_setup)
[2.097s] Level 1:colcon.colcon_core.environment:checking '/home/smr/ros2_self_driving_robot/install/micro_ros_setup' for CMake module files
[2.118s] Level 1:colcon.colcon_core.environment:checking '/home/smr/ros2_self_driving_robot/install/micro_ros_setup' for CMake config files
[2.125s] Level 1:colcon.colcon_core.shell:create_environment_hook('micro_ros_setup', 'cmake_prefix_path')
[2.126s] INFO:colcon.colcon_core.shell:Creating environment hook '/home/smr/ros2_self_driving_robot/install/micro_ros_setup/share/micro_ros_setup/hook/cmake_prefix_path.ps1'
[2.129s] INFO:colcon.colcon_core.shell:Creating environment descriptor '/home/smr/ros2_self_driving_robot/install/micro_ros_setup/share/micro_ros_setup/hook/cmake_prefix_path.dsv'
[2.131s] INFO:colcon.colcon_core.shell:Creating environment hook '/home/smr/ros2_self_driving_robot/install/micro_ros_setup/share/micro_ros_setup/hook/cmake_prefix_path.sh'
[2.135s] Level 1:colcon.colcon_core.environment:checking '/home/smr/ros2_self_driving_robot/install/micro_ros_setup/lib'
[2.136s] Level 1:colcon.colcon_core.environment:checking '/home/smr/ros2_self_driving_robot/install/micro_ros_setup/bin'
[2.136s] Level 1:colcon.colcon_core.environment:checking '/home/smr/ros2_self_driving_robot/install/micro_ros_setup/lib/pkgconfig/micro_ros_setup.pc'
[2.137s] Level 1:colcon.colcon_core.environment:checking '/home/smr/ros2_self_driving_robot/install/micro_ros_setup/lib/python3.10/site-packages'
[2.139s] Level 1:colcon.colcon_core.environment:checking '/home/smr/ros2_self_driving_robot/install/micro_ros_setup/bin'
[2.140s] INFO:colcon.colcon_core.shell:Creating package script '/home/smr/ros2_self_driving_robot/install/micro_ros_setup/share/micro_ros_setup/package.ps1'
[2.143s] INFO:colcon.colcon_core.shell:Creating package descriptor '/home/smr/ros2_self_driving_robot/install/micro_ros_setup/share/micro_ros_setup/package.dsv'
[2.145s] INFO:colcon.colcon_core.shell:Creating package script '/home/smr/ros2_self_driving_robot/install/micro_ros_setup/share/micro_ros_setup/package.sh'
[2.148s] INFO:colcon.colcon_core.shell:Creating package script '/home/smr/ros2_self_driving_robot/install/micro_ros_setup/share/micro_ros_setup/package.bash'
[2.150s] INFO:colcon.colcon_core.shell:Creating package script '/home/smr/ros2_self_driving_robot/install/micro_ros_setup/share/micro_ros_setup/package.zsh'
[2.153s] Level 1:colcon.colcon_core.environment:create_file_with_runtime_dependencies(/home/smr/ros2_self_driving_robot/install/micro_ros_setup/share/colcon-core/packages/micro_ros_setup)
[2.182s] DEBUG:colcon.colcon_core.event_handler.log_command:Invoked command in '/home/smr/ros2_self_driving_robot/build/micro_ros_setup' returned '0': CMAKE_PREFIX_PATH=/opt/ros/humble /usr/bin/cmake --install /home/smr/ros2_self_driving_robot/build/micro_ros_setup
[2.216s] Level 1:colcon.colcon_core.environment:create_environment_scripts_only(micro_ros_setup)
[2.217s] Level 1:colcon.colcon_core.environment:checking '/home/smr/ros2_self_driving_robot/install/micro_ros_setup' for CMake module files
[2.220s] Level 1:colcon.colcon_core.environment:checking '/home/smr/ros2_self_driving_robot/install/micro_ros_setup' for CMake config files
[2.222s] Level 1:colcon.colcon_core.shell:create_environment_hook('micro_ros_setup', 'cmake_prefix_path')
[2.223s] INFO:colcon.colcon_core.shell:Creating environment hook '/home/smr/ros2_self_driving_robot/install/micro_ros_setup/share/micro_ros_setup/hook/cmake_prefix_path.ps1'
[2.224s] INFO:colcon.colcon_core.shell:Creating environment descriptor '/home/smr/ros2_self_driving_robot/install/micro_ros_setup/share/micro_ros_setup/hook/cmake_prefix_path.dsv'
[2.225s] INFO:colcon.colcon_core.shell:Creating environment hook '/home/smr/ros2_self_driving_robot/install/micro_ros_setup/share/micro_ros_setup/hook/cmake_prefix_path.sh'
[2.227s] Level 1:colcon.colcon_core.environment:checking '/home/smr/ros2_self_driving_robot/install/micro_ros_setup/lib'
[2.227s] Level 1:colcon.colcon_core.environment:checking '/home/smr/ros2_self_driving_robot/install/micro_ros_setup/bin'
[2.228s] Level 1:colcon.colcon_core.environment:checking '/home/smr/ros2_self_driving_robot/install/micro_ros_setup/lib/pkgconfig/micro_ros_setup.pc'
[2.229s] Level 1:colcon.colcon_core.environment:checking '/home/smr/ros2_self_driving_robot/install/micro_ros_setup/lib/python3.10/site-packages'
[2.230s] Level 1:colcon.colcon_core.environment:checking '/home/smr/ros2_self_driving_robot/install/micro_ros_setup/bin'
[2.231s] INFO:colcon.colcon_core.shell:Creating package script '/home/smr/ros2_self_driving_robot/install/micro_ros_setup/share/micro_ros_setup/package.ps1'
[2.233s] INFO:colcon.colcon_core.shell:Creating package descriptor '/home/smr/ros2_self_driving_robot/install/micro_ros_setup/share/micro_ros_setup/package.dsv'
[2.235s] INFO:colcon.colcon_core.shell:Creating package script '/home/smr/ros2_self_driving_robot/install/micro_ros_setup/share/micro_ros_setup/package.sh'
[2.237s] INFO:colcon.colcon_core.shell:Creating package script '/home/smr/ros2_self_driving_robot/install/micro_ros_setup/share/micro_ros_setup/package.bash'
[2.238s] INFO:colcon.colcon_core.shell:Creating package script '/home/smr/ros2_self_driving_robot/install/micro_ros_setup/share/micro_ros_setup/package.zsh'
[2.239s] Level 1:colcon.colcon_core.environment:create_file_with_runtime_dependencies(/home/smr/ros2_self_driving_robot/install/micro_ros_setup/share/colcon-core/packages/micro_ros_setup)
[2.240s] DEBUG:colcon.colcon_parallel_executor.executor.parallel:closing loop
[2.241s] DEBUG:colcon.colcon_parallel_executor.executor.parallel:loop closed
[2.241s] DEBUG:colcon.colcon_parallel_executor.executor.parallel:run_until_complete finished with '0'
[2.242s] DEBUG:colcon.colcon_core.event_reactor:joining thread
[2.250s] INFO:colcon.colcon_core.plugin_system:Skipping extension 'colcon_notification.desktop_notification.terminal_notifier': Not used on non-Darwin systems
[2.250s] INFO:colcon.colcon_core.plugin_system:Skipping extension 'colcon_notification.desktop_notification.win32': Not used on non-Windows systems
[2.250s] INFO:colcon.colcon_notification.desktop_notification:Sending desktop notification using 'notify2'
[2.293s] DEBUG:colcon.colcon_core.event_reactor:joined thread
[2.295s] INFO:colcon.colcon_core.shell:Creating prefix script '/home/smr/ros2_self_driving_robot/install/local_setup.ps1'
[2.300s] INFO:colcon.colcon_core.shell:Creating prefix util module '/home/smr/ros2_self_driving_robot/install/_local_setup_util_ps1.py'
[2.321s] INFO:colcon.colcon_core.shell:Creating prefix chain script '/home/smr/ros2_self_driving_robot/install/setup.ps1'
[2.328s] INFO:colcon.colcon_core.shell:Creating prefix script '/home/smr/ros2_self_driving_robot/install/local_setup.sh'
[2.331s] INFO:colcon.colcon_core.shell:Creating prefix util module '/home/smr/ros2_self_driving_robot/install/_local_setup_util_sh.py'
[2.333s] INFO:colcon.colcon_core.shell:Creating prefix chain script '/home/smr/ros2_self_driving_robot/install/setup.sh'
[2.340s] INFO:colcon.colcon_core.shell:Creating prefix script '/home/smr/ros2_self_driving_robot/install/local_setup.bash'
[2.346s] INFO:colcon.colcon_core.shell:Creating prefix chain script '/home/smr/ros2_self_driving_robot/install/setup.bash'
[2.352s] INFO:colcon.colcon_core.shell:Creating prefix script '/home/smr/ros2_self_driving_robot/install/local_setup.zsh'
[2.353s] INFO:colcon.colcon_core.shell:Creating prefix chain script '/home/smr/ros2_self_driving_robot/install/setup.zsh'
