[0.206s] DEBUG:colcon:Command line arguments: ['/usr/local/bin/colcon', 'list', '-p', '--base-paths', '/home/smr/ros2_self_driving_robot']
[0.206s] DEBUG:colcon:Parsed command line arguments: Namespace(log_base=None, log_level=None, verb_name='list', build_base='build', ignore_user_meta=False, metas=['./colcon.meta'], base_paths=['/home/smr/ros2_self_driving_robot'], packages_ignore=None, packages_ignore_regex=None, paths=None, packages_up_to=None, packages_up_to_regex=None, packages_above=None, packages_above_and_dependencies=None, packages_above_depth=None, packages_select_by_dep=None, packages_skip_by_dep=None, packages_skip_up_to=None, packages_select_build_failed=False, packages_skip_build_finished=False, packages_select_test_failures=False, packages_skip_test_passed=False, packages_select=None, packages_skip=None, packages_select_regex=None, packages_skip_regex=None, packages_start=None, packages_end=None, allow_overriding=[], topological_order=False, names_only=False, paths_only=True, topological_graph=False, topological_graph_dot=False, topological_graph_density=False, topological_graph_legend=False, topological_graph_dot_cluster=False, topological_graph_dot_include_skipped=False, verb_parser=<colcon_defaults.argument_parser.defaults.DefaultArgumentsDecorator object at 0xffff938dba60>, verb_extension=<colcon_package_information.verb.list.ListVerb object at 0xffff938da890>, main=<bound method ListVerb.main of <colcon_package_information.verb.list.ListVerb object at 0xffff938da890>>)
[0.573s] Level 1:colcon.colcon_core.package_discovery:discover_packages(colcon_meta) check parameters
[0.573s] Level 1:colcon.colcon_core.package_discovery:discover_packages(recursive) check parameters
[0.573s] Level 1:colcon.colcon_core.package_discovery:discover_packages(ignore) check parameters
[0.573s] Level 1:colcon.colcon_core.package_discovery:discover_packages(path) check parameters
[0.573s] Level 1:colcon.colcon_core.package_discovery:discover_packages(recursive) discover
[0.573s] INFO:colcon.colcon_core.package_discovery:Crawling recursively for packages in '/home/smr/ros2_self_driving_robot'
[0.574s] Level 1:colcon.colcon_core.package_identification:_identify(/home/smr/ros2_self_driving_robot) by extensions ['ignore', 'ignore_ament_install']
[0.574s] Level 1:colcon.colcon_core.package_identification:_identify(/home/smr/ros2_self_driving_robot) by extension 'ignore'
[0.574s] Level 1:colcon.colcon_core.package_identification:_identify(/home/smr/ros2_self_driving_robot) by extension 'ignore_ament_install'
[0.574s] Level 1:colcon.colcon_core.package_identification:_identify(/home/smr/ros2_self_driving_robot) by extensions ['colcon_pkg']
[0.574s] Level 1:colcon.colcon_core.package_identification:_identify(/home/smr/ros2_self_driving_robot) by extension 'colcon_pkg'
[0.574s] Level 1:colcon.colcon_core.package_identification:_identify(/home/smr/ros2_self_driving_robot) by extensions ['colcon_meta']
[0.574s] Level 1:colcon.colcon_core.package_identification:_identify(/home/smr/ros2_self_driving_robot) by extension 'colcon_meta'
[0.574s] Level 1:colcon.colcon_core.package_identification:_identify(/home/smr/ros2_self_driving_robot) by extensions ['ros']
[0.574s] Level 1:colcon.colcon_core.package_identification:_identify(/home/smr/ros2_self_driving_robot) by extension 'ros'
[0.592s] Level 1:colcon.colcon_core.package_identification:_identify(/home/smr/ros2_self_driving_robot) by extensions ['cmake', 'python']
[0.593s] Level 1:colcon.colcon_core.package_identification:_identify(/home/smr/ros2_self_driving_robot) by extension 'cmake'
[0.593s] Level 1:colcon.colcon_core.package_identification:_identify(/home/smr/ros2_self_driving_robot) by extension 'python'
[0.593s] Level 1:colcon.colcon_core.package_identification:_identify(/home/smr/ros2_self_driving_robot) by extensions ['python_setup_py']
[0.593s] Level 1:colcon.colcon_core.package_identification:_identify(/home/smr/ros2_self_driving_robot) by extension 'python_setup_py'
[0.593s] Level 1:colcon.colcon_core.package_identification:_identify(/home/smr/ros2_self_driving_robot/build) by extensions ['ignore', 'ignore_ament_install']
[0.593s] Level 1:colcon.colcon_core.package_identification:_identify(/home/smr/ros2_self_driving_robot/build) by extension 'ignore'
[0.594s] Level 1:colcon.colcon_core.package_identification:_identify(/home/smr/ros2_self_driving_robot/build) ignored
[0.594s] Level 1:colcon.colcon_core.package_identification:_identify(/home/smr/ros2_self_driving_robot/install) by extensions ['ignore', 'ignore_ament_install']
[0.594s] Level 1:colcon.colcon_core.package_identification:_identify(/home/smr/ros2_self_driving_robot/install) by extension 'ignore'
[0.594s] Level 1:colcon.colcon_core.package_identification:_identify(/home/smr/ros2_self_driving_robot/install) ignored
[0.595s] Level 1:colcon.colcon_core.package_identification:_identify(/home/smr/ros2_self_driving_robot/log) by extensions ['ignore', 'ignore_ament_install']
[0.595s] Level 1:colcon.colcon_core.package_identification:_identify(/home/smr/ros2_self_driving_robot/log) by extension 'ignore'
[0.595s] Level 1:colcon.colcon_core.package_identification:_identify(/home/smr/ros2_self_driving_robot/log) ignored
[0.595s] Level 1:colcon.colcon_core.package_identification:_identify(/home/smr/ros2_self_driving_robot/src) by extensions ['ignore', 'ignore_ament_install']
[0.595s] Level 1:colcon.colcon_core.package_identification:_identify(/home/smr/ros2_self_driving_robot/src) by extension 'ignore'
[0.595s] Level 1:colcon.colcon_core.package_identification:_identify(/home/smr/ros2_self_driving_robot/src) by extension 'ignore_ament_install'
[0.595s] Level 1:colcon.colcon_core.package_identification:_identify(/home/smr/ros2_self_driving_robot/src) by extensions ['colcon_pkg']
[0.595s] Level 1:colcon.colcon_core.package_identification:_identify(/home/smr/ros2_self_driving_robot/src) by extension 'colcon_pkg'
[0.595s] Level 1:colcon.colcon_core.package_identification:_identify(/home/smr/ros2_self_driving_robot/src) by extensions ['colcon_meta']
[0.595s] Level 1:colcon.colcon_core.package_identification:_identify(/home/smr/ros2_self_driving_robot/src) by extension 'colcon_meta'
[0.595s] Level 1:colcon.colcon_core.package_identification:_identify(/home/smr/ros2_self_driving_robot/src) by extensions ['ros']
[0.595s] Level 1:colcon.colcon_core.package_identification:_identify(/home/smr/ros2_self_driving_robot/src) by extension 'ros'
[0.596s] Level 1:colcon.colcon_core.package_identification:_identify(/home/smr/ros2_self_driving_robot/src) by extensions ['cmake', 'python']
[0.596s] Level 1:colcon.colcon_core.package_identification:_identify(/home/smr/ros2_self_driving_robot/src) by extension 'cmake'
[0.596s] Level 1:colcon.colcon_core.package_identification:_identify(/home/smr/ros2_self_driving_robot/src) by extension 'python'
[0.596s] Level 1:colcon.colcon_core.package_identification:_identify(/home/smr/ros2_self_driving_robot/src) by extensions ['python_setup_py']
[0.596s] Level 1:colcon.colcon_core.package_identification:_identify(/home/smr/ros2_self_driving_robot/src) by extension 'python_setup_py'
[0.596s] Level 1:colcon.colcon_core.package_identification:_identify(/home/smr/ros2_self_driving_robot/src/build) by extensions ['ignore', 'ignore_ament_install']
[0.596s] Level 1:colcon.colcon_core.package_identification:_identify(/home/smr/ros2_self_driving_robot/src/build) by extension 'ignore'
[0.596s] Level 1:colcon.colcon_core.package_identification:_identify(/home/smr/ros2_self_driving_robot/src/build) ignored
[0.596s] Level 1:colcon.colcon_core.package_identification:_identify(/home/smr/ros2_self_driving_robot/src/install) by extensions ['ignore', 'ignore_ament_install']
[0.596s] Level 1:colcon.colcon_core.package_identification:_identify(/home/smr/ros2_self_driving_robot/src/install) by extension 'ignore'
[0.596s] Level 1:colcon.colcon_core.package_identification:_identify(/home/smr/ros2_self_driving_robot/src/install) ignored
[0.597s] Level 1:colcon.colcon_core.package_identification:_identify(/home/smr/ros2_self_driving_robot/src/log) by extensions ['ignore', 'ignore_ament_install']
[0.597s] Level 1:colcon.colcon_core.package_identification:_identify(/home/smr/ros2_self_driving_robot/src/log) by extension 'ignore'
[0.597s] Level 1:colcon.colcon_core.package_identification:_identify(/home/smr/ros2_self_driving_robot/src/log) ignored
[0.597s] Level 1:colcon.colcon_core.package_identification:_identify(/home/smr/ros2_self_driving_robot/src/micro_ros_raspi_pico) by extensions ['ignore', 'ignore_ament_install']
[0.597s] Level 1:colcon.colcon_core.package_identification:_identify(/home/smr/ros2_self_driving_robot/src/micro_ros_raspi_pico) by extension 'ignore'
[0.597s] Level 1:colcon.colcon_core.package_identification:_identify(/home/smr/ros2_self_driving_robot/src/micro_ros_raspi_pico) by extension 'ignore_ament_install'
[0.597s] Level 1:colcon.colcon_core.package_identification:_identify(/home/smr/ros2_self_driving_robot/src/micro_ros_raspi_pico) by extensions ['colcon_pkg']
[0.597s] Level 1:colcon.colcon_core.package_identification:_identify(/home/smr/ros2_self_driving_robot/src/micro_ros_raspi_pico) by extension 'colcon_pkg'
[0.597s] Level 1:colcon.colcon_core.package_identification:_identify(/home/smr/ros2_self_driving_robot/src/micro_ros_raspi_pico) by extensions ['colcon_meta']
[0.597s] Level 1:colcon.colcon_core.package_identification:_identify(/home/smr/ros2_self_driving_robot/src/micro_ros_raspi_pico) by extension 'colcon_meta'
[0.597s] Level 1:colcon.colcon_core.package_identification:_identify(/home/smr/ros2_self_driving_robot/src/micro_ros_raspi_pico) by extensions ['ros']
[0.597s] Level 1:colcon.colcon_core.package_identification:_identify(/home/smr/ros2_self_driving_robot/src/micro_ros_raspi_pico) by extension 'ros'
[0.597s] Level 1:colcon.colcon_core.package_identification:_identify(/home/smr/ros2_self_driving_robot/src/micro_ros_raspi_pico) by extensions ['cmake', 'python']
[0.597s] Level 1:colcon.colcon_core.package_identification:_identify(/home/smr/ros2_self_driving_robot/src/micro_ros_raspi_pico) by extension 'cmake'
[0.597s] Level 1:colcon.colcon_core.package_identification:_identify(/home/smr/ros2_self_driving_robot/src/micro_ros_raspi_pico) by extension 'python'
[0.598s] Level 1:colcon.colcon_core.package_identification:_identify(/home/smr/ros2_self_driving_robot/src/micro_ros_raspi_pico) by extensions ['python_setup_py']
[0.598s] Level 1:colcon.colcon_core.package_identification:_identify(/home/smr/ros2_self_driving_robot/src/micro_ros_raspi_pico) by extension 'python_setup_py'
[0.598s] Level 1:colcon.colcon_core.package_identification:_identify(/home/smr/ros2_self_driving_robot/src/micro_ros_raspi_pico/include) by extensions ['ignore', 'ignore_ament_install']
[0.598s] Level 1:colcon.colcon_core.package_identification:_identify(/home/smr/ros2_self_driving_robot/src/micro_ros_raspi_pico/include) by extension 'ignore'
[0.598s] Level 1:colcon.colcon_core.package_identification:_identify(/home/smr/ros2_self_driving_robot/src/micro_ros_raspi_pico/include) by extension 'ignore_ament_install'
[0.598s] Level 1:colcon.colcon_core.package_identification:_identify(/home/smr/ros2_self_driving_robot/src/micro_ros_raspi_pico/include) by extensions ['colcon_pkg']
[0.598s] Level 1:colcon.colcon_core.package_identification:_identify(/home/smr/ros2_self_driving_robot/src/micro_ros_raspi_pico/include) by extension 'colcon_pkg'
[0.598s] Level 1:colcon.colcon_core.package_identification:_identify(/home/smr/ros2_self_driving_robot/src/micro_ros_raspi_pico/include) by extensions ['colcon_meta']
[0.598s] Level 1:colcon.colcon_core.package_identification:_identify(/home/smr/ros2_self_driving_robot/src/micro_ros_raspi_pico/include) by extension 'colcon_meta'
[0.598s] Level 1:colcon.colcon_core.package_identification:_identify(/home/smr/ros2_self_driving_robot/src/micro_ros_raspi_pico/include) by extensions ['ros']
[0.598s] Level 1:colcon.colcon_core.package_identification:_identify(/home/smr/ros2_self_driving_robot/src/micro_ros_raspi_pico/include) by extension 'ros'
[0.598s] Level 1:colcon.colcon_core.package_identification:_identify(/home/smr/ros2_self_driving_robot/src/micro_ros_raspi_pico/include) by extensions ['cmake', 'python']
[0.598s] Level 1:colcon.colcon_core.package_identification:_identify(/home/smr/ros2_self_driving_robot/src/micro_ros_raspi_pico/include) by extension 'cmake'
[0.598s] Level 1:colcon.colcon_core.package_identification:_identify(/home/smr/ros2_self_driving_robot/src/micro_ros_raspi_pico/include) by extension 'python'
[0.598s] Level 1:colcon.colcon_core.package_identification:_identify(/home/smr/ros2_self_driving_robot/src/micro_ros_raspi_pico/include) by extensions ['python_setup_py']
[0.599s] Level 1:colcon.colcon_core.package_identification:_identify(/home/smr/ros2_self_driving_robot/src/micro_ros_raspi_pico/include) by extension 'python_setup_py'
[0.599s] Level 1:colcon.colcon_core.package_identification:_identify(/home/smr/ros2_self_driving_robot/src/micro_ros_raspi_pico/lib) by extensions ['ignore', 'ignore_ament_install']
[0.599s] Level 1:colcon.colcon_core.package_identification:_identify(/home/smr/ros2_self_driving_robot/src/micro_ros_raspi_pico/lib) by extension 'ignore'
[0.599s] Level 1:colcon.colcon_core.package_identification:_identify(/home/smr/ros2_self_driving_robot/src/micro_ros_raspi_pico/lib) by extension 'ignore_ament_install'
[0.599s] Level 1:colcon.colcon_core.package_identification:_identify(/home/smr/ros2_self_driving_robot/src/micro_ros_raspi_pico/lib) by extensions ['colcon_pkg']
[0.599s] Level 1:colcon.colcon_core.package_identification:_identify(/home/smr/ros2_self_driving_robot/src/micro_ros_raspi_pico/lib) by extension 'colcon_pkg'
[0.599s] Level 1:colcon.colcon_core.package_identification:_identify(/home/smr/ros2_self_driving_robot/src/micro_ros_raspi_pico/lib) by extensions ['colcon_meta']
[0.599s] Level 1:colcon.colcon_core.package_identification:_identify(/home/smr/ros2_self_driving_robot/src/micro_ros_raspi_pico/lib) by extension 'colcon_meta'
[0.599s] Level 1:colcon.colcon_core.package_identification:_identify(/home/smr/ros2_self_driving_robot/src/micro_ros_raspi_pico/lib) by extensions ['ros']
[0.599s] Level 1:colcon.colcon_core.package_identification:_identify(/home/smr/ros2_self_driving_robot/src/micro_ros_raspi_pico/lib) by extension 'ros'
[0.599s] Level 1:colcon.colcon_core.package_identification:_identify(/home/smr/ros2_self_driving_robot/src/micro_ros_raspi_pico/lib) by extensions ['cmake', 'python']
[0.599s] Level 1:colcon.colcon_core.package_identification:_identify(/home/smr/ros2_self_driving_robot/src/micro_ros_raspi_pico/lib) by extension 'cmake'
[0.599s] Level 1:colcon.colcon_core.package_identification:_identify(/home/smr/ros2_self_driving_robot/src/micro_ros_raspi_pico/lib) by extension 'python'
[0.599s] Level 1:colcon.colcon_core.package_identification:_identify(/home/smr/ros2_self_driving_robot/src/micro_ros_raspi_pico/lib) by extensions ['python_setup_py']
[0.599s] Level 1:colcon.colcon_core.package_identification:_identify(/home/smr/ros2_self_driving_robot/src/micro_ros_raspi_pico/lib) by extension 'python_setup_py'
[0.600s] Level 1:colcon.colcon_core.package_identification:_identify(/home/smr/ros2_self_driving_robot/src/micro_ros_raspi_pico/src) by extensions ['ignore', 'ignore_ament_install']
[0.600s] Level 1:colcon.colcon_core.package_identification:_identify(/home/smr/ros2_self_driving_robot/src/micro_ros_raspi_pico/src) by extension 'ignore'
[0.600s] Level 1:colcon.colcon_core.package_identification:_identify(/home/smr/ros2_self_driving_robot/src/micro_ros_raspi_pico/src) by extension 'ignore_ament_install'
[0.600s] Level 1:colcon.colcon_core.package_identification:_identify(/home/smr/ros2_self_driving_robot/src/micro_ros_raspi_pico/src) by extensions ['colcon_pkg']
[0.600s] Level 1:colcon.colcon_core.package_identification:_identify(/home/smr/ros2_self_driving_robot/src/micro_ros_raspi_pico/src) by extension 'colcon_pkg'
[0.600s] Level 1:colcon.colcon_core.package_identification:_identify(/home/smr/ros2_self_driving_robot/src/micro_ros_raspi_pico/src) by extensions ['colcon_meta']
[0.600s] Level 1:colcon.colcon_core.package_identification:_identify(/home/smr/ros2_self_driving_robot/src/micro_ros_raspi_pico/src) by extension 'colcon_meta'
[0.600s] Level 1:colcon.colcon_core.package_identification:_identify(/home/smr/ros2_self_driving_robot/src/micro_ros_raspi_pico/src) by extensions ['ros']
[0.600s] Level 1:colcon.colcon_core.package_identification:_identify(/home/smr/ros2_self_driving_robot/src/micro_ros_raspi_pico/src) by extension 'ros'
[0.600s] Level 1:colcon.colcon_core.package_identification:_identify(/home/smr/ros2_self_driving_robot/src/micro_ros_raspi_pico/src) by extensions ['cmake', 'python']
[0.600s] Level 1:colcon.colcon_core.package_identification:_identify(/home/smr/ros2_self_driving_robot/src/micro_ros_raspi_pico/src) by extension 'cmake'
[0.601s] Level 1:colcon.colcon_core.package_identification:_identify(/home/smr/ros2_self_driving_robot/src/micro_ros_raspi_pico/src) by extension 'python'
[0.601s] Level 1:colcon.colcon_core.package_identification:_identify(/home/smr/ros2_self_driving_robot/src/micro_ros_raspi_pico/src) by extensions ['python_setup_py']
[0.601s] Level 1:colcon.colcon_core.package_identification:_identify(/home/smr/ros2_self_driving_robot/src/micro_ros_raspi_pico/src) by extension 'python_setup_py'
[0.601s] Level 1:colcon.colcon_core.package_identification:_identify(/home/smr/ros2_self_driving_robot/src/micro_ros_raspi_pico/test) by extensions ['ignore', 'ignore_ament_install']
[0.601s] Level 1:colcon.colcon_core.package_identification:_identify(/home/smr/ros2_self_driving_robot/src/micro_ros_raspi_pico/test) by extension 'ignore'
[0.601s] Level 1:colcon.colcon_core.package_identification:_identify(/home/smr/ros2_self_driving_robot/src/micro_ros_raspi_pico/test) by extension 'ignore_ament_install'
[0.601s] Level 1:colcon.colcon_core.package_identification:_identify(/home/smr/ros2_self_driving_robot/src/micro_ros_raspi_pico/test) by extensions ['colcon_pkg']
[0.601s] Level 1:colcon.colcon_core.package_identification:_identify(/home/smr/ros2_self_driving_robot/src/micro_ros_raspi_pico/test) by extension 'colcon_pkg'
[0.601s] Level 1:colcon.colcon_core.package_identification:_identify(/home/smr/ros2_self_driving_robot/src/micro_ros_raspi_pico/test) by extensions ['colcon_meta']
[0.601s] Level 1:colcon.colcon_core.package_identification:_identify(/home/smr/ros2_self_driving_robot/src/micro_ros_raspi_pico/test) by extension 'colcon_meta'
[0.601s] Level 1:colcon.colcon_core.package_identification:_identify(/home/smr/ros2_self_driving_robot/src/micro_ros_raspi_pico/test) by extensions ['ros']
[0.601s] Level 1:colcon.colcon_core.package_identification:_identify(/home/smr/ros2_self_driving_robot/src/micro_ros_raspi_pico/test) by extension 'ros'
[0.602s] Level 1:colcon.colcon_core.package_identification:_identify(/home/smr/ros2_self_driving_robot/src/micro_ros_raspi_pico/test) by extensions ['cmake', 'python']
[0.602s] Level 1:colcon.colcon_core.package_identification:_identify(/home/smr/ros2_self_driving_robot/src/micro_ros_raspi_pico/test) by extension 'cmake'
[0.602s] Level 1:colcon.colcon_core.package_identification:_identify(/home/smr/ros2_self_driving_robot/src/micro_ros_raspi_pico/test) by extension 'python'
[0.602s] Level 1:colcon.colcon_core.package_identification:_identify(/home/smr/ros2_self_driving_robot/src/micro_ros_raspi_pico/test) by extensions ['python_setup_py']
[0.602s] Level 1:colcon.colcon_core.package_identification:_identify(/home/smr/ros2_self_driving_robot/src/micro_ros_raspi_pico/test) by extension 'python_setup_py'
[0.602s] Level 1:colcon.colcon_core.package_identification:_identify(/home/smr/ros2_self_driving_robot/src/robot_bringup) by extensions ['ignore', 'ignore_ament_install']
[0.602s] Level 1:colcon.colcon_core.package_identification:_identify(/home/smr/ros2_self_driving_robot/src/robot_bringup) by extension 'ignore'
[0.602s] Level 1:colcon.colcon_core.package_identification:_identify(/home/smr/ros2_self_driving_robot/src/robot_bringup) by extension 'ignore_ament_install'
[0.602s] Level 1:colcon.colcon_core.package_identification:_identify(/home/smr/ros2_self_driving_robot/src/robot_bringup) by extensions ['colcon_pkg']
[0.602s] Level 1:colcon.colcon_core.package_identification:_identify(/home/smr/ros2_self_driving_robot/src/robot_bringup) by extension 'colcon_pkg'
[0.602s] Level 1:colcon.colcon_core.package_identification:_identify(/home/smr/ros2_self_driving_robot/src/robot_bringup) by extensions ['colcon_meta']
[0.602s] Level 1:colcon.colcon_core.package_identification:_identify(/home/smr/ros2_self_driving_robot/src/robot_bringup) by extension 'colcon_meta'
[0.602s] Level 1:colcon.colcon_core.package_identification:_identify(/home/smr/ros2_self_driving_robot/src/robot_bringup) by extensions ['ros']
[0.602s] Level 1:colcon.colcon_core.package_identification:_identify(/home/smr/ros2_self_driving_robot/src/robot_bringup) by extension 'ros'
[0.610s] DEBUG:colcon.colcon_core.package_identification:Package '/home/smr/ros2_self_driving_robot/src/robot_bringup' with type 'ros.ament_cmake' and name 'robot_bringup'
[0.610s] Level 1:colcon.colcon_core.package_identification:_identify(/home/smr/ros2_self_driving_robot/src/robot_description) by extensions ['ignore', 'ignore_ament_install']
[0.610s] Level 1:colcon.colcon_core.package_identification:_identify(/home/smr/ros2_self_driving_robot/src/robot_description) by extension 'ignore'
[0.610s] Level 1:colcon.colcon_core.package_identification:_identify(/home/smr/ros2_self_driving_robot/src/robot_description) by extension 'ignore_ament_install'
[0.610s] Level 1:colcon.colcon_core.package_identification:_identify(/home/smr/ros2_self_driving_robot/src/robot_description) by extensions ['colcon_pkg']
[0.610s] Level 1:colcon.colcon_core.package_identification:_identify(/home/smr/ros2_self_driving_robot/src/robot_description) by extension 'colcon_pkg'
[0.610s] Level 1:colcon.colcon_core.package_identification:_identify(/home/smr/ros2_self_driving_robot/src/robot_description) by extensions ['colcon_meta']
[0.611s] Level 1:colcon.colcon_core.package_identification:_identify(/home/smr/ros2_self_driving_robot/src/robot_description) by extension 'colcon_meta'
[0.611s] Level 1:colcon.colcon_core.package_identification:_identify(/home/smr/ros2_self_driving_robot/src/robot_description) by extensions ['ros']
[0.611s] Level 1:colcon.colcon_core.package_identification:_identify(/home/smr/ros2_self_driving_robot/src/robot_description) by extension 'ros'
[0.612s] DEBUG:colcon.colcon_core.package_identification:Package '/home/smr/ros2_self_driving_robot/src/robot_description' with type 'ros.ament_cmake' and name 'robot_description'
[0.612s] Level 1:colcon.colcon_core.package_identification:_identify(/home/smr/ros2_self_driving_robot/src/robot_navigation) by extensions ['ignore', 'ignore_ament_install']
[0.612s] Level 1:colcon.colcon_core.package_identification:_identify(/home/smr/ros2_self_driving_robot/src/robot_navigation) by extension 'ignore'
[0.612s] Level 1:colcon.colcon_core.package_identification:_identify(/home/smr/ros2_self_driving_robot/src/robot_navigation) by extension 'ignore_ament_install'
[0.612s] Level 1:colcon.colcon_core.package_identification:_identify(/home/smr/ros2_self_driving_robot/src/robot_navigation) by extensions ['colcon_pkg']
[0.612s] Level 1:colcon.colcon_core.package_identification:_identify(/home/smr/ros2_self_driving_robot/src/robot_navigation) by extension 'colcon_pkg'
[0.612s] Level 1:colcon.colcon_core.package_identification:_identify(/home/smr/ros2_self_driving_robot/src/robot_navigation) by extensions ['colcon_meta']
[0.612s] Level 1:colcon.colcon_core.package_identification:_identify(/home/smr/ros2_self_driving_robot/src/robot_navigation) by extension 'colcon_meta'
[0.613s] Level 1:colcon.colcon_core.package_identification:_identify(/home/smr/ros2_self_driving_robot/src/robot_navigation) by extensions ['ros']
[0.613s] Level 1:colcon.colcon_core.package_identification:_identify(/home/smr/ros2_self_driving_robot/src/robot_navigation) by extension 'ros'
[0.614s] DEBUG:colcon.colcon_core.package_identification:Package '/home/smr/ros2_self_driving_robot/src/robot_navigation' with type 'ros.ament_cmake' and name 'robot_navigation'
[0.614s] Level 1:colcon.colcon_core.package_identification:_identify(/home/smr/ros2_self_driving_robot/src/sllidar_ros2) by extensions ['ignore', 'ignore_ament_install']
[0.614s] Level 1:colcon.colcon_core.package_identification:_identify(/home/smr/ros2_self_driving_robot/src/sllidar_ros2) by extension 'ignore'
[0.614s] Level 1:colcon.colcon_core.package_identification:_identify(/home/smr/ros2_self_driving_robot/src/sllidar_ros2) by extension 'ignore_ament_install'
[0.614s] Level 1:colcon.colcon_core.package_identification:_identify(/home/smr/ros2_self_driving_robot/src/sllidar_ros2) by extensions ['colcon_pkg']
[0.614s] Level 1:colcon.colcon_core.package_identification:_identify(/home/smr/ros2_self_driving_robot/src/sllidar_ros2) by extension 'colcon_pkg'
[0.615s] Level 1:colcon.colcon_core.package_identification:_identify(/home/smr/ros2_self_driving_robot/src/sllidar_ros2) by extensions ['colcon_meta']
[0.615s] Level 1:colcon.colcon_core.package_identification:_identify(/home/smr/ros2_self_driving_robot/src/sllidar_ros2) by extension 'colcon_meta'
[0.615s] Level 1:colcon.colcon_core.package_identification:_identify(/home/smr/ros2_self_driving_robot/src/sllidar_ros2) by extensions ['ros']
[0.615s] Level 1:colcon.colcon_core.package_identification:_identify(/home/smr/ros2_self_driving_robot/src/sllidar_ros2) by extension 'ros'
[0.616s] DEBUG:colcon.colcon_core.package_identification:Package '/home/smr/ros2_self_driving_robot/src/sllidar_ros2' with type 'ros.ament_cmake' and name 'sllidar_ros2'
[0.616s] Level 1:colcon.colcon_core.package_discovery:discover_packages(recursive) using defaults
