[0.008s] Invoking command in '/home/p_rawicht/bb_ws/src/robot_description/build/robot_description': CMAKE_PREFIX_PATH=${CMAKE_PREFIX_PATH}:/opt/ros/humble /usr/bin/cmake --build /home/p_rawicht/bb_ws/src/robot_description/build/robot_description -- -j20 -l20
[0.027s] Invoked command in '/home/p_rawicht/bb_ws/src/robot_description/build/robot_description' returned '0': CMAKE_PREFIX_PATH=${CMAKE_PREFIX_PATH}:/opt/ros/humble /usr/bin/cmake --build /home/p_rawicht/bb_ws/src/robot_description/build/robot_description -- -j20 -l20
[0.042s] Invoking command in '/home/p_rawicht/bb_ws/src/robot_description/build/robot_description': CMAKE_PREFIX_PATH=${CMAKE_PREFIX_PATH}:/opt/ros/humble /usr/bin/cmake --install /home/p_rawicht/bb_ws/src/robot_description/build/robot_description
[0.046s] -- Install configuration: ""
[0.047s] -- Up-to-date: /home/p_rawicht/bb_ws/src/robot_description/install/robot_description/share/robot_description/launch
[0.047s] -- Installing: /home/p_rawicht/bb_ws/src/robot_description/install/robot_description/share/robot_description/launch/display.launch.py
[0.047s] -- Up-to-date: /home/p_rawicht/bb_ws/src/robot_description/install/robot_description/share/robot_description/urdf
[0.047s] -- Up-to-date: /home/p_rawicht/bb_ws/src/robot_description/install/robot_description/share/robot_description/urdf/bb_bot.urdf.xacro
[0.047s] -- Up-to-date: /home/p_rawicht/bb_ws/src/robot_description/install/robot_description/share/robot_description/rviz
[0.047s] -- Up-to-date: /home/p_rawicht/bb_ws/src/robot_description/install/robot_description/share/robot_description/rviz/display.rviz
[0.047s] -- Up-to-date: /home/p_rawicht/bb_ws/src/robot_description/install/robot_description/share/ament_index/resource_index/package_run_dependencies/robot_description
[0.047s] -- Up-to-date: /home/p_rawicht/bb_ws/src/robot_description/install/robot_description/share/ament_index/resource_index/parent_prefix_path/robot_description
[0.047s] -- Up-to-date: /home/p_rawicht/bb_ws/src/robot_description/install/robot_description/share/robot_description/environment/ament_prefix_path.sh
[0.047s] -- Up-to-date: /home/p_rawicht/bb_ws/src/robot_description/install/robot_description/share/robot_description/environment/ament_prefix_path.dsv
[0.047s] -- Up-to-date: /home/p_rawicht/bb_ws/src/robot_description/install/robot_description/share/robot_description/environment/path.sh
[0.047s] -- Up-to-date: /home/p_rawicht/bb_ws/src/robot_description/install/robot_description/share/robot_description/environment/path.dsv
[0.047s] -- Up-to-date: /home/p_rawicht/bb_ws/src/robot_description/install/robot_description/share/robot_description/local_setup.bash
[0.047s] -- Up-to-date: /home/p_rawicht/bb_ws/src/robot_description/install/robot_description/share/robot_description/local_setup.sh
[0.047s] -- Up-to-date: /home/p_rawicht/bb_ws/src/robot_description/install/robot_description/share/robot_description/local_setup.zsh
[0.047s] -- Up-to-date: /home/p_rawicht/bb_ws/src/robot_description/install/robot_description/share/robot_description/local_setup.dsv
[0.048s] -- Up-to-date: /home/p_rawicht/bb_ws/src/robot_description/install/robot_description/share/robot_description/package.dsv
[0.048s] -- Up-to-date: /home/p_rawicht/bb_ws/src/robot_description/install/robot_description/share/ament_index/resource_index/packages/robot_description
[0.048s] -- Up-to-date: /home/p_rawicht/bb_ws/src/robot_description/install/robot_description/share/robot_description/cmake/robot_descriptionConfig.cmake
[0.048s] -- Up-to-date: /home/p_rawicht/bb_ws/src/robot_description/install/robot_description/share/robot_description/cmake/robot_descriptionConfig-version.cmake
[0.048s] -- Up-to-date: /home/p_rawicht/bb_ws/src/robot_description/install/robot_description/share/robot_description/package.xml
[0.049s] Invoked command in '/home/p_rawicht/bb_ws/src/robot_description/build/robot_description' returned '0': CMAKE_PREFIX_PATH=${CMAKE_PREFIX_PATH}:/opt/ros/humble /usr/bin/cmake --install /home/p_rawicht/bb_ws/src/robot_description/build/robot_description
