[0.045s] Invoking command in '/home/smr/ros2_self_driving_robot/build/micro_ros_msgs': CMAKE_PREFIX_PATH=${CMAKE_PREFIX_PATH}:/opt/ros/humble /usr/bin/cmake /home/smr/ros2_self_driving_robot/src/src/uros/micro_ros_msgs -DCMAKE_INSTALL_PREFIX=/home/smr/ros2_self_driving_robot/install/micro_ros_msgs
[0.487s] -- The C compiler identification is GNU 11.4.0
[0.712s] -- The CXX compiler identification is GNU 11.4.0
[0.744s] -- Detecting C compiler ABI info
[0.973s] -- Detecting C compiler ABI info - done
[0.984s] -- Check for working C compiler: /usr/bin/cc - skipped
[0.985s] -- Detecting C compile features
[0.986s] -- Detecting C compile features - done
[0.992s] -- Detecting CXX compiler ABI info
[1.231s] -- Detecting CXX compiler ABI info - done
[1.275s] -- Check for working CXX compiler: /usr/bin/c++ - skipped
[1.276s] -- Detecting CXX compile features
[1.278s] -- Detecting CXX compile features - done
[1.289s] -- Found ament_cmake: 1.3.8 (/opt/ros/humble/share/ament_cmake/cmake)
[1.653s] -- Found Python3: /usr/bin/python3 (found version "3.10.12") found components: Interpreter 
[1.874s] -- Found rosidl_default_generators: 1.2.0 (/opt/ros/humble/share/rosidl_default_generators/cmake)
[1.882s] -- Using all available rosidl_typesupport_c: rosidl_typesupport_fastrtps_c;rosidl_typesupport_introspection_c
[1.897s] -- Found rosidl_adapter: 3.1.5 (/opt/ros/humble/share/rosidl_adapter/cmake)
[1.994s] -- Using all available rosidl_typesupport_cpp: rosidl_typesupport_fastrtps_cpp;rosidl_typesupport_introspection_cpp
[2.071s] -- Found ament_lint_auto: 0.12.10 (/opt/ros/humble/share/ament_lint_auto/cmake)
[2.646s] -- Found ament_cmake_ros: 0.10.0 (/opt/ros/humble/share/ament_cmake_ros/cmake)
[3.074s] -- Using all available rosidl_typesupport_c: rosidl_typesupport_fastrtps_c;rosidl_typesupport_introspection_c
[3.687s] -- Using all available rosidl_typesupport_cpp: rosidl_typesupport_fastrtps_cpp;rosidl_typesupport_introspection_cpp
[3.751s] -- Found PythonInterp: /usr/bin/python3 (found suitable version "3.10.12", minimum required is "3.6") 
[3.768s] -- Found python_cmake_module: 0.10.0 (/opt/ros/humble/share/python_cmake_module/cmake)
[3.858s] -- Found PythonLibs: /usr/lib/aarch64-linux-gnu/libpython3.10.so (found suitable version "3.10.12", minimum required is "3.5") 
[3.858s] -- Using PYTHON_EXECUTABLE: /usr/bin/python3
[3.858s] -- Using PYTHON_INCLUDE_DIRS: /usr/include/python3.10
[3.858s] -- Using PYTHON_LIBRARIES: /usr/lib/aarch64-linux-gnu/libpython3.10.so
[3.911s] -- Found PythonExtra: .so  
[4.034s] -- Added test 'copyright' to check source files copyright and LICENSE
[4.049s] -- Added test 'lint_cmake' to check CMake code style
[4.056s] -- Added test 'xmllint' to check XML markup files
[4.069s] -- Configuring done
[4.115s] -- Generating done
[4.119s] -- Build files have been written to: /home/smr/ros2_self_driving_robot/build/micro_ros_msgs
[4.135s] Invoked command in '/home/smr/ros2_self_driving_robot/build/micro_ros_msgs' returned '0': CMAKE_PREFIX_PATH=${CMAKE_PREFIX_PATH}:/opt/ros/humble /usr/bin/cmake /home/smr/ros2_self_driving_robot/src/src/uros/micro_ros_msgs -DCMAKE_INSTALL_PREFIX=/home/smr/ros2_self_driving_robot/install/micro_ros_msgs
[4.138s] Invoking command in '/home/smr/ros2_self_driving_robot/build/micro_ros_msgs': CMAKE_PREFIX_PATH=${CMAKE_PREFIX_PATH}:/opt/ros/humble /usr/bin/cmake --build /home/smr/ros2_self_driving_robot/build/micro_ros_msgs -- -j8 -l8
[4.259s] [  2%] [34m[1mGenerating C code for ROS interfaces[0m
[4.325s] [  4%] [34m[1mGenerating C++ code for ROS interfaces[0m
[4.342s] [  4%] Built target ament_cmake_python_copy_micro_ros_msgs
[4.703s] running egg_info
[4.704s] creating micro_ros_msgs.egg-info
[4.704s] writing micro_ros_msgs.egg-info/PKG-INFO
[4.705s] writing dependency_links to micro_ros_msgs.egg-info/dependency_links.txt
[4.705s] writing top-level names to micro_ros_msgs.egg-info/top_level.txt
[4.705s] writing manifest file 'micro_ros_msgs.egg-info/SOURCES.txt'
[4.710s] reading manifest file 'micro_ros_msgs.egg-info/SOURCES.txt'
[4.710s] writing manifest file 'micro_ros_msgs.egg-info/SOURCES.txt'
[4.782s] [  4%] Built target ament_cmake_python_build_micro_ros_msgs_egg
[4.875s] [  6%] [32mBuilding C object CMakeFiles/micro_ros_msgs__rosidl_generator_c.dir/rosidl_generator_c/micro_ros_msgs/msg/detail/node__functions.c.o[0m
[4.875s] [  8%] [32mBuilding C object CMakeFiles/micro_ros_msgs__rosidl_generator_c.dir/rosidl_generator_c/micro_ros_msgs/msg/detail/graph__functions.c.o[0m
[4.912s] [ 10%] [32mBuilding C object CMakeFiles/micro_ros_msgs__rosidl_generator_c.dir/rosidl_generator_c/micro_ros_msgs/msg/detail/entity__functions.c.o[0m
[4.940s] [ 10%] Built target micro_ros_msgs__cpp
[4.963s] [ 12%] [34m[1mGenerating C++ introspection for ROS interfaces[0m
[4.982s] [ 14%] [34m[1mGenerating C++ type support dispatch for ROS interfaces[0m
[4.983s] [ 17%] [34m[1mGenerating C++ type support for eProsima Fast-RTPS[0m
[5.045s] [ 19%] [32m[1mLinking C shared library libmicro_ros_msgs__rosidl_generator_c.so[0m
[5.174s] [ 19%] Built target micro_ros_msgs__rosidl_generator_c
[5.194s] [ 21%] [34m[1mGenerating C type support dispatch for ROS interfaces[0m
[5.205s] [ 23%] [34m[1mGenerating C type support for eProsima Fast-RTPS[0m
[5.210s] [ 25%] [34m[1mGenerating C introspection for ROS interfaces[0m
[5.522s] [ 29%] [32mBuilding CXX object CMakeFiles/micro_ros_msgs__rosidl_typesupport_introspection_cpp.dir/rosidl_typesupport_introspection_cpp/micro_ros_msgs/msg/detail/graph__type_support.cpp.o[0m
[5.522s] [ 29%] [32mBuilding CXX object CMakeFiles/micro_ros_msgs__rosidl_typesupport_introspection_cpp.dir/rosidl_typesupport_introspection_cpp/micro_ros_msgs/msg/detail/node__type_support.cpp.o[0m
[5.533s] [ 31%] [32mBuilding CXX object CMakeFiles/micro_ros_msgs__rosidl_typesupport_introspection_cpp.dir/rosidl_typesupport_introspection_cpp/micro_ros_msgs/msg/detail/entity__type_support.cpp.o[0m
[5.574s] [ 34%] [32mBuilding CXX object CMakeFiles/micro_ros_msgs__rosidl_typesupport_cpp.dir/rosidl_typesupport_cpp/micro_ros_msgs/msg/graph__type_support.cpp.o[0m
[5.729s] [ 36%] [32mBuilding CXX object CMakeFiles/micro_ros_msgs__rosidl_typesupport_fastrtps_cpp.dir/rosidl_typesupport_fastrtps_cpp/micro_ros_msgs/msg/detail/dds_fastrtps/graph__type_support.cpp.o[0m
[5.807s] [ 38%] [32mBuilding C object CMakeFiles/micro_ros_msgs__rosidl_typesupport_introspection_c.dir/rosidl_typesupport_introspection_c/micro_ros_msgs/msg/detail/graph__type_support.c.o[0m
[5.847s] [ 40%] [32mBuilding CXX object CMakeFiles/micro_ros_msgs__rosidl_typesupport_c.dir/rosidl_typesupport_c/micro_ros_msgs/msg/graph__type_support.cpp.o[0m
[5.872s] [ 42%] [32mBuilding C object CMakeFiles/micro_ros_msgs__rosidl_typesupport_introspection_c.dir/rosidl_typesupport_introspection_c/micro_ros_msgs/msg/detail/node__type_support.c.o[0m
[5.930s] [ 46%] [32mBuilding C object CMakeFiles/micro_ros_msgs__rosidl_typesupport_introspection_c.dir/rosidl_typesupport_introspection_c/micro_ros_msgs/msg/detail/entity__type_support.c.o[0m
[5.931s] [ 46%] [32mBuilding CXX object CMakeFiles/micro_ros_msgs__rosidl_typesupport_c.dir/rosidl_typesupport_c/micro_ros_msgs/msg/node__type_support.cpp.o[0m
[5.980s] [ 48%] [32mBuilding CXX object CMakeFiles/micro_ros_msgs__rosidl_typesupport_c.dir/rosidl_typesupport_c/micro_ros_msgs/msg/entity__type_support.cpp.o[0m
[5.989s] [ 51%] [32m[1mLinking C shared library libmicro_ros_msgs__rosidl_typesupport_introspection_c.so[0m
[6.048s] [ 51%] Built target micro_ros_msgs__rosidl_typesupport_introspection_c
[6.064s] [ 53%] [32mBuilding CXX object CMakeFiles/micro_ros_msgs__rosidl_typesupport_fastrtps_cpp.dir/rosidl_typesupport_fastrtps_cpp/micro_ros_msgs/msg/detail/dds_fastrtps/node__type_support.cpp.o[0m
[6.088s] [ 55%] [32mBuilding CXX object CMakeFiles/micro_ros_msgs__rosidl_typesupport_fastrtps_c.dir/rosidl_typesupport_fastrtps_c/micro_ros_msgs/msg/detail/graph__type_support_c.cpp.o[0m
[6.089s] [ 57%] [32m[1mLinking CXX shared library libmicro_ros_msgs__rosidl_typesupport_c.so[0m
[6.300s] [ 57%] Built target micro_ros_msgs__rosidl_typesupport_c
[6.351s] [ 59%] [32mBuilding CXX object CMakeFiles/micro_ros_msgs__rosidl_typesupport_cpp.dir/rosidl_typesupport_cpp/micro_ros_msgs/msg/node__type_support.cpp.o[0m
[6.649s] [ 61%] [32mBuilding CXX object CMakeFiles/micro_ros_msgs__rosidl_typesupport_fastrtps_c.dir/rosidl_typesupport_fastrtps_c/micro_ros_msgs/msg/detail/node__type_support_c.cpp.o[0m
[6.737s] [ 63%] [32mBuilding CXX object CMakeFiles/micro_ros_msgs__rosidl_typesupport_fastrtps_c.dir/rosidl_typesupport_fastrtps_c/micro_ros_msgs/msg/detail/entity__type_support_c.cpp.o[0m
[6.815s] [ 65%] [32mBuilding CXX object CMakeFiles/micro_ros_msgs__rosidl_typesupport_fastrtps_cpp.dir/rosidl_typesupport_fastrtps_cpp/micro_ros_msgs/msg/detail/dds_fastrtps/entity__type_support.cpp.o[0m
[6.826s] [ 68%] [32mBuilding CXX object CMakeFiles/micro_ros_msgs__rosidl_typesupport_cpp.dir/rosidl_typesupport_cpp/micro_ros_msgs/msg/entity__type_support.cpp.o[0m
[7.314s] [ 70%] [32m[1mLinking CXX shared library libmicro_ros_msgs__rosidl_typesupport_introspection_cpp.so[0m
[7.390s] [ 72%] [32m[1mLinking CXX shared library libmicro_ros_msgs__rosidl_typesupport_cpp.so[0m
[7.495s] [ 72%] Built target micro_ros_msgs__rosidl_typesupport_introspection_cpp
[7.495s] [ 72%] Built target micro_ros_msgs__rosidl_typesupport_cpp
[7.586s] [ 74%] [32m[1mLinking CXX shared library libmicro_ros_msgs__rosidl_typesupport_fastrtps_c.so[0m
[7.592s] [ 76%] [32m[1mLinking CXX shared library libmicro_ros_msgs__rosidl_typesupport_fastrtps_cpp.so[0m
[7.711s] [ 76%] Built target micro_ros_msgs__rosidl_typesupport_fastrtps_c
[7.783s] [ 76%] Built target micro_ros_msgs__rosidl_typesupport_fastrtps_cpp
[7.850s] [ 76%] Built target micro_ros_msgs
[7.917s] [ 78%] [34m[1mGenerating Python code for ROS interfaces[0m
[8.753s] [ 78%] Built target micro_ros_msgs__py
[8.817s] [ 80%] [32mBuilding C object CMakeFiles/micro_ros_msgs__rosidl_generator_py.dir/rosidl_generator_py/micro_ros_msgs/msg/_entity_s.c.o[0m
[8.821s] [ 82%] [32mBuilding C object CMakeFiles/micro_ros_msgs__rosidl_generator_py.dir/rosidl_generator_py/micro_ros_msgs/msg/_node_s.c.o[0m
[8.833s] [ 85%] [32mBuilding C object CMakeFiles/micro_ros_msgs__rosidl_generator_py.dir/rosidl_generator_py/micro_ros_msgs/msg/_graph_s.c.o[0m
[9.047s] [ 87%] [32m[1mLinking C shared library rosidl_generator_py/micro_ros_msgs/libmicro_ros_msgs__rosidl_generator_py.so[0m
[9.136s] [ 87%] Built target micro_ros_msgs__rosidl_generator_py
[9.164s] [ 89%] [32mBuilding C object CMakeFiles/micro_ros_msgs__rosidl_typesupport_fastrtps_c__pyext.dir/rosidl_generator_py/micro_ros_msgs/_micro_ros_msgs_s.ep.rosidl_typesupport_fastrtps_c.c.o[0m
[9.200s] [ 91%] [32mBuilding C object CMakeFiles/micro_ros_msgs__rosidl_typesupport_c__pyext.dir/rosidl_generator_py/micro_ros_msgs/_micro_ros_msgs_s.ep.rosidl_typesupport_c.c.o[0m
[9.203s] [ 93%] [32mBuilding C object CMakeFiles/micro_ros_msgs__rosidl_typesupport_introspection_c__pyext.dir/rosidl_generator_py/micro_ros_msgs/_micro_ros_msgs_s.ep.rosidl_typesupport_introspection_c.c.o[0m
[9.337s] [ 95%] [32m[1mLinking C shared library rosidl_generator_py/micro_ros_msgs/micro_ros_msgs_s__rosidl_typesupport_fastrtps_c.cpython-310-aarch64-linux-gnu.so[0m
[9.364s] [ 97%] [32m[1mLinking C shared library rosidl_generator_py/micro_ros_msgs/micro_ros_msgs_s__rosidl_typesupport_introspection_c.cpython-310-aarch64-linux-gnu.so[0m
[9.378s] [100%] [32m[1mLinking C shared library rosidl_generator_py/micro_ros_msgs/micro_ros_msgs_s__rosidl_typesupport_c.cpython-310-aarch64-linux-gnu.so[0m
[9.428s] [100%] Built target micro_ros_msgs__rosidl_typesupport_introspection_c__pyext
[9.455s] [100%] Built target micro_ros_msgs__rosidl_typesupport_fastrtps_c__pyext
[9.466s] [100%] Built target micro_ros_msgs__rosidl_typesupport_c__pyext
[9.508s] Invoked command in '/home/smr/ros2_self_driving_robot/build/micro_ros_msgs' returned '0': CMAKE_PREFIX_PATH=${CMAKE_PREFIX_PATH}:/opt/ros/humble /usr/bin/cmake --build /home/smr/ros2_self_driving_robot/build/micro_ros_msgs -- -j8 -l8
[9.791s] Invoking command in '/home/smr/ros2_self_driving_robot/build/micro_ros_msgs': CMAKE_PREFIX_PATH=${CMAKE_PREFIX_PATH}:/opt/ros/humble /usr/bin/cmake --install /home/smr/ros2_self_driving_robot/build/micro_ros_msgs
[9.819s] -- Install configuration: ""
[9.827s] -- Installing: /home/smr/ros2_self_driving_robot/install/micro_ros_msgs/share/ament_index/resource_index/rosidl_interfaces/micro_ros_msgs
[9.827s] -- Installing: /home/smr/ros2_self_driving_robot/install/micro_ros_msgs/include/micro_ros_msgs/micro_ros_msgs
[9.828s] -- Installing: /home/smr/ros2_self_driving_robot/install/micro_ros_msgs/include/micro_ros_msgs/micro_ros_msgs/msg
[9.829s] -- Installing: /home/smr/ros2_self_driving_robot/install/micro_ros_msgs/include/micro_ros_msgs/micro_ros_msgs/msg/node.h
[9.837s] -- Installing: /home/smr/ros2_self_driving_robot/install/micro_ros_msgs/include/micro_ros_msgs/micro_ros_msgs/msg/graph.h
[9.839s] -- Installing: /home/smr/ros2_self_driving_robot/install/micro_ros_msgs/include/micro_ros_msgs/micro_ros_msgs/msg/rosidl_generator_c__visibility_control.h
[9.839s] -- Installing: /home/smr/ros2_self_driving_robot/install/micro_ros_msgs/include/micro_ros_msgs/micro_ros_msgs/msg/entity.h
[9.840s] -- Installing: /home/smr/ros2_self_driving_robot/install/micro_ros_msgs/include/micro_ros_msgs/micro_ros_msgs/msg/detail
[9.840s] -- Installing: /home/smr/ros2_self_driving_robot/install/micro_ros_msgs/include/micro_ros_msgs/micro_ros_msgs/msg/detail/entity__functions.h
[9.841s] -- Installing: /home/smr/ros2_self_driving_robot/install/micro_ros_msgs/include/micro_ros_msgs/micro_ros_msgs/msg/detail/node__functions.h
[9.842s] -- Installing: /home/smr/ros2_self_driving_robot/install/micro_ros_msgs/include/micro_ros_msgs/micro_ros_msgs/msg/detail/graph__functions.h
[9.842s] -- Installing: /home/smr/ros2_self_driving_robot/install/micro_ros_msgs/include/micro_ros_msgs/micro_ros_msgs/msg/detail/entity__type_support.h
[9.843s] -- Installing: /home/smr/ros2_self_driving_robot/install/micro_ros_msgs/include/micro_ros_msgs/micro_ros_msgs/msg/detail/node__type_support.h
[9.844s] -- Installing: /home/smr/ros2_self_driving_robot/install/micro_ros_msgs/include/micro_ros_msgs/micro_ros_msgs/msg/detail/entity__struct.h
[9.845s] -- Installing: /home/smr/ros2_self_driving_robot/install/micro_ros_msgs/include/micro_ros_msgs/micro_ros_msgs/msg/detail/node__functions.c
[9.845s] -- Installing: /home/smr/ros2_self_driving_robot/install/micro_ros_msgs/include/micro_ros_msgs/micro_ros_msgs/msg/detail/graph__struct.h
[9.845s] -- Installing: /home/smr/ros2_self_driving_robot/install/micro_ros_msgs/include/micro_ros_msgs/micro_ros_msgs/msg/detail/graph__functions.c
[9.846s] -- Installing: /home/smr/ros2_self_driving_robot/install/micro_ros_msgs/include/micro_ros_msgs/micro_ros_msgs/msg/detail/node__struct.h
[9.846s] -- Installing: /home/smr/ros2_self_driving_robot/install/micro_ros_msgs/include/micro_ros_msgs/micro_ros_msgs/msg/detail/entity__functions.c
[9.846s] -- Installing: /home/smr/ros2_self_driving_robot/install/micro_ros_msgs/include/micro_ros_msgs/micro_ros_msgs/msg/detail/graph__type_support.h
[9.847s] -- Installing: /home/smr/ros2_self_driving_robot/install/micro_ros_msgs/share/micro_ros_msgs/environment/library_path.sh
[9.847s] -- Installing: /home/smr/ros2_self_driving_robot/install/micro_ros_msgs/share/micro_ros_msgs/environment/library_path.dsv
[9.848s] -- Installing: /home/smr/ros2_self_driving_robot/install/micro_ros_msgs/lib/libmicro_ros_msgs__rosidl_generator_c.so
[9.848s] -- Set runtime path of "/home/smr/ros2_self_driving_robot/install/micro_ros_msgs/lib/libmicro_ros_msgs__rosidl_generator_c.so" to ""
[9.848s] -- Up-to-date: /home/smr/ros2_self_driving_robot/install/micro_ros_msgs/include/micro_ros_msgs/micro_ros_msgs
[9.849s] -- Up-to-date: /home/smr/ros2_self_driving_robot/install/micro_ros_msgs/include/micro_ros_msgs/micro_ros_msgs/msg
[9.849s] -- Installing: /home/smr/ros2_self_driving_robot/install/micro_ros_msgs/include/micro_ros_msgs/micro_ros_msgs/msg/rosidl_typesupport_fastrtps_c__visibility_control.h
[9.850s] -- Up-to-date: /home/smr/ros2_self_driving_robot/install/micro_ros_msgs/include/micro_ros_msgs/micro_ros_msgs/msg/detail
[9.850s] -- Installing: /home/smr/ros2_self_driving_robot/install/micro_ros_msgs/include/micro_ros_msgs/micro_ros_msgs/msg/detail/graph__rosidl_typesupport_fastrtps_c.h
[9.850s] -- Installing: /home/smr/ros2_self_driving_robot/install/micro_ros_msgs/include/micro_ros_msgs/micro_ros_msgs/msg/detail/node__rosidl_typesupport_fastrtps_c.h
[9.851s] -- Installing: /home/smr/ros2_self_driving_robot/install/micro_ros_msgs/include/micro_ros_msgs/micro_ros_msgs/msg/detail/entity__rosidl_typesupport_fastrtps_c.h
[9.851s] -- Installing: /home/smr/ros2_self_driving_robot/install/micro_ros_msgs/lib/libmicro_ros_msgs__rosidl_typesupport_fastrtps_c.so
[9.851s] -- Set runtime path of "/home/smr/ros2_self_driving_robot/install/micro_ros_msgs/lib/libmicro_ros_msgs__rosidl_typesupport_fastrtps_c.so" to ""
[9.852s] -- Up-to-date: /home/smr/ros2_self_driving_robot/install/micro_ros_msgs/include/micro_ros_msgs/micro_ros_msgs
[9.852s] -- Up-to-date: /home/smr/ros2_self_driving_robot/install/micro_ros_msgs/include/micro_ros_msgs/micro_ros_msgs/msg
[9.853s] -- Installing: /home/smr/ros2_self_driving_robot/install/micro_ros_msgs/include/micro_ros_msgs/micro_ros_msgs/msg/rosidl_typesupport_introspection_c__visibility_control.h
[9.853s] -- Up-to-date: /home/smr/ros2_self_driving_robot/install/micro_ros_msgs/include/micro_ros_msgs/micro_ros_msgs/msg/detail
[9.853s] -- Installing: /home/smr/ros2_self_driving_robot/install/micro_ros_msgs/include/micro_ros_msgs/micro_ros_msgs/msg/detail/entity__type_support.c
[9.854s] -- Installing: /home/smr/ros2_self_driving_robot/install/micro_ros_msgs/include/micro_ros_msgs/micro_ros_msgs/msg/detail/node__type_support.c
[9.854s] -- Installing: /home/smr/ros2_self_driving_robot/install/micro_ros_msgs/include/micro_ros_msgs/micro_ros_msgs/msg/detail/node__rosidl_typesupport_introspection_c.h
[9.854s] -- Installing: /home/smr/ros2_self_driving_robot/install/micro_ros_msgs/include/micro_ros_msgs/micro_ros_msgs/msg/detail/graph__rosidl_typesupport_introspection_c.h
[9.855s] -- Installing: /home/smr/ros2_self_driving_robot/install/micro_ros_msgs/include/micro_ros_msgs/micro_ros_msgs/msg/detail/entity__rosidl_typesupport_introspection_c.h
[9.855s] -- Installing: /home/smr/ros2_self_driving_robot/install/micro_ros_msgs/include/micro_ros_msgs/micro_ros_msgs/msg/detail/graph__type_support.c
[9.856s] -- Installing: /home/smr/ros2_self_driving_robot/install/micro_ros_msgs/lib/libmicro_ros_msgs__rosidl_typesupport_introspection_c.so
[9.856s] -- Set runtime path of "/home/smr/ros2_self_driving_robot/install/micro_ros_msgs/lib/libmicro_ros_msgs__rosidl_typesupport_introspection_c.so" to ""
[9.856s] -- Installing: /home/smr/ros2_self_driving_robot/install/micro_ros_msgs/lib/libmicro_ros_msgs__rosidl_typesupport_c.so
[9.857s] -- Set runtime path of "/home/smr/ros2_self_driving_robot/install/micro_ros_msgs/lib/libmicro_ros_msgs__rosidl_typesupport_c.so" to ""
[9.857s] -- Up-to-date: /home/smr/ros2_self_driving_robot/install/micro_ros_msgs/include/micro_ros_msgs/micro_ros_msgs
[9.857s] -- Up-to-date: /home/smr/ros2_self_driving_robot/install/micro_ros_msgs/include/micro_ros_msgs/micro_ros_msgs/msg
[9.858s] -- Installing: /home/smr/ros2_self_driving_robot/install/micro_ros_msgs/include/micro_ros_msgs/micro_ros_msgs/msg/graph.hpp
[9.858s] -- Installing: /home/smr/ros2_self_driving_robot/install/micro_ros_msgs/include/micro_ros_msgs/micro_ros_msgs/msg/node.hpp
[9.859s] -- Up-to-date: /home/smr/ros2_self_driving_robot/install/micro_ros_msgs/include/micro_ros_msgs/micro_ros_msgs/msg/detail
[9.859s] -- Installing: /home/smr/ros2_self_driving_robot/install/micro_ros_msgs/include/micro_ros_msgs/micro_ros_msgs/msg/detail/graph__builder.hpp
[9.859s] -- Installing: /home/smr/ros2_self_driving_robot/install/micro_ros_msgs/include/micro_ros_msgs/micro_ros_msgs/msg/detail/node__struct.hpp
[9.860s] -- Installing: /home/smr/ros2_self_driving_robot/install/micro_ros_msgs/include/micro_ros_msgs/micro_ros_msgs/msg/detail/node__builder.hpp
[9.860s] -- Installing: /home/smr/ros2_self_driving_robot/install/micro_ros_msgs/include/micro_ros_msgs/micro_ros_msgs/msg/detail/node__traits.hpp
[9.860s] -- Installing: /home/smr/ros2_self_driving_robot/install/micro_ros_msgs/include/micro_ros_msgs/micro_ros_msgs/msg/detail/entity__struct.hpp
[9.861s] -- Installing: /home/smr/ros2_self_driving_robot/install/micro_ros_msgs/include/micro_ros_msgs/micro_ros_msgs/msg/detail/entity__builder.hpp
[9.861s] -- Installing: /home/smr/ros2_self_driving_robot/install/micro_ros_msgs/include/micro_ros_msgs/micro_ros_msgs/msg/detail/graph__struct.hpp
[9.862s] -- Installing: /home/smr/ros2_self_driving_robot/install/micro_ros_msgs/include/micro_ros_msgs/micro_ros_msgs/msg/detail/graph__traits.hpp
[9.862s] -- Installing: /home/smr/ros2_self_driving_robot/install/micro_ros_msgs/include/micro_ros_msgs/micro_ros_msgs/msg/detail/entity__traits.hpp
[9.862s] -- Installing: /home/smr/ros2_self_driving_robot/install/micro_ros_msgs/include/micro_ros_msgs/micro_ros_msgs/msg/entity.hpp
[9.863s] -- Up-to-date: /home/smr/ros2_self_driving_robot/install/micro_ros_msgs/include/micro_ros_msgs/micro_ros_msgs
[9.863s] -- Up-to-date: /home/smr/ros2_self_driving_robot/install/micro_ros_msgs/include/micro_ros_msgs/micro_ros_msgs/msg
[9.863s] -- Installing: /home/smr/ros2_self_driving_robot/install/micro_ros_msgs/include/micro_ros_msgs/micro_ros_msgs/msg/rosidl_typesupport_fastrtps_cpp__visibility_control.h
[9.864s] -- Up-to-date: /home/smr/ros2_self_driving_robot/install/micro_ros_msgs/include/micro_ros_msgs/micro_ros_msgs/msg/detail
[9.864s] -- Installing: /home/smr/ros2_self_driving_robot/install/micro_ros_msgs/include/micro_ros_msgs/micro_ros_msgs/msg/detail/graph__rosidl_typesupport_fastrtps_cpp.hpp
[9.865s] -- Installing: /home/smr/ros2_self_driving_robot/install/micro_ros_msgs/include/micro_ros_msgs/micro_ros_msgs/msg/detail/node__rosidl_typesupport_fastrtps_cpp.hpp
[9.865s] -- Installing: /home/smr/ros2_self_driving_robot/install/micro_ros_msgs/include/micro_ros_msgs/micro_ros_msgs/msg/detail/entity__rosidl_typesupport_fastrtps_cpp.hpp
[9.865s] -- Installing: /home/smr/ros2_self_driving_robot/install/micro_ros_msgs/include/micro_ros_msgs/micro_ros_msgs/msg/detail/dds_fastrtps
[9.866s] -- Installing: /home/smr/ros2_self_driving_robot/install/micro_ros_msgs/lib/libmicro_ros_msgs__rosidl_typesupport_fastrtps_cpp.so
[9.866s] -- Set runtime path of "/home/smr/ros2_self_driving_robot/install/micro_ros_msgs/lib/libmicro_ros_msgs__rosidl_typesupport_fastrtps_cpp.so" to ""
[9.866s] -- Up-to-date: /home/smr/ros2_self_driving_robot/install/micro_ros_msgs/include/micro_ros_msgs/micro_ros_msgs
[9.867s] -- Up-to-date: /home/smr/ros2_self_driving_robot/install/micro_ros_msgs/include/micro_ros_msgs/micro_ros_msgs/msg
[9.867s] -- Up-to-date: /home/smr/ros2_self_driving_robot/install/micro_ros_msgs/include/micro_ros_msgs/micro_ros_msgs/msg/detail
[9.868s] -- Installing: /home/smr/ros2_self_driving_robot/install/micro_ros_msgs/include/micro_ros_msgs/micro_ros_msgs/msg/detail/graph__type_support.cpp
[9.868s] -- Installing: /home/smr/ros2_self_driving_robot/install/micro_ros_msgs/include/micro_ros_msgs/micro_ros_msgs/msg/detail/entity__type_support.cpp
[9.868s] -- Installing: /home/smr/ros2_self_driving_robot/install/micro_ros_msgs/include/micro_ros_msgs/micro_ros_msgs/msg/detail/node__rosidl_typesupport_introspection_cpp.hpp
[9.869s] -- Installing: /home/smr/ros2_self_driving_robot/install/micro_ros_msgs/include/micro_ros_msgs/micro_ros_msgs/msg/detail/graph__rosidl_typesupport_introspection_cpp.hpp
[9.869s] -- Installing: /home/smr/ros2_self_driving_robot/install/micro_ros_msgs/include/micro_ros_msgs/micro_ros_msgs/msg/detail/entity__rosidl_typesupport_introspection_cpp.hpp
[9.869s] -- Installing: /home/smr/ros2_self_driving_robot/install/micro_ros_msgs/include/micro_ros_msgs/micro_ros_msgs/msg/detail/node__type_support.cpp
[9.870s] -- Installing: /home/smr/ros2_self_driving_robot/install/micro_ros_msgs/lib/libmicro_ros_msgs__rosidl_typesupport_introspection_cpp.so
[9.870s] -- Set runtime path of "/home/smr/ros2_self_driving_robot/install/micro_ros_msgs/lib/libmicro_ros_msgs__rosidl_typesupport_introspection_cpp.so" to ""
[9.871s] -- Installing: /home/smr/ros2_self_driving_robot/install/micro_ros_msgs/lib/libmicro_ros_msgs__rosidl_typesupport_cpp.so
[9.871s] -- Set runtime path of "/home/smr/ros2_self_driving_robot/install/micro_ros_msgs/lib/libmicro_ros_msgs__rosidl_typesupport_cpp.so" to ""
[9.871s] -- Installing: /home/smr/ros2_self_driving_robot/install/micro_ros_msgs/share/micro_ros_msgs/environment/pythonpath.sh
[9.872s] -- Installing: /home/smr/ros2_self_driving_robot/install/micro_ros_msgs/share/micro_ros_msgs/environment/pythonpath.dsv
[9.872s] -- Installing: /home/smr/ros2_self_driving_robot/install/micro_ros_msgs/local/lib/python3.10/dist-packages/micro_ros_msgs-3.0.1-py3.10.egg-info
[9.872s] -- Installing: /home/smr/ros2_self_driving_robot/install/micro_ros_msgs/local/lib/python3.10/dist-packages/micro_ros_msgs-3.0.1-py3.10.egg-info/SOURCES.txt
[9.873s] -- Installing: /home/smr/ros2_self_driving_robot/install/micro_ros_msgs/local/lib/python3.10/dist-packages/micro_ros_msgs-3.0.1-py3.10.egg-info/PKG-INFO
[9.873s] -- Installing: /home/smr/ros2_self_driving_robot/install/micro_ros_msgs/local/lib/python3.10/dist-packages/micro_ros_msgs-3.0.1-py3.10.egg-info/top_level.txt
[9.874s] -- Installing: /home/smr/ros2_self_driving_robot/install/micro_ros_msgs/local/lib/python3.10/dist-packages/micro_ros_msgs-3.0.1-py3.10.egg-info/dependency_links.txt
[9.874s] -- Installing: /home/smr/ros2_self_driving_robot/install/micro_ros_msgs/local/lib/python3.10/dist-packages/micro_ros_msgs
[9.874s] -- Installing: /home/smr/ros2_self_driving_robot/install/micro_ros_msgs/local/lib/python3.10/dist-packages/micro_ros_msgs/libmicro_ros_msgs__rosidl_generator_py.so
[9.875s] -- Installing: /home/smr/ros2_self_driving_robot/install/micro_ros_msgs/local/lib/python3.10/dist-packages/micro_ros_msgs/msg
[9.875s] -- Installing: /home/smr/ros2_self_driving_robot/install/micro_ros_msgs/local/lib/python3.10/dist-packages/micro_ros_msgs/msg/_entity.py
[9.875s] -- Installing: /home/smr/ros2_self_driving_robot/install/micro_ros_msgs/local/lib/python3.10/dist-packages/micro_ros_msgs/msg/_graph_s.c
[9.876s] -- Installing: /home/smr/ros2_self_driving_robot/install/micro_ros_msgs/local/lib/python3.10/dist-packages/micro_ros_msgs/msg/_entity_s.c
[9.876s] -- Installing: /home/smr/ros2_self_driving_robot/install/micro_ros_msgs/local/lib/python3.10/dist-packages/micro_ros_msgs/msg/_graph.py
[9.877s] -- Installing: /home/smr/ros2_self_driving_robot/install/micro_ros_msgs/local/lib/python3.10/dist-packages/micro_ros_msgs/msg/_node_s.c
[9.877s] -- Installing: /home/smr/ros2_self_driving_robot/install/micro_ros_msgs/local/lib/python3.10/dist-packages/micro_ros_msgs/msg/__init__.py
[9.877s] -- Installing: /home/smr/ros2_self_driving_robot/install/micro_ros_msgs/local/lib/python3.10/dist-packages/micro_ros_msgs/msg/_node.py
[9.878s] -- Installing: /home/smr/ros2_self_driving_robot/install/micro_ros_msgs/local/lib/python3.10/dist-packages/micro_ros_msgs/_micro_ros_msgs_s.ep.rosidl_typesupport_c.c
[9.878s] -- Installing: /home/smr/ros2_self_driving_robot/install/micro_ros_msgs/local/lib/python3.10/dist-packages/micro_ros_msgs/micro_ros_msgs_s__rosidl_typesupport_fastrtps_c.cpython-310-aarch64-linux-gnu.so
[9.878s] -- Installing: /home/smr/ros2_self_driving_robot/install/micro_ros_msgs/local/lib/python3.10/dist-packages/micro_ros_msgs/_micro_ros_msgs_s.ep.rosidl_typesupport_introspection_c.c
[9.879s] -- Installing: /home/smr/ros2_self_driving_robot/install/micro_ros_msgs/local/lib/python3.10/dist-packages/micro_ros_msgs/_micro_ros_msgs_s.ep.rosidl_typesupport_fastrtps_c.c
[9.879s] -- Installing: /home/smr/ros2_self_driving_robot/install/micro_ros_msgs/local/lib/python3.10/dist-packages/micro_ros_msgs/__init__.py
[9.880s] -- Installing: /home/smr/ros2_self_driving_robot/install/micro_ros_msgs/local/lib/python3.10/dist-packages/micro_ros_msgs/micro_ros_msgs_s__rosidl_typesupport_introspection_c.cpython-310-aarch64-linux-gnu.so
[9.880s] -- Installing: /home/smr/ros2_self_driving_robot/install/micro_ros_msgs/local/lib/python3.10/dist-packages/micro_ros_msgs/micro_ros_msgs_s__rosidl_typesupport_c.cpython-310-aarch64-linux-gnu.so
[9.915s] Listing '/home/smr/ros2_self_driving_robot/install/micro_ros_msgs/local/lib/python3.10/dist-packages/micro_ros_msgs'...
[9.915s] Compiling '/home/smr/ros2_self_driving_robot/install/micro_ros_msgs/local/lib/python3.10/dist-packages/micro_ros_msgs/__init__.py'...
[9.916s] Listing '/home/smr/ros2_self_driving_robot/install/micro_ros_msgs/local/lib/python3.10/dist-packages/micro_ros_msgs/msg'...
[9.916s] Compiling '/home/smr/ros2_self_driving_robot/install/micro_ros_msgs/local/lib/python3.10/dist-packages/micro_ros_msgs/msg/__init__.py'...
[9.916s] Compiling '/home/smr/ros2_self_driving_robot/install/micro_ros_msgs/local/lib/python3.10/dist-packages/micro_ros_msgs/msg/_entity.py'...
[9.917s] Compiling '/home/smr/ros2_self_driving_robot/install/micro_ros_msgs/local/lib/python3.10/dist-packages/micro_ros_msgs/msg/_graph.py'...
[9.917s] Compiling '/home/smr/ros2_self_driving_robot/install/micro_ros_msgs/local/lib/python3.10/dist-packages/micro_ros_msgs/msg/_node.py'...
[9.921s] -- Installing: /home/smr/ros2_self_driving_robot/install/micro_ros_msgs/local/lib/python3.10/dist-packages/micro_ros_msgs/micro_ros_msgs_s__rosidl_typesupport_fastrtps_c.cpython-310-aarch64-linux-gnu.so
[9.922s] -- Set runtime path of "/home/smr/ros2_self_driving_robot/install/micro_ros_msgs/local/lib/python3.10/dist-packages/micro_ros_msgs/micro_ros_msgs_s__rosidl_typesupport_fastrtps_c.cpython-310-aarch64-linux-gnu.so" to ""
[9.922s] -- Installing: /home/smr/ros2_self_driving_robot/install/micro_ros_msgs/local/lib/python3.10/dist-packages/micro_ros_msgs/micro_ros_msgs_s__rosidl_typesupport_introspection_c.cpython-310-aarch64-linux-gnu.so
[9.922s] -- Set runtime path of "/home/smr/ros2_self_driving_robot/install/micro_ros_msgs/local/lib/python3.10/dist-packages/micro_ros_msgs/micro_ros_msgs_s__rosidl_typesupport_introspection_c.cpython-310-aarch64-linux-gnu.so" to ""
[9.923s] -- Installing: /home/smr/ros2_self_driving_robot/install/micro_ros_msgs/local/lib/python3.10/dist-packages/micro_ros_msgs/micro_ros_msgs_s__rosidl_typesupport_c.cpython-310-aarch64-linux-gnu.so
[9.924s] -- Set runtime path of "/home/smr/ros2_self_driving_robot/install/micro_ros_msgs/local/lib/python3.10/dist-packages/micro_ros_msgs/micro_ros_msgs_s__rosidl_typesupport_c.cpython-310-aarch64-linux-gnu.so" to ""
[9.924s] -- Installing: /home/smr/ros2_self_driving_robot/install/micro_ros_msgs/lib/libmicro_ros_msgs__rosidl_generator_py.so
[9.925s] -- Set runtime path of "/home/smr/ros2_self_driving_robot/install/micro_ros_msgs/lib/libmicro_ros_msgs__rosidl_generator_py.so" to ""
[9.925s] -- Installing: /home/smr/ros2_self_driving_robot/install/micro_ros_msgs/share/micro_ros_msgs/msg/Graph.idl
[9.926s] -- Installing: /home/smr/ros2_self_driving_robot/install/micro_ros_msgs/share/micro_ros_msgs/msg/Node.idl
[9.927s] -- Installing: /home/smr/ros2_self_driving_robot/install/micro_ros_msgs/share/micro_ros_msgs/msg/Entity.idl
[9.927s] -- Installing: /home/smr/ros2_self_driving_robot/install/micro_ros_msgs/share/micro_ros_msgs/msg/Graph.msg
[9.928s] -- Installing: /home/smr/ros2_self_driving_robot/install/micro_ros_msgs/share/micro_ros_msgs/msg/Node.msg
[9.928s] -- Installing: /home/smr/ros2_self_driving_robot/install/micro_ros_msgs/share/micro_ros_msgs/msg/Entity.msg
[9.929s] -- Installing: /home/smr/ros2_self_driving_robot/install/micro_ros_msgs/share/ament_index/resource_index/package_run_dependencies/micro_ros_msgs
[9.930s] -- Installing: /home/smr/ros2_self_driving_robot/install/micro_ros_msgs/share/ament_index/resource_index/parent_prefix_path/micro_ros_msgs
[9.930s] -- Installing: /home/smr/ros2_self_driving_robot/install/micro_ros_msgs/share/micro_ros_msgs/environment/ament_prefix_path.sh
[9.931s] -- Installing: /home/smr/ros2_self_driving_robot/install/micro_ros_msgs/share/micro_ros_msgs/environment/ament_prefix_path.dsv
[9.931s] -- Installing: /home/smr/ros2_self_driving_robot/install/micro_ros_msgs/share/micro_ros_msgs/environment/path.sh
[9.931s] -- Installing: /home/smr/ros2_self_driving_robot/install/micro_ros_msgs/share/micro_ros_msgs/environment/path.dsv
[9.932s] -- Installing: /home/smr/ros2_self_driving_robot/install/micro_ros_msgs/share/micro_ros_msgs/local_setup.bash
[9.932s] -- Installing: /home/smr/ros2_self_driving_robot/install/micro_ros_msgs/share/micro_ros_msgs/local_setup.sh
[9.932s] -- Installing: /home/smr/ros2_self_driving_robot/install/micro_ros_msgs/share/micro_ros_msgs/local_setup.zsh
[9.933s] -- Installing: /home/smr/ros2_self_driving_robot/install/micro_ros_msgs/share/micro_ros_msgs/local_setup.dsv
[9.935s] -- Installing: /home/smr/ros2_self_driving_robot/install/micro_ros_msgs/share/micro_ros_msgs/package.dsv
[9.940s] -- Installing: /home/smr/ros2_self_driving_robot/install/micro_ros_msgs/share/ament_index/resource_index/packages/micro_ros_msgs
[9.940s] -- Installing: /home/smr/ros2_self_driving_robot/install/micro_ros_msgs/share/micro_ros_msgs/cmake/export_micro_ros_msgs__rosidl_generator_cExport.cmake
[9.941s] -- Installing: /home/smr/ros2_self_driving_robot/install/micro_ros_msgs/share/micro_ros_msgs/cmake/export_micro_ros_msgs__rosidl_generator_cExport-noconfig.cmake
[9.942s] -- Installing: /home/smr/ros2_self_driving_robot/install/micro_ros_msgs/share/micro_ros_msgs/cmake/export_micro_ros_msgs__rosidl_typesupport_fastrtps_cExport.cmake
[9.943s] -- Installing: /home/smr/ros2_self_driving_robot/install/micro_ros_msgs/share/micro_ros_msgs/cmake/export_micro_ros_msgs__rosidl_typesupport_fastrtps_cExport-noconfig.cmake
[9.943s] -- Installing: /home/smr/ros2_self_driving_robot/install/micro_ros_msgs/share/micro_ros_msgs/cmake/micro_ros_msgs__rosidl_typesupport_introspection_cExport.cmake
[9.945s] -- Installing: /home/smr/ros2_self_driving_robot/install/micro_ros_msgs/share/micro_ros_msgs/cmake/micro_ros_msgs__rosidl_typesupport_introspection_cExport-noconfig.cmake
[9.947s] -- Installing: /home/smr/ros2_self_driving_robot/install/micro_ros_msgs/share/micro_ros_msgs/cmake/micro_ros_msgs__rosidl_typesupport_cExport.cmake
[9.947s] -- Installing: /home/smr/ros2_self_driving_robot/install/micro_ros_msgs/share/micro_ros_msgs/cmake/micro_ros_msgs__rosidl_typesupport_cExport-noconfig.cmake
[9.948s] -- Installing: /home/smr/ros2_self_driving_robot/install/micro_ros_msgs/share/micro_ros_msgs/cmake/export_micro_ros_msgs__rosidl_generator_cppExport.cmake
[9.949s] -- Installing: /home/smr/ros2_self_driving_robot/install/micro_ros_msgs/share/micro_ros_msgs/cmake/export_micro_ros_msgs__rosidl_typesupport_fastrtps_cppExport.cmake
[9.950s] -- Installing: /home/smr/ros2_self_driving_robot/install/micro_ros_msgs/share/micro_ros_msgs/cmake/export_micro_ros_msgs__rosidl_typesupport_fastrtps_cppExport-noconfig.cmake
[9.950s] -- Installing: /home/smr/ros2_self_driving_robot/install/micro_ros_msgs/share/micro_ros_msgs/cmake/micro_ros_msgs__rosidl_typesupport_introspection_cppExport.cmake
[9.951s] -- Installing: /home/smr/ros2_self_driving_robot/install/micro_ros_msgs/share/micro_ros_msgs/cmake/micro_ros_msgs__rosidl_typesupport_introspection_cppExport-noconfig.cmake
[9.951s] -- Installing: /home/smr/ros2_self_driving_robot/install/micro_ros_msgs/share/micro_ros_msgs/cmake/micro_ros_msgs__rosidl_typesupport_cppExport.cmake
[9.952s] -- Installing: /home/smr/ros2_self_driving_robot/install/micro_ros_msgs/share/micro_ros_msgs/cmake/micro_ros_msgs__rosidl_typesupport_cppExport-noconfig.cmake
[9.952s] -- Installing: /home/smr/ros2_self_driving_robot/install/micro_ros_msgs/share/micro_ros_msgs/cmake/export_micro_ros_msgs__rosidl_generator_pyExport.cmake
[9.953s] -- Installing: /home/smr/ros2_self_driving_robot/install/micro_ros_msgs/share/micro_ros_msgs/cmake/export_micro_ros_msgs__rosidl_generator_pyExport-noconfig.cmake
[9.953s] -- Installing: /home/smr/ros2_self_driving_robot/install/micro_ros_msgs/share/micro_ros_msgs/cmake/rosidl_cmake-extras.cmake
[9.954s] -- Installing: /home/smr/ros2_self_driving_robot/install/micro_ros_msgs/share/micro_ros_msgs/cmake/ament_cmake_export_include_directories-extras.cmake
[9.955s] -- Installing: /home/smr/ros2_self_driving_robot/install/micro_ros_msgs/share/micro_ros_msgs/cmake/ament_cmake_export_libraries-extras.cmake
[9.955s] -- Installing: /home/smr/ros2_self_driving_robot/install/micro_ros_msgs/share/micro_ros_msgs/cmake/ament_cmake_export_targets-extras.cmake
[9.955s] -- Installing: /home/smr/ros2_self_driving_robot/install/micro_ros_msgs/share/micro_ros_msgs/cmake/rosidl_cmake_export_typesupport_targets-extras.cmake
[9.956s] -- Installing: /home/smr/ros2_self_driving_robot/install/micro_ros_msgs/share/micro_ros_msgs/cmake/ament_cmake_export_dependencies-extras.cmake
[9.956s] -- Installing: /home/smr/ros2_self_driving_robot/install/micro_ros_msgs/share/micro_ros_msgs/cmake/rosidl_cmake_export_typesupport_libraries-extras.cmake
[9.957s] -- Installing: /home/smr/ros2_self_driving_robot/install/micro_ros_msgs/share/micro_ros_msgs/cmake/micro_ros_msgsConfig.cmake
[9.957s] -- Installing: /home/smr/ros2_self_driving_robot/install/micro_ros_msgs/share/micro_ros_msgs/cmake/micro_ros_msgsConfig-version.cmake
[9.958s] -- Installing: /home/smr/ros2_self_driving_robot/install/micro_ros_msgs/share/micro_ros_msgs/package.xml
[9.959s] Invoked command in '/home/smr/ros2_self_driving_robot/build/micro_ros_msgs' returned '0': CMAKE_PREFIX_PATH=${CMAKE_PREFIX_PATH}:/opt/ros/humble /usr/bin/cmake --install /home/smr/ros2_self_driving_robot/build/micro_ros_msgs
