[0.197s] DEBUG:colcon:Command line arguments: ['/usr/local/bin/colcon', 'build', '--packages-select', 'my_nav2_behavior_tree']
[0.197s] DEBUG:colcon:Parsed command line arguments: Namespace(log_base=None, log_level=None, verb_name='build', build_base='build', install_base='install', merge_install=False, symlink_install=False, test_result_base=None, continue_on_error=False, executor='parallel', parallel_workers=8, event_handlers=None, ignore_user_meta=False, metas=['./colcon.meta'], base_paths=['.'], packages_ignore=None, packages_ignore_regex=None, paths=None, packages_up_to=None, packages_up_to_regex=None, packages_above=None, packages_above_and_dependencies=None, packages_above_depth=None, packages_select_by_dep=None, packages_skip_by_dep=None, packages_skip_up_to=None, packages_select_build_failed=False, packages_skip_build_finished=False, packages_select_test_failures=False, packages_skip_test_passed=False, packages_select=['my_nav2_behavior_tree'], packages_skip=None, packages_select_regex=None, packages_skip_regex=None, packages_start=None, packages_end=None, allow_overriding=[], cmake_args=None, cmake_target=None, cmake_target_skip_unavailable=False, cmake_clean_cache=False, cmake_clean_first=False, cmake_force_configure=False, ament_cmake_args=None, catkin_cmake_args=None, catkin_skip_building_tests=False, verb_parser=<colcon_defaults.argument_parser.defaults.DefaultArgumentsDecorator object at 0xffff9d35bca0>, verb_extension=<colcon_core.verb.build.BuildVerb object at 0xffff9d35acb0>, main=<bound method BuildVerb.main of <colcon_core.verb.build.BuildVerb object at 0xffff9d35acb0>>)
[0.416s] Level 1:colcon.colcon_core.package_discovery:discover_packages(colcon_meta) check parameters
[0.416s] Level 1:colcon.colcon_core.package_discovery:discover_packages(recursive) check parameters
[0.416s] Level 1:colcon.colcon_core.package_discovery:discover_packages(ignore) check parameters
[0.416s] Level 1:colcon.colcon_core.package_discovery:discover_packages(path) check parameters
[0.416s] Level 1:colcon.colcon_core.package_discovery:discover_packages(colcon_meta) discover
[0.416s] Level 1:colcon.colcon_core.package_discovery:discover_packages(recursive) discover
[0.416s] INFO:colcon.colcon_core.package_discovery:Crawling recursively for packages in '/home/smr/ros2_self_driving_robot'
[0.416s] Level 1:colcon.colcon_core.package_identification:_identify(.) by extensions ['ignore', 'ignore_ament_install']
[0.417s] Level 1:colcon.colcon_core.package_identification:_identify(.) by extension 'ignore'
[0.417s] Level 1:colcon.colcon_core.package_identification:_identify(.) by extension 'ignore_ament_install'
[0.417s] Level 1:colcon.colcon_core.package_identification:_identify(.) by extensions ['colcon_pkg']
[0.417s] Level 1:colcon.colcon_core.package_identification:_identify(.) by extension 'colcon_pkg'
[0.417s] Level 1:colcon.colcon_core.package_identification:_identify(.) by extensions ['colcon_meta']
[0.417s] Level 1:colcon.colcon_core.package_identification:_identify(.) by extension 'colcon_meta'
[0.417s] Level 1:colcon.colcon_core.package_identification:_identify(.) by extensions ['ros']
[0.417s] Level 1:colcon.colcon_core.package_identification:_identify(.) by extension 'ros'
[0.435s] Level 1:colcon.colcon_core.package_identification:_identify(.) by extensions ['cmake', 'python']
[0.436s] Level 1:colcon.colcon_core.package_identification:_identify(.) by extension 'cmake'
[0.436s] Level 1:colcon.colcon_core.package_identification:_identify(.) by extension 'python'
[0.436s] Level 1:colcon.colcon_core.package_identification:_identify(.) by extensions ['python_setup_py']
[0.436s] Level 1:colcon.colcon_core.package_identification:_identify(.) by extension 'python_setup_py'
[0.436s] Level 1:colcon.colcon_core.package_identification:_identify(build) by extensions ['ignore', 'ignore_ament_install']
[0.436s] Level 1:colcon.colcon_core.package_identification:_identify(build) by extension 'ignore'
[0.436s] Level 1:colcon.colcon_core.package_identification:_identify(build) ignored
[0.436s] Level 1:colcon.colcon_core.package_identification:_identify(install) by extensions ['ignore', 'ignore_ament_install']
[0.437s] Level 1:colcon.colcon_core.package_identification:_identify(install) by extension 'ignore'
[0.437s] Level 1:colcon.colcon_core.package_identification:_identify(install) ignored
[0.437s] Level 1:colcon.colcon_core.package_identification:_identify(log) by extensions ['ignore', 'ignore_ament_install']
[0.437s] Level 1:colcon.colcon_core.package_identification:_identify(log) by extension 'ignore'
[0.437s] Level 1:colcon.colcon_core.package_identification:_identify(log) ignored
[0.437s] Level 1:colcon.colcon_core.package_identification:_identify(src) by extensions ['ignore', 'ignore_ament_install']
[0.437s] Level 1:colcon.colcon_core.package_identification:_identify(src) by extension 'ignore'
[0.437s] Level 1:colcon.colcon_core.package_identification:_identify(src) by extension 'ignore_ament_install'
[0.437s] Level 1:colcon.colcon_core.package_identification:_identify(src) by extensions ['colcon_pkg']
[0.437s] Level 1:colcon.colcon_core.package_identification:_identify(src) by extension 'colcon_pkg'
[0.437s] Level 1:colcon.colcon_core.package_identification:_identify(src) by extensions ['colcon_meta']
[0.437s] Level 1:colcon.colcon_core.package_identification:_identify(src) by extension 'colcon_meta'
[0.437s] Level 1:colcon.colcon_core.package_identification:_identify(src) by extensions ['ros']
[0.437s] Level 1:colcon.colcon_core.package_identification:_identify(src) by extension 'ros'
[0.438s] Level 1:colcon.colcon_core.package_identification:_identify(src) by extensions ['cmake', 'python']
[0.438s] Level 1:colcon.colcon_core.package_identification:_identify(src) by extension 'cmake'
[0.438s] Level 1:colcon.colcon_core.package_identification:_identify(src) by extension 'python'
[0.438s] Level 1:colcon.colcon_core.package_identification:_identify(src) by extensions ['python_setup_py']
[0.438s] Level 1:colcon.colcon_core.package_identification:_identify(src) by extension 'python_setup_py'
[0.438s] Level 1:colcon.colcon_core.package_identification:_identify(src/log) by extensions ['ignore', 'ignore_ament_install']
[0.438s] Level 1:colcon.colcon_core.package_identification:_identify(src/log) by extension 'ignore'
[0.438s] Level 1:colcon.colcon_core.package_identification:_identify(src/log) ignored
[0.438s] Level 1:colcon.colcon_core.package_identification:_identify(src/micro_ros_rpi2040) by extensions ['ignore', 'ignore_ament_install']
[0.438s] Level 1:colcon.colcon_core.package_identification:_identify(src/micro_ros_rpi2040) by extension 'ignore'
[0.438s] Level 1:colcon.colcon_core.package_identification:_identify(src/micro_ros_rpi2040) by extension 'ignore_ament_install'
[0.438s] Level 1:colcon.colcon_core.package_identification:_identify(src/micro_ros_rpi2040) by extensions ['colcon_pkg']
[0.438s] Level 1:colcon.colcon_core.package_identification:_identify(src/micro_ros_rpi2040) by extension 'colcon_pkg'
[0.438s] Level 1:colcon.colcon_core.package_identification:_identify(src/micro_ros_rpi2040) by extensions ['colcon_meta']
[0.438s] Level 1:colcon.colcon_core.package_identification:_identify(src/micro_ros_rpi2040) by extension 'colcon_meta'
[0.439s] Level 1:colcon.colcon_core.package_identification:_identify(src/micro_ros_rpi2040) by extensions ['ros']
[0.439s] Level 1:colcon.colcon_core.package_identification:_identify(src/micro_ros_rpi2040) by extension 'ros'
[0.439s] Level 1:colcon.colcon_core.package_identification:_identify(src/micro_ros_rpi2040) by extensions ['cmake', 'python']
[0.439s] Level 1:colcon.colcon_core.package_identification:_identify(src/micro_ros_rpi2040) by extension 'cmake'
[0.439s] Level 1:colcon.colcon_core.package_identification:_identify(src/micro_ros_rpi2040) by extension 'python'
[0.439s] Level 1:colcon.colcon_core.package_identification:_identify(src/micro_ros_rpi2040) by extensions ['python_setup_py']
[0.439s] Level 1:colcon.colcon_core.package_identification:_identify(src/micro_ros_rpi2040) by extension 'python_setup_py'
[0.439s] Level 1:colcon.colcon_core.package_identification:_identify(src/micro_ros_rpi2040/include) by extensions ['ignore', 'ignore_ament_install']
[0.439s] Level 1:colcon.colcon_core.package_identification:_identify(src/micro_ros_rpi2040/include) by extension 'ignore'
[0.439s] Level 1:colcon.colcon_core.package_identification:_identify(src/micro_ros_rpi2040/include) by extension 'ignore_ament_install'
[0.439s] Level 1:colcon.colcon_core.package_identification:_identify(src/micro_ros_rpi2040/include) by extensions ['colcon_pkg']
[0.439s] Level 1:colcon.colcon_core.package_identification:_identify(src/micro_ros_rpi2040/include) by extension 'colcon_pkg'
[0.439s] Level 1:colcon.colcon_core.package_identification:_identify(src/micro_ros_rpi2040/include) by extensions ['colcon_meta']
[0.439s] Level 1:colcon.colcon_core.package_identification:_identify(src/micro_ros_rpi2040/include) by extension 'colcon_meta'
[0.439s] Level 1:colcon.colcon_core.package_identification:_identify(src/micro_ros_rpi2040/include) by extensions ['ros']
[0.439s] Level 1:colcon.colcon_core.package_identification:_identify(src/micro_ros_rpi2040/include) by extension 'ros'
[0.440s] Level 1:colcon.colcon_core.package_identification:_identify(src/micro_ros_rpi2040/include) by extensions ['cmake', 'python']
[0.440s] Level 1:colcon.colcon_core.package_identification:_identify(src/micro_ros_rpi2040/include) by extension 'cmake'
[0.440s] Level 1:colcon.colcon_core.package_identification:_identify(src/micro_ros_rpi2040/include) by extension 'python'
[0.440s] Level 1:colcon.colcon_core.package_identification:_identify(src/micro_ros_rpi2040/include) by extensions ['python_setup_py']
[0.440s] Level 1:colcon.colcon_core.package_identification:_identify(src/micro_ros_rpi2040/include) by extension 'python_setup_py'
[0.440s] Level 1:colcon.colcon_core.package_identification:_identify(src/micro_ros_rpi2040/lib) by extensions ['ignore', 'ignore_ament_install']
[0.440s] Level 1:colcon.colcon_core.package_identification:_identify(src/micro_ros_rpi2040/lib) by extension 'ignore'
[0.440s] Level 1:colcon.colcon_core.package_identification:_identify(src/micro_ros_rpi2040/lib) by extension 'ignore_ament_install'
[0.440s] Level 1:colcon.colcon_core.package_identification:_identify(src/micro_ros_rpi2040/lib) by extensions ['colcon_pkg']
[0.440s] Level 1:colcon.colcon_core.package_identification:_identify(src/micro_ros_rpi2040/lib) by extension 'colcon_pkg'
[0.440s] Level 1:colcon.colcon_core.package_identification:_identify(src/micro_ros_rpi2040/lib) by extensions ['colcon_meta']
[0.440s] Level 1:colcon.colcon_core.package_identification:_identify(src/micro_ros_rpi2040/lib) by extension 'colcon_meta'
[0.440s] Level 1:colcon.colcon_core.package_identification:_identify(src/micro_ros_rpi2040/lib) by extensions ['ros']
[0.440s] Level 1:colcon.colcon_core.package_identification:_identify(src/micro_ros_rpi2040/lib) by extension 'ros'
[0.440s] Level 1:colcon.colcon_core.package_identification:_identify(src/micro_ros_rpi2040/lib) by extensions ['cmake', 'python']
[0.440s] Level 1:colcon.colcon_core.package_identification:_identify(src/micro_ros_rpi2040/lib) by extension 'cmake'
[0.440s] Level 1:colcon.colcon_core.package_identification:_identify(src/micro_ros_rpi2040/lib) by extension 'python'
[0.440s] Level 1:colcon.colcon_core.package_identification:_identify(src/micro_ros_rpi2040/lib) by extensions ['python_setup_py']
[0.440s] Level 1:colcon.colcon_core.package_identification:_identify(src/micro_ros_rpi2040/lib) by extension 'python_setup_py'
[0.441s] Level 1:colcon.colcon_core.package_identification:_identify(src/micro_ros_rpi2040/src) by extensions ['ignore', 'ignore_ament_install']
[0.441s] Level 1:colcon.colcon_core.package_identification:_identify(src/micro_ros_rpi2040/src) by extension 'ignore'
[0.441s] Level 1:colcon.colcon_core.package_identification:_identify(src/micro_ros_rpi2040/src) by extension 'ignore_ament_install'
[0.441s] Level 1:colcon.colcon_core.package_identification:_identify(src/micro_ros_rpi2040/src) by extensions ['colcon_pkg']
[0.441s] Level 1:colcon.colcon_core.package_identification:_identify(src/micro_ros_rpi2040/src) by extension 'colcon_pkg'
[0.441s] Level 1:colcon.colcon_core.package_identification:_identify(src/micro_ros_rpi2040/src) by extensions ['colcon_meta']
[0.441s] Level 1:colcon.colcon_core.package_identification:_identify(src/micro_ros_rpi2040/src) by extension 'colcon_meta'
[0.441s] Level 1:colcon.colcon_core.package_identification:_identify(src/micro_ros_rpi2040/src) by extensions ['ros']
[0.441s] Level 1:colcon.colcon_core.package_identification:_identify(src/micro_ros_rpi2040/src) by extension 'ros'
[0.441s] Level 1:colcon.colcon_core.package_identification:_identify(src/micro_ros_rpi2040/src) by extensions ['cmake', 'python']
[0.441s] Level 1:colcon.colcon_core.package_identification:_identify(src/micro_ros_rpi2040/src) by extension 'cmake'
[0.441s] Level 1:colcon.colcon_core.package_identification:_identify(src/micro_ros_rpi2040/src) by extension 'python'
[0.441s] Level 1:colcon.colcon_core.package_identification:_identify(src/micro_ros_rpi2040/src) by extensions ['python_setup_py']
[0.441s] Level 1:colcon.colcon_core.package_identification:_identify(src/micro_ros_rpi2040/src) by extension 'python_setup_py'
[0.441s] Level 1:colcon.colcon_core.package_identification:_identify(src/micro_ros_rpi2040/test) by extensions ['ignore', 'ignore_ament_install']
[0.442s] Level 1:colcon.colcon_core.package_identification:_identify(src/micro_ros_rpi2040/test) by extension 'ignore'
[0.442s] Level 1:colcon.colcon_core.package_identification:_identify(src/micro_ros_rpi2040/test) by extension 'ignore_ament_install'
[0.442s] Level 1:colcon.colcon_core.package_identification:_identify(src/micro_ros_rpi2040/test) by extensions ['colcon_pkg']
[0.442s] Level 1:colcon.colcon_core.package_identification:_identify(src/micro_ros_rpi2040/test) by extension 'colcon_pkg'
[0.442s] Level 1:colcon.colcon_core.package_identification:_identify(src/micro_ros_rpi2040/test) by extensions ['colcon_meta']
[0.442s] Level 1:colcon.colcon_core.package_identification:_identify(src/micro_ros_rpi2040/test) by extension 'colcon_meta'
[0.442s] Level 1:colcon.colcon_core.package_identification:_identify(src/micro_ros_rpi2040/test) by extensions ['ros']
[0.442s] Level 1:colcon.colcon_core.package_identification:_identify(src/micro_ros_rpi2040/test) by extension 'ros'
[0.442s] Level 1:colcon.colcon_core.package_identification:_identify(src/micro_ros_rpi2040/test) by extensions ['cmake', 'python']
[0.442s] Level 1:colcon.colcon_core.package_identification:_identify(src/micro_ros_rpi2040/test) by extension 'cmake'
[0.442s] Level 1:colcon.colcon_core.package_identification:_identify(src/micro_ros_rpi2040/test) by extension 'python'
[0.442s] Level 1:colcon.colcon_core.package_identification:_identify(src/micro_ros_rpi2040/test) by extensions ['python_setup_py']
[0.442s] Level 1:colcon.colcon_core.package_identification:_identify(src/micro_ros_rpi2040/test) by extension 'python_setup_py'
[0.442s] Level 1:colcon.colcon_core.package_identification:_identify(src/my_nav2_behavior_tree) by extensions ['ignore', 'ignore_ament_install']
[0.442s] Level 1:colcon.colcon_core.package_identification:_identify(src/my_nav2_behavior_tree) by extension 'ignore'
[0.442s] Level 1:colcon.colcon_core.package_identification:_identify(src/my_nav2_behavior_tree) by extension 'ignore_ament_install'
[0.442s] Level 1:colcon.colcon_core.package_identification:_identify(src/my_nav2_behavior_tree) by extensions ['colcon_pkg']
[0.442s] Level 1:colcon.colcon_core.package_identification:_identify(src/my_nav2_behavior_tree) by extension 'colcon_pkg'
[0.443s] Level 1:colcon.colcon_core.package_identification:_identify(src/my_nav2_behavior_tree) by extensions ['colcon_meta']
[0.443s] Level 1:colcon.colcon_core.package_identification:_identify(src/my_nav2_behavior_tree) by extension 'colcon_meta'
[0.443s] Level 1:colcon.colcon_core.package_identification:_identify(src/my_nav2_behavior_tree) by extensions ['ros']
[0.443s] Level 1:colcon.colcon_core.package_identification:_identify(src/my_nav2_behavior_tree) by extension 'ros'
[0.447s] DEBUG:colcon.colcon_core.package_identification:Package 'src/my_nav2_behavior_tree' with type 'ros.ament_cmake' and name 'my_nav2_behavior_tree'
[0.447s] Level 1:colcon.colcon_core.package_identification:_identify(src/nav2_behavior_plugin) by extensions ['ignore', 'ignore_ament_install']
[0.447s] Level 1:colcon.colcon_core.package_identification:_identify(src/nav2_behavior_plugin) by extension 'ignore'
[0.447s] Level 1:colcon.colcon_core.package_identification:_identify(src/nav2_behavior_plugin) by extension 'ignore_ament_install'
[0.448s] Level 1:colcon.colcon_core.package_identification:_identify(src/nav2_behavior_plugin) by extensions ['colcon_pkg']
[0.448s] Level 1:colcon.colcon_core.package_identification:_identify(src/nav2_behavior_plugin) by extension 'colcon_pkg'
[0.448s] Level 1:colcon.colcon_core.package_identification:_identify(src/nav2_behavior_plugin) by extensions ['colcon_meta']
[0.448s] Level 1:colcon.colcon_core.package_identification:_identify(src/nav2_behavior_plugin) by extension 'colcon_meta'
[0.448s] Level 1:colcon.colcon_core.package_identification:_identify(src/nav2_behavior_plugin) by extensions ['ros']
[0.448s] Level 1:colcon.colcon_core.package_identification:_identify(src/nav2_behavior_plugin) by extension 'ros'
[0.450s] DEBUG:colcon.colcon_core.package_identification:Package 'src/nav2_behavior_plugin' with type 'ros.ament_cmake' and name 'nav2_behavior_plugin'
[0.451s] Level 1:colcon.colcon_core.package_identification:_identify(src/python_pkg) by extensions ['ignore', 'ignore_ament_install']
[0.451s] Level 1:colcon.colcon_core.package_identification:_identify(src/python_pkg) by extension 'ignore'
[0.451s] Level 1:colcon.colcon_core.package_identification:_identify(src/python_pkg) by extension 'ignore_ament_install'
[0.451s] Level 1:colcon.colcon_core.package_identification:_identify(src/python_pkg) by extensions ['colcon_pkg']
[0.451s] Level 1:colcon.colcon_core.package_identification:_identify(src/python_pkg) by extension 'colcon_pkg'
[0.451s] Level 1:colcon.colcon_core.package_identification:_identify(src/python_pkg) by extensions ['colcon_meta']
[0.451s] Level 1:colcon.colcon_core.package_identification:_identify(src/python_pkg) by extension 'colcon_meta'
[0.451s] Level 1:colcon.colcon_core.package_identification:_identify(src/python_pkg) by extensions ['ros']
[0.451s] Level 1:colcon.colcon_core.package_identification:_identify(src/python_pkg) by extension 'ros'
[0.452s] DEBUG:colcon.colcon_core.package_identification:Package 'src/python_pkg' with type 'ros.ament_python' and name 'python_pkg'
[0.452s] Level 1:colcon.colcon_core.package_identification:_identify(src/robot_bringup) by extensions ['ignore', 'ignore_ament_install']
[0.452s] Level 1:colcon.colcon_core.package_identification:_identify(src/robot_bringup) by extension 'ignore'
[0.452s] Level 1:colcon.colcon_core.package_identification:_identify(src/robot_bringup) by extension 'ignore_ament_install'
[0.453s] Level 1:colcon.colcon_core.package_identification:_identify(src/robot_bringup) by extensions ['colcon_pkg']
[0.453s] Level 1:colcon.colcon_core.package_identification:_identify(src/robot_bringup) by extension 'colcon_pkg'
[0.453s] Level 1:colcon.colcon_core.package_identification:_identify(src/robot_bringup) by extensions ['colcon_meta']
[0.453s] Level 1:colcon.colcon_core.package_identification:_identify(src/robot_bringup) by extension 'colcon_meta'
[0.453s] Level 1:colcon.colcon_core.package_identification:_identify(src/robot_bringup) by extensions ['ros']
[0.453s] Level 1:colcon.colcon_core.package_identification:_identify(src/robot_bringup) by extension 'ros'
[0.453s] DEBUG:colcon.colcon_core.package_identification:Package 'src/robot_bringup' with type 'ros.ament_cmake' and name 'robot_bringup'
[0.454s] Level 1:colcon.colcon_core.package_identification:_identify(src/robot_description) by extensions ['ignore', 'ignore_ament_install']
[0.454s] Level 1:colcon.colcon_core.package_identification:_identify(src/robot_description) by extension 'ignore'
[0.454s] Level 1:colcon.colcon_core.package_identification:_identify(src/robot_description) by extension 'ignore_ament_install'
[0.454s] Level 1:colcon.colcon_core.package_identification:_identify(src/robot_description) by extensions ['colcon_pkg']
[0.454s] Level 1:colcon.colcon_core.package_identification:_identify(src/robot_description) by extension 'colcon_pkg'
[0.454s] Level 1:colcon.colcon_core.package_identification:_identify(src/robot_description) by extensions ['colcon_meta']
[0.454s] Level 1:colcon.colcon_core.package_identification:_identify(src/robot_description) by extension 'colcon_meta'
[0.454s] Level 1:colcon.colcon_core.package_identification:_identify(src/robot_description) by extensions ['ros']
[0.454s] Level 1:colcon.colcon_core.package_identification:_identify(src/robot_description) by extension 'ros'
[0.455s] DEBUG:colcon.colcon_core.package_identification:Package 'src/robot_description' with type 'ros.ament_cmake' and name 'robot_description'
[0.455s] Level 1:colcon.colcon_core.package_identification:_identify(src/robot_navigation) by extensions ['ignore', 'ignore_ament_install']
[0.455s] Level 1:colcon.colcon_core.package_identification:_identify(src/robot_navigation) by extension 'ignore'
[0.455s] Level 1:colcon.colcon_core.package_identification:_identify(src/robot_navigation) by extension 'ignore_ament_install'
[0.455s] Level 1:colcon.colcon_core.package_identification:_identify(src/robot_navigation) by extensions ['colcon_pkg']
[0.455s] Level 1:colcon.colcon_core.package_identification:_identify(src/robot_navigation) by extension 'colcon_pkg'
[0.455s] Level 1:colcon.colcon_core.package_identification:_identify(src/robot_navigation) by extensions ['colcon_meta']
[0.455s] Level 1:colcon.colcon_core.package_identification:_identify(src/robot_navigation) by extension 'colcon_meta'
[0.455s] Level 1:colcon.colcon_core.package_identification:_identify(src/robot_navigation) by extensions ['ros']
[0.456s] Level 1:colcon.colcon_core.package_identification:_identify(src/robot_navigation) by extension 'ros'
[0.456s] DEBUG:colcon.colcon_core.package_identification:Package 'src/robot_navigation' with type 'ros.ament_cmake' and name 'robot_navigation'
[0.456s] Level 1:colcon.colcon_core.package_identification:_identify(src/sllidar_ros2) by extensions ['ignore', 'ignore_ament_install']
[0.457s] Level 1:colcon.colcon_core.package_identification:_identify(src/sllidar_ros2) by extension 'ignore'
[0.457s] Level 1:colcon.colcon_core.package_identification:_identify(src/sllidar_ros2) by extension 'ignore_ament_install'
[0.457s] Level 1:colcon.colcon_core.package_identification:_identify(src/sllidar_ros2) by extensions ['colcon_pkg']
[0.457s] Level 1:colcon.colcon_core.package_identification:_identify(src/sllidar_ros2) by extension 'colcon_pkg'
[0.457s] Level 1:colcon.colcon_core.package_identification:_identify(src/sllidar_ros2) by extensions ['colcon_meta']
[0.457s] Level 1:colcon.colcon_core.package_identification:_identify(src/sllidar_ros2) by extension 'colcon_meta'
[0.457s] Level 1:colcon.colcon_core.package_identification:_identify(src/sllidar_ros2) by extensions ['ros']
[0.457s] Level 1:colcon.colcon_core.package_identification:_identify(src/sllidar_ros2) by extension 'ros'
[0.458s] DEBUG:colcon.colcon_core.package_identification:Package 'src/sllidar_ros2' with type 'ros.ament_cmake' and name 'sllidar_ros2'
[0.458s] Level 1:colcon.colcon_core.package_identification:_identify(src/src) by extensions ['ignore', 'ignore_ament_install']
[0.458s] Level 1:colcon.colcon_core.package_identification:_identify(src/src) by extension 'ignore'
[0.458s] Level 1:colcon.colcon_core.package_identification:_identify(src/src) by extension 'ignore_ament_install'
[0.458s] Level 1:colcon.colcon_core.package_identification:_identify(src/src) by extensions ['colcon_pkg']
[0.458s] Level 1:colcon.colcon_core.package_identification:_identify(src/src) by extension 'colcon_pkg'
[0.458s] Level 1:colcon.colcon_core.package_identification:_identify(src/src) by extensions ['colcon_meta']
[0.458s] Level 1:colcon.colcon_core.package_identification:_identify(src/src) by extension 'colcon_meta'
[0.458s] Level 1:colcon.colcon_core.package_identification:_identify(src/src) by extensions ['ros']
[0.458s] Level 1:colcon.colcon_core.package_identification:_identify(src/src) by extension 'ros'
[0.458s] Level 1:colcon.colcon_core.package_identification:_identify(src/src) by extensions ['cmake', 'python']
[0.458s] Level 1:colcon.colcon_core.package_identification:_identify(src/src) by extension 'cmake'
[0.458s] Level 1:colcon.colcon_core.package_identification:_identify(src/src) by extension 'python'
[0.458s] Level 1:colcon.colcon_core.package_identification:_identify(src/src) by extensions ['python_setup_py']
[0.458s] Level 1:colcon.colcon_core.package_identification:_identify(src/src) by extension 'python_setup_py'
[0.459s] Level 1:colcon.colcon_core.package_identification:_identify(src/src/micro_ros_setup) by extensions ['ignore', 'ignore_ament_install']
[0.459s] Level 1:colcon.colcon_core.package_identification:_identify(src/src/micro_ros_setup) by extension 'ignore'
[0.459s] Level 1:colcon.colcon_core.package_identification:_identify(src/src/micro_ros_setup) by extension 'ignore_ament_install'
[0.459s] Level 1:colcon.colcon_core.package_identification:_identify(src/src/micro_ros_setup) by extensions ['colcon_pkg']
[0.459s] Level 1:colcon.colcon_core.package_identification:_identify(src/src/micro_ros_setup) by extension 'colcon_pkg'
[0.459s] Level 1:colcon.colcon_core.package_identification:_identify(src/src/micro_ros_setup) by extensions ['colcon_meta']
[0.459s] Level 1:colcon.colcon_core.package_identification:_identify(src/src/micro_ros_setup) by extension 'colcon_meta'
[0.459s] Level 1:colcon.colcon_core.package_identification:_identify(src/src/micro_ros_setup) by extensions ['ros']
[0.459s] Level 1:colcon.colcon_core.package_identification:_identify(src/src/micro_ros_setup) by extension 'ros'
[0.460s] DEBUG:colcon.colcon_core.package_identification:Package 'src/src/micro_ros_setup' with type 'ros.ament_cmake' and name 'micro_ros_setup'
[0.460s] Level 1:colcon.colcon_core.package_identification:_identify(src/src/uros) by extensions ['ignore', 'ignore_ament_install']
[0.460s] Level 1:colcon.colcon_core.package_identification:_identify(src/src/uros) by extension 'ignore'
[0.460s] Level 1:colcon.colcon_core.package_identification:_identify(src/src/uros) by extension 'ignore_ament_install'
[0.461s] Level 1:colcon.colcon_core.package_identification:_identify(src/src/uros) by extensions ['colcon_pkg']
[0.461s] Level 1:colcon.colcon_core.package_identification:_identify(src/src/uros) by extension 'colcon_pkg'
[0.461s] Level 1:colcon.colcon_core.package_identification:_identify(src/src/uros) by extensions ['colcon_meta']
[0.461s] Level 1:colcon.colcon_core.package_identification:_identify(src/src/uros) by extension 'colcon_meta'
[0.461s] Level 1:colcon.colcon_core.package_identification:_identify(src/src/uros) by extensions ['ros']
[0.461s] Level 1:colcon.colcon_core.package_identification:_identify(src/src/uros) by extension 'ros'
[0.461s] Level 1:colcon.colcon_core.package_identification:_identify(src/src/uros) by extensions ['cmake', 'python']
[0.461s] Level 1:colcon.colcon_core.package_identification:_identify(src/src/uros) by extension 'cmake'
[0.461s] Level 1:colcon.colcon_core.package_identification:_identify(src/src/uros) by extension 'python'
[0.461s] Level 1:colcon.colcon_core.package_identification:_identify(src/src/uros) by extensions ['python_setup_py']
[0.461s] Level 1:colcon.colcon_core.package_identification:_identify(src/src/uros) by extension 'python_setup_py'
[0.461s] Level 1:colcon.colcon_core.package_identification:_identify(src/src/uros/micro-ROS-Agent) by extensions ['ignore', 'ignore_ament_install']
[0.461s] Level 1:colcon.colcon_core.package_identification:_identify(src/src/uros/micro-ROS-Agent) by extension 'ignore'
[0.461s] Level 1:colcon.colcon_core.package_identification:_identify(src/src/uros/micro-ROS-Agent) by extension 'ignore_ament_install'
[0.461s] Level 1:colcon.colcon_core.package_identification:_identify(src/src/uros/micro-ROS-Agent) by extensions ['colcon_pkg']
[0.461s] Level 1:colcon.colcon_core.package_identification:_identify(src/src/uros/micro-ROS-Agent) by extension 'colcon_pkg'
[0.461s] Level 1:colcon.colcon_core.package_identification:_identify(src/src/uros/micro-ROS-Agent) by extensions ['colcon_meta']
[0.461s] Level 1:colcon.colcon_core.package_identification:_identify(src/src/uros/micro-ROS-Agent) by extension 'colcon_meta'
[0.462s] Level 1:colcon.colcon_core.package_identification:_identify(src/src/uros/micro-ROS-Agent) by extensions ['ros']
[0.462s] Level 1:colcon.colcon_core.package_identification:_identify(src/src/uros/micro-ROS-Agent) by extension 'ros'
[0.462s] Level 1:colcon.colcon_core.package_identification:_identify(src/src/uros/micro-ROS-Agent) by extensions ['cmake', 'python']
[0.462s] Level 1:colcon.colcon_core.package_identification:_identify(src/src/uros/micro-ROS-Agent) by extension 'cmake'
[0.462s] Level 1:colcon.colcon_core.package_identification:_identify(src/src/uros/micro-ROS-Agent) by extension 'python'
[0.462s] Level 1:colcon.colcon_core.package_identification:_identify(src/src/uros/micro-ROS-Agent) by extensions ['python_setup_py']
[0.462s] Level 1:colcon.colcon_core.package_identification:_identify(src/src/uros/micro-ROS-Agent) by extension 'python_setup_py'
[0.462s] Level 1:colcon.colcon_core.package_identification:_identify(src/src/uros/micro-ROS-Agent/micro_ros_agent) by extensions ['ignore', 'ignore_ament_install']
[0.462s] Level 1:colcon.colcon_core.package_identification:_identify(src/src/uros/micro-ROS-Agent/micro_ros_agent) by extension 'ignore'
[0.462s] Level 1:colcon.colcon_core.package_identification:_identify(src/src/uros/micro-ROS-Agent/micro_ros_agent) by extension 'ignore_ament_install'
[0.462s] Level 1:colcon.colcon_core.package_identification:_identify(src/src/uros/micro-ROS-Agent/micro_ros_agent) by extensions ['colcon_pkg']
[0.462s] Level 1:colcon.colcon_core.package_identification:_identify(src/src/uros/micro-ROS-Agent/micro_ros_agent) by extension 'colcon_pkg'
[0.462s] Level 1:colcon.colcon_core.package_identification:_identify(src/src/uros/micro-ROS-Agent/micro_ros_agent) by extensions ['colcon_meta']
[0.462s] Level 1:colcon.colcon_core.package_identification:_identify(src/src/uros/micro-ROS-Agent/micro_ros_agent) by extension 'colcon_meta'
[0.462s] Level 1:colcon.colcon_core.package_identification:_identify(src/src/uros/micro-ROS-Agent/micro_ros_agent) by extensions ['ros']
[0.462s] Level 1:colcon.colcon_core.package_identification:_identify(src/src/uros/micro-ROS-Agent/micro_ros_agent) by extension 'ros'
[0.464s] DEBUG:colcon.colcon_core.package_identification:Package 'src/src/uros/micro-ROS-Agent/micro_ros_agent' with type 'ros.ament_cmake' and name 'micro_ros_agent'
[0.464s] Level 1:colcon.colcon_core.package_identification:_identify(src/src/uros/micro-ROS-Agent/snap) by extensions ['ignore', 'ignore_ament_install']
[0.464s] Level 1:colcon.colcon_core.package_identification:_identify(src/src/uros/micro-ROS-Agent/snap) by extension 'ignore'
[0.464s] Level 1:colcon.colcon_core.package_identification:_identify(src/src/uros/micro-ROS-Agent/snap) by extension 'ignore_ament_install'
[0.464s] Level 1:colcon.colcon_core.package_identification:_identify(src/src/uros/micro-ROS-Agent/snap) by extensions ['colcon_pkg']
[0.464s] Level 1:colcon.colcon_core.package_identification:_identify(src/src/uros/micro-ROS-Agent/snap) by extension 'colcon_pkg'
[0.464s] Level 1:colcon.colcon_core.package_identification:_identify(src/src/uros/micro-ROS-Agent/snap) by extensions ['colcon_meta']
[0.464s] Level 1:colcon.colcon_core.package_identification:_identify(src/src/uros/micro-ROS-Agent/snap) by extension 'colcon_meta'
[0.464s] Level 1:colcon.colcon_core.package_identification:_identify(src/src/uros/micro-ROS-Agent/snap) by extensions ['ros']
[0.464s] Level 1:colcon.colcon_core.package_identification:_identify(src/src/uros/micro-ROS-Agent/snap) by extension 'ros'
[0.464s] Level 1:colcon.colcon_core.package_identification:_identify(src/src/uros/micro-ROS-Agent/snap) by extensions ['cmake', 'python']
[0.465s] Level 1:colcon.colcon_core.package_identification:_identify(src/src/uros/micro-ROS-Agent/snap) by extension 'cmake'
[0.465s] Level 1:colcon.colcon_core.package_identification:_identify(src/src/uros/micro-ROS-Agent/snap) by extension 'python'
[0.465s] Level 1:colcon.colcon_core.package_identification:_identify(src/src/uros/micro-ROS-Agent/snap) by extensions ['python_setup_py']
[0.465s] Level 1:colcon.colcon_core.package_identification:_identify(src/src/uros/micro-ROS-Agent/snap) by extension 'python_setup_py'
[0.465s] Level 1:colcon.colcon_core.package_identification:_identify(src/src/uros/micro-ROS-Agent/snap/hooks) by extensions ['ignore', 'ignore_ament_install']
[0.465s] Level 1:colcon.colcon_core.package_identification:_identify(src/src/uros/micro-ROS-Agent/snap/hooks) by extension 'ignore'
[0.465s] Level 1:colcon.colcon_core.package_identification:_identify(src/src/uros/micro-ROS-Agent/snap/hooks) by extension 'ignore_ament_install'
[0.465s] Level 1:colcon.colcon_core.package_identification:_identify(src/src/uros/micro-ROS-Agent/snap/hooks) by extensions ['colcon_pkg']
[0.465s] Level 1:colcon.colcon_core.package_identification:_identify(src/src/uros/micro-ROS-Agent/snap/hooks) by extension 'colcon_pkg'
[0.465s] Level 1:colcon.colcon_core.package_identification:_identify(src/src/uros/micro-ROS-Agent/snap/hooks) by extensions ['colcon_meta']
[0.465s] Level 1:colcon.colcon_core.package_identification:_identify(src/src/uros/micro-ROS-Agent/snap/hooks) by extension 'colcon_meta'
[0.465s] Level 1:colcon.colcon_core.package_identification:_identify(src/src/uros/micro-ROS-Agent/snap/hooks) by extensions ['ros']
[0.465s] Level 1:colcon.colcon_core.package_identification:_identify(src/src/uros/micro-ROS-Agent/snap/hooks) by extension 'ros'
[0.465s] Level 1:colcon.colcon_core.package_identification:_identify(src/src/uros/micro-ROS-Agent/snap/hooks) by extensions ['cmake', 'python']
[0.465s] Level 1:colcon.colcon_core.package_identification:_identify(src/src/uros/micro-ROS-Agent/snap/hooks) by extension 'cmake'
[0.465s] Level 1:colcon.colcon_core.package_identification:_identify(src/src/uros/micro-ROS-Agent/snap/hooks) by extension 'python'
[0.465s] Level 1:colcon.colcon_core.package_identification:_identify(src/src/uros/micro-ROS-Agent/snap/hooks) by extensions ['python_setup_py']
[0.466s] Level 1:colcon.colcon_core.package_identification:_identify(src/src/uros/micro-ROS-Agent/snap/hooks) by extension 'python_setup_py'
[0.466s] Level 1:colcon.colcon_core.package_identification:_identify(src/src/uros/micro-ROS-Agent/snap/local) by extensions ['ignore', 'ignore_ament_install']
[0.466s] Level 1:colcon.colcon_core.package_identification:_identify(src/src/uros/micro-ROS-Agent/snap/local) by extension 'ignore'
[0.466s] Level 1:colcon.colcon_core.package_identification:_identify(src/src/uros/micro-ROS-Agent/snap/local) by extension 'ignore_ament_install'
[0.466s] Level 1:colcon.colcon_core.package_identification:_identify(src/src/uros/micro-ROS-Agent/snap/local) by extensions ['colcon_pkg']
[0.466s] Level 1:colcon.colcon_core.package_identification:_identify(src/src/uros/micro-ROS-Agent/snap/local) by extension 'colcon_pkg'
[0.466s] Level 1:colcon.colcon_core.package_identification:_identify(src/src/uros/micro-ROS-Agent/snap/local) by extensions ['colcon_meta']
[0.466s] Level 1:colcon.colcon_core.package_identification:_identify(src/src/uros/micro-ROS-Agent/snap/local) by extension 'colcon_meta'
[0.466s] Level 1:colcon.colcon_core.package_identification:_identify(src/src/uros/micro-ROS-Agent/snap/local) by extensions ['ros']
[0.466s] Level 1:colcon.colcon_core.package_identification:_identify(src/src/uros/micro-ROS-Agent/snap/local) by extension 'ros'
[0.466s] Level 1:colcon.colcon_core.package_identification:_identify(src/src/uros/micro-ROS-Agent/snap/local) by extensions ['cmake', 'python']
[0.466s] Level 1:colcon.colcon_core.package_identification:_identify(src/src/uros/micro-ROS-Agent/snap/local) by extension 'cmake'
[0.466s] Level 1:colcon.colcon_core.package_identification:_identify(src/src/uros/micro-ROS-Agent/snap/local) by extension 'python'
[0.466s] Level 1:colcon.colcon_core.package_identification:_identify(src/src/uros/micro-ROS-Agent/snap/local) by extensions ['python_setup_py']
[0.466s] Level 1:colcon.colcon_core.package_identification:_identify(src/src/uros/micro-ROS-Agent/snap/local) by extension 'python_setup_py'
[0.466s] Level 1:colcon.colcon_core.package_identification:_identify(src/src/uros/micro_ros_msgs) by extensions ['ignore', 'ignore_ament_install']
[0.467s] Level 1:colcon.colcon_core.package_identification:_identify(src/src/uros/micro_ros_msgs) by extension 'ignore'
[0.467s] Level 1:colcon.colcon_core.package_identification:_identify(src/src/uros/micro_ros_msgs) by extension 'ignore_ament_install'
[0.467s] Level 1:colcon.colcon_core.package_identification:_identify(src/src/uros/micro_ros_msgs) by extensions ['colcon_pkg']
[0.467s] Level 1:colcon.colcon_core.package_identification:_identify(src/src/uros/micro_ros_msgs) by extension 'colcon_pkg'
[0.467s] Level 1:colcon.colcon_core.package_identification:_identify(src/src/uros/micro_ros_msgs) by extensions ['colcon_meta']
[0.467s] Level 1:colcon.colcon_core.package_identification:_identify(src/src/uros/micro_ros_msgs) by extension 'colcon_meta'
[0.467s] Level 1:colcon.colcon_core.package_identification:_identify(src/src/uros/micro_ros_msgs) by extensions ['ros']
[0.467s] Level 1:colcon.colcon_core.package_identification:_identify(src/src/uros/micro_ros_msgs) by extension 'ros'
[0.468s] DEBUG:colcon.colcon_core.package_identification:Package 'src/src/uros/micro_ros_msgs' with type 'ros.ament_cmake' and name 'micro_ros_msgs'
[0.468s] Level 1:colcon.colcon_core.package_discovery:discover_packages(recursive) using defaults
[0.468s] Level 1:colcon.colcon_core.package_discovery:discover_packages(ignore) discover
[0.468s] Level 1:colcon.colcon_core.package_discovery:discover_packages(ignore) using defaults
[0.468s] Level 1:colcon.colcon_core.package_discovery:discover_packages(path) discover
[0.468s] Level 1:colcon.colcon_core.package_discovery:discover_packages(path) using defaults
[0.498s] INFO:colcon.colcon_core.package_selection:Skipping not selected package 'micro_ros_msgs' in 'src/src/uros/micro_ros_msgs'
[0.498s] INFO:colcon.colcon_core.package_selection:Skipping not selected package 'micro_ros_setup' in 'src/src/micro_ros_setup'
[0.498s] INFO:colcon.colcon_core.package_selection:Skipping not selected package 'nav2_behavior_plugin' in 'src/nav2_behavior_plugin'
[0.498s] INFO:colcon.colcon_core.package_selection:Skipping not selected package 'python_pkg' in 'src/python_pkg'
[0.499s] INFO:colcon.colcon_core.package_selection:Skipping not selected package 'robot_description' in 'src/robot_description'
[0.499s] INFO:colcon.colcon_core.package_selection:Skipping not selected package 'robot_navigation' in 'src/robot_navigation'
[0.499s] INFO:colcon.colcon_core.package_selection:Skipping not selected package 'sllidar_ros2' in 'src/sllidar_ros2'
[0.499s] INFO:colcon.colcon_core.package_selection:Skipping not selected package 'micro_ros_agent' in 'src/src/uros/micro-ROS-Agent/micro_ros_agent'
[0.499s] INFO:colcon.colcon_core.package_selection:Skipping not selected package 'robot_bringup' in 'src/robot_bringup'
[0.499s] Level 1:colcon.colcon_core.package_discovery:discover_packages(prefix_path) check parameters
[0.499s] Level 1:colcon.colcon_core.package_discovery:discover_packages(prefix_path) discover
[0.501s] WARNING:colcon.colcon_ros.prefix_path.ament:The path '/home/smr/ros2_self_driving_robot/install/robot_bringup' in the environment variable AMENT_PREFIX_PATH doesn't exist
[0.501s] WARNING:colcon.colcon_ros.prefix_path.ament:The path '/home/smr/ros2_self_driving_robot/install/nav2_behavior_tree' in the environment variable AMENT_PREFIX_PATH doesn't exist
[0.501s] WARNING:colcon.colcon_ros.prefix_path.catkin:The path '/home/smr/ros2_self_driving_robot/install/robot_bringup' in the environment variable CMAKE_PREFIX_PATH doesn't exist
[0.502s] WARNING:colcon.colcon_ros.prefix_path.catkin:The path '/home/smr/ros2_self_driving_robot/install/nav2_behavior_tree' in the environment variable CMAKE_PREFIX_PATH doesn't exist
[0.503s] DEBUG:colcon.colcon_installed_package_information.package_discovery:Found 8 installed packages in /home/smr/ros2_self_driving_robot/install
[0.505s] DEBUG:colcon.colcon_installed_package_information.package_discovery:Found 377 installed packages in /opt/ros/humble
[0.537s] Level 1:colcon.colcon_core.package_discovery:discover_packages(prefix_path) using defaults
[0.607s] Level 5:colcon.colcon_core.verb:set package 'my_nav2_behavior_tree' build argument 'cmake_args' from command line to 'None'
[0.607s] Level 5:colcon.colcon_core.verb:set package 'my_nav2_behavior_tree' build argument 'cmake_target' from command line to 'None'
[0.607s] Level 5:colcon.colcon_core.verb:set package 'my_nav2_behavior_tree' build argument 'cmake_target_skip_unavailable' from command line to 'False'
[0.607s] Level 5:colcon.colcon_core.verb:set package 'my_nav2_behavior_tree' build argument 'cmake_clean_cache' from command line to 'False'
[0.607s] Level 5:colcon.colcon_core.verb:set package 'my_nav2_behavior_tree' build argument 'cmake_clean_first' from command line to 'False'
[0.607s] Level 5:colcon.colcon_core.verb:set package 'my_nav2_behavior_tree' build argument 'cmake_force_configure' from command line to 'False'
[0.607s] Level 5:colcon.colcon_core.verb:set package 'my_nav2_behavior_tree' build argument 'ament_cmake_args' from command line to 'None'
[0.607s] Level 5:colcon.colcon_core.verb:set package 'my_nav2_behavior_tree' build argument 'catkin_cmake_args' from command line to 'None'
[0.607s] Level 5:colcon.colcon_core.verb:set package 'my_nav2_behavior_tree' build argument 'catkin_skip_building_tests' from command line to 'False'
[0.607s] DEBUG:colcon.colcon_core.verb:Building package 'my_nav2_behavior_tree' with the following arguments: {'ament_cmake_args': None, 'build_base': '/home/smr/ros2_self_driving_robot/build/my_nav2_behavior_tree', 'catkin_cmake_args': None, 'catkin_skip_building_tests': False, 'cmake_args': None, 'cmake_clean_cache': False, 'cmake_clean_first': False, 'cmake_force_configure': False, 'cmake_target': None, 'cmake_target_skip_unavailable': False, 'install_base': '/home/smr/ros2_self_driving_robot/install/my_nav2_behavior_tree', 'merge_install': False, 'path': '/home/smr/ros2_self_driving_robot/src/my_nav2_behavior_tree', 'symlink_install': False, 'test_result_base': None}
[0.607s] INFO:colcon.colcon_core.executor:Executing jobs using 'parallel' executor
[0.609s] DEBUG:colcon.colcon_parallel_executor.executor.parallel:run_until_complete
[0.609s] INFO:colcon.colcon_ros.task.ament_cmake.build:Building ROS package in '/home/smr/ros2_self_driving_robot/src/my_nav2_behavior_tree' with build type 'ament_cmake'
[0.609s] INFO:colcon.colcon_cmake.task.cmake.build:Building CMake package in '/home/smr/ros2_self_driving_robot/src/my_nav2_behavior_tree'
[0.612s] INFO:colcon.colcon_core.plugin_system:Skipping extension 'colcon_core.shell.bat': Not used on non-Windows systems
[0.612s] INFO:colcon.colcon_core.shell:Skip shell extension 'powershell' for command environment: Not usable outside of PowerShell
[0.612s] DEBUG:colcon.colcon_core.shell:Skip shell extension 'dsv' for command environment
[0.635s] DEBUG:colcon.colcon_core.event_handler.log_command:Invoking command in '/home/smr/ros2_self_driving_robot/build/my_nav2_behavior_tree': CMAKE_PREFIX_PATH=/home/smr/ros2_self_driving_robot/install/nav2_behavior_plugin:/home/smr/ros2_self_driving_robot/install/sllidar_ros2:/home/smr/ros2_self_driving_robot/install/robot_navigation:/home/smr/ros2_self_driving_robot/install/robot_description:/home/smr/ros2_self_driving_robot/install/robot_bringup:/home/smr/ros2_self_driving_robot/install/nav2_behavior_tree:/home/smr/ros2_self_driving_robot/install/micro_ros_setup:/home/smr/ros2_self_driving_robot/install/micro_ros_agent:/home/smr/ros2_self_driving_robot/install/micro_ros_msgs:/opt/ros/humble:/home/smr/ros2_self_driving_robot/install/python_pkg LD_LIBRARY_PATH=/home/smr/ros2_self_driving_robot/install/nav2_behavior_plugin/lib:/home/smr/ros2_self_driving_robot/install/nav2_behavior_tree/lib:/home/smr/ros2_self_driving_robot/install/micro_ros_agent/lib:/home/smr/ros2_self_driving_robot/install/micro_ros_msgs/lib:/opt/ros/humble/opt/rviz_ogre_vendor/lib:/opt/ros/humble/lib/aarch64-linux-gnu:/opt/ros/humble/lib /usr/bin/cmake --build /home/smr/ros2_self_driving_robot/build/my_nav2_behavior_tree -- -j8 -l8
[6.221s] DEBUG:colcon.colcon_core.event_handler.log_command:Invoked command in '/home/smr/ros2_self_driving_robot/build/my_nav2_behavior_tree' returned '2': CMAKE_PREFIX_PATH=/home/smr/ros2_self_driving_robot/install/nav2_behavior_plugin:/home/smr/ros2_self_driving_robot/install/sllidar_ros2:/home/smr/ros2_self_driving_robot/install/robot_navigation:/home/smr/ros2_self_driving_robot/install/robot_description:/home/smr/ros2_self_driving_robot/install/robot_bringup:/home/smr/ros2_self_driving_robot/install/nav2_behavior_tree:/home/smr/ros2_self_driving_robot/install/micro_ros_setup:/home/smr/ros2_self_driving_robot/install/micro_ros_agent:/home/smr/ros2_self_driving_robot/install/micro_ros_msgs:/opt/ros/humble:/home/smr/ros2_self_driving_robot/install/python_pkg LD_LIBRARY_PATH=/home/smr/ros2_self_driving_robot/install/nav2_behavior_plugin/lib:/home/smr/ros2_self_driving_robot/install/nav2_behavior_tree/lib:/home/smr/ros2_self_driving_robot/install/micro_ros_agent/lib:/home/smr/ros2_self_driving_robot/install/micro_ros_msgs/lib:/opt/ros/humble/opt/rviz_ogre_vendor/lib:/opt/ros/humble/lib/aarch64-linux-gnu:/opt/ros/humble/lib /usr/bin/cmake --build /home/smr/ros2_self_driving_robot/build/my_nav2_behavior_tree -- -j8 -l8
[6.298s] Level 1:colcon.colcon_core.environment:create_environment_scripts_only(my_nav2_behavior_tree)
[6.312s] Level 1:colcon.colcon_core.environment:checking '/home/smr/ros2_self_driving_robot/install/my_nav2_behavior_tree' for CMake module files
[6.314s] Level 1:colcon.colcon_core.environment:checking '/home/smr/ros2_self_driving_robot/install/my_nav2_behavior_tree' for CMake config files
[6.321s] Level 1:colcon.colcon_core.environment:checking '/home/smr/ros2_self_driving_robot/install/my_nav2_behavior_tree/bin'
[6.322s] Level 1:colcon.colcon_core.environment:checking '/home/smr/ros2_self_driving_robot/install/my_nav2_behavior_tree/lib/pkgconfig/my_nav2_behavior_tree.pc'
[6.323s] Level 1:colcon.colcon_core.environment:checking '/home/smr/ros2_self_driving_robot/install/my_nav2_behavior_tree/lib/python3.10/site-packages'
[6.324s] Level 1:colcon.colcon_core.environment:checking '/home/smr/ros2_self_driving_robot/install/my_nav2_behavior_tree/bin'
[6.325s] INFO:colcon.colcon_core.shell:Creating package script '/home/smr/ros2_self_driving_robot/install/my_nav2_behavior_tree/share/my_nav2_behavior_tree/package.ps1'
[6.330s] INFO:colcon.colcon_core.shell:Creating package descriptor '/home/smr/ros2_self_driving_robot/install/my_nav2_behavior_tree/share/my_nav2_behavior_tree/package.dsv'
[6.332s] INFO:colcon.colcon_core.shell:Creating package script '/home/smr/ros2_self_driving_robot/install/my_nav2_behavior_tree/share/my_nav2_behavior_tree/package.sh'
[6.338s] INFO:colcon.colcon_core.shell:Creating package script '/home/smr/ros2_self_driving_robot/install/my_nav2_behavior_tree/share/my_nav2_behavior_tree/package.bash'
[6.342s] INFO:colcon.colcon_core.shell:Creating package script '/home/smr/ros2_self_driving_robot/install/my_nav2_behavior_tree/share/my_nav2_behavior_tree/package.zsh'
[6.345s] Level 1:colcon.colcon_core.environment:create_file_with_runtime_dependencies(/home/smr/ros2_self_driving_robot/install/my_nav2_behavior_tree/share/colcon-core/packages/my_nav2_behavior_tree)
[6.357s] DEBUG:colcon.colcon_parallel_executor.executor.parallel:closing loop
[6.357s] DEBUG:colcon.colcon_parallel_executor.executor.parallel:loop closed
[6.357s] DEBUG:colcon.colcon_parallel_executor.executor.parallel:run_until_complete finished with '2'
[6.357s] DEBUG:colcon.colcon_core.event_reactor:joining thread
[6.365s] INFO:colcon.colcon_core.plugin_system:Skipping extension 'colcon_notification.desktop_notification.terminal_notifier': Not used on non-Darwin systems
[6.366s] INFO:colcon.colcon_core.plugin_system:Skipping extension 'colcon_notification.desktop_notification.win32': Not used on non-Windows systems
[6.366s] INFO:colcon.colcon_notification.desktop_notification:Sending desktop notification using 'notify2'
[6.408s] DEBUG:colcon.colcon_core.event_reactor:joined thread
[6.408s] INFO:colcon.colcon_core.shell:Creating prefix script '/home/smr/ros2_self_driving_robot/install/local_setup.ps1'
[6.410s] INFO:colcon.colcon_core.shell:Creating prefix util module '/home/smr/ros2_self_driving_robot/install/_local_setup_util_ps1.py'
[6.412s] INFO:colcon.colcon_core.shell:Creating prefix chain script '/home/smr/ros2_self_driving_robot/install/setup.ps1'
[6.414s] INFO:colcon.colcon_core.shell:Creating prefix script '/home/smr/ros2_self_driving_robot/install/local_setup.sh'
[6.415s] INFO:colcon.colcon_core.shell:Creating prefix util module '/home/smr/ros2_self_driving_robot/install/_local_setup_util_sh.py'
[6.415s] INFO:colcon.colcon_core.shell:Creating prefix chain script '/home/smr/ros2_self_driving_robot/install/setup.sh'
[6.417s] INFO:colcon.colcon_core.shell:Creating prefix script '/home/smr/ros2_self_driving_robot/install/local_setup.bash'
[6.418s] INFO:colcon.colcon_core.shell:Creating prefix chain script '/home/smr/ros2_self_driving_robot/install/setup.bash'
[6.419s] INFO:colcon.colcon_core.shell:Creating prefix script '/home/smr/ros2_self_driving_robot/install/local_setup.zsh'
[6.420s] INFO:colcon.colcon_core.shell:Creating prefix chain script '/home/smr/ros2_self_driving_robot/install/setup.zsh'
