[0.652s] Invoking command in '/home/smr/ros2_self_driving_robot/build/sllidar_ros2': CMAKE_PREFIX_PATH=${CMAKE_PREFIX_PATH}:/home/smr/ros2_self_driving_robot/install/python_pkg /usr/bin/cmake --build /home/smr/ros2_self_driving_robot/build/sllidar_ros2 -- -j8 -l8
[0.843s] [ 90%] Built target sllidar_node
[0.915s] [100%] Built target sllidar_client
[0.965s] Invoked command in '/home/smr/ros2_self_driving_robot/build/sllidar_ros2' returned '0': CMAKE_PREFIX_PATH=${CMAKE_PREFIX_PATH}:/home/smr/ros2_self_driving_robot/install/python_pkg /usr/bin/cmake --build /home/smr/ros2_self_driving_robot/build/sllidar_ros2 -- -j8 -l8
[1.142s] Invoking command in '/home/smr/ros2_self_driving_robot/build/sllidar_ros2': CMAKE_PREFIX_PATH=${CMAKE_PREFIX_PATH}:/home/smr/ros2_self_driving_robot/install/python_pkg /usr/bin/cmake --install /home/smr/ros2_self_driving_robot/build/sllidar_ros2
[1.154s] -- Install configuration: ""
[1.155s] -- Up-to-date: /home/smr/ros2_self_driving_robot/install/sllidar_ros2/share/sllidar_ros2/launch
[1.155s] -- Up-to-date: /home/smr/ros2_self_driving_robot/install/sllidar_ros2/share/sllidar_ros2/launch/sllidar_a2m8_launch.py
[1.156s] -- Up-to-date: /home/smr/ros2_self_driving_robot/install/sllidar_ros2/share/sllidar_ros2/launch/view_sllidar_s1_launch.py
[1.156s] -- Up-to-date: /home/smr/ros2_self_driving_robot/install/sllidar_ros2/share/sllidar_ros2/launch/sllidar_s2e_launch.py
[1.156s] -- Up-to-date: /home/smr/ros2_self_driving_robot/install/sllidar_ros2/share/sllidar_ros2/launch/view_sllidar_a2m12_launch.py
[1.157s] -- Up-to-date: /home/smr/ros2_self_driving_robot/install/sllidar_ros2/share/sllidar_ros2/launch/sllidar_s2_launch.py
[1.157s] -- Up-to-date: /home/smr/ros2_self_driving_robot/install/sllidar_ros2/share/sllidar_ros2/launch/view_sllidar_c1_launch.py
[1.157s] -- Up-to-date: /home/smr/ros2_self_driving_robot/install/sllidar_ros2/share/sllidar_ros2/launch/view_sllidar_s1_tcp_launch.py
[1.157s] -- Up-to-date: /home/smr/ros2_self_driving_robot/install/sllidar_ros2/share/sllidar_ros2/launch/view_sllidar_a2m8_launch.py
[1.157s] -- Up-to-date: /home/smr/ros2_self_driving_robot/install/sllidar_ros2/share/sllidar_ros2/launch/view_sllidar_t1_launch.py
[1.157s] -- Up-to-date: /home/smr/ros2_self_driving_robot/install/sllidar_ros2/share/sllidar_ros2/launch/view_sllidar_a2m7_launch.py
[1.158s] -- Up-to-date: /home/smr/ros2_self_driving_robot/install/sllidar_ros2/share/sllidar_ros2/launch/sllidar_s1_launch.py
[1.158s] -- Up-to-date: /home/smr/ros2_self_driving_robot/install/sllidar_ros2/share/sllidar_ros2/launch/sllidar_a2m12_launch .py
[1.158s] -- Up-to-date: /home/smr/ros2_self_driving_robot/install/sllidar_ros2/share/sllidar_ros2/launch/sllidar_a3_launch.py
[1.158s] -- Up-to-date: /home/smr/ros2_self_driving_robot/install/sllidar_ros2/share/sllidar_ros2/launch/view_sllidar_s2_launch.py
[1.158s] -- Up-to-date: /home/smr/ros2_self_driving_robot/install/sllidar_ros2/share/sllidar_ros2/launch/sllidar_t1_launch.py
[1.158s] -- Up-to-date: /home/smr/ros2_self_driving_robot/install/sllidar_ros2/share/sllidar_ros2/launch/sllidar_a1_launch.py
[1.158s] -- Up-to-date: /home/smr/ros2_self_driving_robot/install/sllidar_ros2/share/sllidar_ros2/launch/sllidar_s1_tcp_launch.py
[1.158s] -- Up-to-date: /home/smr/ros2_self_driving_robot/install/sllidar_ros2/share/sllidar_ros2/launch/view_sllidar_a1_launch.py
[1.158s] -- Up-to-date: /home/smr/ros2_self_driving_robot/install/sllidar_ros2/share/sllidar_ros2/launch/sllidar_c1_launch.py
[1.158s] -- Up-to-date: /home/smr/ros2_self_driving_robot/install/sllidar_ros2/share/sllidar_ros2/launch/view_sllidar_s3_launch.py
[1.159s] -- Up-to-date: /home/smr/ros2_self_driving_robot/install/sllidar_ros2/share/sllidar_ros2/launch/sllidar_s3_launch.py
[1.159s] -- Up-to-date: /home/smr/ros2_self_driving_robot/install/sllidar_ros2/share/sllidar_ros2/launch/sllidar_a2m7_launch.py
[1.159s] -- Up-to-date: /home/smr/ros2_self_driving_robot/install/sllidar_ros2/share/sllidar_ros2/launch/view_sllidar_a3_launch.py
[1.159s] -- Up-to-date: /home/smr/ros2_self_driving_robot/install/sllidar_ros2/share/sllidar_ros2/launch/view_sllidar_s2e_launch.py
[1.159s] -- Up-to-date: /home/smr/ros2_self_driving_robot/install/sllidar_ros2/share/sllidar_ros2/rviz
[1.159s] -- Up-to-date: /home/smr/ros2_self_driving_robot/install/sllidar_ros2/share/sllidar_ros2/rviz/sllidar_ros2.rviz
[1.159s] -- Up-to-date: /home/smr/ros2_self_driving_robot/install/sllidar_ros2/lib/sllidar_ros2/sllidar_node
[1.159s] -- Up-to-date: /home/smr/ros2_self_driving_robot/install/sllidar_ros2/lib/sllidar_ros2/sllidar_client
[1.161s] -- Up-to-date: /home/smr/ros2_self_driving_robot/install/sllidar_ros2/share/ament_index/resource_index/package_run_dependencies/sllidar_ros2
[1.161s] -- Up-to-date: /home/smr/ros2_self_driving_robot/install/sllidar_ros2/share/ament_index/resource_index/parent_prefix_path/sllidar_ros2
[1.161s] -- Up-to-date: /home/smr/ros2_self_driving_robot/install/sllidar_ros2/share/sllidar_ros2/environment/ament_prefix_path.sh
[1.162s] -- Up-to-date: /home/smr/ros2_self_driving_robot/install/sllidar_ros2/share/sllidar_ros2/environment/ament_prefix_path.dsv
[1.164s] -- Up-to-date: /home/smr/ros2_self_driving_robot/install/sllidar_ros2/share/sllidar_ros2/environment/path.sh
[1.165s] -- Up-to-date: /home/smr/ros2_self_driving_robot/install/sllidar_ros2/share/sllidar_ros2/environment/path.dsv
[1.166s] -- Up-to-date: /home/smr/ros2_self_driving_robot/install/sllidar_ros2/share/sllidar_ros2/local_setup.bash
[1.166s] -- Up-to-date: /home/smr/ros2_self_driving_robot/install/sllidar_ros2/share/sllidar_ros2/local_setup.sh
[1.167s] -- Up-to-date: /home/smr/ros2_self_driving_robot/install/sllidar_ros2/share/sllidar_ros2/local_setup.zsh
[1.167s] -- Up-to-date: /home/smr/ros2_self_driving_robot/install/sllidar_ros2/share/sllidar_ros2/local_setup.dsv
[1.167s] -- Installing: /home/smr/ros2_self_driving_robot/install/sllidar_ros2/share/sllidar_ros2/package.dsv
[1.167s] -- Up-to-date: /home/smr/ros2_self_driving_robot/install/sllidar_ros2/share/ament_index/resource_index/packages/sllidar_ros2
[1.167s] -- Up-to-date: /home/smr/ros2_self_driving_robot/install/sllidar_ros2/share/sllidar_ros2/cmake/ament_cmake_export_dependencies-extras.cmake
[1.167s] -- Up-to-date: /home/smr/ros2_self_driving_robot/install/sllidar_ros2/share/sllidar_ros2/cmake/ament_cmake_export_include_directories-extras.cmake
[1.167s] -- Up-to-date: /home/smr/ros2_self_driving_robot/install/sllidar_ros2/share/sllidar_ros2/cmake/sllidar_ros2Config.cmake
[1.168s] -- Up-to-date: /home/smr/ros2_self_driving_robot/install/sllidar_ros2/share/sllidar_ros2/cmake/sllidar_ros2Config-version.cmake
[1.168s] -- Up-to-date: /home/smr/ros2_self_driving_robot/install/sllidar_ros2/share/sllidar_ros2/package.xml
[1.168s] Invoked command in '/home/smr/ros2_self_driving_robot/build/sllidar_ros2' returned '0': CMAKE_PREFIX_PATH=${CMAKE_PREFIX_PATH}:/home/smr/ros2_self_driving_robot/install/python_pkg /usr/bin/cmake --install /home/smr/ros2_self_driving_robot/build/sllidar_ros2
