[0.058s] Invoking command in '/home/smr/ros2_self_driving_robot/build/robot_bringup': AMENT_PREFIX_PATH=/home/smr/ros2_self_driving_robot/install/micro_ros_agent:/home/smr/ros2_self_driving_robot/install/micro_ros_msgs:${AMENT_PREFIX_PATH} CMAKE_PREFIX_PATH=/home/smr/ros2_self_driving_robot/install/micro_ros_agent:/home/smr/ros2_self_driving_robot/install/micro_ros_msgs:/home/smr/ros2_self_driving_robot/src/install/micro_ros_agent:/home/smr/ros2_self_driving_robot/src/install/micro_ros_msgs:/home/smr/ros2_self_driving_robot/src/install/sllidar_ros2:/home/smr/ros2_self_driving_robot/src/install/robot_navigation:/home/smr/ros2_self_driving_robot/src/install/robot_description:/home/smr/ros2_self_driving_robot/src/install/robot_bringup:/home/smr/ros2_self_driving_robot/src/install/micro_ros_setup:/opt/ros/humble LD_LIBRARY_PATH=/home/smr/ros2_self_driving_robot/install/micro_ros_agent/lib:/home/smr/ros2_self_driving_robot/install/micro_ros_msgs/lib:${LD_LIBRARY_PATH} PYTHONPATH=/home/smr/ros2_self_driving_robot/install/micro_ros_msgs/local/lib/python3.10/dist-packages:${PYTHONPATH} /usr/bin/cmake --build /home/smr/ros2_self_driving_robot/build/robot_bringup -- -j8 -l8
[0.229s] Invoked command in '/home/smr/ros2_self_driving_robot/build/robot_bringup' returned '0': AMENT_PREFIX_PATH=/home/smr/ros2_self_driving_robot/install/micro_ros_agent:/home/smr/ros2_self_driving_robot/install/micro_ros_msgs:${AMENT_PREFIX_PATH} CMAKE_PREFIX_PATH=/home/smr/ros2_self_driving_robot/install/micro_ros_agent:/home/smr/ros2_self_driving_robot/install/micro_ros_msgs:/home/smr/ros2_self_driving_robot/src/install/micro_ros_agent:/home/smr/ros2_self_driving_robot/src/install/micro_ros_msgs:/home/smr/ros2_self_driving_robot/src/install/sllidar_ros2:/home/smr/ros2_self_driving_robot/src/install/robot_navigation:/home/smr/ros2_self_driving_robot/src/install/robot_description:/home/smr/ros2_self_driving_robot/src/install/robot_bringup:/home/smr/ros2_self_driving_robot/src/install/micro_ros_setup:/opt/ros/humble LD_LIBRARY_PATH=/home/smr/ros2_self_driving_robot/install/micro_ros_agent/lib:/home/smr/ros2_self_driving_robot/install/micro_ros_msgs/lib:${LD_LIBRARY_PATH} PYTHONPATH=/home/smr/ros2_self_driving_robot/install/micro_ros_msgs/local/lib/python3.10/dist-packages:${PYTHONPATH} /usr/bin/cmake --build /home/smr/ros2_self_driving_robot/build/robot_bringup -- -j8 -l8
[0.281s] Invoking command in '/home/smr/ros2_self_driving_robot/build/robot_bringup': AMENT_PREFIX_PATH=/home/smr/ros2_self_driving_robot/install/micro_ros_agent:/home/smr/ros2_self_driving_robot/install/micro_ros_msgs:${AMENT_PREFIX_PATH} CMAKE_PREFIX_PATH=/home/smr/ros2_self_driving_robot/install/micro_ros_agent:/home/smr/ros2_self_driving_robot/install/micro_ros_msgs:/home/smr/ros2_self_driving_robot/src/install/micro_ros_agent:/home/smr/ros2_self_driving_robot/src/install/micro_ros_msgs:/home/smr/ros2_self_driving_robot/src/install/sllidar_ros2:/home/smr/ros2_self_driving_robot/src/install/robot_navigation:/home/smr/ros2_self_driving_robot/src/install/robot_description:/home/smr/ros2_self_driving_robot/src/install/robot_bringup:/home/smr/ros2_self_driving_robot/src/install/micro_ros_setup:/opt/ros/humble LD_LIBRARY_PATH=/home/smr/ros2_self_driving_robot/install/micro_ros_agent/lib:/home/smr/ros2_self_driving_robot/install/micro_ros_msgs/lib:${LD_LIBRARY_PATH} PYTHONPATH=/home/smr/ros2_self_driving_robot/install/micro_ros_msgs/local/lib/python3.10/dist-packages:${PYTHONPATH} /usr/bin/cmake --install /home/smr/ros2_self_driving_robot/build/robot_bringup
[0.306s] -- Install configuration: ""
[0.307s] -- Up-to-date: /home/smr/ros2_self_driving_robot/install/robot_bringup/share/robot_bringup/launch
[0.307s] -- Installing: /home/smr/ros2_self_driving_robot/install/robot_bringup/share/robot_bringup/launch/bringup.launch.py
[0.308s] -- Up-to-date: /home/smr/ros2_self_driving_robot/install/robot_bringup/share/robot_bringup/config
[0.309s] -- Up-to-date: /home/smr/ros2_self_driving_robot/install/robot_bringup/share/robot_bringup/config/ekf.yaml
[0.310s] -- Up-to-date: /home/smr/ros2_self_driving_robot/install/robot_bringup/share/ament_index/resource_index/package_run_dependencies/robot_bringup
[0.311s] -- Up-to-date: /home/smr/ros2_self_driving_robot/install/robot_bringup/share/ament_index/resource_index/parent_prefix_path/robot_bringup
[0.311s] -- Up-to-date: /home/smr/ros2_self_driving_robot/install/robot_bringup/share/robot_bringup/environment/ament_prefix_path.sh
[0.312s] -- Up-to-date: /home/smr/ros2_self_driving_robot/install/robot_bringup/share/robot_bringup/environment/ament_prefix_path.dsv
[0.312s] -- Up-to-date: /home/smr/ros2_self_driving_robot/install/robot_bringup/share/robot_bringup/environment/path.sh
[0.313s] -- Up-to-date: /home/smr/ros2_self_driving_robot/install/robot_bringup/share/robot_bringup/environment/path.dsv
[0.313s] -- Up-to-date: /home/smr/ros2_self_driving_robot/install/robot_bringup/share/robot_bringup/local_setup.bash
[0.313s] -- Up-to-date: /home/smr/ros2_self_driving_robot/install/robot_bringup/share/robot_bringup/local_setup.sh
[0.314s] -- Up-to-date: /home/smr/ros2_self_driving_robot/install/robot_bringup/share/robot_bringup/local_setup.zsh
[0.316s] -- Up-to-date: /home/smr/ros2_self_driving_robot/install/robot_bringup/share/robot_bringup/local_setup.dsv
[0.326s] -- Installing: /home/smr/ros2_self_driving_robot/install/robot_bringup/share/robot_bringup/package.dsv
[0.326s] -- Up-to-date: /home/smr/ros2_self_driving_robot/install/robot_bringup/share/ament_index/resource_index/packages/robot_bringup
[0.327s] -- Up-to-date: /home/smr/ros2_self_driving_robot/install/robot_bringup/share/robot_bringup/cmake/robot_bringupConfig.cmake
[0.327s] -- Up-to-date: /home/smr/ros2_self_driving_robot/install/robot_bringup/share/robot_bringup/cmake/robot_bringupConfig-version.cmake
[0.327s] -- Up-to-date: /home/smr/ros2_self_driving_robot/install/robot_bringup/share/robot_bringup/package.xml
[0.328s] Invoked command in '/home/smr/ros2_self_driving_robot/build/robot_bringup' returned '0': AMENT_PREFIX_PATH=/home/smr/ros2_self_driving_robot/install/micro_ros_agent:/home/smr/ros2_self_driving_robot/install/micro_ros_msgs:${AMENT_PREFIX_PATH} CMAKE_PREFIX_PATH=/home/smr/ros2_self_driving_robot/install/micro_ros_agent:/home/smr/ros2_self_driving_robot/install/micro_ros_msgs:/home/smr/ros2_self_driving_robot/src/install/micro_ros_agent:/home/smr/ros2_self_driving_robot/src/install/micro_ros_msgs:/home/smr/ros2_self_driving_robot/src/install/sllidar_ros2:/home/smr/ros2_self_driving_robot/src/install/robot_navigation:/home/smr/ros2_self_driving_robot/src/install/robot_description:/home/smr/ros2_self_driving_robot/src/install/robot_bringup:/home/smr/ros2_self_driving_robot/src/install/micro_ros_setup:/opt/ros/humble LD_LIBRARY_PATH=/home/smr/ros2_self_driving_robot/install/micro_ros_agent/lib:/home/smr/ros2_self_driving_robot/install/micro_ros_msgs/lib:${LD_LIBRARY_PATH} PYTHONPATH=/home/smr/ros2_self_driving_robot/install/micro_ros_msgs/local/lib/python3.10/dist-packages:${PYTHONPATH} /usr/bin/cmake --install /home/smr/ros2_self_driving_robot/build/robot_bringup
