[0.010s] Invoking command in '/home/p_rawicht/bb_ws/src/robot_description/build/robot_description': CMAKE_PREFIX_PATH=${CMAKE_PREFIX_PATH}:/opt/ros/humble /usr/bin/cmake /home/p_rawicht/bb_ws/src/robot_description -DCMAKE_INSTALL_PREFIX=/home/p_rawicht/bb_ws/src/robot_description/install/robot_description
[0.214s] -- The C compiler identification is GNU 11.4.0
[0.868s] -- The CXX compiler identification is GNU 11.4.0
[1.205s] -- Detecting C compiler ABI info
[1.315s] -- Detecting C compiler ABI info - done
[1.319s] -- Check for working C compiler: /usr/bin/cc - skipped
[1.320s] -- Detecting C compile features
[1.321s] -- Detecting C compile features - done
[1.323s] -- Detecting CXX compiler ABI info
[1.482s] -- Detecting CXX compiler ABI info - done
[1.487s] -- Check for working CXX compiler: /usr/bin/c++ - skipped
[1.488s] -- Detecting CXX compile features
[1.488s] -- Detecting CXX compile features - done
[1.494s] -- Found ament_cmake: 1.3.8 (/opt/ros/humble/share/ament_cmake/cmake)
[1.587s] -- Found Python3: /usr/bin/python3 (found version "3.10.12") found components: Interpreter 
[1.665s] -- Found urdf: 2.6.0 (/opt/ros/humble/share/urdf/cmake)
[1.824s] -- Found TinyXML2 via Config file: /usr/local/lib/cmake/tinyxml2
[1.832s] -- Found rclcpp: 16.0.8 (/opt/ros/humble/share/rclcpp/cmake)
[1.865s] -- Found rosidl_generator_c: 3.1.5 (/opt/ros/humble/share/rosidl_generator_c/cmake)
[1.870s] -- Found rosidl_adapter: 3.1.5 (/opt/ros/humble/share/rosidl_adapter/cmake)
[1.878s] -- Found rosidl_generator_cpp: 3.1.5 (/opt/ros/humble/share/rosidl_generator_cpp/cmake)
[1.893s] -- Using all available rosidl_typesupport_c: rosidl_typesupport_fastrtps_c;rosidl_typesupport_introspection_c
[1.906s] -- Using all available rosidl_typesupport_cpp: rosidl_typesupport_fastrtps_cpp;rosidl_typesupport_introspection_cpp
[1.959s] -- Found rmw_implementation_cmake: 6.1.1 (/opt/ros/humble/share/rmw_implementation_cmake/cmake)
[1.961s] -- Found rmw_fastrtps_cpp: 6.2.6 (/opt/ros/humble/share/rmw_fastrtps_cpp/cmake)
[1.991s] -- Found TinyXML2 via Config file: /usr/local/lib/cmake/tinyxml2
[2.014s] -- Found OpenSSL: /usr/lib/x86_64-linux-gnu/libcrypto.so (found version "3.0.2")  
[2.017s] -- Found TinyXML2 via Config file: /usr/local/lib/cmake/tinyxml2
[2.165s] -- Found FastRTPS: /opt/ros/humble/include  
[2.173s] -- Found TinyXML2 via Config file: /usr/local/lib/cmake/tinyxml2
[2.179s] -- Found TinyXML2 via Config file: /usr/local/lib/cmake/tinyxml2
[2.259s] -- Using RMW implementation 'rmw_fastrtps_cpp' as default
[2.269s] -- Looking for pthread.h
[2.456s] -- Looking for pthread.h - found
[2.456s] -- Performing Test CMAKE_HAVE_LIBC_PTHREAD
[2.562s] -- Performing Test CMAKE_HAVE_LIBC_PTHREAD - Success
[2.562s] -- Found Threads: TRUE  
[2.687s] -- Found ament_lint_auto: 0.12.10 (/opt/ros/humble/share/ament_lint_auto/cmake)
[2.751s] -- Added test 'cppcheck' to perform static code analysis on C / C++ code
[2.751s] -- Configured cppcheck include dirs: 
[2.751s] -- Configured cppcheck exclude dirs and/or files: 
[2.752s] -- Added test 'flake8' to check Python code syntax and style conventions
[2.753s] -- Added test 'lint_cmake' to check CMake code style
[2.754s] -- Added test 'pep257' to check Python code against some of the docstring style conventions in PEP 257
[2.756s] -- Added test 'uncrustify' to check C / C++ code style
[2.756s] -- Configured uncrustify additional arguments: 
[2.757s] -- Added test 'xmllint' to check XML markup files
[2.759s] -- Configuring done
[2.762s] -- Generating done
[2.763s] -- Build files have been written to: /home/p_rawicht/bb_ws/src/robot_description/build/robot_description
[2.770s] Invoked command in '/home/p_rawicht/bb_ws/src/robot_description/build/robot_description' returned '0': CMAKE_PREFIX_PATH=${CMAKE_PREFIX_PATH}:/opt/ros/humble /usr/bin/cmake /home/p_rawicht/bb_ws/src/robot_description -DCMAKE_INSTALL_PREFIX=/home/p_rawicht/bb_ws/src/robot_description/install/robot_description
[2.771s] Invoking command in '/home/p_rawicht/bb_ws/src/robot_description/build/robot_description': CMAKE_PREFIX_PATH=${CMAKE_PREFIX_PATH}:/opt/ros/humble /usr/bin/cmake --build /home/p_rawicht/bb_ws/src/robot_description/build/robot_description -- -j20 -l20
[2.793s] Invoked command in '/home/p_rawicht/bb_ws/src/robot_description/build/robot_description' returned '0': CMAKE_PREFIX_PATH=${CMAKE_PREFIX_PATH}:/opt/ros/humble /usr/bin/cmake --build /home/p_rawicht/bb_ws/src/robot_description/build/robot_description -- -j20 -l20
[2.810s] Invoking command in '/home/p_rawicht/bb_ws/src/robot_description/build/robot_description': CMAKE_PREFIX_PATH=${CMAKE_PREFIX_PATH}:/opt/ros/humble /usr/bin/cmake --install /home/p_rawicht/bb_ws/src/robot_description/build/robot_description
[2.814s] -- Install configuration: ""
[2.814s] -- Installing: /home/p_rawicht/bb_ws/src/robot_description/install/robot_description/share/robot_description/launch
[2.814s] -- Installing: /home/p_rawicht/bb_ws/src/robot_description/install/robot_description/share/robot_description/launch/display.launch.py
[2.815s] -- Installing: /home/p_rawicht/bb_ws/src/robot_description/install/robot_description/share/robot_description/urdf
[2.815s] -- Installing: /home/p_rawicht/bb_ws/src/robot_description/install/robot_description/share/robot_description/urdf/bb_bot.urdf.xacro
[2.815s] -- Installing: /home/p_rawicht/bb_ws/src/robot_description/install/robot_description/share/robot_description/rviz
[2.815s] -- Installing: /home/p_rawicht/bb_ws/src/robot_description/install/robot_description/share/robot_description/rviz/display.rviz
[2.816s] -- Installing: /home/p_rawicht/bb_ws/src/robot_description/install/robot_description/share/ament_index/resource_index/package_run_dependencies/robot_description
[2.816s] -- Installing: /home/p_rawicht/bb_ws/src/robot_description/install/robot_description/share/ament_index/resource_index/parent_prefix_path/robot_description
[2.816s] -- Installing: /home/p_rawicht/bb_ws/src/robot_description/install/robot_description/share/robot_description/environment/ament_prefix_path.sh
[2.816s] -- Installing: /home/p_rawicht/bb_ws/src/robot_description/install/robot_description/share/robot_description/environment/ament_prefix_path.dsv
[2.816s] -- Installing: /home/p_rawicht/bb_ws/src/robot_description/install/robot_description/share/robot_description/environment/path.sh
[2.816s] -- Installing: /home/p_rawicht/bb_ws/src/robot_description/install/robot_description/share/robot_description/environment/path.dsv
[2.816s] -- Installing: /home/p_rawicht/bb_ws/src/robot_description/install/robot_description/share/robot_description/local_setup.bash
[2.817s] -- Installing: /home/p_rawicht/bb_ws/src/robot_description/install/robot_description/share/robot_description/local_setup.sh
[2.817s] -- Installing: /home/p_rawicht/bb_ws/src/robot_description/install/robot_description/share/robot_description/local_setup.zsh
[2.817s] -- Installing: /home/p_rawicht/bb_ws/src/robot_description/install/robot_description/share/robot_description/local_setup.dsv
[2.817s] -- Installing: /home/p_rawicht/bb_ws/src/robot_description/install/robot_description/share/robot_description/package.dsv
[2.817s] -- Installing: /home/p_rawicht/bb_ws/src/robot_description/install/robot_description/share/ament_index/resource_index/packages/robot_description
[2.817s] -- Installing: /home/p_rawicht/bb_ws/src/robot_description/install/robot_description/share/robot_description/cmake/robot_descriptionConfig.cmake
[2.817s] -- Installing: /home/p_rawicht/bb_ws/src/robot_description/install/robot_description/share/robot_description/cmake/robot_descriptionConfig-version.cmake
[2.817s] -- Installing: /home/p_rawicht/bb_ws/src/robot_description/install/robot_description/share/robot_description/package.xml
[2.818s] Invoked command in '/home/p_rawicht/bb_ws/src/robot_description/build/robot_description' returned '0': CMAKE_PREFIX_PATH=${CMAKE_PREFIX_PATH}:/opt/ros/humble /usr/bin/cmake --install /home/p_rawicht/bb_ws/src/robot_description/build/robot_description
