[1.512s] Invoking command in '/home/smr/ros2_self_driving_robot/src/python_pkg': PYTHONPATH=/home/smr/ros2_self_driving_robot/build/python_pkg/prefix_override:/home/smr/ros2_self_driving_robot/install/python_pkg/lib/python3.10/site-packages:${PYTHONPATH} /usr/bin/python3 -W ignore:setup.py install is deprecated setup.py egg_info --egg-base ../../build/python_pkg build --build-base /home/smr/ros2_self_driving_robot/build/python_pkg/build install --record /home/smr/ros2_self_driving_robot/build/python_pkg/install.log --single-version-externally-managed install_data
[1.889s] running egg_info
[1.889s] writing ../../build/python_pkg/python_pkg.egg-info/PKG-INFO
[1.889s] writing dependency_links to ../../build/python_pkg/python_pkg.egg-info/dependency_links.txt
[1.890s] writing entry points to ../../build/python_pkg/python_pkg.egg-info/entry_points.txt
[1.890s] writing requirements to ../../build/python_pkg/python_pkg.egg-info/requires.txt
[1.890s] writing top-level names to ../../build/python_pkg/python_pkg.egg-info/top_level.txt
[1.893s] reading manifest file '../../build/python_pkg/python_pkg.egg-info/SOURCES.txt'
[1.894s] writing manifest file '../../build/python_pkg/python_pkg.egg-info/SOURCES.txt'
[1.894s] running build
[1.894s] running build_py
[1.896s] running install
[1.896s] running install_lib
[1.898s] running install_data
[1.898s] running install_egg_info
[1.901s] removing '/home/smr/ros2_self_driving_robot/install/python_pkg/lib/python3.10/site-packages/python_pkg-0.0.0-py3.10.egg-info' (and everything under it)
[1.901s] Copying ../../build/python_pkg/python_pkg.egg-info to /home/smr/ros2_self_driving_robot/install/python_pkg/lib/python3.10/site-packages/python_pkg-0.0.0-py3.10.egg-info
[1.903s] running install_scripts
[1.931s] writing list of installed files to '/home/smr/ros2_self_driving_robot/build/python_pkg/install.log'
[2.023s] Invoked command in '/home/smr/ros2_self_driving_robot/src/python_pkg' returned '0': PYTHONPATH=/home/smr/ros2_self_driving_robot/build/python_pkg/prefix_override:/home/smr/ros2_self_driving_robot/install/python_pkg/lib/python3.10/site-packages:${PYTHONPATH} /usr/bin/python3 -W ignore:setup.py install is deprecated setup.py egg_info --egg-base ../../build/python_pkg build --build-base /home/smr/ros2_self_driving_robot/build/python_pkg/build install --record /home/smr/ros2_self_driving_robot/build/python_pkg/install.log --single-version-externally-managed install_data
