[0.011s] Invoking command in '/home/p_rawicht/bb_ws/build/my_package': CMAKE_PREFIX_PATH=${CMAKE_PREFIX_PATH}:/opt/ros/humble /usr/bin/cmake --build /home/p_rawicht/bb_ws/build/my_package -- -j20 -l20
[0.029s] Invoked command in '/home/p_rawicht/bb_ws/build/my_package' returned '0': CMAKE_PREFIX_PATH=${CMAKE_PREFIX_PATH}:/opt/ros/humble /usr/bin/cmake --build /home/p_rawicht/bb_ws/build/my_package -- -j20 -l20
[0.050s] Invoking command in '/home/p_rawicht/bb_ws/build/my_package': CMAKE_PREFIX_PATH=${CMAKE_PREFIX_PATH}:/opt/ros/humble /usr/bin/cmake --install /home/p_rawicht/bb_ws/build/my_package
[0.053s] -- Install configuration: ""
[0.053s] -- Up-to-date: /home/p_rawicht/bb_ws/install/my_package/share/ament_index/resource_index/package_run_dependencies/my_package
[0.053s] -- Up-to-date: /home/p_rawicht/bb_ws/install/my_package/share/ament_index/resource_index/parent_prefix_path/my_package
[0.053s] -- Up-to-date: /home/p_rawicht/bb_ws/install/my_package/share/my_package/environment/ament_prefix_path.sh
[0.053s] -- Up-to-date: /home/p_rawicht/bb_ws/install/my_package/share/my_package/environment/ament_prefix_path.dsv
[0.054s] -- Up-to-date: /home/p_rawicht/bb_ws/install/my_package/share/my_package/environment/path.sh
[0.054s] -- Up-to-date: /home/p_rawicht/bb_ws/install/my_package/share/my_package/environment/path.dsv
[0.054s] -- Up-to-date: /home/p_rawicht/bb_ws/install/my_package/share/my_package/local_setup.bash
[0.054s] -- Up-to-date: /home/p_rawicht/bb_ws/install/my_package/share/my_package/local_setup.sh
[0.054s] -- Up-to-date: /home/p_rawicht/bb_ws/install/my_package/share/my_package/local_setup.zsh
[0.054s] -- Up-to-date: /home/p_rawicht/bb_ws/install/my_package/share/my_package/local_setup.dsv
[0.056s] -- Installing: /home/p_rawicht/bb_ws/install/my_package/share/my_package/package.dsv
[0.056s] -- Up-to-date: /home/p_rawicht/bb_ws/install/my_package/share/ament_index/resource_index/packages/my_package
[0.056s] -- Up-to-date: /home/p_rawicht/bb_ws/install/my_package/share/my_package/cmake/my_packageConfig.cmake
[0.057s] -- Up-to-date: /home/p_rawicht/bb_ws/install/my_package/share/my_package/cmake/my_packageConfig-version.cmake
[0.057s] -- Up-to-date: /home/p_rawicht/bb_ws/install/my_package/share/my_package/package.xml
[0.058s] Invoked command in '/home/p_rawicht/bb_ws/build/my_package' returned '0': CMAKE_PREFIX_PATH=${CMAKE_PREFIX_PATH}:/opt/ros/humble /usr/bin/cmake --install /home/p_rawicht/bb_ws/build/my_package
