[0.038s] Invoking command in '/home/smr/ros2_self_driving_robot/build/robot_bringup': CMAKE_PREFIX_PATH=${CMAKE_PREFIX_PATH}:/opt/ros/humble /usr/bin/cmake --build /home/smr/ros2_self_driving_robot/build/robot_bringup -- -j8 -l8
[0.198s] Invoked command in '/home/smr/ros2_self_driving_robot/build/robot_bringup' returned '0': CMAKE_PREFIX_PATH=${CMAKE_PREFIX_PATH}:/opt/ros/humble /usr/bin/cmake --build /home/smr/ros2_self_driving_robot/build/robot_bringup -- -j8 -l8
[0.278s] Invoking command in '/home/smr/ros2_self_driving_robot/build/robot_bringup': CMAKE_PREFIX_PATH=${CMAKE_PREFIX_PATH}:/opt/ros/humble /usr/bin/cmake --install /home/smr/ros2_self_driving_robot/build/robot_bringup
[0.289s] -- Install configuration: ""
[0.290s] -- Up-to-date: /home/smr/ros2_self_driving_robot/install/robot_bringup/share/robot_bringup/launch
[0.290s] -- Up-to-date: /home/smr/ros2_self_driving_robot/install/robot_bringup/share/robot_bringup/launch/bringup.launch.py
[0.291s] -- Up-to-date: /home/smr/ros2_self_driving_robot/install/robot_bringup/share/robot_bringup/config
[0.291s] -- Installing: /home/smr/ros2_self_driving_robot/install/robot_bringup/share/robot_bringup/config/ekf.yaml
[0.291s] -- Up-to-date: /home/smr/ros2_self_driving_robot/install/robot_bringup/share/ament_index/resource_index/package_run_dependencies/robot_bringup
[0.292s] -- Up-to-date: /home/smr/ros2_self_driving_robot/install/robot_bringup/share/ament_index/resource_index/parent_prefix_path/robot_bringup
[0.292s] -- Up-to-date: /home/smr/ros2_self_driving_robot/install/robot_bringup/share/robot_bringup/environment/ament_prefix_path.sh
[0.292s] -- Up-to-date: /home/smr/ros2_self_driving_robot/install/robot_bringup/share/robot_bringup/environment/ament_prefix_path.dsv
[0.293s] -- Up-to-date: /home/smr/ros2_self_driving_robot/install/robot_bringup/share/robot_bringup/environment/path.sh
[0.293s] -- Up-to-date: /home/smr/ros2_self_driving_robot/install/robot_bringup/share/robot_bringup/environment/path.dsv
[0.293s] -- Up-to-date: /home/smr/ros2_self_driving_robot/install/robot_bringup/share/robot_bringup/local_setup.bash
[0.293s] -- Up-to-date: /home/smr/ros2_self_driving_robot/install/robot_bringup/share/robot_bringup/local_setup.sh
[0.294s] -- Up-to-date: /home/smr/ros2_self_driving_robot/install/robot_bringup/share/robot_bringup/local_setup.zsh
[0.295s] -- Up-to-date: /home/smr/ros2_self_driving_robot/install/robot_bringup/share/robot_bringup/local_setup.dsv
[0.296s] -- Installing: /home/smr/ros2_self_driving_robot/install/robot_bringup/share/robot_bringup/package.dsv
[0.298s] -- Up-to-date: /home/smr/ros2_self_driving_robot/install/robot_bringup/share/ament_index/resource_index/packages/robot_bringup
[0.299s] -- Up-to-date: /home/smr/ros2_self_driving_robot/install/robot_bringup/share/robot_bringup/cmake/robot_bringupConfig.cmake
[0.300s] -- Up-to-date: /home/smr/ros2_self_driving_robot/install/robot_bringup/share/robot_bringup/cmake/robot_bringupConfig-version.cmake
[0.300s] -- Up-to-date: /home/smr/ros2_self_driving_robot/install/robot_bringup/share/robot_bringup/package.xml
[0.316s] Invoked command in '/home/smr/ros2_self_driving_robot/build/robot_bringup' returned '0': CMAKE_PREFIX_PATH=${CMAKE_PREFIX_PATH}:/opt/ros/humble /usr/bin/cmake --install /home/smr/ros2_self_driving_robot/build/robot_bringup
