[0.065s] Invoking command in '/home/smr/ros2_self_driving_robot/build/nav2_behavior_plugin': CMAKE_PREFIX_PATH=${CMAKE_PREFIX_PATH}:/home/smr/ros2_self_driving_robot/install/python_pkg /usr/bin/cmake --build /home/smr/ros2_self_driving_robot/build/nav2_behavior_plugin -- -j8 -l8
[0.669s] [35m[1mConsolidate compiler generated dependencies of target nav2_behavior_plugin__rosidl_generator_c[0m
[0.670s] [  0%] Built target ament_cmake_python_copy_nav2_behavior_plugin
[0.670s] [  6%] Built target nav2_behavior_plugin__cpp
[0.671s] [ 12%] Built target nav2_behavior_plugin__rosidl_generator_c
[0.671s] [35m[1mConsolidate compiler generated dependencies of target nav2_behavior_plugin__rosidl_typesupport_fastrtps_c[0m
[0.672s] [35m[1mConsolidate compiler generated dependencies of target nav2_behavior_plugin__rosidl_typesupport_c[0m
[0.672s] [35m[1mConsolidate compiler generated dependencies of target nav2_behavior_plugin__rosidl_typesupport_introspection_c[0m
[0.672s] [35m[1mConsolidate compiler generated dependencies of target nav2_behavior_plugin__rosidl_typesupport_introspection_cpp[0m
[0.673s] [ 21%] Built target nav2_behavior_plugin__rosidl_typesupport_c
[0.673s] [ 30%] Built target nav2_behavior_plugin__rosidl_typesupport_fastrtps_c
[0.674s] [ 39%] Built target nav2_behavior_plugin__rosidl_typesupport_introspection_c
[0.674s] [35m[1mConsolidate compiler generated dependencies of target nav2_behavior_plugin__rosidl_typesupport_cpp[0m
[0.675s] [ 48%] Built target nav2_behavior_plugin__rosidl_typesupport_introspection_cpp
[0.675s] [ 57%] Built target nav2_behavior_plugin__rosidl_typesupport_cpp
[0.675s] [35m[1mConsolidate compiler generated dependencies of target nav2_behavior_plugin__rosidl_typesupport_fastrtps_cpp[0m
[0.675s] [35m[1mConsolidate compiler generated dependencies of target nav2_behavior_plugin_[0m
[0.675s] [ 66%] Built target nav2_behavior_plugin__rosidl_typesupport_fastrtps_cpp
[0.675s] [ 66%] Built target nav2_behavior_plugin
[0.675s] [ 72%] Built target nav2_behavior_plugin_
[0.685s] [ 75%] Built target nav2_behavior_plugin__py
[0.731s] [35m[1mConsolidate compiler generated dependencies of target nav2_behavior_plugin__rosidl_generator_py[0m
[0.744s] running egg_info
[0.746s] writing nav2_behavior_plugin.egg-info/PKG-INFO
[0.747s] writing dependency_links to nav2_behavior_plugin.egg-info/dependency_links.txt
[0.749s] writing top-level names to nav2_behavior_plugin.egg-info/top_level.txt
[0.767s] reading manifest file 'nav2_behavior_plugin.egg-info/SOURCES.txt'
[0.768s] writing manifest file 'nav2_behavior_plugin.egg-info/SOURCES.txt'
[0.791s] [ 81%] Built target nav2_behavior_plugin__rosidl_generator_py
[0.830s] [35m[1mConsolidate compiler generated dependencies of target nav2_behavior_plugin__rosidl_typesupport_c__pyext[0m
[0.849s] [ 81%] Built target ament_cmake_python_build_nav2_behavior_plugin_egg
[0.852s] [35m[1mConsolidate compiler generated dependencies of target nav2_behavior_plugin__rosidl_typesupport_fastrtps_c__pyext[0m
[0.861s] [35m[1mConsolidate compiler generated dependencies of target nav2_behavior_plugin__rosidl_typesupport_introspection_c__pyext[0m
[0.875s] [ 87%] Built target nav2_behavior_plugin__rosidl_typesupport_c__pyext
[0.928s] [ 93%] Built target nav2_behavior_plugin__rosidl_typesupport_fastrtps_c__pyext
[0.937s] [100%] Built target nav2_behavior_plugin__rosidl_typesupport_introspection_c__pyext
[0.982s] Invoked command in '/home/smr/ros2_self_driving_robot/build/nav2_behavior_plugin' returned '0': CMAKE_PREFIX_PATH=${CMAKE_PREFIX_PATH}:/home/smr/ros2_self_driving_robot/install/python_pkg /usr/bin/cmake --build /home/smr/ros2_self_driving_robot/build/nav2_behavior_plugin -- -j8 -l8
[1.188s] Invoking command in '/home/smr/ros2_self_driving_robot/build/nav2_behavior_plugin': CMAKE_PREFIX_PATH=${CMAKE_PREFIX_PATH}:/home/smr/ros2_self_driving_robot/install/python_pkg /usr/bin/cmake --install /home/smr/ros2_self_driving_robot/build/nav2_behavior_plugin
[1.200s] -- Install configuration: ""
[1.201s] -- Up-to-date: /home/smr/ros2_self_driving_robot/install/nav2_behavior_plugin/share/ament_index/resource_index/rosidl_interfaces/nav2_behavior_plugin
[1.201s] -- Up-to-date: /home/smr/ros2_self_driving_robot/install/nav2_behavior_plugin/include/nav2_behavior_plugin/nav2_behavior_plugin
[1.201s] -- Up-to-date: /home/smr/ros2_self_driving_robot/install/nav2_behavior_plugin/include/nav2_behavior_plugin/nav2_behavior_plugin/msg
[1.202s] -- Up-to-date: /home/smr/ros2_self_driving_robot/install/nav2_behavior_plugin/include/nav2_behavior_plugin/nav2_behavior_plugin/msg/rosidl_generator_c__visibility_control.h
[1.202s] -- Up-to-date: /home/smr/ros2_self_driving_robot/install/nav2_behavior_plugin/include/nav2_behavior_plugin/nav2_behavior_plugin/action
[1.202s] -- Up-to-date: /home/smr/ros2_self_driving_robot/install/nav2_behavior_plugin/include/nav2_behavior_plugin/nav2_behavior_plugin/action/obstacle_warning.h
[1.202s] -- Up-to-date: /home/smr/ros2_self_driving_robot/install/nav2_behavior_plugin/include/nav2_behavior_plugin/nav2_behavior_plugin/action/detail
[1.202s] -- Up-to-date: /home/smr/ros2_self_driving_robot/install/nav2_behavior_plugin/include/nav2_behavior_plugin/nav2_behavior_plugin/action/detail/obstacle_warning__struct.h
[1.202s] -- Up-to-date: /home/smr/ros2_self_driving_robot/install/nav2_behavior_plugin/include/nav2_behavior_plugin/nav2_behavior_plugin/action/detail/obstacle_warning__functions.c
[1.203s] -- Up-to-date: /home/smr/ros2_self_driving_robot/install/nav2_behavior_plugin/include/nav2_behavior_plugin/nav2_behavior_plugin/action/detail/obstacle_warning__functions.h
[1.203s] -- Up-to-date: /home/smr/ros2_self_driving_robot/install/nav2_behavior_plugin/include/nav2_behavior_plugin/nav2_behavior_plugin/action/detail/obstacle_warning__type_support.h
[1.203s] -- Up-to-date: /home/smr/ros2_self_driving_robot/install/nav2_behavior_plugin/share/nav2_behavior_plugin/environment/library_path.sh
[1.203s] -- Up-to-date: /home/smr/ros2_self_driving_robot/install/nav2_behavior_plugin/share/nav2_behavior_plugin/environment/library_path.dsv
[1.204s] -- Up-to-date: /home/smr/ros2_self_driving_robot/install/nav2_behavior_plugin/lib/libnav2_behavior_plugin__rosidl_generator_c.so
[1.204s] -- Up-to-date: /home/smr/ros2_self_driving_robot/install/nav2_behavior_plugin/include/nav2_behavior_plugin/nav2_behavior_plugin
[1.204s] -- Up-to-date: /home/smr/ros2_self_driving_robot/install/nav2_behavior_plugin/include/nav2_behavior_plugin/nav2_behavior_plugin/msg
[1.204s] -- Up-to-date: /home/smr/ros2_self_driving_robot/install/nav2_behavior_plugin/include/nav2_behavior_plugin/nav2_behavior_plugin/msg/rosidl_typesupport_fastrtps_c__visibility_control.h
[1.204s] -- Up-to-date: /home/smr/ros2_self_driving_robot/install/nav2_behavior_plugin/include/nav2_behavior_plugin/nav2_behavior_plugin/action
[1.204s] -- Up-to-date: /home/smr/ros2_self_driving_robot/install/nav2_behavior_plugin/include/nav2_behavior_plugin/nav2_behavior_plugin/action/detail
[1.204s] -- Up-to-date: /home/smr/ros2_self_driving_robot/install/nav2_behavior_plugin/include/nav2_behavior_plugin/nav2_behavior_plugin/action/detail/obstacle_warning__rosidl_typesupport_fastrtps_c.h
[1.208s] -- Up-to-date: /home/smr/ros2_self_driving_robot/install/nav2_behavior_plugin/lib/libnav2_behavior_plugin__rosidl_typesupport_fastrtps_c.so
[1.210s] -- Up-to-date: /home/smr/ros2_self_driving_robot/install/nav2_behavior_plugin/include/nav2_behavior_plugin/nav2_behavior_plugin
[1.210s] -- Up-to-date: /home/smr/ros2_self_driving_robot/install/nav2_behavior_plugin/include/nav2_behavior_plugin/nav2_behavior_plugin/action
[1.210s] -- Up-to-date: /home/smr/ros2_self_driving_robot/install/nav2_behavior_plugin/include/nav2_behavior_plugin/nav2_behavior_plugin/action/obstacle_warning.hpp
[1.213s] -- Up-to-date: /home/smr/ros2_self_driving_robot/install/nav2_behavior_plugin/include/nav2_behavior_plugin/nav2_behavior_plugin/action/detail
[1.214s] -- Up-to-date: /home/smr/ros2_self_driving_robot/install/nav2_behavior_plugin/include/nav2_behavior_plugin/nav2_behavior_plugin/action/detail/obstacle_warning__builder.hpp
[1.214s] -- Up-to-date: /home/smr/ros2_self_driving_robot/install/nav2_behavior_plugin/include/nav2_behavior_plugin/nav2_behavior_plugin/action/detail/obstacle_warning__traits.hpp
[1.214s] -- Up-to-date: /home/smr/ros2_self_driving_robot/install/nav2_behavior_plugin/include/nav2_behavior_plugin/nav2_behavior_plugin/action/detail/obstacle_warning__struct.hpp
[1.214s] -- Up-to-date: /home/smr/ros2_self_driving_robot/install/nav2_behavior_plugin/include/nav2_behavior_plugin/nav2_behavior_plugin
[1.214s] -- Up-to-date: /home/smr/ros2_self_driving_robot/install/nav2_behavior_plugin/include/nav2_behavior_plugin/nav2_behavior_plugin/msg
[1.214s] -- Up-to-date: /home/smr/ros2_self_driving_robot/install/nav2_behavior_plugin/include/nav2_behavior_plugin/nav2_behavior_plugin/msg/rosidl_typesupport_fastrtps_cpp__visibility_control.h
[1.214s] -- Up-to-date: /home/smr/ros2_self_driving_robot/install/nav2_behavior_plugin/include/nav2_behavior_plugin/nav2_behavior_plugin/action
[1.214s] -- Up-to-date: /home/smr/ros2_self_driving_robot/install/nav2_behavior_plugin/include/nav2_behavior_plugin/nav2_behavior_plugin/action/detail
[1.214s] -- Up-to-date: /home/smr/ros2_self_driving_robot/install/nav2_behavior_plugin/include/nav2_behavior_plugin/nav2_behavior_plugin/action/detail/obstacle_warning__rosidl_typesupport_fastrtps_cpp.hpp
[1.214s] -- Up-to-date: /home/smr/ros2_self_driving_robot/install/nav2_behavior_plugin/include/nav2_behavior_plugin/nav2_behavior_plugin/action/detail/dds_fastrtps
[1.215s] -- Up-to-date: /home/smr/ros2_self_driving_robot/install/nav2_behavior_plugin/lib/libnav2_behavior_plugin__rosidl_typesupport_fastrtps_cpp.so
[1.232s] -- Up-to-date: /home/smr/ros2_self_driving_robot/install/nav2_behavior_plugin/include/nav2_behavior_plugin/nav2_behavior_plugin
[1.233s] -- Up-to-date: /home/smr/ros2_self_driving_robot/install/nav2_behavior_plugin/include/nav2_behavior_plugin/nav2_behavior_plugin/msg
[1.233s] -- Up-to-date: /home/smr/ros2_self_driving_robot/install/nav2_behavior_plugin/include/nav2_behavior_plugin/nav2_behavior_plugin/msg/rosidl_typesupport_introspection_c__visibility_control.h
[1.233s] -- Up-to-date: /home/smr/ros2_self_driving_robot/install/nav2_behavior_plugin/include/nav2_behavior_plugin/nav2_behavior_plugin/action
[1.233s] -- Up-to-date: /home/smr/ros2_self_driving_robot/install/nav2_behavior_plugin/include/nav2_behavior_plugin/nav2_behavior_plugin/action/detail
[1.233s] -- Up-to-date: /home/smr/ros2_self_driving_robot/install/nav2_behavior_plugin/include/nav2_behavior_plugin/nav2_behavior_plugin/action/detail/obstacle_warning__type_support.c
[1.233s] -- Up-to-date: /home/smr/ros2_self_driving_robot/install/nav2_behavior_plugin/include/nav2_behavior_plugin/nav2_behavior_plugin/action/detail/obstacle_warning__rosidl_typesupport_introspection_c.h
[1.234s] -- Up-to-date: /home/smr/ros2_self_driving_robot/install/nav2_behavior_plugin/lib/libnav2_behavior_plugin__rosidl_typesupport_introspection_c.so
[1.234s] -- Up-to-date: /home/smr/ros2_self_driving_robot/install/nav2_behavior_plugin/lib/libnav2_behavior_plugin__rosidl_typesupport_c.so
[1.234s] -- Up-to-date: /home/smr/ros2_self_driving_robot/install/nav2_behavior_plugin/include/nav2_behavior_plugin/nav2_behavior_plugin
[1.234s] -- Up-to-date: /home/smr/ros2_self_driving_robot/install/nav2_behavior_plugin/include/nav2_behavior_plugin/nav2_behavior_plugin/action
[1.234s] -- Up-to-date: /home/smr/ros2_self_driving_robot/install/nav2_behavior_plugin/include/nav2_behavior_plugin/nav2_behavior_plugin/action/detail
[1.234s] -- Up-to-date: /home/smr/ros2_self_driving_robot/install/nav2_behavior_plugin/include/nav2_behavior_plugin/nav2_behavior_plugin/action/detail/obstacle_warning__rosidl_typesupport_introspection_cpp.hpp
[1.234s] -- Up-to-date: /home/smr/ros2_self_driving_robot/install/nav2_behavior_plugin/include/nav2_behavior_plugin/nav2_behavior_plugin/action/detail/obstacle_warning__type_support.cpp
[1.234s] -- Up-to-date: /home/smr/ros2_self_driving_robot/install/nav2_behavior_plugin/lib/libnav2_behavior_plugin__rosidl_typesupport_introspection_cpp.so
[1.246s] -- Up-to-date: /home/smr/ros2_self_driving_robot/install/nav2_behavior_plugin/lib/libnav2_behavior_plugin__rosidl_typesupport_cpp.so
[1.247s] -- Up-to-date: /home/smr/ros2_self_driving_robot/install/nav2_behavior_plugin/share/nav2_behavior_plugin/environment/pythonpath.sh
[1.251s] -- Up-to-date: /home/smr/ros2_self_driving_robot/install/nav2_behavior_plugin/share/nav2_behavior_plugin/environment/pythonpath.dsv
[1.252s] -- Up-to-date: /home/smr/ros2_self_driving_robot/install/nav2_behavior_plugin/local/lib/python3.10/dist-packages/nav2_behavior_plugin-0.0.0-py3.10.egg-info
[1.253s] -- Installing: /home/smr/ros2_self_driving_robot/install/nav2_behavior_plugin/local/lib/python3.10/dist-packages/nav2_behavior_plugin-0.0.0-py3.10.egg-info/SOURCES.txt
[1.253s] -- Installing: /home/smr/ros2_self_driving_robot/install/nav2_behavior_plugin/local/lib/python3.10/dist-packages/nav2_behavior_plugin-0.0.0-py3.10.egg-info/PKG-INFO
[1.254s] -- Installing: /home/smr/ros2_self_driving_robot/install/nav2_behavior_plugin/local/lib/python3.10/dist-packages/nav2_behavior_plugin-0.0.0-py3.10.egg-info/top_level.txt
[1.254s] -- Installing: /home/smr/ros2_self_driving_robot/install/nav2_behavior_plugin/local/lib/python3.10/dist-packages/nav2_behavior_plugin-0.0.0-py3.10.egg-info/dependency_links.txt
[1.254s] -- Up-to-date: /home/smr/ros2_self_driving_robot/install/nav2_behavior_plugin/local/lib/python3.10/dist-packages/nav2_behavior_plugin
[1.254s] -- Up-to-date: /home/smr/ros2_self_driving_robot/install/nav2_behavior_plugin/local/lib/python3.10/dist-packages/nav2_behavior_plugin/nav2_behavior_plugin_s__rosidl_typesupport_introspection_c.cpython-310-aarch64-linux-gnu.so
[1.254s] -- Up-to-date: /home/smr/ros2_self_driving_robot/install/nav2_behavior_plugin/local/lib/python3.10/dist-packages/nav2_behavior_plugin/nav2_behavior_plugin_s__rosidl_typesupport_fastrtps_c.cpython-310-aarch64-linux-gnu.so
[1.255s] -- Up-to-date: /home/smr/ros2_self_driving_robot/install/nav2_behavior_plugin/local/lib/python3.10/dist-packages/nav2_behavior_plugin/_nav2_behavior_plugin_s.ep.rosidl_typesupport_introspection_c.c
[1.255s] -- Up-to-date: /home/smr/ros2_self_driving_robot/install/nav2_behavior_plugin/local/lib/python3.10/dist-packages/nav2_behavior_plugin/nav2_behavior_plugin_s__rosidl_typesupport_c.cpython-310-aarch64-linux-gnu.so
[1.255s] -- Up-to-date: /home/smr/ros2_self_driving_robot/install/nav2_behavior_plugin/local/lib/python3.10/dist-packages/nav2_behavior_plugin/_nav2_behavior_plugin_s.ep.rosidl_typesupport_fastrtps_c.c
[1.255s] -- Up-to-date: /home/smr/ros2_self_driving_robot/install/nav2_behavior_plugin/local/lib/python3.10/dist-packages/nav2_behavior_plugin/action
[1.255s] -- Up-to-date: /home/smr/ros2_self_driving_robot/install/nav2_behavior_plugin/local/lib/python3.10/dist-packages/nav2_behavior_plugin/action/_obstacle_warning.py
[1.256s] -- Up-to-date: /home/smr/ros2_self_driving_robot/install/nav2_behavior_plugin/local/lib/python3.10/dist-packages/nav2_behavior_plugin/action/_obstacle_warning_s.c
[1.256s] -- Up-to-date: /home/smr/ros2_self_driving_robot/install/nav2_behavior_plugin/local/lib/python3.10/dist-packages/nav2_behavior_plugin/action/__init__.py
[1.256s] -- Up-to-date: /home/smr/ros2_self_driving_robot/install/nav2_behavior_plugin/local/lib/python3.10/dist-packages/nav2_behavior_plugin/libnav2_behavior_plugin__rosidl_generator_py.so
[1.256s] -- Up-to-date: /home/smr/ros2_self_driving_robot/install/nav2_behavior_plugin/local/lib/python3.10/dist-packages/nav2_behavior_plugin/_nav2_behavior_plugin_s.ep.rosidl_typesupport_c.c
[1.256s] -- Up-to-date: /home/smr/ros2_self_driving_robot/install/nav2_behavior_plugin/local/lib/python3.10/dist-packages/nav2_behavior_plugin/__init__.py
[1.310s] Listing '/home/smr/ros2_self_driving_robot/install/nav2_behavior_plugin/local/lib/python3.10/dist-packages/nav2_behavior_plugin'...
[1.311s] Listing '/home/smr/ros2_self_driving_robot/install/nav2_behavior_plugin/local/lib/python3.10/dist-packages/nav2_behavior_plugin/action'...
[1.317s] -- Up-to-date: /home/smr/ros2_self_driving_robot/install/nav2_behavior_plugin/local/lib/python3.10/dist-packages/nav2_behavior_plugin/nav2_behavior_plugin_s__rosidl_typesupport_fastrtps_c.cpython-310-aarch64-linux-gnu.so
[1.320s] -- Up-to-date: /home/smr/ros2_self_driving_robot/install/nav2_behavior_plugin/local/lib/python3.10/dist-packages/nav2_behavior_plugin/nav2_behavior_plugin_s__rosidl_typesupport_introspection_c.cpython-310-aarch64-linux-gnu.so
[1.326s] -- Up-to-date: /home/smr/ros2_self_driving_robot/install/nav2_behavior_plugin/local/lib/python3.10/dist-packages/nav2_behavior_plugin/nav2_behavior_plugin_s__rosidl_typesupport_c.cpython-310-aarch64-linux-gnu.so
[1.331s] -- Up-to-date: /home/smr/ros2_self_driving_robot/install/nav2_behavior_plugin/lib/libnav2_behavior_plugin__rosidl_generator_py.so
[1.332s] -- Up-to-date: /home/smr/ros2_self_driving_robot/install/nav2_behavior_plugin/share/nav2_behavior_plugin/action/ObstacleWarning.idl
[1.333s] -- Up-to-date: /home/smr/ros2_self_driving_robot/install/nav2_behavior_plugin/share/nav2_behavior_plugin/action/ObstacleWarning.action
[1.333s] -- Up-to-date: /home/smr/ros2_self_driving_robot/install/nav2_behavior_plugin/share/nav2_behavior_plugin/behavior_plugin.xml
[1.347s] -- Up-to-date: /home/smr/ros2_self_driving_robot/install/nav2_behavior_plugin/lib/libnav2_behavior_plugin_.so
[1.347s] -- Up-to-date: /home/smr/ros2_self_driving_robot/install/nav2_behavior_plugin/include/
[1.348s] -- Up-to-date: /home/smr/ros2_self_driving_robot/install/nav2_behavior_plugin/include//nav2_behavior_plugin
[1.348s] -- Up-to-date: /home/smr/ros2_self_driving_robot/install/nav2_behavior_plugin/include//nav2_behavior_plugin/obstacle_warning.hpp
[1.349s] -- Up-to-date: /home/smr/ros2_self_driving_robot/install/nav2_behavior_plugin/share/nav2_behavior_plugin/behavior_plugin.xml
[1.350s] -- Up-to-date: /home/smr/ros2_self_driving_robot/install/nav2_behavior_plugin/share/ament_index/resource_index/package_run_dependencies/nav2_behavior_plugin
[1.354s] -- Up-to-date: /home/smr/ros2_self_driving_robot/install/nav2_behavior_plugin/share/ament_index/resource_index/parent_prefix_path/nav2_behavior_plugin
[1.360s] -- Up-to-date: /home/smr/ros2_self_driving_robot/install/nav2_behavior_plugin/share/nav2_behavior_plugin/environment/ament_prefix_path.sh
[1.360s] -- Up-to-date: /home/smr/ros2_self_driving_robot/install/nav2_behavior_plugin/share/nav2_behavior_plugin/environment/ament_prefix_path.dsv
[1.360s] -- Up-to-date: /home/smr/ros2_self_driving_robot/install/nav2_behavior_plugin/share/nav2_behavior_plugin/environment/path.sh
[1.360s] -- Up-to-date: /home/smr/ros2_self_driving_robot/install/nav2_behavior_plugin/share/nav2_behavior_plugin/environment/path.dsv
[1.360s] -- Up-to-date: /home/smr/ros2_self_driving_robot/install/nav2_behavior_plugin/share/nav2_behavior_plugin/local_setup.bash
[1.360s] -- Up-to-date: /home/smr/ros2_self_driving_robot/install/nav2_behavior_plugin/share/nav2_behavior_plugin/local_setup.sh
[1.360s] -- Up-to-date: /home/smr/ros2_self_driving_robot/install/nav2_behavior_plugin/share/nav2_behavior_plugin/local_setup.zsh
[1.361s] -- Up-to-date: /home/smr/ros2_self_driving_robot/install/nav2_behavior_plugin/share/nav2_behavior_plugin/local_setup.dsv
[1.361s] -- Installing: /home/smr/ros2_self_driving_robot/install/nav2_behavior_plugin/share/nav2_behavior_plugin/package.dsv
[1.361s] -- Up-to-date: /home/smr/ros2_self_driving_robot/install/nav2_behavior_plugin/share/ament_index/resource_index/packages/nav2_behavior_plugin
[1.362s] -- Up-to-date: /home/smr/ros2_self_driving_robot/install/nav2_behavior_plugin/share/ament_index/resource_index/nav2_core__pluginlib__plugin/nav2_behavior_plugin
[1.365s] -- Up-to-date: /home/smr/ros2_self_driving_robot/install/nav2_behavior_plugin/share/nav2_behavior_plugin/cmake/export_nav2_behavior_plugin__rosidl_generator_cExport.cmake
[1.365s] -- Up-to-date: /home/smr/ros2_self_driving_robot/install/nav2_behavior_plugin/share/nav2_behavior_plugin/cmake/export_nav2_behavior_plugin__rosidl_generator_cExport-noconfig.cmake
[1.365s] -- Up-to-date: /home/smr/ros2_self_driving_robot/install/nav2_behavior_plugin/share/nav2_behavior_plugin/cmake/export_nav2_behavior_plugin__rosidl_typesupport_fastrtps_cExport.cmake
[1.365s] -- Up-to-date: /home/smr/ros2_self_driving_robot/install/nav2_behavior_plugin/share/nav2_behavior_plugin/cmake/export_nav2_behavior_plugin__rosidl_typesupport_fastrtps_cExport-noconfig.cmake
[1.365s] -- Up-to-date: /home/smr/ros2_self_driving_robot/install/nav2_behavior_plugin/share/nav2_behavior_plugin/cmake/export_nav2_behavior_plugin__rosidl_generator_cppExport.cmake
[1.365s] -- Up-to-date: /home/smr/ros2_self_driving_robot/install/nav2_behavior_plugin/share/nav2_behavior_plugin/cmake/export_nav2_behavior_plugin__rosidl_typesupport_fastrtps_cppExport.cmake
[1.366s] -- Up-to-date: /home/smr/ros2_self_driving_robot/install/nav2_behavior_plugin/share/nav2_behavior_plugin/cmake/export_nav2_behavior_plugin__rosidl_typesupport_fastrtps_cppExport-noconfig.cmake
[1.366s] -- Up-to-date: /home/smr/ros2_self_driving_robot/install/nav2_behavior_plugin/share/nav2_behavior_plugin/cmake/nav2_behavior_plugin__rosidl_typesupport_introspection_cExport.cmake
[1.366s] -- Up-to-date: /home/smr/ros2_self_driving_robot/install/nav2_behavior_plugin/share/nav2_behavior_plugin/cmake/nav2_behavior_plugin__rosidl_typesupport_introspection_cExport-noconfig.cmake
[1.366s] -- Up-to-date: /home/smr/ros2_self_driving_robot/install/nav2_behavior_plugin/share/nav2_behavior_plugin/cmake/nav2_behavior_plugin__rosidl_typesupport_cExport.cmake
[1.366s] -- Up-to-date: /home/smr/ros2_self_driving_robot/install/nav2_behavior_plugin/share/nav2_behavior_plugin/cmake/nav2_behavior_plugin__rosidl_typesupport_cExport-noconfig.cmake
[1.366s] -- Up-to-date: /home/smr/ros2_self_driving_robot/install/nav2_behavior_plugin/share/nav2_behavior_plugin/cmake/nav2_behavior_plugin__rosidl_typesupport_introspection_cppExport.cmake
[1.366s] -- Up-to-date: /home/smr/ros2_self_driving_robot/install/nav2_behavior_plugin/share/nav2_behavior_plugin/cmake/nav2_behavior_plugin__rosidl_typesupport_introspection_cppExport-noconfig.cmake
[1.366s] -- Up-to-date: /home/smr/ros2_self_driving_robot/install/nav2_behavior_plugin/share/nav2_behavior_plugin/cmake/nav2_behavior_plugin__rosidl_typesupport_cppExport.cmake
[1.367s] -- Up-to-date: /home/smr/ros2_self_driving_robot/install/nav2_behavior_plugin/share/nav2_behavior_plugin/cmake/nav2_behavior_plugin__rosidl_typesupport_cppExport-noconfig.cmake
[1.367s] -- Up-to-date: /home/smr/ros2_self_driving_robot/install/nav2_behavior_plugin/share/nav2_behavior_plugin/cmake/export_nav2_behavior_plugin__rosidl_generator_pyExport.cmake
[1.368s] -- Up-to-date: /home/smr/ros2_self_driving_robot/install/nav2_behavior_plugin/share/nav2_behavior_plugin/cmake/export_nav2_behavior_plugin__rosidl_generator_pyExport-noconfig.cmake
[1.368s] -- Up-to-date: /home/smr/ros2_self_driving_robot/install/nav2_behavior_plugin/share/nav2_behavior_plugin/cmake/rosidl_cmake-extras.cmake
[1.368s] -- Up-to-date: /home/smr/ros2_self_driving_robot/install/nav2_behavior_plugin/share/nav2_behavior_plugin/cmake/ament_cmake_export_dependencies-extras.cmake
[1.368s] -- Up-to-date: /home/smr/ros2_self_driving_robot/install/nav2_behavior_plugin/share/nav2_behavior_plugin/cmake/ament_cmake_export_include_directories-extras.cmake
[1.368s] -- Up-to-date: /home/smr/ros2_self_driving_robot/install/nav2_behavior_plugin/share/nav2_behavior_plugin/cmake/ament_cmake_export_libraries-extras.cmake
[1.371s] -- Up-to-date: /home/smr/ros2_self_driving_robot/install/nav2_behavior_plugin/share/nav2_behavior_plugin/cmake/ament_cmake_export_targets-extras.cmake
[1.371s] -- Up-to-date: /home/smr/ros2_self_driving_robot/install/nav2_behavior_plugin/share/nav2_behavior_plugin/cmake/rosidl_cmake_export_typesupport_targets-extras.cmake
[1.372s] -- Up-to-date: /home/smr/ros2_self_driving_robot/install/nav2_behavior_plugin/share/nav2_behavior_plugin/cmake/rosidl_cmake_export_typesupport_libraries-extras.cmake
[1.372s] -- Up-to-date: /home/smr/ros2_self_driving_robot/install/nav2_behavior_plugin/share/nav2_behavior_plugin/cmake/nav2_behavior_pluginConfig.cmake
[1.372s] -- Up-to-date: /home/smr/ros2_self_driving_robot/install/nav2_behavior_plugin/share/nav2_behavior_plugin/cmake/nav2_behavior_pluginConfig-version.cmake
[1.372s] -- Up-to-date: /home/smr/ros2_self_driving_robot/install/nav2_behavior_plugin/share/nav2_behavior_plugin/package.xml
[1.372s] Invoked command in '/home/smr/ros2_self_driving_robot/build/nav2_behavior_plugin' returned '0': CMAKE_PREFIX_PATH=${CMAKE_PREFIX_PATH}:/home/smr/ros2_self_driving_robot/install/python_pkg /usr/bin/cmake --install /home/smr/ros2_self_driving_robot/build/nav2_behavior_plugin
