[0.062s] Invoking command in '/home/smr/ros2_self_driving_robot/build/robot_navigation': CMAKE_PREFIX_PATH=/opt/ros/humble /usr/bin/cmake --build /home/smr/ros2_self_driving_robot/build/robot_navigation -- -j8 -l8
[0.201s] Invoked command in '/home/smr/ros2_self_driving_robot/build/robot_navigation' returned '0': CMAKE_PREFIX_PATH=/opt/ros/humble /usr/bin/cmake --build /home/smr/ros2_self_driving_robot/build/robot_navigation -- -j8 -l8
[0.280s] Invoking command in '/home/smr/ros2_self_driving_robot/build/robot_navigation': CMAKE_PREFIX_PATH=/opt/ros/humble /usr/bin/cmake --install /home/smr/ros2_self_driving_robot/build/robot_navigation
[0.320s] -- Install configuration: ""
[0.336s] -- Up-to-date: /home/smr/ros2_self_driving_robot/install/robot_navigation/share/robot_navigation/launch
[0.356s] -- Up-to-date: /home/smr/ros2_self_driving_robot/install/robot_navigation/share/robot_navigation/launch/slam.launch.py
[0.358s] -- Up-to-date: /home/smr/ros2_self_driving_robot/install/robot_navigation/share/robot_navigation/launch/navigation.launch.py
[0.359s] -- Up-to-date: /home/smr/ros2_self_driving_robot/install/robot_navigation/share/robot_navigation/config
[0.383s] -- Up-to-date: /home/smr/ros2_self_driving_robot/install/robot_navigation/share/robot_navigation/config/mapper_params_online_async.yaml
[0.391s] -- Up-to-date: /home/smr/ros2_self_driving_robot/install/robot_navigation/share/robot_navigation/config/navigation.yaml
[0.391s] -- Up-to-date: /home/smr/ros2_self_driving_robot/install/robot_navigation/share/robot_navigation/rviz
[0.391s] -- Up-to-date: /home/smr/ros2_self_driving_robot/install/robot_navigation/share/robot_navigation/rviz/slam.rviz
[0.392s] -- Up-to-date: /home/smr/ros2_self_driving_robot/install/robot_navigation/share/robot_navigation/maps
[0.394s] -- Up-to-date: /home/smr/ros2_self_driving_robot/install/robot_navigation/share/robot_navigation/maps/2_map_save.yaml
[0.396s] -- Up-to-date: /home/smr/ros2_self_driving_robot/install/robot_navigation/share/robot_navigation/maps/first_map_save.pgm
[0.397s] -- Up-to-date: /home/smr/ros2_self_driving_robot/install/robot_navigation/share/robot_navigation/maps/first_map_serial.data
[0.397s] -- Up-to-date: /home/smr/ros2_self_driving_robot/install/robot_navigation/share/robot_navigation/maps/2_map_serial.data
[0.397s] -- Up-to-date: /home/smr/ros2_self_driving_robot/install/robot_navigation/share/robot_navigation/maps/2_map_serial.posegraph
[0.397s] -- Up-to-date: /home/smr/ros2_self_driving_robot/install/robot_navigation/share/robot_navigation/maps/2_map_save.pgm
[0.398s] -- Up-to-date: /home/smr/ros2_self_driving_robot/install/robot_navigation/share/robot_navigation/maps/first_map_save.yaml
[0.398s] -- Up-to-date: /home/smr/ros2_self_driving_robot/install/robot_navigation/share/robot_navigation/maps/first_map_serial.posegraph
[0.398s] -- Up-to-date: /home/smr/ros2_self_driving_robot/install/robot_navigation/share/ament_index/resource_index/package_run_dependencies/robot_navigation
[0.398s] -- Up-to-date: /home/smr/ros2_self_driving_robot/install/robot_navigation/share/ament_index/resource_index/parent_prefix_path/robot_navigation
[0.399s] -- Up-to-date: /home/smr/ros2_self_driving_robot/install/robot_navigation/share/robot_navigation/environment/ament_prefix_path.sh
[0.399s] -- Up-to-date: /home/smr/ros2_self_driving_robot/install/robot_navigation/share/robot_navigation/environment/ament_prefix_path.dsv
[0.399s] -- Up-to-date: /home/smr/ros2_self_driving_robot/install/robot_navigation/share/robot_navigation/environment/path.sh
[0.400s] -- Up-to-date: /home/smr/ros2_self_driving_robot/install/robot_navigation/share/robot_navigation/environment/path.dsv
[0.400s] -- Up-to-date: /home/smr/ros2_self_driving_robot/install/robot_navigation/share/robot_navigation/local_setup.bash
[0.400s] -- Up-to-date: /home/smr/ros2_self_driving_robot/install/robot_navigation/share/robot_navigation/local_setup.sh
[0.401s] -- Up-to-date: /home/smr/ros2_self_driving_robot/install/robot_navigation/share/robot_navigation/local_setup.zsh
[0.404s] -- Up-to-date: /home/smr/ros2_self_driving_robot/install/robot_navigation/share/robot_navigation/local_setup.dsv
[0.407s] -- Installing: /home/smr/ros2_self_driving_robot/install/robot_navigation/share/robot_navigation/package.dsv
[0.408s] -- Up-to-date: /home/smr/ros2_self_driving_robot/install/robot_navigation/share/ament_index/resource_index/packages/robot_navigation
[0.408s] -- Up-to-date: /home/smr/ros2_self_driving_robot/install/robot_navigation/share/robot_navigation/cmake/robot_navigationConfig.cmake
[0.408s] -- Up-to-date: /home/smr/ros2_self_driving_robot/install/robot_navigation/share/robot_navigation/cmake/robot_navigationConfig-version.cmake
[0.408s] -- Up-to-date: /home/smr/ros2_self_driving_robot/install/robot_navigation/share/robot_navigation/package.xml
[0.423s] Invoked command in '/home/smr/ros2_self_driving_robot/build/robot_navigation' returned '0': CMAKE_PREFIX_PATH=/opt/ros/humble /usr/bin/cmake --install /home/smr/ros2_self_driving_robot/build/robot_navigation
