[0.033s] Invoking command in '/home/smr/ros2_self_driving_robot/build/robot_navigation': CMAKE_PREFIX_PATH=${CMAKE_PREFIX_PATH}:/opt/ros/humble /usr/bin/cmake /home/smr/ros2_self_driving_robot/src/robot_navigation -DCMAKE_INSTALL_PREFIX=/home/smr/ros2_self_driving_robot/install/robot_navigation
[0.253s] -- The C compiler identification is GNU 11.4.0
[0.419s] -- The CXX compiler identification is GNU 11.4.0
[0.461s] -- Detecting C compiler ABI info
[0.678s] -- Detecting C compiler ABI info - done
[0.716s] -- Check for working C compiler: /usr/bin/cc - skipped
[0.718s] -- Detecting C compile features
[0.720s] -- Detecting C compile features - done
[0.735s] -- Detecting CXX compiler ABI info
[0.983s] -- Detecting CXX compiler ABI info - done
[1.025s] -- Check for working CXX compiler: /usr/bin/c++ - skipped
[1.026s] -- Detecting CXX compile features
[1.028s] -- Detecting CXX compile features - done
[1.045s] -- Found ament_cmake: 1.3.8 (/opt/ros/humble/share/ament_cmake/cmake)
[1.418s] -- Found Python3: /usr/bin/python3 (found version "3.10.12") found components: Interpreter 
[1.659s] -- Found rclcpp: 16.0.8 (/opt/ros/humble/share/rclcpp/cmake)
[1.755s] -- Found rosidl_generator_c: 3.1.5 (/opt/ros/humble/share/rosidl_generator_c/cmake)
[1.768s] -- Found rosidl_adapter: 3.1.5 (/opt/ros/humble/share/rosidl_adapter/cmake)
[1.789s] -- Found rosidl_generator_cpp: 3.1.5 (/opt/ros/humble/share/rosidl_generator_cpp/cmake)
[1.817s] -- Using all available rosidl_typesupport_c: rosidl_typesupport_fastrtps_c;rosidl_typesupport_introspection_c
[1.865s] -- Using all available rosidl_typesupport_cpp: rosidl_typesupport_fastrtps_cpp;rosidl_typesupport_introspection_cpp
[2.009s] -- Found rmw_implementation_cmake: 6.1.1 (/opt/ros/humble/share/rmw_implementation_cmake/cmake)
[2.016s] -- Found rmw_fastrtps_cpp: 6.2.6 (/opt/ros/humble/share/rmw_fastrtps_cpp/cmake)
[2.235s] -- Found OpenSSL: /usr/lib/aarch64-linux-gnu/libcrypto.so (found version "3.0.2")  
[2.267s] -- Found FastRTPS: /opt/ros/humble/include  
[2.319s] -- Using RMW implementation 'rmw_fastrtps_cpp' as default
[2.342s] -- Looking for pthread.h
[2.572s] -- Looking for pthread.h - found
[2.573s] -- Performing Test CMAKE_HAVE_LIBC_PTHREAD
[2.756s] -- Performing Test CMAKE_HAVE_LIBC_PTHREAD - Success
[2.757s] -- Found Threads: TRUE  
[3.071s] -- Found ament_lint_auto: 0.12.10 (/opt/ros/humble/share/ament_lint_auto/cmake)
[3.229s] -- Added test 'lint_cmake' to check CMake code style
[3.232s] -- Added test 'xmllint' to check XML markup files
[3.234s] -- Configuring done
[3.243s] -- Generating done
[3.245s] -- Build files have been written to: /home/smr/ros2_self_driving_robot/build/robot_navigation
[3.266s] Invoked command in '/home/smr/ros2_self_driving_robot/build/robot_navigation' returned '0': CMAKE_PREFIX_PATH=${CMAKE_PREFIX_PATH}:/opt/ros/humble /usr/bin/cmake /home/smr/ros2_self_driving_robot/src/robot_navigation -DCMAKE_INSTALL_PREFIX=/home/smr/ros2_self_driving_robot/install/robot_navigation
[3.267s] Invoking command in '/home/smr/ros2_self_driving_robot/build/robot_navigation': CMAKE_PREFIX_PATH=${CMAKE_PREFIX_PATH}:/opt/ros/humble /usr/bin/cmake --build /home/smr/ros2_self_driving_robot/build/robot_navigation -- -j8 -l8
[3.377s] Invoked command in '/home/smr/ros2_self_driving_robot/build/robot_navigation' returned '0': CMAKE_PREFIX_PATH=${CMAKE_PREFIX_PATH}:/opt/ros/humble /usr/bin/cmake --build /home/smr/ros2_self_driving_robot/build/robot_navigation -- -j8 -l8
[3.421s] Invoking command in '/home/smr/ros2_self_driving_robot/build/robot_navigation': CMAKE_PREFIX_PATH=${CMAKE_PREFIX_PATH}:/opt/ros/humble /usr/bin/cmake --install /home/smr/ros2_self_driving_robot/build/robot_navigation
[3.448s] -- Install configuration: ""
[3.449s] -- Installing: /home/smr/ros2_self_driving_robot/install/robot_navigation/share/ament_index/resource_index/package_run_dependencies/robot_navigation
[3.449s] -- Installing: /home/smr/ros2_self_driving_robot/install/robot_navigation/share/ament_index/resource_index/parent_prefix_path/robot_navigation
[3.450s] -- Installing: /home/smr/ros2_self_driving_robot/install/robot_navigation/share/robot_navigation/environment/ament_prefix_path.sh
[3.451s] -- Installing: /home/smr/ros2_self_driving_robot/install/robot_navigation/share/robot_navigation/environment/ament_prefix_path.dsv
[3.452s] -- Installing: /home/smr/ros2_self_driving_robot/install/robot_navigation/share/robot_navigation/environment/path.sh
[3.452s] -- Installing: /home/smr/ros2_self_driving_robot/install/robot_navigation/share/robot_navigation/environment/path.dsv
[3.453s] -- Installing: /home/smr/ros2_self_driving_robot/install/robot_navigation/share/robot_navigation/local_setup.bash
[3.453s] -- Installing: /home/smr/ros2_self_driving_robot/install/robot_navigation/share/robot_navigation/local_setup.sh
[3.454s] -- Installing: /home/smr/ros2_self_driving_robot/install/robot_navigation/share/robot_navigation/local_setup.zsh
[3.454s] -- Installing: /home/smr/ros2_self_driving_robot/install/robot_navigation/share/robot_navigation/local_setup.dsv
[3.455s] -- Installing: /home/smr/ros2_self_driving_robot/install/robot_navigation/share/robot_navigation/package.dsv
[3.456s] -- Installing: /home/smr/ros2_self_driving_robot/install/robot_navigation/share/ament_index/resource_index/packages/robot_navigation
[3.456s] -- Installing: /home/smr/ros2_self_driving_robot/install/robot_navigation/share/robot_navigation/cmake/robot_navigationConfig.cmake
[3.461s] -- Installing: /home/smr/ros2_self_driving_robot/install/robot_navigation/share/robot_navigation/cmake/robot_navigationConfig-version.cmake
[3.461s] -- Installing: /home/smr/ros2_self_driving_robot/install/robot_navigation/share/robot_navigation/package.xml
[3.467s] Invoked command in '/home/smr/ros2_self_driving_robot/build/robot_navigation' returned '0': CMAKE_PREFIX_PATH=${CMAKE_PREFIX_PATH}:/opt/ros/humble /usr/bin/cmake --install /home/smr/ros2_self_driving_robot/build/robot_navigation
