[0.008s] Invoking command in '/home/p_rawicht/bb_ws/build/robot_description': CMAKE_PREFIX_PATH=${CMAKE_PREFIX_PATH}:/opt/ros/humble /usr/bin/cmake /home/p_rawicht/bb_ws/src/robot_description -DCMAKE_INSTALL_PREFIX=/home/p_rawicht/bb_ws/install/robot_description
[0.159s] -- The C compiler identification is GNU 11.4.0
[0.641s] -- The CXX compiler identification is GNU 11.4.0
[1.006s] -- Detecting C compiler ABI info
[1.119s] -- Detecting C compiler ABI info - done
[1.124s] -- Check for working C compiler: /usr/bin/cc - skipped
[1.124s] -- Detecting C compile features
[1.125s] -- Detecting C compile features - done
[1.127s] -- Detecting CXX compiler ABI info
[1.269s] -- Detecting CXX compiler ABI info - done
[1.274s] -- Check for working CXX compiler: /usr/bin/c++ - skipped
[1.274s] -- Detecting CXX compile features
[1.274s] -- Detecting CXX compile features - done
[1.276s] -- Found ament_cmake: 1.3.8 (/opt/ros/humble/share/ament_cmake/cmake)
[1.364s] -- Found Python3: /usr/bin/python3 (found version "3.10.12") found components: Interpreter 
[1.412s] -- Found urdf: 2.6.0 (/opt/ros/humble/share/urdf/cmake)
[1.558s] -- Found TinyXML2 via Config file: /usr/local/lib/cmake/tinyxml2
[1.563s] -- Found rclcpp: 16.0.8 (/opt/ros/humble/share/rclcpp/cmake)
[1.578s] -- Found rosidl_generator_c: 3.1.5 (/opt/ros/humble/share/rosidl_generator_c/cmake)
[1.580s] -- Found rosidl_adapter: 3.1.5 (/opt/ros/humble/share/rosidl_adapter/cmake)
[1.585s] -- Found rosidl_generator_cpp: 3.1.5 (/opt/ros/humble/share/rosidl_generator_cpp/cmake)
[1.592s] -- Using all available rosidl_typesupport_c: rosidl_typesupport_fastrtps_c;rosidl_typesupport_introspection_c
[1.600s] -- Using all available rosidl_typesupport_cpp: rosidl_typesupport_fastrtps_cpp;rosidl_typesupport_introspection_cpp
[1.638s] -- Found rmw_implementation_cmake: 6.1.1 (/opt/ros/humble/share/rmw_implementation_cmake/cmake)
[1.639s] -- Found rmw_fastrtps_cpp: 6.2.6 (/opt/ros/humble/share/rmw_fastrtps_cpp/cmake)
[1.658s] -- Found TinyXML2 via Config file: /usr/local/lib/cmake/tinyxml2
[1.682s] -- Found OpenSSL: /usr/lib/x86_64-linux-gnu/libcrypto.so (found version "3.0.2")  
[1.684s] -- Found TinyXML2 via Config file: /usr/local/lib/cmake/tinyxml2
[1.830s] -- Found FastRTPS: /opt/ros/humble/include  
[1.836s] -- Found TinyXML2 via Config file: /usr/local/lib/cmake/tinyxml2
[1.841s] -- Found TinyXML2 via Config file: /usr/local/lib/cmake/tinyxml2
[1.978s] -- Using RMW implementation 'rmw_fastrtps_cpp' as default
[1.983s] -- Looking for pthread.h
[2.109s] -- Looking for pthread.h - found
[2.109s] -- Performing Test CMAKE_HAVE_LIBC_PTHREAD
[2.237s] -- Performing Test CMAKE_HAVE_LIBC_PTHREAD - Success
[2.237s] -- Found Threads: TRUE  
[2.332s] -- Found ament_lint_auto: 0.12.10 (/opt/ros/humble/share/ament_lint_auto/cmake)
[2.388s] -- Added test 'cppcheck' to perform static code analysis on C / C++ code
[2.388s] -- Configured cppcheck include dirs: 
[2.388s] -- Configured cppcheck exclude dirs and/or files: 
[2.389s] -- Added test 'flake8' to check Python code syntax and style conventions
[2.390s] -- Added test 'lint_cmake' to check CMake code style
[2.390s] -- Added test 'pep257' to check Python code against some of the docstring style conventions in PEP 257
[2.393s] -- Added test 'uncrustify' to check C / C++ code style
[2.393s] -- Configured uncrustify additional arguments: 
[2.394s] -- Added test 'xmllint' to check XML markup files
[2.395s] -- Configuring done
[2.398s] -- Generating done
[2.400s] -- Build files have been written to: /home/p_rawicht/bb_ws/build/robot_description
[2.408s] Invoked command in '/home/p_rawicht/bb_ws/build/robot_description' returned '0': CMAKE_PREFIX_PATH=${CMAKE_PREFIX_PATH}:/opt/ros/humble /usr/bin/cmake /home/p_rawicht/bb_ws/src/robot_description -DCMAKE_INSTALL_PREFIX=/home/p_rawicht/bb_ws/install/robot_description
[2.409s] Invoking command in '/home/p_rawicht/bb_ws/build/robot_description': CMAKE_PREFIX_PATH=${CMAKE_PREFIX_PATH}:/opt/ros/humble /usr/bin/cmake --build /home/p_rawicht/bb_ws/build/robot_description -- -j20 -l20
[2.431s] Invoked command in '/home/p_rawicht/bb_ws/build/robot_description' returned '0': CMAKE_PREFIX_PATH=${CMAKE_PREFIX_PATH}:/opt/ros/humble /usr/bin/cmake --build /home/p_rawicht/bb_ws/build/robot_description -- -j20 -l20
[2.447s] Invoking command in '/home/p_rawicht/bb_ws/build/robot_description': CMAKE_PREFIX_PATH=${CMAKE_PREFIX_PATH}:/opt/ros/humble /usr/bin/cmake --install /home/p_rawicht/bb_ws/build/robot_description
[2.452s] -- Install configuration: ""
[2.452s] -- Installing: /home/p_rawicht/bb_ws/install/robot_description/share/robot_description/launch
[2.452s] -- Installing: /home/p_rawicht/bb_ws/install/robot_description/share/robot_description/launch/display.launch.py
[2.452s] -- Installing: /home/p_rawicht/bb_ws/install/robot_description/share/robot_description/urdf
[2.453s] -- Installing: /home/p_rawicht/bb_ws/install/robot_description/share/robot_description/urdf/bb_bot.urdf.xacro
[2.453s] -- Installing: /home/p_rawicht/bb_ws/install/robot_description/share/robot_description/rviz
[2.453s] -- Installing: /home/p_rawicht/bb_ws/install/robot_description/share/robot_description/rviz/display.rviz
[2.453s] -- Installing: /home/p_rawicht/bb_ws/install/robot_description/share/ament_index/resource_index/package_run_dependencies/robot_description
[2.453s] -- Installing: /home/p_rawicht/bb_ws/install/robot_description/share/ament_index/resource_index/parent_prefix_path/robot_description
[2.453s] -- Installing: /home/p_rawicht/bb_ws/install/robot_description/share/robot_description/environment/ament_prefix_path.sh
[2.453s] -- Installing: /home/p_rawicht/bb_ws/install/robot_description/share/robot_description/environment/ament_prefix_path.dsv
[2.453s] -- Installing: /home/p_rawicht/bb_ws/install/robot_description/share/robot_description/environment/path.sh
[2.453s] -- Installing: /home/p_rawicht/bb_ws/install/robot_description/share/robot_description/environment/path.dsv
[2.453s] -- Installing: /home/p_rawicht/bb_ws/install/robot_description/share/robot_description/local_setup.bash
[2.454s] -- Installing: /home/p_rawicht/bb_ws/install/robot_description/share/robot_description/local_setup.sh
[2.454s] -- Installing: /home/p_rawicht/bb_ws/install/robot_description/share/robot_description/local_setup.zsh
[2.454s] -- Installing: /home/p_rawicht/bb_ws/install/robot_description/share/robot_description/local_setup.dsv
[2.454s] -- Installing: /home/p_rawicht/bb_ws/install/robot_description/share/robot_description/package.dsv
[2.454s] -- Installing: /home/p_rawicht/bb_ws/install/robot_description/share/ament_index/resource_index/packages/robot_description
[2.454s] -- Installing: /home/p_rawicht/bb_ws/install/robot_description/share/robot_description/cmake/robot_descriptionConfig.cmake
[2.454s] -- Installing: /home/p_rawicht/bb_ws/install/robot_description/share/robot_description/cmake/robot_descriptionConfig-version.cmake
[2.455s] -- Installing: /home/p_rawicht/bb_ws/install/robot_description/share/robot_description/package.xml
[2.456s] Invoked command in '/home/p_rawicht/bb_ws/build/robot_description' returned '0': CMAKE_PREFIX_PATH=${CMAKE_PREFIX_PATH}:/opt/ros/humble /usr/bin/cmake --install /home/p_rawicht/bb_ws/build/robot_description
